<?xml version="1.0" encoding="UTF-8"?>
<testsuite name="SolverTest" tests="1" skipped="0" failures="0" errors="0" timestamp="2020-08-31T14:16:37" hostname="Dima" time="4.828">
  <properties/>
  <testcase name="start" classname="SolverTest" time="4.828"/>
  <system-out><![CDATA[?[1;31m
Start test 1?[0m
Input matrix:

1.0 1.0 2.0 9.0 
2.0 4.0 -3.0 1.0 
3.0 6.0 -5.0 0.0 

1.0 1.0 2.0 9.0 
0.0 2.0 -7.0 -17.0 
0.0 3.0 -11.0 -27.0 

1.0 1.0 2.0 9.0 
0.0 1.0 -3.5 -8.5 
0.0 0.0 -0.5 -1.5 

1.0 1.0 2.0 9.0 
0.0 1.0 -3.5 -8.5 
0.0 0.0 1.0 3.0 

1.0 0.0 0.0 1.0 
0.0 1.0 0.0 2.0 
0.0 0.0 1.0 3.0 

Solution:

1.0
2.0
3.0
1.0 0
2.0 0
3.0 0
?[1;31m
Start test 2?[0m
Input matrix:

1.0 0.0 1.0 
0.0 1.0 1.0 

1.0 0.0 1.0 
0.0 1.0 1.0 

1.0 0.0 1.0 
0.0 1.0 1.0 

1.0 0.0 1.0 
0.0 1.0 1.0 

Solution:

1.0
1.0
1.0 0
1.0 0
?[1;31m
Start test 3?[0m
Input matrix:

1.0 0.0 1.0 
0.0 1.0 1.0 

1.0 0.0 1.0 
0.0 1.0 1.0 

1.0 0.0 1.0 
0.0 1.0 1.0 

1.0 0.0 1.0 
0.0 1.0 1.0 

Solution:

1.0
1.0
1.0 0
1.0 0
?[1;31m
Start test 4?[0m
Input matrix:

1.0 0.0 1.0 
0.0 1.0 1.0 

1.0 0.0 1.0 
0.0 1.0 1.0 

1.0 0.0 1.0 
0.0 1.0 1.0 

1.0 0.0 1.0 
0.0 1.0 1.0 

Solution:

1.0
1.0
1.0 0
1.0 0
?[1;31m
Start test 5?[0m
Input matrix:

1.0 0.0 2.0 
0.0 1.0 2.0 

1.0 0.0 2.0 
0.0 1.0 2.0 

1.0 0.0 2.0 
0.0 1.0 2.0 

1.0 0.0 2.0 
0.0 1.0 2.0 

Solution:

2.0
2.0
2.0 0
2.0 0
?[1;31m
Start test 6?[0m
Input matrix:

2.0 0.0 2.0 
0.0 2.0 2.0 

1.0 0.0 1.0 
0.0 2.0 2.0 

1.0 0.0 1.0 
0.0 1.0 1.0 

1.0 0.0 1.0 
0.0 1.0 1.0 

Solution:

1.0
1.0
1.0 0
1.0 0
?[1;31m
Start test 7?[0m
Input matrix:

1.0 2.0 1.0 
3.0 4.0 1.0 

1.0 2.0 1.0 
0.0 -2.0 -2.0 

1.0 2.0 1.0 
0.0 1.0 1.0 

1.0 0.0 -1.0 
0.0 1.0 1.0 

Solution:

-1.0
1.0
-1.0 0
1.0 0
?[1;31m
Start test 8?[0m
Input matrix:

26.0 90.0 17.0 67.0 68.0 9.0 60.0 38.0 37.0 38.0 76.0 14.0 33.0 94.0 88.0 58.0 99.0 84.0 9.0 45.0 18.0 
37.0 34.0 20.0 53.0 10.0 61.0 75.0 49.0 91.0 84.0 55.0 84.0 84.0 81.0 30.0 22.0 42.0 76.0 33.0 27.0 2.0 
99.0 69.0 63.0 57.0 39.0 45.0 33.0 43.0 99.0 26.0 25.0 24.0 80.0 91.0 62.0 90.0 54.0 77.0 88.0 32.0 94.0 
37.0 40.0 14.0 5.0 47.0 30.0 5.0 21.0 36.0 77.0 57.0 38.0 29.0 3.0 61.0 12.0 81.0 19.0 39.0 56.0 9.0 
36.0 73.0 71.0 39.0 9.0 9.0 31.0 10.0 84.0 7.0 13.0 45.0 9.0 34.0 2.0 14.0 88.0 43.0 17.0 4.0 86.0 
31.0 29.0 76.0 89.0 26.0 35.0 11.0 55.0 37.0 5.0 41.0 96.0 19.0 18.0 100.0 20.0 21.0 49.0 83.0 5.0 20.0 
18.0 18.0 25.0 70.0 79.0 74.0 30.0 66.0 41.0 93.0 63.0 2.0 90.0 4.0 46.0 1.0 77.0 89.0 21.0 47.0 52.0 
32.0 62.0 27.0 80.0 57.0 10.0 35.0 44.0 97.0 18.0 58.0 19.0 5.0 81.0 33.0 54.0 83.0 66.0 25.0 75.0 75.0 
56.0 53.0 13.0 91.0 30.0 11.0 72.0 52.0 13.0 86.0 73.0 88.0 94.0 20.0 25.0 77.0 90.0 75.0 73.0 52.0 36.0 
63.0 9.0 40.0 40.0 35.0 90.0 55.0 92.0 12.0 98.0 34.0 37.0 64.0 21.0 67.0 91.0 15.0 65.0 82.0 87.0 30.0 
71.0 5.0 65.0 64.0 6.0 20.0 9.0 81.0 40.0 56.0 39.0 93.0 74.0 55.0 83.0 81.0 74.0 2.0 58.0 86.0 58.0 
13.0 50.0 31.0 86.0 73.0 36.0 83.0 27.0 37.0 96.0 37.0 28.0 75.0 91.0 15.0 78.0 90.0 56.0 57.0 18.0 18.0 
34.0 9.0 51.0 11.0 92.0 54.0 25.0 91.0 61.0 69.0 37.0 37.0 89.0 91.0 95.0 50.0 10.0 16.0 69.0 71.0 66.0 
25.0 16.0 79.0 36.0 6.0 28.0 51.0 100.0 5.0 28.0 97.0 23.0 44.0 32.0 50.0 2.0 96.0 18.0 5.0 48.0 44.0 
80.0 38.0 47.0 96.0 41.0 72.0 85.0 79.0 2.0 3.0 96.0 14.0 2.0 65.0 97.0 38.0 76.0 73.0 88.0 59.0 89.0 
31.0 98.0 88.0 52.0 49.0 68.0 46.0 79.0 26.0 30.0 31.0 76.0 84.0 87.0 27.0 16.0 66.0 55.0 78.0 2.0 46.0 
57.0 2.0 32.0 78.0 70.0 7.0 95.0 56.0 77.0 97.0 49.0 14.0 74.0 7.0 85.0 48.0 83.0 59.0 71.0 5.0 44.0 
4.0 64.0 4.0 43.0 54.0 99.0 77.0 7.0 72.0 82.0 27.0 22.0 29.0 94.0 53.0 48.0 65.0 88.0 26.0 86.0 42.0 
69.0 59.0 62.0 63.0 42.0 29.0 73.0 18.0 82.0 78.0 48.0 60.0 84.0 73.0 84.0 9.0 82.0 53.0 14.0 1.0 12.0 
98.0 2.0 47.0 62.0 69.0 11.0 28.0 14.0 83.0 32.0 94.0 24.0 71.0 1.0 16.0 91.0 53.0 50.0 38.0 26.0 17.0 

1.0 3.4615384615384617 0.6538461538461539 2.576923076923077 2.6153846153846154 0.34615384615384615 2.3076923076923075 1.4615384615384615 1.4230769230769231 1.4615384615384615 2.923076923076923 0.5384615384615384 1.2692307692307692 3.6153846153846154 3.3846153846153846 2.230769230769231 3.8076923076923075 3.230769230769231 0.34615384615384615 1.7307692307692308 0.6923076923076923 
0.0 -94.0769230769231 -4.192307692307693 -42.346153846153854 -86.76923076923077 48.19230769230769 -10.384615384615387 -5.07692307692308 38.34615384615385 29.92307692307692 -53.15384615384616 64.07692307692308 37.03846153846154 -52.769230769230774 -95.23076923076924 -60.53846153846155 -98.88461538461539 -43.53846153846155 20.192307692307693 -37.03846153846155 -23.615384615384617 
0.0 -273.6923076923077 -1.7307692307692264 -198.1153846153846 -219.9230769230769 10.730769230769234 -195.46153846153845 -101.69230769230768 -41.88461538461539 -118.69230769230768 -264.38461538461536 -29.307692307692307 -45.653846153846146 -266.9230769230769 -273.07692307692304 -130.84615384615384 -322.96153846153845 -242.8461538461538 53.73076923076923 -139.34615384615384 25.461538461538467 
0.0 -88.0769230769231 -10.192307692307693 -90.34615384615385 -49.769230769230774 17.192307692307693 -80.38461538461539 -33.07692307692308 -16.653846153846153 22.92307692307692 -51.15384615384616 18.076923076923077 -17.96153846153846 -130.76923076923077 -64.23076923076924 -70.53846153846155 -59.88461538461539 -100.53846153846155 26.192307692307693 -8.038461538461547 -16.615384615384617 
0.0 -51.61538461538461 47.46153846153847 -53.769230769230774 -85.15384615384615 -3.4615384615384617 -52.07692307692308 -42.61538461538461 32.769230769230774 -45.61538461538461 -92.23076923076923 25.615384615384617 -36.69230769230769 -96.15384615384616 -119.84615384615384 -66.3076923076923 -49.076923076923066 -73.3076923076923 4.538461538461538 -58.30769230769231 61.07692307692308 
0.0 -78.3076923076923 55.730769230769226 9.115384615384613 -55.07692307692308 24.26923076923077 -60.53846153846153 9.692307692307693 -7.115384615384613 -40.30769230769231 -49.61538461538461 79.3076923076923 -20.346153846153847 -94.07692307692308 -4.92307692307692 -49.153846153846146 -97.03846153846153 -51.153846153846146 72.26923076923077 -48.65384615384615 -1.46153846153846 
0.0 -44.30769230769231 13.230769230769232 23.615384615384613 31.923076923076927 67.76923076923077 -11.53846153846154 39.69230769230769 15.384615384615387 66.6923076923077 10.384615384615387 -7.692307692307692 67.15384615384616 -61.07692307692308 -14.92307692307692 -39.15384615384615 8.461538461538467 30.846153846153847 14.76923076923077 15.846153846153847 39.53846153846154 
0.0 -48.769230769230774 6.076923076923077 -2.461538461538467 -26.692307692307693 -1.0769230769230766 -38.846153846153854 -2.7692307692307736 51.46153846153846 -28.769230769230774 -35.53846153846155 1.7692307692307665 -35.61538461538462 -34.69230769230769 -75.30769230769232 -17.384615384615387 -38.846153846153854 -37.38461538461539 13.923076923076923 19.615384615384613 52.84615384615385 
0.0 -140.84615384615384 -23.615384615384613 -53.30769230769229 -116.46153846153845 -8.384615384615383 -57.230769230769226 -29.84615384615384 -66.6923076923077 4.15384615384616 -90.69230769230768 57.84615384615385 22.92307692307692 -182.46153846153845 -164.53846153846152 -47.92307692307692 -123.23076923076923 -105.9230769230769 53.61538461538461 -44.92307692307692 -2.7692307692307665 
7.105427357601002E-15 -209.07692307692307 -1.1923076923076863 -122.34615384615384 -129.76923076923075 68.1923076923077 -90.38461538461539 -0.07692307692306599 -77.65384615384615 5.923076923076934 -150.15384615384613 3.07692307692308 -15.961538461538453 -206.76923076923075 -146.23076923076923 -49.53846153846152 -224.88461538461536 -138.53846153846152 60.19230769230769 -22.038461538461533 -13.615384615384613 
0.0 -240.76923076923077 18.576923076923073 -118.96153846153845 -179.6923076923077 -4.576923076923077 -154.84615384615384 -22.769230769230774 -61.03846153846155 -47.769230769230774 -168.53846153846155 54.76923076923077 -16.115384615384613 -201.69230769230768 -157.30769230769232 -77.38461538461539 -196.34615384615387 -227.3846153846154 33.42307692307692 -36.88461538461539 8.846153846153847 
0.0 5.0 22.5 52.5 39.0 31.5 53.0 8.0 18.5 77.0 -1.0 21.0 58.5 44.0 -29.0 49.0 40.5 14.0 52.5 -4.5 9.0 
0.0 -108.6923076923077 28.76923076923077 -76.61538461538461 3.07692307692308 42.230769230769226 -53.46153846153847 41.30769230769231 12.615384615384613 19.307692307692307 -62.38461538461539 18.692307692307693 45.84615384615385 -31.92307692307692 -20.07692307692308 -25.846153846153854 -119.46153846153845 -93.84615384615385 57.230769230769226 12.153846153846153 42.46153846153846 
0.0 -70.53846153846155 62.65384615384615 -28.42307692307692 -59.38461538461539 19.346153846153847 -6.692307692307693 63.46153846153846 -30.57692307692308 -8.53846153846154 23.92307692307692 9.538461538461538 12.26923076923077 -58.38461538461539 -34.61538461538461 -53.769230769230774 0.8076923076923066 -62.769230769230774 -3.6538461538461533 4.730769230769226 26.692307692307693 
0.0 -238.92307692307696 -5.307692307692314 -110.15384615384616 -168.23076923076925 44.30769230769231 -99.61538461538461 -37.923076923076934 -111.84615384615385 -113.92307692307693 -137.84615384615387 -29.07692307692308 -99.53846153846155 -224.23076923076923 -173.76923076923077 -140.46153846153848 -228.61538461538464 -185.46153846153845 60.30769230769231 -79.46153846153848 33.61538461538461 
0.0 -9.307692307692307 67.73076923076923 -27.884615384615387 -32.07692307692308 57.269230769230774 -25.538461538461533 33.69230769230769 -18.115384615384613 -15.307692307692307 -59.61538461538461 59.30769230769231 44.65384615384615 -25.07692307692308 -77.92307692307692 -53.153846153846146 -52.03846153846153 -45.153846153846146 67.26923076923077 -51.65384615384615 24.53846153846154 
-7.105427357601002E-15 -195.30769230769232 -5.269230769230774 -68.88461538461539 -79.0769230769231 -12.730769230769234 -36.53846153846155 -27.30769230769232 -4.115384615384627 13.69230769230768 -117.61538461538464 -16.692307692307693 1.6538461538461462 -199.0769230769231 -107.92307692307693 -79.15384615384616 -134.03846153846155 -125.15384615384616 51.26923076923077 -93.65384615384616 4.538461538461533 
0.0 50.15384615384615 1.3846153846153846 32.69230769230769 43.53846153846154 97.61538461538461 67.76923076923077 1.1538461538461533 66.3076923076923 76.15384615384616 15.307692307692307 19.846153846153847 23.923076923076923 79.53846153846153 39.46153846153846 39.07692307692308 49.76923076923077 75.07692307692308 24.615384615384617 79.07692307692308 39.23076923076923 
0.0 -179.84615384615384 16.884615384615387 -114.80769230769229 -138.46153846153845 5.115384615384617 -86.23076923076923 -82.84615384615384 -16.192307692307693 -22.84615384615384 -153.69230769230768 22.846153846153847 -3.57692307692308 -176.46153846153845 -149.53846153846152 -144.9230769230769 -180.73076923076923 -169.9230769230769 -9.884615384615383 -118.42307692307692 -35.76923076923077 
0.0 -337.2307692307692 -17.07692307692308 -190.53846153846155 -187.30769230769232 -22.92307692307692 -198.15384615384616 -129.23076923076923 -56.46153846153845 -111.23076923076923 -192.46153846153845 -28.769230769230766 -53.38461538461539 -353.3076923076923 -315.6923076923077 -127.61538461538461 -320.15384615384613 -266.6153846153846 4.07692307692308 -143.6153846153846 -50.84615384615384 

1.0 3.4615384615384617 0.6538461538461539 2.576923076923077 2.6153846153846154 0.34615384615384615 2.3076923076923075 1.4615384615384615 1.4230769230769231 1.4615384615384615 2.923076923076923 0.5384615384615384 1.2692307692307692 3.6153846153846154 3.3846153846153846 2.230769230769231 3.8076923076923075 3.230769230769231 0.34615384615384615 1.7307692307692308 0.6923076923076923 
0.0 1.0 0.04456255110384301 0.4501226492232216 0.9223221586263286 -0.5122649223221585 0.11038430089942763 0.05396565821749798 -0.4076042518397383 -0.3180703188879803 0.5650040883074408 -0.6811120196238756 -0.3937040065412919 0.5609157808667211 1.0122649223221585 0.6434995911692559 1.051103843008994 0.4627964022894522 -0.21463614063777595 0.3937040065412919 0.25102207686017985 
0.0 0.0 10.46565821749796 -74.92027800490598 32.50940310711363 -129.47219950940308 -165.25020441537202 -86.92232215862632 -153.4427636958299 -205.7457072771872 -109.74734260016353 -215.72281275551916 -153.4076042518397 -113.40474243663124 3.972199509403083 45.274734260016345 -35.28250204415377 -116.18233851185606 -5.013491414554359 -31.592395748160257 94.16434995911692 
0.0 -1.4210854715202004E-14 -6.267375306623059 -50.700735895339335 31.466067048242024 -27.926410466067047 -70.66230580539657 -28.32379394930499 -52.554374488961564 -5.091578086672115 -1.390024529844652 -41.91332788225674 -52.63777596075224 -81.36549468520033 24.92641046606704 -13.860997547015543 32.69337694194603 -59.776778413736714 7.287816843826658 26.637775960752244 5.49386753883892 
0.0 0.0 49.76165167620606 -30.535977105478338 -37.54783319705642 -29.902289452166798 -46.379394930498776 -39.829926410466065 11.730580539656593 -62.03270645952575 -63.067865903515944 -9.540474243663116 -57.013491414554366 -67.20196238757156 -67.5977105478332 -33.093213409648406 5.176206050695008 -49.42027800490597 -6.54006541291905 -37.98650858544562 74.0335241210139 
0.0 0.0 59.22035977105478 44.36345053147996 17.147996729354034 -15.845053147996719 -51.89452166802943 13.918233851185612 -39.03393295175796 -65.21504497138184 -5.371218315617334 25.97138184791497 -51.17620605069501 -50.15290269828292 74.34505314799672 1.237121831561737 -14.728945216680302 -14.913327882256738 55.46156991005724 -17.823793949304985 18.195421095666394 
0.0 0.0 15.205233033524122 43.55928045789043 72.78904333605887 45.071954210956676 -6.647587898609977 42.08340147179068 -2.675388389206862 52.59934587080949 35.41864268192968 -37.870809484873256 49.70973017170893 -36.224039247751435 29.92804578904333 -10.641864268192972 55.0335241210139 51.35159443990188 5.259198691741622 33.29026982829109 50.66067048242028 
0.0 7.105427357601002E-15 8.250204415372036 19.490596892886344 18.288634505314803 -26.059689288634505 -33.462796402289456 -0.13736713000817913 31.582992641046605 -44.28127555192151 -7.983646770237126 -31.44807849550287 -54.81602616516763 -7.336876533115291 -25.940310711365505 13.998364677023716 12.4153720359771 -14.81439084219133 3.4554374488961574 38.81602616516763 65.08830744071955 
0.0 0.0 -17.33892068683565 10.090351594439916 13.443990188062116 -80.53515944399018 -41.6835650040883 -22.24529844644316 -124.1017988552739 -40.64513491414552 -11.113654946851995 -38.0858544562551 -32.52861815208503 -103.45870809484873 -21.96484055600982 42.7113654946852 24.813164349959095 -40.73998364677023 23.38470973017171 10.528618152085038 32.58626328699918 
7.105427357601002E-15 0.0 8.124693376941952 -28.235895339329517 63.067048242027795 -38.91046606704822 -67.30580539656583 11.20605069501228 -162.87448896156988 -60.578086672117706 -32.024529844644306 -139.32788225674568 -98.27596075224855 -89.49468520032705 65.41046606704822 85.00245298446444 -5.1230580539656785 -41.77841373671298 15.31684382665577 60.27596075224858 38.86753883892068 
0.0 0.0 29.30621422730989 -10.585854456255106 42.37448896156985 -127.91455437448894 -128.26901062959934 -9.775960752248567 -159.17702371218314 -124.35077677841372 -32.50286181520852 -109.22158626328698 -110.90719542109565 -66.64104660670483 86.41455437448894 77.55028618152085 56.72730989370393 -115.95748160261651 -18.254701553556828 57.907195421095665 69.28454619787408 
0.0 0.0 22.277187244480785 50.24938675388389 34.388389206868354 34.06132461161079 52.44807849550286 7.73017170891251 20.538021259198693 78.5903515944399 -3.8250204415372036 24.405560098119377 60.46852003270646 41.1954210956664 -34.06132461161079 45.78250204415372 35.24448078495503 11.686017988552738 53.57318070318888 -6.46852003270646 7.744889615699101 
0.0 0.0 33.61283728536386 -27.69051512673753 103.32624693376941 -13.448487326246926 -41.4636140637776 47.17334423548651 -31.68806214227309 -15.26410466067047 -0.9730171708912607 -55.33932951757971 3.053556827473436 29.044153720359766 89.94848732624692 44.09730171708911 -5.2146361406377935 -43.54374488961571 33.901471790678656 54.94644317252657 69.74570727718724 
0.0 0.0 65.79721995094032 3.3278822567457134 5.6745707277187165 -16.788225674570725 1.0940310711365493 67.26819296811121 -59.32869991823385 -30.974652493867534 63.77759607522486 -38.50613246116107 -15.502044153720355 -18.818479149632054 36.788225674570725 -8.377759607522492 74.95094031071136 -30.124284546197877 -18.793949304987734 32.50204415372036 44.39901880621423 
0.0 2.8421709430404007E-14 5.339329517579719 -2.6091578086671916 52.13327882256746 -78.08421913327884 -73.24202780049059 -25.029435813573183 -209.23221586263287 -189.91741618969746 -2.853638593622236 -191.81030253475063 -193.6034341782502 -90.21504497138181 68.08421913327885 13.285363859362235 22.517579721995077 -74.88879803761239 9.026165167620597 14.603434178250211 93.59035159443991 
0.0 0.0 68.14554374488961 -23.695012264922326 -23.49223221586264 52.50122649223222 -24.511038430089936 34.19460343417825 -21.909239574816024 -18.2681929681112 -54.35650040883074 52.96811120196239 40.98937040065413 -19.856091578086676 -68.50122649223222 -47.16434995911692 -42.2551103843009 -40.846279640228936 65.27146361406378 -47.98937040065413 26.874897792313984 
-7.105427357601002E-15 2.8421709430404007E-14 3.434178250204413 19.027800490596903 101.0596892886345 -112.7800490596893 -14.979558462796408 -16.767784137367137 -83.72363041700737 -48.42927228127556 -7.265739983646782 -149.7187244480785 -75.23957481602618 -89.52575633687654 89.7800490596893 46.52657399836468 71.25020441537202 -34.76614881439083 9.349141455437447 -16.760425183973823 53.56500408830744 
0.0 0.0 -0.8503679476696648 10.11692559280458 -2.719542109566632 123.3074407195421 62.23303352412102 -1.5527391659852836 86.7506132461161 92.10629599345872 -13.02943581357318 54.006541291905144 43.668847097301715 51.40637775960752 -11.307440719542107 6.802943581357326 -2.9476696647587843 51.8659035159444 35.38021259198692 59.331152902698285 26.64104660670483 
0.0 2.8421709430404007E-14 24.89901880621423 -33.85486508585444 27.414554374488972 -87.01349141455437 -66.37857726901062 -73.14063777596074 -89.4983646770237 -80.04987735077677 -52.0784955028618 -99.64922322158625 -74.38307440719542 -75.5829926410466 32.51349141455438 -29.192150449713793 8.30621422730988 -86.69092395748157 -48.486099754701556 -47.61692559280456 9.3761242845462 
0.0 0.0 -2.0490596892886366 -38.74325429272284 123.72771872444804 -195.67457072771867 -160.92886345053148 -111.0318887980376 -193.91823385118556 -218.49386753883888 -1.9247751430907556 -258.4611610793131 -186.15372035977103 -164.14963205233036 25.674570727718674 89.39247751430906 34.310711365494626 -110.5461978740801 -68.30498773507766 -10.846279640228943 33.80621422730988 

1.0 3.4615384615384617 0.6538461538461539 2.576923076923077 2.6153846153846154 0.34615384615384615 2.3076923076923075 1.4615384615384615 1.4230769230769231 1.4615384615384615 2.923076923076923 0.5384615384615384 1.2692307692307692 3.6153846153846154 3.3846153846153846 2.230769230769231 3.8076923076923075 3.230769230769231 0.34615384615384615 1.7307692307692308 0.6923076923076923 
0.0 1.0 0.04456255110384301 0.4501226492232216 0.9223221586263286 -0.5122649223221585 0.11038430089942763 0.05396565821749798 -0.4076042518397383 -0.3180703188879803 0.5650040883074408 -0.6811120196238756 -0.3937040065412919 0.5609157808667211 1.0122649223221585 0.6434995911692559 1.051103843008994 0.4627964022894522 -0.21463614063777595 0.3937040065412919 0.25102207686017985 
0.0 0.0 1.0 -7.15867807336224 3.106293214578691 -12.371147310441808 -15.789757412398915 -8.30548068283917 -14.661549279268714 -19.659127309660523 -10.486425250986363 -20.612445798663995 -14.658189773038 -10.835892027032301 0.379546076018592 4.326028360482829 -3.3712645025196335 -11.101293019258557 -0.479042150083986 -3.0186726043986076 8.997460838313993 
0.0 -1.4210854715202004E-14 0.0 -95.56685808039376 50.934372436423274 -105.4610336341263 -169.62264150943395 -80.37735849056601 -144.4438063986874 -128.30270713699747 -67.11238720262509 -171.09926168990967 -144.50615258408527 -149.27809680065627 27.305168170631642 13.251845775225572 11.564397046759609 -129.35274815422474 4.285479901558666 7.718621821164891 61.88433141919604 
0.0 0.0 -7.105427357601002E-15 325.69166764326724 -192.12211414508363 585.7064338450718 739.3450134770887 373.4645103324347 741.3134888081563 916.237938981991 458.75397476463917 1016.1688737841316 672.4022422750886 472.0099222625883 -86.4845501777412 -248.3635298253837 172.93589593343512 502.9983983749362 17.297863197781083 112.22762607914368 -373.69498808547195 
0.0 0.0 -7.105427357601002E-15 468.30294152115306 -166.80780499238233 716.7787413570838 883.1805929919133 505.77178796046695 829.2282901675843 1099.0055470916827 615.6386577600686 1246.6478378061636 816.8870659010113 591.5525215828742 51.86819797648359 -254.95183405601767 184.91855150591843 642.509238642134 83.83061838353052 160.9430837142075 -514.6374467752645 
0.0 0.0 -1.7763568394002505E-15 152.40864877534278 25.557131137935123 233.17813195827955 233.4393530997304 168.37017070979329 220.25688503457158 351.5209578499159 194.86718231180902 275.54623227469807 272.5909215203718 128.53822414938077 24.15695925622098 -76.42013359896869 106.2943864994727 220.14934177116282 12.543146216649067 79.18989023008709 -86.14781827415129 
0.0 7.105427357601002E-15 0.0 78.55115434196647 -7.338919489042503 76.00480487519037 96.80592991913738 68.38454627133869 152.54377124106404 117.91054338060067 78.53150513691936 138.6088128442516 66.1170358217117 82.06144771280124 -29.071643423571224 -21.69225360365637 40.228993320051586 76.77354584163437 7.407633110668372 63.720692214539625 -9.142583694675523 
0.0 0.0 3.552713678800501E-15 -114.03339974217738 67.3037618656978 -295.03750146490086 -315.46091644204836 -166.2533692722371 -378.31723895464654 -381.513184108754 -192.93695066213516 -395.48341732098885 -286.68580803937635 -291.3413805226766 -15.383921246923755 117.72002812609863 -33.640923473573274 -233.22442282901665 15.078635884214258 -41.81190671510603 188.5925231454353 
7.105427357601002E-15 0.0 0.0 29.926168990976237 37.82936833470058 61.601312551271576 60.98113207547172 78.685534591195 -43.753896636587314 99.14629477713979 53.17445993984144 28.141919606234666 20.817336614711536 -1.456385015039615 62.326770576975655 49.85479901558655 22.26743232157509 48.41618813234895 19.208914410719164 84.80175006836205 -34.23407164342359 
0.0 0.0 0.0 199.2078987460447 -48.659205437712345 234.6369389429272 334.46900269541754 233.62623539982013 270.49748037032674 451.7838196804559 274.8145630688697 494.8511660611738 318.66885425211893 250.917926481503 75.29149576155324 -49.229227704207105 155.5263096214696 209.3793898199146 -4.2157896792843985 146.37306144771276 -194.39696863158701 
0.0 0.0 -3.552713678800501E-15 209.72459861713347 -34.811086370561284 309.65568967537786 404.1994609164419 192.75292003593884 347.1560998476502 516.5404117348332 229.78303839993745 483.5928747216686 387.01175827180737 282.58861674284145 -42.51654361498491 -50.58924176725649 110.34677135825628 258.9916012344231 64.24489237860851 60.77901480526581 -192.6932302043048 
0.0 0.0 0.0 212.93296613148948 -1.0850814484939661 402.38087425290024 489.2749326145551 326.3441150044922 461.12820813313 645.5349427712016 351.5054884956443 637.5034571662951 495.7569045665843 393.2692292667681 77.19086683073564 -101.31278565568961 108.10312902847778 329.6022110238679 50.003437634282534 156.41259424196252 -232.68447986249447 
0.0 0.0 0.0 474.3489980077346 -198.71088714402885 797.1988749560525 1040.016172506738 613.7457322551659 905.3604828313602 1262.5412711434033 753.7552248134691 1317.7354974803695 948.9660924254848 694.1530919176529 11.815149029259114 -293.0183991562169 296.77077229579305 700.3099339817958 12.725692409859654 231.1223094652134 -547.6088909723034 
0.0 2.8421709430404007E-14 0.0 35.61338333528652 35.54775577170987 -12.030587132309947 11.064690026954096 19.31626235399815 -130.94937302238378 -84.95085745536947 53.13684128286256 -81.7536622524319 -115.33852884878326 -32.358646822141516 66.05769756631122 -9.81272705965073 40.51787179186686 -15.615336536583499 11.583929059728877 30.72112191882494 45.54994335716245 
0.0 0.0 0.0 464.13699753896617 -235.17227235438855 895.5397867104178 1051.4905660377353 600.1761006289304 977.2100082034448 1321.4137270987137 660.2466502597755 1457.6144380639857 1039.8796828001086 718.5616625649436 -94.36560021875837 -341.9639048400326 187.48154224774427 715.6573694284928 97.91605140825801 157.71971561389103 -586.2619633579434 
-7.105427357601002E-15 2.8421709430404007E-14 0.0 43.61197703035273 90.39212469237081 -70.29532403609522 39.24528301886785 11.754716981132031 -33.37325676784257 19.0836751435602 28.74651353568494 -78.93191140278927 -24.90073831009032 -52.313371616078804 88.47662018047582 31.670221493027096 82.82772764561115 3.357670221492981 10.994257588187029 -6.393765381460215 22.666119770303563 
0.0 0.0 1.1102230246251565E-16 4.029415211531703 -0.07804992382514486 112.7874135708426 48.805929919137476 -8.615453728661274 74.28290167584672 75.38880425016603 -21.946755732645805 36.478378061643035 31.20399234345092 42.19188249540998 -10.984686901832102 10.481659439821875 -5.814484940817999 42.42571975467793 34.97285050197274 56.7641704754092 34.292198914020084 
0.0 2.8421709430404007E-14 -3.552713678800501E-15 144.38919489042541 -49.929098792921494 221.01593812258278 326.7708894878705 133.65768194070074 275.5598265557247 409.4431032462203 209.02320403140743 413.58045236142016 290.59146841673487 194.22008672213752 23.06316652994264 -136.90601195359187 92.24739247626869 189.72037970233202 -36.55842025079109 27.545060353920064 -214.65182233680997 
0.0 0.0 0.0 -53.41181296144384 130.09269893355204 -221.02378999179652 -193.28301886792454 -128.0503144654088 -223.96062346185394 -258.77659283565765 -23.412086409625385 -300.6972928630024 -216.18922614164615 -186.3530216024064 26.45228329231605 98.25676784249384 27.402789171451936 -133.29340989882414 -69.28657369428491 -17.031719989062072 52.24254853705223 

1.0 3.4615384615384617 0.6538461538461539 2.576923076923077 2.6153846153846154 0.34615384615384615 2.3076923076923075 1.4615384615384615 1.4230769230769231 1.4615384615384615 2.923076923076923 0.5384615384615384 1.2692307692307692 3.6153846153846154 3.3846153846153846 2.230769230769231 3.8076923076923075 3.230769230769231 0.34615384615384615 1.7307692307692308 0.6923076923076923 
0.0 1.0 0.04456255110384301 0.4501226492232216 0.9223221586263286 -0.5122649223221585 0.11038430089942763 0.05396565821749798 -0.4076042518397383 -0.3180703188879803 0.5650040883074408 -0.6811120196238756 -0.3937040065412919 0.5609157808667211 1.0122649223221585 0.6434995911692559 1.051103843008994 0.4627964022894522 -0.21463614063777595 0.3937040065412919 0.25102207686017985 
0.0 0.0 1.0 -7.15867807336224 3.106293214578691 -12.371147310441808 -15.789757412398915 -8.30548068283917 -14.661549279268714 -19.659127309660523 -10.486425250986363 -20.612445798663995 -14.658189773038 -10.835892027032301 0.379546076018592 4.326028360482829 -3.3712645025196335 -11.101293019258557 -0.479042150083986 -3.0186726043986076 8.997460838313993 
0.0 -1.4210854715202004E-14 0.0 1.0 -0.5329710891361075 1.103531451723664 1.774910726548551 0.8410589204779562 1.511442452959758 1.3425439500068665 0.7022558714462298 1.7903619008377962 1.5120948358741928 1.5620278807856065 -0.28571796456530674 -0.13866570526026623 -0.12100844664194449 1.353531451723664 -0.04484274138167847 -0.08076672160417529 -0.6475501304765827 
0.0 -4.8430565405182754E-14 -7.105427357601002E-15 0.0 -18.537871318696375 226.2954350363961 161.27137902956815 99.53862793572313 249.0492757568623 478.9825610198754 230.0350888810407 433.06292061529996 179.92555354445034 -36.729543135754454 6.57141017717349 -203.20126503423782 212.34733871917135 62.16448265544358 31.90277042007569 138.53267432848702 -162.79330620793846 
0.0 -6.963695572224913E-14 -7.105427357601002E-15 -5.6843418860808015E-14 82.78412379578947 199.99171645378362 51.98467881177987 111.9014215080345 121.41534350658264 470.28826618203925 286.7701674612984 408.21609325642066 108.7686064021816 -139.9497297270783 185.67076122785335 -190.01427639452976 241.58716301724652 8.64647835854555 104.83060607844288 198.76637701846283 -211.38781589067435 
0.0 -2.2663266414646184E-14 -1.7763568394002505E-15 0.0 106.78653466949203 64.99039451998348 -37.07239243039618 40.18551709929952 -10.10001692271473 146.905648507858 87.8373138501383 2.679594149155321 42.13459076461237 -109.52833451056574 67.70284816646065 -55.286280828771574 124.73712034257463 13.859442139031046 19.37756783801283 91.49943713579373 12.5444221260816 
0.0 -4.575181009015452E-15 0.0 0.0 34.52657479349384 -10.678864510369479 -42.61535650518968 2.318397198187057 33.8182218396217 12.452166352737976 23.368495791394402 -2.0261811564346033 -52.659759010732486 -40.637645437243734 -6.628167490729307 -10.799902387819564 49.73434648890458 -29.5479121294171 10.930082210057485 70.06501142896383 41.723226548551054 
0.0 1.6956841618183287E-14 3.552713678800501E-15 1.4210854715202004E-14 6.527256607216394 -169.19805830243092 -113.06181205485893 -70.34456118665015 -205.96231752898933 -228.41833318617915 -112.8563261522161 -191.32236299958788 -114.25649317205242 -113.21803078462534 -47.96531211372066 101.90750632762374 -47.43992804167407 -78.87662973100237 9.965065630702236 -51.02201056566011 114.75018026370003 
7.105427357601002E-15 -4.450041031542453E-15 0.0 -3.552713678800501E-15 53.77915121549239 28.576843840131872 7.864853728883368 53.51586320560364 -88.98557890399668 58.96909765142154 32.15863205603628 -25.436753193242666 -24.433868974042035 -48.20189534404616 70.87721466831479 54.004532344458184 25.88875154511745 7.910177173465179 20.550885867325917 87.21878862793574 -14.855377008652663 
0.0 -2.962234569665627E-14 0.0 -2.8421709430404007E-14 57.512845321482516 14.804757244883803 -19.10723360213484 66.08065512978979 -30.593794759354125 184.3384604253731 134.91964653599376 138.19693380030196 17.44761929287563 -60.25036543253486 132.20877111660485 -21.605923931171112 179.63214800753423 -60.254766564639965 4.717238605372074 162.4624303470873 -65.39986780661988 
0.0 -3.118618589139934E-14 -3.552713678800501E-15 0.0 76.96606137304532 78.21799890124981 31.95702120980235 16.36217552533992 30.169438067769306 234.97592069378226 82.50270763435162 108.1099436890537 69.88827574705198 -45.00705358369146 17.40554182117841 -21.507632389585424 135.72521925952088 -24.877239193988316 73.64951831577295 77.71778307532324 -56.88603900563109 
0.0 -3.166327225308691E-14 0.0 -2.8421709430404007E-14 112.40203342358788 167.40264901799185 111.33792699197505 147.25494437577245 139.29228348735444 359.6630773343533 201.97206280534456 256.27638717209146 173.7820660917846 60.66199943100423 138.02964050267823 -71.78628573390624 133.8698164989111 41.39074425608709 59.55193556615062 173.61049183785582 -94.79970986128268 
0.0 -7.053600830236469E-14 0.0 -5.6843418860808015E-14 54.10341495477476 273.7398365609116 198.08904781525257 214.79027606098043 188.40926972354634 625.7068936763 420.6408558479015 468.47912374673774 231.70542213589147 -46.79326819314474 147.34517923362182 -227.24246080797377 354.17100771087183 58.263646084721245 33.99680185217881 269.4339229305236 -240.4441354209585 
0.0 2.3125975881553744E-14 0.0 0.0 54.52865947573923 -51.331075745090025 -52.145886063531364 -10.636691388545565 -184.77695248886542 -132.76338979143375 28.127133733592284 -145.51450693586057 -169.18934187807804 -87.98774452096455 76.2330809641533 -4.874372142759012 44.827391988934 -63.81917098318522 13.180930798359709 33.597498136048806 68.61139438263979 
0.0 -6.901747710935254E-14 0.0 -5.6843418860808015E-14 12.199328732317127 383.35001201757973 227.68883051778573 209.8095385249277 275.6936461337725 698.2894090784226 334.30371858261213 626.6412409009746 338.06052568328494 -6.433268095042081 38.246677997527854 -277.6040207389094 243.6460393489906 87.4333453509131 118.72922675456661 195.2065392803185 -285.70999004257646 
-7.105427357601002E-15 2.193657973303857E-14 0.0 7.105427357601002E-15 113.63604758961681 -118.42251236093946 -38.16208281829422 -24.92552533992585 -99.29025030902352 -39.467320766378286 -1.8802533992583719 -157.0131334981459 -90.84618355995059 -120.43649567367123 100.93734548825711 37.71770704573549 88.1051452410383 -55.67251236093944 12.949938195302838 -2.8713689740420287 50.907061186650196 
0.0 -5.991766948132993E-16 1.1102230246251565E-16 0.0 2.0695118900465057 108.34082715286361 41.65407763847196 -12.004429336629583 68.19267246453587 69.9791372358585 -24.776436223438694 29.264266584260405 25.111134410500917 35.89782359173583 -9.83341058920478 11.040401141915364 -5.3268916651951255 36.971779533816004 35.153540526222855 57.089613132026614 36.90144725999176 
0.0 6.950941088237654E-15 -3.552713678800501E-15 0.0 27.026167667314226 61.677920271940565 70.49295867914515 12.21786155747833 57.3238676496556 215.5942631997173 107.62504414621222 155.0715389369591 72.26131246689022 -31.3198613808936 64.31775339925838 -116.884182412149 109.71970466184005 -5.714936870916546 -30.08361292601097 39.20690226028606 -121.15258034610626 
0.0 7.942371752266927E-15 0.0 0.0 101.62574680675726 -162.0821744952616 -98.48181911825294 -83.12783271528635 -143.23174186238145 -187.0688864853729 14.096672847136393 -205.070817882159 -135.42549958796866 -102.92228059332508 11.191568809229448 90.85038112896581 20.93950865265754 -60.99884116192824 -71.68170580964151 -21.345617016893286 17.65572208487844 

1.0 3.4615384615384617 0.6538461538461539 2.576923076923077 2.6153846153846154 0.34615384615384615 2.3076923076923075 1.4615384615384615 1.4230769230769231 1.4615384615384615 2.923076923076923 0.5384615384615384 1.2692307692307692 3.6153846153846154 3.3846153846153846 2.230769230769231 3.8076923076923075 3.230769230769231 0.34615384615384615 1.7307692307692308 0.6923076923076923 
0.0 1.0 0.04456255110384301 0.4501226492232216 0.9223221586263286 -0.5122649223221585 0.11038430089942763 0.05396565821749798 -0.4076042518397383 -0.3180703188879803 0.5650040883074408 -0.6811120196238756 -0.3937040065412919 0.5609157808667211 1.0122649223221585 0.6434995911692559 1.051103843008994 0.4627964022894522 -0.21463614063777595 0.3937040065412919 0.25102207686017985 
0.0 0.0 1.0 -7.15867807336224 3.106293214578691 -12.371147310441808 -15.789757412398915 -8.30548068283917 -14.661549279268714 -19.659127309660523 -10.486425250986363 -20.612445798663995 -14.658189773038 -10.835892027032301 0.379546076018592 4.326028360482829 -3.3712645025196335 -11.101293019258557 -0.479042150083986 -3.0186726043986076 8.997460838313993 
0.0 -1.4210854715202004E-14 0.0 1.0 -0.5329710891361075 1.103531451723664 1.774910726548551 0.8410589204779562 1.511442452959758 1.3425439500068665 0.7022558714462298 1.7903619008377962 1.5120948358741928 1.5620278807856065 -0.28571796456530674 -0.13866570526026623 -0.12100844664194449 1.353531451723664 -0.04484274138167847 -0.08076672160417529 -0.6475501304765827 
0.0 -4.8430565405182754E-14 -7.105427357601002E-15 0.0 1.0 -12.207196346657438 -8.699562978782675 -5.369474532673739 -13.434621023918943 -25.838056203184312 -12.408926835576787 -23.360984288338123 -9.705836794917568 1.9813247435109154 -0.3544856938642083 10.961413073857036 -11.454785453441376 -3.353377612064206 -1.720951120633799 -7.472954793292251 8.781661249517533 
0.0 -2.859121608456748E-13 -3.883596253508843E-14 -5.6843418860808015E-14 0.0 1210.553770014982 772.1703774165919 556.4086659392361 1233.5886735002045 2609.2691095490154 1314.0323027905813 2342.134708573697 912.2578011743661 -303.97196257354676 215.01654879254428 -1097.4452532774958 1189.8615400491458 286.25290572969766 247.29803669549392 817.4083917467069 -938.3699479034211 
0.0 -3.016452575393606E-13 -4.2706836494783604E-14 0.0 0.0 1368.5545904096145 891.9237912128094 613.5730954396183 1424.536606819492 2906.0621330414833 1412.943609588649 2497.318152769233 1078.5872681615087 -321.10713792501656 105.55714700412987 -1225.8175980668293 1347.953964298085 371.95501676962374 203.15197434607518 889.5103832532434 -925.2187513512572 
0.0 -9.477655904246846E-14 -1.323377775605361E-14 0.0 0.0 410.79381317136335 257.7507553524604 187.70796125230729 497.66966944420386 904.5517463704786 451.8062362869292 804.5485901245061 282.44954102243344 -109.04600238427336 5.61100933169684 -389.25995072472574 445.22885319057355 86.23273080434548 70.3486297925674 328.08054402796705 -261.47745739404263 
0.0 -9.574886524418266E-17 1.050865064703058E-15 1.4210854715202004E-14 0.0 -89.51855529312333 -56.27753212170458 -35.29662306597533 -118.27109868516614 -59.766710116315835 -31.860076476232692 -38.83922395245449 -50.904005823862725 -126.15064580774829 -45.65149302628181 30.359550416862234 27.328395993547396 -56.98827355616474 21.198155203555658 -2.24411701571384 57.43002385045053 
7.105427357601002E-15 -1.4494916607133563E-13 -2.0613146231613426E-14 -3.552713678800501E-15 0.0 685.0695020842286 475.71996667353625 342.281646046 633.5169366641733 1448.5178293168617 699.5001847685018 1230.8971533920353 497.53779569271984 -154.75585833231636 89.94115440236679 -535.4909588899745 641.9173905867638 188.25197885531287 113.10217641836208 489.1079544829384 -487.12566526968595 
0.0 -1.7987582243597436E-13 -2.2044243243213645E-14 -2.8421709430404007E-14 7.105427357601002E-15 716.8753525391594 481.22938636108876 374.89441338509414 742.0694861420329 1670.358590246884 848.592336236115 1481.7536097330758 575.6579095945233 -174.20198893770416 152.59625199649545 -652.027978552787 838.429451982076 132.60752134253107 103.69403421221574 592.2533234681358 -570.4581929157786 
0.0 -2.3226158474516097E-13 -3.3053229066199984E-14 0.0 0.0 1017.7578221109009 701.5281193534627 429.62948194811077 1064.1793043183197 2223.6293401882604 1037.5689320349838 1906.1128941600332 816.908306181439 -197.50181539268587 44.68890949099762 -865.1644237673675 1017.3549394841566 233.21902790314152 206.10434788648504 652.8816803338478 -732.7759176932915 
0.0 -3.2531586794816937E-13 -4.308285830706195E-14 -2.8421709430404007E-14 -1.4210854715202004E-14 1539.516340783281 1089.186495703713 750.79480026447 1649.371004851128 3263.9131342852183 1596.7606717287035 2882.0985239577844 1264.7378579179983 -162.0429306120914 177.87455331258673 -1303.871404431338 1421.4109938966571 418.3172066892393 252.99034094799197 1013.5858062864527 -1081.876291144179 
0.0 -2.118822789482451E-13 -2.0737434096415425E-14 -5.6843418860808015E-14 0.0 934.1908459385296 668.7651135815281 505.29718479132305 915.268145740774 2023.6339700619728 1092.0061735765526 1732.388150450669 756.8243377346378 -153.98970295147848 166.52406582428833 -820.2923408335541 973.9140183163286 239.69282653028267 127.1061344487139 673.7462970502872 -715.5619979958715 
0.0 -1.1933125471391884E-13 -2.0900427139197173E-14 0.0 7.105427357601002E-15 614.3109769952813 422.2296211942567 282.15355696727477 547.7949225100177 1276.151178427015 704.7692796101212 1128.3286503410234 360.05692763908223 -196.02672677072763 95.56271065389586 -602.5855330200254 669.4414873472899 119.03601491863142 107.02208842979196 441.0877053370752 -410.2408215235964 
0.0 -1.0088847124415042E-13 -4.6759114155437835E-15 -5.6843418860808015E-14 -1.7763568394002505E-15 532.2696131503944 333.8176591234516 275.31352346881954 439.5870043986587 1013.4963505051538 485.6842962650851 911.6295677449068 456.4652193667036 -30.60409996660566 42.57116550788086 -411.32590219761016 383.3867326536863 128.34230120407696 139.72367520742787 286.3715714054357 -392.84036244129163 
-7.105427357601002E-15 -2.7493990303900884E-13 -4.3555846702775206E-14 7.105427357601002E-15 1.4210854715202004E-14 1268.7550326236214 950.4218698475222 585.2403381862226 1427.3669837134958 2896.6672635618675 1408.2211470244183 2497.6367888317354 1012.086748364356 -345.58640851776295 141.2196986660486 -1207.8939506645304 1389.7816901571528 325.39206554954416 208.5120216390496 846.3256775515711 -947.0062144794178 
0.0 -6.0058185483801685E-15 -6.822061188388288E-16 0.0 0.0 133.60376513640344 59.657926661271105 -0.8922379479593747 95.99578041180489 123.4513017640383 0.9039854055046312 77.61010133216575 45.19747906043369 31.797448476996646 -9.099798230901415 -11.64437354614299 18.378923028633558 43.911634373798634 38.71506933256336 72.55498193052496 18.727694889754574 
0.0 -6.365547096206141E-14 -1.3911641508921523E-14 0.0 -3.552713678800501E-15 391.5916554845302 305.60880637608534 157.33418056289253 420.4101879889137 913.8979023444649 442.9907813759455 786.4294171870786 334.5728850379202 -84.86747610241797 73.89814319729669 -413.12917001689954 419.29865691965875 84.9140087245485 16.427100607490402 241.172231474062 -358.4872296731233 
0.0 -2.5755695624292335E-13 -3.8952388285762736E-14 0.0 0.0 1078.4832706505194 785.6177654929542 462.54902662754637 1222.071652759143 2438.7428711981997 1275.1631295830387 2169.0066565611255 850.9374130800325 -304.27588731932866 47.21644218049114 -1023.111408559108 1185.040634869817 279.790662989157 103.21123704269412 738.0989947045681 -874.787160601302 

1.0 3.4615384615384617 0.6538461538461539 2.576923076923077 2.6153846153846154 0.34615384615384615 2.3076923076923075 1.4615384615384615 1.4230769230769231 1.4615384615384615 2.923076923076923 0.5384615384615384 1.2692307692307692 3.6153846153846154 3.3846153846153846 2.230769230769231 3.8076923076923075 3.230769230769231 0.34615384615384615 1.7307692307692308 0.6923076923076923 
0.0 1.0 0.04456255110384301 0.4501226492232216 0.9223221586263286 -0.5122649223221585 0.11038430089942763 0.05396565821749798 -0.4076042518397383 -0.3180703188879803 0.5650040883074408 -0.6811120196238756 -0.3937040065412919 0.5609157808667211 1.0122649223221585 0.6434995911692559 1.051103843008994 0.4627964022894522 -0.21463614063777595 0.3937040065412919 0.25102207686017985 
0.0 0.0 1.0 -7.15867807336224 3.106293214578691 -12.371147310441808 -15.789757412398915 -8.30548068283917 -14.661549279268714 -19.659127309660523 -10.486425250986363 -20.612445798663995 -14.658189773038 -10.835892027032301 0.379546076018592 4.326028360482829 -3.3712645025196335 -11.101293019258557 -0.479042150083986 -3.0186726043986076 8.997460838313993 
0.0 -1.4210854715202004E-14 0.0 1.0 -0.5329710891361075 1.103531451723664 1.774910726548551 0.8410589204779562 1.511442452959758 1.3425439500068665 0.7022558714462298 1.7903619008377962 1.5120948358741928 1.5620278807856065 -0.28571796456530674 -0.13866570526026623 -0.12100844664194449 1.353531451723664 -0.04484274138167847 -0.08076672160417529 -0.6475501304765827 
0.0 -4.8430565405182754E-14 -7.105427357601002E-15 0.0 1.0 -12.207196346657438 -8.699562978782675 -5.369474532673739 -13.434621023918943 -25.838056203184312 -12.408926835576787 -23.360984288338123 -9.705836794917568 1.9813247435109154 -0.3544856938642083 10.961413073857036 -11.454785453441376 -3.353377612064206 -1.720951120633799 -7.472954793292251 8.781661249517533 
0.0 -2.859121608456748E-13 -3.883596253508843E-14 -5.6843418860808015E-14 0.0 1.0 0.6378654104782437 0.4596315171794062 1.0190284017577653 2.155434293114235 1.0854803275482083 1.9347630535607767 0.7535871794964348 -0.2511015785525865 0.17761833808496022 -0.906564648725941 0.9829068063902852 0.2364644287763896 0.20428504938895306 0.6752350965266007 -0.775157594108197 
0.0 2.15840032099886E-14 1.1979747716447379E-15 6.426259100871867E-14 0.0 0.0 18.970155639295967 -15.45772729319367 29.94060983612917 -43.76736312630601 -72.5954754767838 -150.51070553629097 47.26207438782876 22.539080062226162 -137.52324492296935 14.865613450137062 2.7923424678060655 48.34053729910835 -76.42326774723136 -34.58570770391532 135.62673235638863 
0.0 2.2459356992606413E-15 -5.503796511335278E-17 1.9289456912962508E-14 0.0 -5.6843418860808015E-14 -4.280408908014294 -1.1058223435599928 79.05910655621142 19.112674061759662 5.897633410900141 9.759897769203803 -27.119409999959714 -5.895027437307718 -67.35350505938437 -16.84880178823886 41.4568182014213 -10.905393572095875 -13.570404619820934 50.69814393867108 56.95248649840357 
0.0 -2.123850535702988E-14 -1.820993538914321E-15 1.0007372920024549E-14 0.0 0.0 0.823257895762886 5.848926319111506 -27.04914835715053 133.18465383252504 65.31055424498922 134.35796943681805 16.55602977207773 -148.62889635159854 -29.751356007350626 -50.794807216901845 115.31679328938341 -35.820319513888684 39.48545769283908 58.20195330856014 -11.96096409860855 
7.105427357601002E-15 1.68525700613338E-14 1.3646743129011048E-15 2.8615781121109995E-14 0.0 0.0 38.73782752045378 27.402111429685647 -64.58834313770626 -28.104468642178745 -44.129282747174784 -94.55000836180784 -18.72179814196096 17.26617505926791 -31.739752030525096 85.56883361986945 -31.44208586222817 26.2574103728401 -26.847280649780046 26.52498311566393 43.9111617628252 
0.0 -1.056208670745788E-14 9.53945703977479E-16 5.240278120027994E-15 7.105427357601002E-15 -1.1368683772161603E-13 23.9593953519622 45.395907468998644 11.553141384518767 125.18087149562257 70.43824375067084 94.76966363195334 35.429834624025716 5.806543710320739 25.266043264419977 -2.134126397838827 133.807788637901 -36.90799939951418 -42.75288258696958 108.1939255988155 -14.766819366058144 
0.0 8.115460327123784E-15 -4.0238312417878266E-16 4.779038784902357E-14 0.0 0.0 52.33560838524954 -38.16408994993077 27.055177476184326 29.919228325167296 -67.18716207470811 -63.007337532619204 49.939059606450996 58.058780323603884 -136.0835434453092 57.49883872268015 16.993848874399077 -7.444494135014992 -1.8083590694336351 -34.3441209199093 56.146787078992816 
0.0 3.8291643385364025E-14 6.306603287920302E-15 4.3868654178243825E-14 -1.4210854715202004E-14 0.0 107.18227305202186 43.18456882776286 80.56012862277794 -54.413181448807336 -74.35403013055156 -96.50081254278984 104.57808087845342 224.53205276609216 -95.57178059197895 91.7996862587031 -91.79009600829568 54.276354574003165 -61.509830764020876 -25.9496586866253 111.49149166764414 
0.0 8.757671147675243E-15 9.232486771322892E-15 -1.2977047232425743E-14 0.0 0.0 72.87708617193027 75.9136289374838 -36.698858932700546 10.046984412668735 77.96038813465952 -75.04978324588569 52.83009303243284 80.58709313306244 0.5946403145035788 26.61205525769867 55.69147737584956 18.789921777296087 -63.73508865254644 42.947851018717415 8.583130579740441 
0.0 2.5758524207479073E-14 -1.192621770760666E-15 2.884591914963249E-14 7.105427357601002E-15 -1.1368683772161603E-13 30.381897691870677 -0.20312940902965693 -78.20541055973513 -47.95576802512437 37.94679908482328 -60.217531346271244 -102.8799488484911 -41.772270725030836 -13.550184147354244 -45.672917951808586 65.63104681836194 -26.226679347623588 -18.47245984586509 26.28337348831593 65.94699743832183 
0.0 2.4824536321335288E-14 1.2399912283405913E-14 -3.184987845259165E-14 -1.7763568394002505E-15 0.0 -5.698716153820726 30.665633628008152 -102.81084879421178 -133.77582686185417 -92.08389776136323 -118.18601431156367 55.35366286103937 103.04964011103296 -51.969678593016894 71.21091267556972 -139.78469294656043 2.479471175439059 30.988950996760607 -73.03555220834738 19.752470305268844 
-7.105427357601002E-15 2.4718403718199275E-14 -2.852720469426605E-15 6.668177624649842E-14 1.4210854715202004E-14 0.0 141.1269201667185 2.0805376124204713 134.46957059692545 161.9491566836432 31.012518633691798 42.89642769225475 55.969221857614 -27.000017029433195 -84.13446166548854 -57.68549019482725 142.71373294946693 25.376631503029955 -50.67566286294962 -10.382249370650584 36.478884121775536 
0.0 2.5549112866846752E-14 3.603956913241855E-15 6.273570799697405E-15 0.0 0.0 -25.563293828899745 -62.30073921848554 -40.15025084396417 -164.52283530014574 -144.1202733364325 -180.88152727035902 -55.48460547881268 65.34556480331658 -32.83027695632275 109.47607686320373 -112.9411270833065 12.319096368444075 11.4218175731231 -17.65896931767172 122.29166803668568 
0.0 2.883180152591028E-14 -1.3489291056036156E-15 1.8387789990385052E-14 -3.552713678800501E-15 0.0 55.82603431059053 -22.6536861622574 21.36716915883551 69.84781921573347 17.92574291545253 28.792350072909244 39.47443386699348 13.461806737768171 4.344284142196145 -58.126018418556725 34.4005534182744 -7.683488403201679 -63.56922007346873 -23.244197816046125 -54.94198413488897 
0.0 -2.837595578931918E-15 -4.353399846624799E-15 5.0641844919621317E-14 0.0 0.0 97.69059136554176 -33.15587531416003 123.06656914565679 114.1430450880689 104.49075570204968 82.397070623113 38.206247016417365 -33.46703561642681 -144.3419640048865 -45.39660114501589 124.99208756936537 24.767732449889536 -117.10677116730686 9.86923934454046 -38.79266323790591 

1.0 3.4615384615384617 0.6538461538461539 2.576923076923077 2.6153846153846154 0.34615384615384615 2.3076923076923075 1.4615384615384615 1.4230769230769231 1.4615384615384615 2.923076923076923 0.5384615384615384 1.2692307692307692 3.6153846153846154 3.3846153846153846 2.230769230769231 3.8076923076923075 3.230769230769231 0.34615384615384615 1.7307692307692308 0.6923076923076923 
0.0 1.0 0.04456255110384301 0.4501226492232216 0.9223221586263286 -0.5122649223221585 0.11038430089942763 0.05396565821749798 -0.4076042518397383 -0.3180703188879803 0.5650040883074408 -0.6811120196238756 -0.3937040065412919 0.5609157808667211 1.0122649223221585 0.6434995911692559 1.051103843008994 0.4627964022894522 -0.21463614063777595 0.3937040065412919 0.25102207686017985 
0.0 0.0 1.0 -7.15867807336224 3.106293214578691 -12.371147310441808 -15.789757412398915 -8.30548068283917 -14.661549279268714 -19.659127309660523 -10.486425250986363 -20.612445798663995 -14.658189773038 -10.835892027032301 0.379546076018592 4.326028360482829 -3.3712645025196335 -11.101293019258557 -0.479042150083986 -3.0186726043986076 8.997460838313993 
0.0 -1.4210854715202004E-14 0.0 1.0 -0.5329710891361075 1.103531451723664 1.774910726548551 0.8410589204779562 1.511442452959758 1.3425439500068665 0.7022558714462298 1.7903619008377962 1.5120948358741928 1.5620278807856065 -0.28571796456530674 -0.13866570526026623 -0.12100844664194449 1.353531451723664 -0.04484274138167847 -0.08076672160417529 -0.6475501304765827 
0.0 -4.8430565405182754E-14 -7.105427357601002E-15 0.0 1.0 -12.207196346657438 -8.699562978782675 -5.369474532673739 -13.434621023918943 -25.838056203184312 -12.408926835576787 -23.360984288338123 -9.705836794917568 1.9813247435109154 -0.3544856938642083 10.961413073857036 -11.454785453441376 -3.353377612064206 -1.720951120633799 -7.472954793292251 8.781661249517533 
0.0 -2.859121608456748E-13 -3.883596253508843E-14 -5.6843418860808015E-14 0.0 1.0 0.6378654104782437 0.4596315171794062 1.0190284017577653 2.155434293114235 1.0854803275482083 1.9347630535607767 0.7535871794964348 -0.2511015785525865 0.17761833808496022 -0.906564648725941 0.9829068063902852 0.2364644287763896 0.20428504938895306 0.6752350965266007 -0.775157594108197 
0.0 2.15840032099886E-14 1.1979747716447379E-15 6.426259100871867E-14 0.0 0.0 1.0 -0.8148445161500713 1.5783006953357996 -2.3071694275213828 -3.8268255072406996 -7.934078581016682 2.4913909662357825 1.1881336395331044 -7.24945264223848 0.7836316018063394 0.1471966029641756 2.548241470353186 -4.0286052049527425 -1.8231641511824141 7.149479157432053 
0.0 7.116130829302975E-15 2.152719881430367E-16 3.378961032425035E-14 0.0 -5.6843418860808015E-14 0.0 -4.593690069135356 85.81487891205192 9.237045491898897 -10.48274457970927 -24.20120286586542 -16.45523791473773 -0.8093296227387734 -98.38412672744973 -13.494538099265494 42.0868798519786 0.002121917375347948 -30.814482225973407 42.894255865177556 87.55518077153826 
0.0 -2.2175197780785557E-14 -1.8729826848356284E-15 7.218535207986035E-15 0.0 0.0 1.1102230246251565E-16 6.519753500851141 -28.348496866473777 135.08404928059477 68.46101855953194 140.88976227424322 14.504972487691795 -149.60703675156566 -23.783186879668683 -51.43993812045823 115.19561252376369 -37.91817942466737 42.80203873672788 59.70288759129291 -17.84682926555667 
7.105427357601002E-15 -2.722284025409203E-14 -1.0816387780520663E-15 -1.0261103714265386E-13 0.0 0.0 7.105427357601002E-15 58.96741775229472 -125.72828324903674 61.270262701608644 104.11362370318844 212.798959243343 -115.23287167801936 -28.759540940214478 249.088294042207 55.21264778951857 -37.14416247945112 -72.45592818616915 129.21213292768164 97.15040154564278 -233.0441286988568 
0.0 -3.782278377390169E-14 -5.591020390814255E-16 -7.592367507020973E-14 7.105427357601002E-15 -1.1368683772161603E-13 0.0 64.91908938181655 -26.26198895930851 180.4592559535677 162.12666902162402 284.86538910806735 -24.26238651232451 -22.660419890218655 198.95854520513873 -20.90946575580833 130.2810470330165 -97.96232423997165 53.770062235465915 151.87583628851954 -186.0640170595863 
0.0 -5.143133311319906E-14 -3.7074028454895455E-15 -1.2949976521049958E-13 0.0 0.0 0.0 4.4812935421675135 -55.54614962907715 150.6663439623468 133.09207903092508 352.22749198126627 -80.4494023370134 -4.122916544341912 243.32097104629645 16.48700209223776 9.29022510602692 -140.80826179847185 209.0311452757511 61.07228411839941 -318.02555426287495 
0.0 -8.365899158025251E-14 -4.62010608840808E-16 -3.1921801245189427E-13 -1.4210854715202004E-14 0.0 0.0 130.52145625270242 -88.60572746289972 192.87448210906646 335.8138263089631 753.8917643439383 -162.4548659439708 97.18518859136246 681.4410319861271 7.808269941702775 -107.566962499532 -218.8499585038777 370.2852323320205 169.46121918406587 -654.8059355639772 
0.0 -7.416095597266273E-14 4.630262502582408E-15 -2.5985274354314463E-13 0.0 0.0 0.0 135.29712295767737 -151.7208147119051 178.18676959538757 356.84828039078076 503.16274519773333 -128.73522110190092 -6.000624498960747 528.913625222245 -30.496732514189674 44.96421785741393 -166.9184914445194 229.85792002148145 175.8147419700123 -512.4500780608547 
0.0 -8.809614809182103E-15 -3.111253733598022E-15 -7.407466318850371E-14 7.105427357601002E-15 -1.1368683772161603E-13 -3.552713678800501E-15 24.553393315423676 -126.15718081243575 22.140417479642124 154.21302013045133 180.83483238144012 -178.57313429511748 -77.87002540559557 206.70194435119686 -69.48113310600553 61.15893468651345 -103.64709099407621 103.92421133194686 81.6745602050263 -151.26774687294056 
0.0 3.130846350125195E-14 1.275978904524438E-14 -1.2545120366729636E-14 -1.7763568394002505E-15 0.0 0.0 26.022066020971508 -93.81656112611518 -146.9237305480716 -113.891890097329 -163.40007608688646 69.55139280581025 109.82047647553807 -93.28225147169967 75.67660674342791 -138.94586128746096 17.001176006376642 8.031073437930154 -83.42524720775745 60.495322671131476 
-7.105427357601002E-15 -1.3585402150663166E-13 -1.1764955728553042E-14 -4.1139450965425884E-13 1.4210854715202004E-14 0.0 0.0 117.07703459141995 -88.27114563280625 487.55287229254697 571.080616486012 1162.6085021918673 -295.63311213842695 -194.6776583232143 938.9584626281079 -168.27700470306826 121.94032971412956 -334.24883904902555 517.8689822796428 246.91529224409305 -972.5050901627554 
0.0 5.463470533915665E-14 5.218291643512948E-15 9.287083059019502E-14 0.0 0.0 0.0 -83.13084900969746 0.19631358126165566 -223.50168528892925 -241.94653820995478 -383.70270929846845 8.203553833739072 95.71817413870139 -218.15016494855865 129.50828175379056 -109.17829707111738 77.4605418220701 -91.56260100171875 -64.26505021266436 305.05590446171584 
0.0 -3.468635439605339E-14 -4.874370961574757E-15 -1.7072639962167853E-13 -3.552713678800501E-15 0.0 7.105427357601002E-15 22.835851754133017 -66.74309961140973 198.64793883688768 231.5622349833148 471.72049315966797 -99.6100436951806 -52.8669825883737 409.0524760808027 -101.87306310786045 26.18315081079396 -149.9417041588083 161.33183232204667 78.53582664170197 -454.0690528805426 
0.0 -1.1398871514337804E-13 -1.0522609320085799E-14 -2.802911551934269E-13 0.0 0.0 0.0 46.446767339509194 -31.118559134343258 339.53179084313126 478.3356025571329 857.4818991433111 -205.17920979792473 -149.5365134837092 563.8613516918799 -121.95003573820394 110.6123643787962 -224.1714837311109 276.45005368282614 187.97522343000648 -737.2295100830584 

1.0 3.4615384615384617 0.6538461538461539 2.576923076923077 2.6153846153846154 0.34615384615384615 2.3076923076923075 1.4615384615384615 1.4230769230769231 1.4615384615384615 2.923076923076923 0.5384615384615384 1.2692307692307692 3.6153846153846154 3.3846153846153846 2.230769230769231 3.8076923076923075 3.230769230769231 0.34615384615384615 1.7307692307692308 0.6923076923076923 
0.0 1.0 0.04456255110384301 0.4501226492232216 0.9223221586263286 -0.5122649223221585 0.11038430089942763 0.05396565821749798 -0.4076042518397383 -0.3180703188879803 0.5650040883074408 -0.6811120196238756 -0.3937040065412919 0.5609157808667211 1.0122649223221585 0.6434995911692559 1.051103843008994 0.4627964022894522 -0.21463614063777595 0.3937040065412919 0.25102207686017985 
0.0 0.0 1.0 -7.15867807336224 3.106293214578691 -12.371147310441808 -15.789757412398915 -8.30548068283917 -14.661549279268714 -19.659127309660523 -10.486425250986363 -20.612445798663995 -14.658189773038 -10.835892027032301 0.379546076018592 4.326028360482829 -3.3712645025196335 -11.101293019258557 -0.479042150083986 -3.0186726043986076 8.997460838313993 
0.0 -1.4210854715202004E-14 0.0 1.0 -0.5329710891361075 1.103531451723664 1.774910726548551 0.8410589204779562 1.511442452959758 1.3425439500068665 0.7022558714462298 1.7903619008377962 1.5120948358741928 1.5620278807856065 -0.28571796456530674 -0.13866570526026623 -0.12100844664194449 1.353531451723664 -0.04484274138167847 -0.08076672160417529 -0.6475501304765827 
0.0 -4.8430565405182754E-14 -7.105427357601002E-15 0.0 1.0 -12.207196346657438 -8.699562978782675 -5.369474532673739 -13.434621023918943 -25.838056203184312 -12.408926835576787 -23.360984288338123 -9.705836794917568 1.9813247435109154 -0.3544856938642083 10.961413073857036 -11.454785453441376 -3.353377612064206 -1.720951120633799 -7.472954793292251 8.781661249517533 
0.0 -2.859121608456748E-13 -3.883596253508843E-14 -5.6843418860808015E-14 0.0 1.0 0.6378654104782437 0.4596315171794062 1.0190284017577653 2.155434293114235 1.0854803275482083 1.9347630535607767 0.7535871794964348 -0.2511015785525865 0.17761833808496022 -0.906564648725941 0.9829068063902852 0.2364644287763896 0.20428504938895306 0.6752350965266007 -0.775157594108197 
0.0 2.15840032099886E-14 1.1979747716447379E-15 6.426259100871867E-14 0.0 0.0 1.0 -0.8148445161500713 1.5783006953357996 -2.3071694275213828 -3.8268255072406996 -7.934078581016682 2.4913909662357825 1.1881336395331044 -7.24945264223848 0.7836316018063394 0.1471966029641756 2.548241470353186 -4.0286052049527425 -1.8231641511824141 7.149479157432053 
0.0 7.116130829302975E-15 2.152719881430367E-16 3.378961032425035E-14 0.0 -5.6843418860808015E-14 0.0 1.0 -18.681033683276848 -2.0108116466023436 2.28198777495722 5.268357791151694 3.5821393405051825 0.17618289666005024 21.417232169946548 2.9376248497769235 -9.161889291303533 -4.619200127594469E-4 6.7080020119366575 -9.337646906869209 -19.059879846882723 
0.0 -1.207538299384771E-14 -1.5674504706009564E-15 5.517560825566617E-14 0.0 -8.067698811640937E-14 1.1102230246251565E-16 0.0 93.44723788958852 148.19404555308265 53.58302077485509 106.54136812164558 -8.849693018103466 -150.7557058088551 -163.41826129821936 -70.59252801897864 174.92887230515046 -37.91516782004707 -0.9324808643126374 120.58204370206525 106.41888909195904 
7.105427357601002E-15 6.412417120645143E-14 1.6817242403822197E-15 3.3113308527097593E-13 0.0 -7.296769211652205E-13 7.105427357601002E-15 0.0 975.844033997438 179.84263308798865 -30.44930272834347 -97.86249549605566 -326.462378616518 -39.14859140837703 -1013.8305824209167 -118.01150392679929 503.10879076111974 -72.42868995580861 -266.34142399342073 647.767327526422 890.8677685408197 
0.0 6.274402121457125E-14 2.4831714337324763E-15 4.015989047736775E-13 7.105427357601002E-15 -9.170111661492458E-13 0.0 0.0 1186.4937064700664 310.9993169693429 13.982100690963591 -57.15160123109911 -256.81161053670183 -34.098053106039806 -1191.4286643467378 -211.61739594872182 725.0625568414584 -97.93233681337607 -381.70731995085515 758.0673704514045 1051.286026326877 
0.0 -4.4489316858154465E-14 -3.4973980441737853E-15 -9.653690523093615E-14 0.0 -5.545259737203141E-14 0.0 0.0 28.16904597680518 159.6773812087811 122.86582195170408 328.61843423395027 -96.50202023076346 -4.9124438213849615 147.34406683201266 3.322642823621619 50.347340421199135 -140.80619179930167 178.97061917881268 102.91702090119286 -232.61263779055065 
0.0 1.185330903292263E-13 5.654556455974754E-15 6.408531023507255E-13 -1.4210854715202004E-14 -1.6151036958162664E-12 0.0 0.0 2349.6699931841795 455.3285464734987 37.96545877068252 66.25803338254843 -630.0009091668023 74.18954035247333 -2113.9672997375224 -375.6148033753075 1088.2561698274449 -218.78966803114008 -505.2529588120098 1388.2244914421774 1832.9173380526909 
0.0 1.3542915857686853E-13 1.0970629443056968E-14 7.353465393707327E-13 0.0 -1.674198937063485E-12 0.0 0.0 2375.7692965109154 450.24380019047453 48.10189981447712 -209.6309066567551 -613.388367905764 -29.83766353141533 -2368.7762690881364 -427.9489230179866 1284.5414798275356 -166.85599499575648 -677.7154529878596 1439.1715036640717 2066.296829141394 
0.0 2.922629020536223E-14 -1.960619338347214E-15 1.0653168590774249E-13 7.105427357601002E-15 -4.1751639515309856E-13 -3.552713678800501E-15 3.552713678800501E-15 332.52558675173844 71.51266672190417 98.18247675093818 51.47877140891586 -266.5268104331936 -82.19591336274043 -319.1637808452456 -141.60979145574072 286.11440596825736 -103.63574929032266 -60.780000427787215 310.94547734993523 316.716979552288 
0.0 7.161950396481711E-14 1.397924917503461E-14 1.7886428197591562E-13 -1.7763568394002505E-15 -3.2200326451978104E-13 0.0 0.0 392.3025307201075 -94.598257124447 -173.27392663631565 -300.4936303503355 -23.663273609134947 105.23583350688425 -650.6028809845236 -0.7664610423136935 99.46542672767143 17.013196119445077 -166.52499778549523 159.5596170833135 556.4727743984979 
-7.105427357601002E-15 4.5511173515371826E-14 -6.2784284219491925E-15 4.4978404554319114E-13 1.4210854715202004E-14 -1.4487392088064918E-12 0.0 -1.4210854715202004E-14 2098.8488811076786 722.9727369986397 303.91225482014806 545.8047948372234 -715.0193636180385 -215.30462940989958 -1568.5075689851965 -512.205410857016 1194.5871591948335 -334.19475882371324 -267.48400131118 1340.139302162085 1258.9691219790411 
0.0 -7.414411704565143E-14 1.3225688426700559E-15 -5.18611213624095E-13 0.0 1.0286809948852868E-12 0.0 0.0 -1552.7738768882982 -390.66216466956973 -52.24295704801065 54.260346766826274 305.98983848097265 110.36440791903915 1562.2825287769028 373.7155295877311 -870.8139323900355 77.42214201923484 466.0793014093343 -840.511565333477 -1279.4080892324673 
0.0 6.888899576792967E-16 -3.804224927761648E-15 -2.7536978107920694E-15 -3.552713678800501E-15 -2.825762876396728E-13 7.105427357601002E-15 0.0 359.85421619386585 244.5665355041829 179.45110044964787 351.4130556531962 -181.41124663760476 -56.89026909811635 -80.0282627359453 -168.95622868662355 235.40269645478025 -149.93115582187465 8.148892811035154 291.76894713940595 -18.82046224554125 
0.0 -4.203756737072126E-14 -8.345995792069703E-15 6.135535242969986E-14 0.0 -5.74743400376414E-13 0.0 0.0 836.5550660143509 432.9274915564457 372.3446473020906 612.7837105563978 -371.5580023240718 -157.71963949407933 -430.8998479618791 -258.3932136665533 536.1525046823122 -224.1500290397488 -35.11495507855534 621.6787368118484 148.04029468410351 

1.0 3.4615384615384617 0.6538461538461539 2.576923076923077 2.6153846153846154 0.34615384615384615 2.3076923076923075 1.4615384615384615 1.4230769230769231 1.4615384615384615 2.923076923076923 0.5384615384615384 1.2692307692307692 3.6153846153846154 3.3846153846153846 2.230769230769231 3.8076923076923075 3.230769230769231 0.34615384615384615 1.7307692307692308 0.6923076923076923 
0.0 1.0 0.04456255110384301 0.4501226492232216 0.9223221586263286 -0.5122649223221585 0.11038430089942763 0.05396565821749798 -0.4076042518397383 -0.3180703188879803 0.5650040883074408 -0.6811120196238756 -0.3937040065412919 0.5609157808667211 1.0122649223221585 0.6434995911692559 1.051103843008994 0.4627964022894522 -0.21463614063777595 0.3937040065412919 0.25102207686017985 
0.0 0.0 1.0 -7.15867807336224 3.106293214578691 -12.371147310441808 -15.789757412398915 -8.30548068283917 -14.661549279268714 -19.659127309660523 -10.486425250986363 -20.612445798663995 -14.658189773038 -10.835892027032301 0.379546076018592 4.326028360482829 -3.3712645025196335 -11.101293019258557 -0.479042150083986 -3.0186726043986076 8.997460838313993 
0.0 -1.4210854715202004E-14 0.0 1.0 -0.5329710891361075 1.103531451723664 1.774910726548551 0.8410589204779562 1.511442452959758 1.3425439500068665 0.7022558714462298 1.7903619008377962 1.5120948358741928 1.5620278807856065 -0.28571796456530674 -0.13866570526026623 -0.12100844664194449 1.353531451723664 -0.04484274138167847 -0.08076672160417529 -0.6475501304765827 
0.0 -4.8430565405182754E-14 -7.105427357601002E-15 0.0 1.0 -12.207196346657438 -8.699562978782675 -5.369474532673739 -13.434621023918943 -25.838056203184312 -12.408926835576787 -23.360984288338123 -9.705836794917568 1.9813247435109154 -0.3544856938642083 10.961413073857036 -11.454785453441376 -3.353377612064206 -1.720951120633799 -7.472954793292251 8.781661249517533 
0.0 -2.859121608456748E-13 -3.883596253508843E-14 -5.6843418860808015E-14 0.0 1.0 0.6378654104782437 0.4596315171794062 1.0190284017577653 2.155434293114235 1.0854803275482083 1.9347630535607767 0.7535871794964348 -0.2511015785525865 0.17761833808496022 -0.906564648725941 0.9829068063902852 0.2364644287763896 0.20428504938895306 0.6752350965266007 -0.775157594108197 
0.0 2.15840032099886E-14 1.1979747716447379E-15 6.426259100871867E-14 0.0 0.0 1.0 -0.8148445161500713 1.5783006953357996 -2.3071694275213828 -3.8268255072406996 -7.934078581016682 2.4913909662357825 1.1881336395331044 -7.24945264223848 0.7836316018063394 0.1471966029641756 2.548241470353186 -4.0286052049527425 -1.8231641511824141 7.149479157432053 
0.0 7.116130829302975E-15 2.152719881430367E-16 3.378961032425035E-14 0.0 -5.6843418860808015E-14 0.0 1.0 -18.681033683276848 -2.0108116466023436 2.28198777495722 5.268357791151694 3.5821393405051825 0.17618289666005024 21.417232169946548 2.9376248497769235 -9.161889291303533 -4.619200127594469E-4 6.7080020119366575 -9.337646906869209 -19.059879846882723 
0.0 -1.207538299384771E-14 -1.5674504706009564E-15 5.517560825566617E-14 0.0 -8.067698811640937E-14 1.1102230246251565E-16 0.0 1.0 1.5858579547121507 0.5734040083471004 1.1401232452427141 -0.09470256390627314 -1.6132708597227747 -1.7487757261622252 -0.7554265873795694 1.8719533745003316 -0.40573877491002236 -0.009978688352612404 1.290375686058667 1.1388125694811548 
7.105427357601002E-15 1.9022410437626102E-13 1.805018225868861E-14 -2.450507523089954E-13 0.0 1.1281087528843824E-13 5.946051714773406E-15 0.0 0.0 -1367.7073907852428 -590.0021833440785 -1210.444962387956 -234.04744662432023 1535.1521522740102 692.7017767540281 619.1670244905977 -1323.6257416664005 323.509072901566 -256.6037804974042 -611.4380873292793 -220.43568322865826 
0.0 2.1606440016835378E-13 2.2384991547120614E-14 -2.989623255470705E-13 7.105427357601002E-15 1.073394815411667E-13 -1.4096431967869589E-15 0.0 0.0 -1570.6111656521157 -666.3581464775805 -1409.9006563118073 -144.4476144753295 1880.0376687865858 883.4827287723626 684.6914956772969 -1495.9983408085882 383.47416608824034 -369.86766902165436 -772.9552600391983 -299.9079202115188 
0.0 -4.0849273273954254E-14 -3.024900564634664E-15 -1.1316922396879387E-13 0.0 -3.11330579308929E-14 -3.346693185530543E-17 0.0 -3.552713678800501E-15 115.0052755698123 106.71357807729022 296.5022501194839 -93.83433935396633 40.5318571991859 196.60541066539724 24.602289095617742 -2.3838002515363144 -129.37691759428864 179.25170930980562 66.56836887325474 -264.69190141922894 
0.0 4.221607385896755E-13 4.506707864229216E-14 -7.465016659860762E-13 -1.4210854715202004E-14 4.1346667607189133E-13 -2.7915835562589227E-15 0.0 0.0 -3270.9143031660774 -1309.34473361403 -2612.655344496024 -407.4811364786252 3864.84367032152 1995.0785488347315 1399.388381043993 -3310.216502875851 734.5625564462495 -481.80633421854 -1643.7325380243217 -842.9163843181523 
0.0 4.4242939537669563E-13 5.082093198763585E-14 -6.67418475096653E-13 0.0 3.76904077114491E-13 -2.8225914791621707E-15 0.0 0.0 -3317.3888372422507 -1314.1737377128527 -2918.30070694278 -388.3969242763774 3802.921711953721 1785.9114076116584 1366.7703690464145 -3162.7878718103516 797.0857288394279 -654.008391580272 -1626.4634322383176 -639.2591079126378 
0.0 7.219571237304033E-14 3.617045654348555E-15 -8.980693173312878E-14 7.105427357601002E-15 -1.3043286634436725E-13 -3.947778927411666E-15 3.552713678800501E-15 0.0 -455.8256801736656 -92.48902757048012 -327.64137968471385 -235.0357848033661 454.2579258560567 262.3488935940459 109.58887776051398 -336.3579882593621 31.28277490456405 -57.46183122832204 -118.1374547869001 -61.967338314687936 
0.0 1.2231338657586007E-13 2.0559591197788928E-14 -5.2769431781297E-14 -1.7763568394002505E-15 1.6688250860682843E-14 -4.660847255205041E-16 0.0 -5.6843418860808015E-14 -716.7343461206374 -398.2217702359368 -747.766864791874 13.48878187697872 738.1260745131324 35.44626205081113 295.58930095994583 -634.9066194788538 176.1855443279229 -162.61033309149812 -346.65803013719653 109.7137213751725 
-7.105427357601002E-15 3.1672736628855294E-13 2.892691034150998E-14 -7.89474238245452E-13 1.4210854715202004E-14 3.632865938109353E-13 -2.4935893298073737E-15 -1.4210854715202004E-14 0.0 -2605.50345684467 -899.5761065218217 -1847.1416027653024 -516.2529933253287 3170.707109442869 2101.908407178658 1073.320836823585 -2734.3600863609304 517.3896149181874 -246.54024242737725 -1368.1642627307012 -1131.2263652678416 
0.0 -2.7479573275656394E-13 -2.4723103549928383E-14 3.982189150742977E-13 0.0 -3.1189495409250014E-13 1.844811413468144E-15 0.0 0.0 2071.8166398629637 838.1238080164065 1824.6139384128237 158.9381711729671 -2394.6804394036117 -1153.1707353441648 -799.2911412021396 2035.9063662869767 -552.5984285017092 450.5846548097882 1163.1500913502368 488.9103193299102 
0.0 4.718975590757537E-14 2.231840698782223E-15 -2.1522841306478589E-13 -3.552713678800501E-15 2.8101213152963617E-14 6.677893654786891E-15 0.0 0.0 -326.11113578356526 -26.890749536518854 -58.86510112802739 -147.33212973156336 523.6520516358268 549.2760555010208 102.88721380685826 -438.22761787749874 -3.9243469971692093 11.739765886807348 -172.57818396285757 -428.62696682790465 
0.0 6.606325022115248E-14 5.686079007798759E-15 -4.3258578108178544E-13 0.0 1.4749028618053623E-13 -9.93889938997789E-16 0.0 1.1368683772161603E-13 -893.730014437161 -107.33938075361135 -340.99216613211684 -292.3340927237312 1191.870271060335 1032.0473450820555 373.56272500775805 -1029.8395740985995 115.27279858968677 -26.767232784999038 -457.7915804222731 -804.6391295561766 

1.0 3.4615384615384617 0.6538461538461539 2.576923076923077 2.6153846153846154 0.34615384615384615 2.3076923076923075 1.4615384615384615 1.4230769230769231 1.4615384615384615 2.923076923076923 0.5384615384615384 1.2692307692307692 3.6153846153846154 3.3846153846153846 2.230769230769231 3.8076923076923075 3.230769230769231 0.34615384615384615 1.7307692307692308 0.6923076923076923 
0.0 1.0 0.04456255110384301 0.4501226492232216 0.9223221586263286 -0.5122649223221585 0.11038430089942763 0.05396565821749798 -0.4076042518397383 -0.3180703188879803 0.5650040883074408 -0.6811120196238756 -0.3937040065412919 0.5609157808667211 1.0122649223221585 0.6434995911692559 1.051103843008994 0.4627964022894522 -0.21463614063777595 0.3937040065412919 0.25102207686017985 
0.0 0.0 1.0 -7.15867807336224 3.106293214578691 -12.371147310441808 -15.789757412398915 -8.30548068283917 -14.661549279268714 -19.659127309660523 -10.486425250986363 -20.612445798663995 -14.658189773038 -10.835892027032301 0.379546076018592 4.326028360482829 -3.3712645025196335 -11.101293019258557 -0.479042150083986 -3.0186726043986076 8.997460838313993 
0.0 -1.4210854715202004E-14 0.0 1.0 -0.5329710891361075 1.103531451723664 1.774910726548551 0.8410589204779562 1.511442452959758 1.3425439500068665 0.7022558714462298 1.7903619008377962 1.5120948358741928 1.5620278807856065 -0.28571796456530674 -0.13866570526026623 -0.12100844664194449 1.353531451723664 -0.04484274138167847 -0.08076672160417529 -0.6475501304765827 
0.0 -4.8430565405182754E-14 -7.105427357601002E-15 0.0 1.0 -12.207196346657438 -8.699562978782675 -5.369474532673739 -13.434621023918943 -25.838056203184312 -12.408926835576787 -23.360984288338123 -9.705836794917568 1.9813247435109154 -0.3544856938642083 10.961413073857036 -11.454785453441376 -3.353377612064206 -1.720951120633799 -7.472954793292251 8.781661249517533 
0.0 -2.859121608456748E-13 -3.883596253508843E-14 -5.6843418860808015E-14 0.0 1.0 0.6378654104782437 0.4596315171794062 1.0190284017577653 2.155434293114235 1.0854803275482083 1.9347630535607767 0.7535871794964348 -0.2511015785525865 0.17761833808496022 -0.906564648725941 0.9829068063902852 0.2364644287763896 0.20428504938895306 0.6752350965266007 -0.775157594108197 
0.0 2.15840032099886E-14 1.1979747716447379E-15 6.426259100871867E-14 0.0 0.0 1.0 -0.8148445161500713 1.5783006953357996 -2.3071694275213828 -3.8268255072406996 -7.934078581016682 2.4913909662357825 1.1881336395331044 -7.24945264223848 0.7836316018063394 0.1471966029641756 2.548241470353186 -4.0286052049527425 -1.8231641511824141 7.149479157432053 
0.0 7.116130829302975E-15 2.152719881430367E-16 3.378961032425035E-14 0.0 -5.6843418860808015E-14 0.0 1.0 -18.681033683276848 -2.0108116466023436 2.28198777495722 5.268357791151694 3.5821393405051825 0.17618289666005024 21.417232169946548 2.9376248497769235 -9.161889291303533 -4.619200127594469E-4 6.7080020119366575 -9.337646906869209 -19.059879846882723 
0.0 -1.207538299384771E-14 -1.5674504706009564E-15 5.517560825566617E-14 0.0 -8.067698811640937E-14 1.1102230246251565E-16 0.0 1.0 1.5858579547121507 0.5734040083471004 1.1401232452427141 -0.09470256390627314 -1.6132708597227747 -1.7487757261622252 -0.7554265873795694 1.8719533745003316 -0.40573877491002236 -0.009978688352612404 1.290375686058667 1.1388125694811548 
7.105427357601002E-15 1.9022410437626102E-13 1.805018225868861E-14 -2.450507523089954E-13 0.0 1.1281087528843824E-13 5.946051714773406E-15 0.0 0.0 1.0 0.4313804161029942 0.8850174902491406 0.17112391744110297 -1.1224273281089987 -0.5064692794825995 -0.45270430551312213 0.967769678356762 -0.23653383397733163 0.18761599317678626 0.44705328891893603 0.16117166925748597 
-8.159540278692888E-15 -2.3800597522708674E-15 1.6570069002908895E-15 -1.7557508755820984E-14 7.105427357601002E-15 -2.2207248650357558E-14 -8.237810740289267E-15 0.0 0.0 2.2737367544323206E-13 11.172751697438002 -19.882304329094723 124.32152096779765 117.14077462552154 88.01642335720976 -26.330941300399445 23.991521798098802 11.971485388939527 -75.19589528328271 -70.8083728216161 -46.769896888921465 
5.974681695863535E-16 -2.485405697900354E-14 -1.5071298786445838E-15 -1.3377460307821406E-13 0.0 -2.164722354319548E-14 4.665137808447001E-16 0.0 -3.552713678800501E-15 -1.4210854715202004E-14 57.102554447945074 194.72056976927783 -113.51449263586619 169.61692137544944 254.8520497199379 76.66567250279485 -113.68241879906435 -102.17427883614138 157.67488031320528 15.154882186741581 -283.22749365623275 
-1.6992848127216124E-14 -3.2766059352127697E-14 1.8995124490568327E-15 -1.6045525274785279E-13 -1.4210854715202004E-14 1.4367599714473713E-13 -1.701174916496506E-14 0.0 0.0 0.0 101.66363952298775 282.1610229120338 152.25053269328941 193.4800685453124 338.4609384608791 -81.36860696374401 -144.72481976828385 -39.119344292914775 131.86950136611938 -181.45954102193696 -315.737666078689 
-1.7234289701694284E-14 -1.896119495265077E-14 7.040022753254163E-15 -7.304526651075087E-14 0.0 1.0328009809473042E-13 -1.724480321622788E-14 0.0 0.0 4.547473508864641E-13 116.88283927213774 17.646435973871576 179.2876492279022 79.39382306928292 105.75587344995688 -135.02584063432255 47.680456191894336 12.411028372916121 -31.613190127482994 -143.4138419262042 -104.59001143815374 
-2.36807688546856E-15 8.798356807861122E-15 -2.39866842364701E-15 -8.137104838221353E-15 7.105427357601002E-15 -1.6803015821087966E-13 -5.929462352898075E-15 3.552713678800501E-15 0.0 0.0 104.14524401326611 75.77231977369104 -157.03310874179317 -57.37327442473776 31.48718978682362 -96.76537021755183 104.77628362905847 -76.53542085223803 28.058356472944354 85.64091470844815 11.498847449330682 
-3.723533166062636E-15 2.2628212696506946E-14 1.1100560950747655E-14 7.564713736637711E-14 -1.7763568394002505E-15 -4.242923982475826E-14 -3.5820578616609885E-15 0.0 -5.6843418860808015E-14 0.0 -89.03660977110877 -113.44443261282879 136.1391709497296 -66.3561425670049 -327.55766580934016 -28.87942343799898 58.72714813355947 6.653621496772757 -28.139506900160285 -26.239583422802582 225.23099235360831 
-2.064137493477911E-14 -4.565245622814284E-14 -5.4589623886857974E-15 -3.226488145143547E-13 1.4210854715202004E-14 1.4838015438243662E-13 -1.3820908610084561E-14 -1.4210854715202004E-14 0.0 0.0 224.38705884962178 458.7745274468268 -70.38903488373302 246.21882599794617 782.3009487011157 -106.20179611932008 -212.832843972933 -98.90010717047335 242.29387635408526 -203.36537305863453 -711.2930238720362 
1.0763371414088379E-14 1.3357615982376853E-14 2.6194904932607386E-15 2.701361950795E-14 0.0 -1.4100792799702501E-13 1.0851949173453826E-14 0.0 0.0 0.0 -55.61731617678606 -8.98002445510383 -195.5992084600461 -69.21682399046176 -103.8592545327092 138.62917189755376 30.865043112608873 -62.5436953768899 61.878718241706224 236.9376484625201 154.99217308776065 
-1.694192048260065E-15 1.83341788564057E-15 -2.071978580940875E-15 -1.5679941012269995E-13 -3.552713678800501E-15 1.203001651796613E-15 5.260138884141622E-15 0.0 0.0 0.0 113.78720791361556 229.74895780544017 -91.52671465511222 157.61600083168872 384.1107835294663 -44.74470143813613 -122.6271488916795 -81.06066424675808 72.92343051285073 -26.789128157725003 -376.06709071021277 
-4.643049922575194E-15 -5.823891608715737E-14 -6.108833967987157E-15 -2.724570767445107E-13 0.0 7.377388610879324E-14 -4.879344474589293E-15 0.0 1.1368683772161603E-13 0.0 278.1982447580262 449.9745282053875 -139.3955115185507 188.72327890481552 579.4005486180934 -31.032700494249582 -164.914765488964 -96.12458826575084 140.91081150553242 -58.24663806257212 -660.5951712638223 

1.0 3.4615384615384617 0.6538461538461539 2.576923076923077 2.6153846153846154 0.34615384615384615 2.3076923076923075 1.4615384615384615 1.4230769230769231 1.4615384615384615 2.923076923076923 0.5384615384615384 1.2692307692307692 3.6153846153846154 3.3846153846153846 2.230769230769231 3.8076923076923075 3.230769230769231 0.34615384615384615 1.7307692307692308 0.6923076923076923 
0.0 1.0 0.04456255110384301 0.4501226492232216 0.9223221586263286 -0.5122649223221585 0.11038430089942763 0.05396565821749798 -0.4076042518397383 -0.3180703188879803 0.5650040883074408 -0.6811120196238756 -0.3937040065412919 0.5609157808667211 1.0122649223221585 0.6434995911692559 1.051103843008994 0.4627964022894522 -0.21463614063777595 0.3937040065412919 0.25102207686017985 
0.0 0.0 1.0 -7.15867807336224 3.106293214578691 -12.371147310441808 -15.789757412398915 -8.30548068283917 -14.661549279268714 -19.659127309660523 -10.486425250986363 -20.612445798663995 -14.658189773038 -10.835892027032301 0.379546076018592 4.326028360482829 -3.3712645025196335 -11.101293019258557 -0.479042150083986 -3.0186726043986076 8.997460838313993 
0.0 -1.4210854715202004E-14 0.0 1.0 -0.5329710891361075 1.103531451723664 1.774910726548551 0.8410589204779562 1.511442452959758 1.3425439500068665 0.7022558714462298 1.7903619008377962 1.5120948358741928 1.5620278807856065 -0.28571796456530674 -0.13866570526026623 -0.12100844664194449 1.353531451723664 -0.04484274138167847 -0.08076672160417529 -0.6475501304765827 
0.0 -4.8430565405182754E-14 -7.105427357601002E-15 0.0 1.0 -12.207196346657438 -8.699562978782675 -5.369474532673739 -13.434621023918943 -25.838056203184312 -12.408926835576787 -23.360984288338123 -9.705836794917568 1.9813247435109154 -0.3544856938642083 10.961413073857036 -11.454785453441376 -3.353377612064206 -1.720951120633799 -7.472954793292251 8.781661249517533 
0.0 -2.859121608456748E-13 -3.883596253508843E-14 -5.6843418860808015E-14 0.0 1.0 0.6378654104782437 0.4596315171794062 1.0190284017577653 2.155434293114235 1.0854803275482083 1.9347630535607767 0.7535871794964348 -0.2511015785525865 0.17761833808496022 -0.906564648725941 0.9829068063902852 0.2364644287763896 0.20428504938895306 0.6752350965266007 -0.775157594108197 
0.0 2.15840032099886E-14 1.1979747716447379E-15 6.426259100871867E-14 0.0 0.0 1.0 -0.8148445161500713 1.5783006953357996 -2.3071694275213828 -3.8268255072406996 -7.934078581016682 2.4913909662357825 1.1881336395331044 -7.24945264223848 0.7836316018063394 0.1471966029641756 2.548241470353186 -4.0286052049527425 -1.8231641511824141 7.149479157432053 
0.0 7.116130829302975E-15 2.152719881430367E-16 3.378961032425035E-14 0.0 -5.6843418860808015E-14 0.0 1.0 -18.681033683276848 -2.0108116466023436 2.28198777495722 5.268357791151694 3.5821393405051825 0.17618289666005024 21.417232169946548 2.9376248497769235 -9.161889291303533 -4.619200127594469E-4 6.7080020119366575 -9.337646906869209 -19.059879846882723 
0.0 -1.207538299384771E-14 -1.5674504706009564E-15 5.517560825566617E-14 0.0 -8.067698811640937E-14 1.1102230246251565E-16 0.0 1.0 1.5858579547121507 0.5734040083471004 1.1401232452427141 -0.09470256390627314 -1.6132708597227747 -1.7487757261622252 -0.7554265873795694 1.8719533745003316 -0.40573877491002236 -0.009978688352612404 1.290375686058667 1.1388125694811548 
7.105427357601002E-15 1.9022410437626102E-13 1.805018225868861E-14 -2.450507523089954E-13 0.0 1.1281087528843824E-13 5.946051714773406E-15 0.0 0.0 1.0 0.4313804161029942 0.8850174902491406 0.17112391744110297 -1.1224273281089987 -0.5064692794825995 -0.45270430551312213 0.967769678356762 -0.23653383397733163 0.18761599317678626 0.44705328891893603 0.16117166925748597 
-8.159540278692888E-15 -2.3800597522708674E-15 1.6570069002908895E-15 -1.7557508755820984E-14 7.105427357601002E-15 -2.2207248650357558E-14 -8.237810740289267E-15 0.0 0.0 2.2737367544323206E-13 1.0 -1.779535146534572 11.12720700633717 10.484505321315144 7.877774942174057 -2.356710505473538 2.1473243519410032 1.071489433680396 -6.730293245532853 -6.337594778719821 -4.1860678689965125 
4.229987109160806E-14 -1.2689865446440036E-14 -9.975887558650858E-15 -4.4040343618260334E-14 -3.6314961931568615E-14 9.185128242350205E-14 4.256894736818567E-14 0.0 -3.552713678800501E-15 -1.1762896365253977E-12 0.0 296.3365723663001 -748.9064365687904 -429.07511459471834 -194.98902284421354 211.2398624596417 -236.30012452317385 -163.35906256327402 541.991816816882 377.0477331076026 -44.19232524406601 
5.725283315437452E-14 -1.1109305201445056E-14 -1.3178004420570267E-14 -6.951247676712495E-16 -7.886490101478701E-14 3.457452619709668E-13 5.794613446466994E-14 0.0 0.0 -2.0689294815867203E-12 0.0 463.0750425678117 -978.9818292966363 -872.4129010177173 -462.4223335035299 158.223160324756 -363.02962862294726 -148.05085983128885 816.0956077639706 462.84341000460427 109.83322877373394 
6.81260817408831E-14 5.937607868372313E-15 -1.0294621069890546E-14 1.1063119292371004E-13 -7.433285427696106E-14 3.355994357983815E-13 6.893438833712163E-14 0.0 0.0 -1.92390398597629E-12 -1.4210854715202004E-14 225.64355648539205 -1121.2918988416104 -1146.064927249868 -815.0208289382477 140.43317458789954 -203.30491090117332 -112.8276988857435 755.0425935444879 597.3422299668441 384.6894864760258 
7.368993786083647E-14 3.098375127279334E-14 -1.7844226745866937E-14 1.5552276008648905E-13 -5.912682106384917E-14 3.897160753006132E-14 7.085813956608662E-14 3.552713678800501E-15 0.0 -2.1194319494864056E-12 1.4210854715202004E-14 261.10244183971724 -1315.878797602902 -1149.2846394714902 -788.9456038474868 148.67482044361748 -118.8573349794658 -188.12594938051916 728.9863888098 745.671269395425 447.4579071220653 
-6.874760452998764E-14 3.6613138399382295E-15 2.4305390053238603E-14 -6.427014514186355E-14 5.484739888594634E-14 -2.194006955338535E-13 -6.9229873199719E-14 0.0 -5.6843418860808015E-14 1.811960183211091E-12 0.0 -271.88820902880036 1126.8679590153197 867.148666370045 373.8527075816304 -238.7129370573189 249.9176285093296 102.0554080772405 -627.3820002477981 -590.5175366230958 -147.48229897361102 
1.4323009507388123E-13 2.147282113923978E-15 -3.8737327013495305E-14 2.996599848185209E-14 -1.2849042334213897E-13 5.943776440553353E-13 1.5162249991005645E-13 -1.4210854715202004E-14 0.0 -4.566440897834911E-12 -2.8421709430404007E-14 858.0791850972502 -2567.1902882466356 -2106.368486545168 -985.3698008525705 422.6135427638926 -694.6646397011449 -339.32846978246425 1752.4845829146777 1218.708879519026 228.00643339699513 
-2.985435140180003E-14 1.509815248378086E-15 1.0867975662919276E-14 -6.038665055919063E-14 3.537040924390178E-14 -2.515543361738631E-13 -3.015539950433456E-14 0.0 0.0 1.131853095804857E-12 0.0 -107.95299334762043 423.2661817759575 513.9032234223185 334.2814451957479 7.555258577478696 150.29346052862388 -2.9503287638018776 -312.4421291575821 -115.54236414588871 -77.82568711970345 
8.140541772683672E-14 2.6072778180434796E-14 -1.8947515940365965E-14 2.201239500332314E-14 -7.591686907660048E-14 2.2736938284390988E-13 8.915688239391222E-14 0.0 0.0 -2.3156529727295995E-12 1.4210854715202004E-14 432.23729351375584 -1357.6605317830397 -1035.3865860362062 -512.2792317123639 223.41880684038335 -366.9651913839602 -202.98245521419148 838.7447073618998 694.3480866007116 100.25388423979899 
1.9852711308080548E-13 1.0238746229242803E-15 -4.7367820446543606E-14 1.647197486666474E-13 -1.7692306001873604E-13 6.267278729812648E-13 2.0023973009705852E-13 0.0 1.1368683772161603E-13 -5.661537920599553E-12 0.0 945.0380824565223 -3234.9649697407626 -2728.0476986412423 -1612.1826128934906 624.6000255312892 -762.2966311251172 -394.21106799240846 2013.2665791195714 1704.8611053649133 503.9615623289785 

1.0 3.4615384615384617 0.6538461538461539 2.576923076923077 2.6153846153846154 0.34615384615384615 2.3076923076923075 1.4615384615384615 1.4230769230769231 1.4615384615384615 2.923076923076923 0.5384615384615384 1.2692307692307692 3.6153846153846154 3.3846153846153846 2.230769230769231 3.8076923076923075 3.230769230769231 0.34615384615384615 1.7307692307692308 0.6923076923076923 
0.0 1.0 0.04456255110384301 0.4501226492232216 0.9223221586263286 -0.5122649223221585 0.11038430089942763 0.05396565821749798 -0.4076042518397383 -0.3180703188879803 0.5650040883074408 -0.6811120196238756 -0.3937040065412919 0.5609157808667211 1.0122649223221585 0.6434995911692559 1.051103843008994 0.4627964022894522 -0.21463614063777595 0.3937040065412919 0.25102207686017985 
0.0 0.0 1.0 -7.15867807336224 3.106293214578691 -12.371147310441808 -15.789757412398915 -8.30548068283917 -14.661549279268714 -19.659127309660523 -10.486425250986363 -20.612445798663995 -14.658189773038 -10.835892027032301 0.379546076018592 4.326028360482829 -3.3712645025196335 -11.101293019258557 -0.479042150083986 -3.0186726043986076 8.997460838313993 
0.0 -1.4210854715202004E-14 0.0 1.0 -0.5329710891361075 1.103531451723664 1.774910726548551 0.8410589204779562 1.511442452959758 1.3425439500068665 0.7022558714462298 1.7903619008377962 1.5120948358741928 1.5620278807856065 -0.28571796456530674 -0.13866570526026623 -0.12100844664194449 1.353531451723664 -0.04484274138167847 -0.08076672160417529 -0.6475501304765827 
0.0 -4.8430565405182754E-14 -7.105427357601002E-15 0.0 1.0 -12.207196346657438 -8.699562978782675 -5.369474532673739 -13.434621023918943 -25.838056203184312 -12.408926835576787 -23.360984288338123 -9.705836794917568 1.9813247435109154 -0.3544856938642083 10.961413073857036 -11.454785453441376 -3.353377612064206 -1.720951120633799 -7.472954793292251 8.781661249517533 
0.0 -2.859121608456748E-13 -3.883596253508843E-14 -5.6843418860808015E-14 0.0 1.0 0.6378654104782437 0.4596315171794062 1.0190284017577653 2.155434293114235 1.0854803275482083 1.9347630535607767 0.7535871794964348 -0.2511015785525865 0.17761833808496022 -0.906564648725941 0.9829068063902852 0.2364644287763896 0.20428504938895306 0.6752350965266007 -0.775157594108197 
0.0 2.15840032099886E-14 1.1979747716447379E-15 6.426259100871867E-14 0.0 0.0 1.0 -0.8148445161500713 1.5783006953357996 -2.3071694275213828 -3.8268255072406996 -7.934078581016682 2.4913909662357825 1.1881336395331044 -7.24945264223848 0.7836316018063394 0.1471966029641756 2.548241470353186 -4.0286052049527425 -1.8231641511824141 7.149479157432053 
0.0 7.116130829302975E-15 2.152719881430367E-16 3.378961032425035E-14 0.0 -5.6843418860808015E-14 0.0 1.0 -18.681033683276848 -2.0108116466023436 2.28198777495722 5.268357791151694 3.5821393405051825 0.17618289666005024 21.417232169946548 2.9376248497769235 -9.161889291303533 -4.619200127594469E-4 6.7080020119366575 -9.337646906869209 -19.059879846882723 
0.0 -1.207538299384771E-14 -1.5674504706009564E-15 5.517560825566617E-14 0.0 -8.067698811640937E-14 1.1102230246251565E-16 0.0 1.0 1.5858579547121507 0.5734040083471004 1.1401232452427141 -0.09470256390627314 -1.6132708597227747 -1.7487757261622252 -0.7554265873795694 1.8719533745003316 -0.40573877491002236 -0.009978688352612404 1.290375686058667 1.1388125694811548 
7.105427357601002E-15 1.9022410437626102E-13 1.805018225868861E-14 -2.450507523089954E-13 0.0 1.1281087528843824E-13 5.946051714773406E-15 0.0 0.0 1.0 0.4313804161029942 0.8850174902491406 0.17112391744110297 -1.1224273281089987 -0.5064692794825995 -0.45270430551312213 0.967769678356762 -0.23653383397733163 0.18761599317678626 0.44705328891893603 0.16117166925748597 
-8.159540278692888E-15 -2.3800597522708674E-15 1.6570069002908895E-15 -1.7557508755820984E-14 7.105427357601002E-15 -2.2207248650357558E-14 -8.237810740289267E-15 0.0 0.0 2.2737367544323206E-13 1.0 -1.779535146534572 11.12720700633717 10.484505321315144 7.877774942174057 -2.356710505473538 2.1473243519410032 1.071489433680396 -6.730293245532853 -6.337594778719821 -4.1860678689965125 
4.229987109160806E-14 -1.2689865446440036E-14 -9.975887558650858E-15 -4.4040343618260334E-14 -3.6314961931568615E-14 9.185128242350205E-14 4.256894736818567E-14 0.0 -3.552713678800501E-15 -1.1762896365253977E-12 0.0 1.0 -2.527215694602389 -1.4479316918883058 -0.6579985092194041 0.7128376385434099 -0.7974045276837597 -0.5512619021635531 1.8289737661773606 1.2723631447067416 -0.14912882635842903 
-8.847730977637857E-15 8.720714208127798E-15 2.410974418544142E-15 6.812521634944897E-14 -2.211675005918123E-14 2.0221239939335963E-13 -8.574905976544472E-15 0.0 5.551704350579444E-15 -2.3078183360501753E-13 0.0 5.6843418860808015E-14 191.30868605940668 -201.9118711612565 -157.71964583719773 -171.87415948767188 6.228506977975542 107.22476897911133 -30.85649686402155 -126.35620739218496 178.89106638775127 
3.591711989804341E-14 1.5600223413227842E-14 -2.69854634358268E-15 1.4416542625681144E-13 -4.668106260494999E-14 2.656598739404401E-13 3.6520540112800246E-14 0.0 2.7051907338252334E-15 -1.0282258895366346E-12 -1.4210854715202004E-14 0.0 -551.0419615058269 -819.3484707442799 -666.5477051558954 -20.414045369683862 -23.37571731705549 11.560997273342863 342.3464482257463 310.24168485427737 418.33944523003424 
3.6419480342444314E-14 4.2164804047431385E-14 -9.054462525126398E-15 1.9432674963919967E-13 -2.7129672821450052E-14 -4.195864665821054E-14 3.335059867896093E-14 3.552713678800501E-15 3.1302994742935294E-15 -1.0830020078324596E-12 1.4210854715202004E-14 0.0 -656.0166086865611 -771.2261391023404 -617.1405863634068 -37.4488276153246 89.34693433281029 -44.19012063240814 251.43687240010706 413.45414540563326 486.3958078329423 
-2.9937557894804465E-14 -7.981612179953214E-15 1.5152533285895084E-14 -1.0467707181907671E-13 2.1528494365722167E-14 -1.3512732868038541E-13 -3.017294962205572E-14 0.0 -6.010302651438914E-14 7.327168079495929E-13 0.0 0.0 439.74780998040035 473.47311186649273 194.95067136634603 -44.90078818543182 33.1127396059357 -47.82620320781773 -130.10559860117564 -244.57699997452744 -188.02866848677127 
2.07455882640377E-14 3.889235652146384E-14 -9.850911143206348E-15 1.5749025868908549E-13 -2.333596099464321E-14 3.2841089907094513E-13 2.8358849472104415E-14 -1.4210854715202004E-14 1.0287321723559455E-14 -1.1603488158208088E-12 -2.8421709430404007E-14 0.0 -398.6391044572365 -863.9284402931676 -420.7549762663788 -189.05759722408482 -10.428412393406688 133.69789400119748 183.08026406895942 126.92054916129018 355.97077519314524 
-1.4444853795432814E-14 -3.112999104851329E-15 7.233841291126443E-15 -7.643018809384304E-14 2.2141165170133385E-14 -2.1809366406965153E-13 -1.4647879607760523E-14 0.0 -1.2942245807563568E-15 7.033403871212429E-13 0.0 -1.4210854715202004E-14 150.4456827085438 357.59466312009147 263.2485365072414 84.50821542908889 64.21125485621656 -62.460701220860514 -114.99893634446519 21.813045950395605 -93.92459031951338 
1.9706715974907215E-14 4.4582248853676396E-14 -4.396660457638659E-15 8.624975449954658E-14 -2.2947771357694213E-14 9.339486392618665E-14 2.7065705286652958E-14 0.0 5.1819973919920385E-15 -5.999138561566306E-13 1.4210854715202004E-14 5.6843418860808015E-14 -265.3036598226165 -409.53651034161146 -227.86773695128255 -84.69620475835711 -22.2972165023171 35.29349739422756 48.194036761736584 144.3852845660183 164.7129245298492 
6.36298618054601E-14 4.1492744234168955E-14 -1.5554016386017848E-14 3.051674887190668E-13 -6.111210319269286E-14 3.3380770076107003E-13 6.448437573163244E-14 0.0 1.250166904486043E-13 -1.910267891258218E-12 0.0 0.0 -846.6498957596928 -1359.6971090110897 -990.3489634815347 -49.0586895006104 -8.718985340708059 126.75242295957077 284.8167182680347 502.4294789029036 644.8939824297399 

1.0 3.4615384615384617 0.6538461538461539 2.576923076923077 2.6153846153846154 0.34615384615384615 2.3076923076923075 1.4615384615384615 1.4230769230769231 1.4615384615384615 2.923076923076923 0.5384615384615384 1.2692307692307692 3.6153846153846154 3.3846153846153846 2.230769230769231 3.8076923076923075 3.230769230769231 0.34615384615384615 1.7307692307692308 0.6923076923076923 
0.0 1.0 0.04456255110384301 0.4501226492232216 0.9223221586263286 -0.5122649223221585 0.11038430089942763 0.05396565821749798 -0.4076042518397383 -0.3180703188879803 0.5650040883074408 -0.6811120196238756 -0.3937040065412919 0.5609157808667211 1.0122649223221585 0.6434995911692559 1.051103843008994 0.4627964022894522 -0.21463614063777595 0.3937040065412919 0.25102207686017985 
0.0 0.0 1.0 -7.15867807336224 3.106293214578691 -12.371147310441808 -15.789757412398915 -8.30548068283917 -14.661549279268714 -19.659127309660523 -10.486425250986363 -20.612445798663995 -14.658189773038 -10.835892027032301 0.379546076018592 4.326028360482829 -3.3712645025196335 -11.101293019258557 -0.479042150083986 -3.0186726043986076 8.997460838313993 
0.0 -1.4210854715202004E-14 0.0 1.0 -0.5329710891361075 1.103531451723664 1.774910726548551 0.8410589204779562 1.511442452959758 1.3425439500068665 0.7022558714462298 1.7903619008377962 1.5120948358741928 1.5620278807856065 -0.28571796456530674 -0.13866570526026623 -0.12100844664194449 1.353531451723664 -0.04484274138167847 -0.08076672160417529 -0.6475501304765827 
0.0 -4.8430565405182754E-14 -7.105427357601002E-15 0.0 1.0 -12.207196346657438 -8.699562978782675 -5.369474532673739 -13.434621023918943 -25.838056203184312 -12.408926835576787 -23.360984288338123 -9.705836794917568 1.9813247435109154 -0.3544856938642083 10.961413073857036 -11.454785453441376 -3.353377612064206 -1.720951120633799 -7.472954793292251 8.781661249517533 
0.0 -2.859121608456748E-13 -3.883596253508843E-14 -5.6843418860808015E-14 0.0 1.0 0.6378654104782437 0.4596315171794062 1.0190284017577653 2.155434293114235 1.0854803275482083 1.9347630535607767 0.7535871794964348 -0.2511015785525865 0.17761833808496022 -0.906564648725941 0.9829068063902852 0.2364644287763896 0.20428504938895306 0.6752350965266007 -0.775157594108197 
0.0 2.15840032099886E-14 1.1979747716447379E-15 6.426259100871867E-14 0.0 0.0 1.0 -0.8148445161500713 1.5783006953357996 -2.3071694275213828 -3.8268255072406996 -7.934078581016682 2.4913909662357825 1.1881336395331044 -7.24945264223848 0.7836316018063394 0.1471966029641756 2.548241470353186 -4.0286052049527425 -1.8231641511824141 7.149479157432053 
0.0 7.116130829302975E-15 2.152719881430367E-16 3.378961032425035E-14 0.0 -5.6843418860808015E-14 0.0 1.0 -18.681033683276848 -2.0108116466023436 2.28198777495722 5.268357791151694 3.5821393405051825 0.17618289666005024 21.417232169946548 2.9376248497769235 -9.161889291303533 -4.619200127594469E-4 6.7080020119366575 -9.337646906869209 -19.059879846882723 
0.0 -1.207538299384771E-14 -1.5674504706009564E-15 5.517560825566617E-14 0.0 -8.067698811640937E-14 1.1102230246251565E-16 0.0 1.0 1.5858579547121507 0.5734040083471004 1.1401232452427141 -0.09470256390627314 -1.6132708597227747 -1.7487757261622252 -0.7554265873795694 1.8719533745003316 -0.40573877491002236 -0.009978688352612404 1.290375686058667 1.1388125694811548 
7.105427357601002E-15 1.9022410437626102E-13 1.805018225868861E-14 -2.450507523089954E-13 0.0 1.1281087528843824E-13 5.946051714773406E-15 0.0 0.0 1.0 0.4313804161029942 0.8850174902491406 0.17112391744110297 -1.1224273281089987 -0.5064692794825995 -0.45270430551312213 0.967769678356762 -0.23653383397733163 0.18761599317678626 0.44705328891893603 0.16117166925748597 
-8.159540278692888E-15 -2.3800597522708674E-15 1.6570069002908895E-15 -1.7557508755820984E-14 7.105427357601002E-15 -2.2207248650357558E-14 -8.237810740289267E-15 0.0 0.0 2.2737367544323206E-13 1.0 -1.779535146534572 11.12720700633717 10.484505321315144 7.877774942174057 -2.356710505473538 2.1473243519410032 1.071489433680396 -6.730293245532853 -6.337594778719821 -4.1860678689965125 
4.229987109160806E-14 -1.2689865446440036E-14 -9.975887558650858E-15 -4.4040343618260334E-14 -3.6314961931568615E-14 9.185128242350205E-14 4.256894736818567E-14 0.0 -3.552713678800501E-15 -1.1762896365253977E-12 0.0 1.0 -2.527215694602389 -1.4479316918883058 -0.6579985092194041 0.7128376385434099 -0.7974045276837597 -0.5512619021635531 1.8289737661773606 1.2723631447067416 -0.14912882635842903 
-8.847730977637857E-15 8.720714208127798E-15 2.410974418544142E-15 6.812521634944897E-14 -2.211675005918123E-14 2.0221239939335963E-13 -8.574905976544472E-15 0.0 5.551704350579444E-15 -2.3078183360501753E-13 0.0 5.6843418860808015E-14 1.0 -1.055424483436979 -0.8244249076501492 -0.8984127329916434 0.032557366350012024 0.5604804004864423 -0.16129166688458538 -0.6604833789561851 0.9350911872982108 
1.0432281058684794E-14 4.071920552513383E-14 4.245979281993898E-15 3.403920253645593E-13 -1.103857358520437E-13 8.481086874141535E-13 1.1821541304268271E-14 0.0 1.869621611828559E-14 -1.6929655670133291E-12 -1.4210854715202004E-14 1.6373072061155791E-13 0.0 -1400.9316483186667 -1120.8404233816937 -515.4771599992097 -5.435242302081061 320.40921654296346 253.46797173111997 -53.71237182773524 933.6139272656528 
6.079726355954472E-15 7.206900483402922E-14 -7.86990230678469E-16 4.279349266444293E-13 -1.0297021967715807E-13 6.514478850410936E-13 3.946388894194427E-15 3.552713678800501E-15 2.216764866902172E-14 -1.874375985389427E-12 1.4210854715202004E-14 1.949217656308471E-13 -1.1368683772161603E-13 -1463.602129451433 -1157.977018396789 -626.8225019133274 110.70510739351114 323.49433092999334 145.62686008107886 -19.833920951044036 1099.8311573370042 
-9.599901508916154E-15 -2.8027304058775238E-14 9.610596104097037E-15 -2.6127171114877435E-13 7.236671087717061E-14 -5.999387369637449E-13 -1.0462416861392987E-14 0.0 -7.286433850765569E-14 1.26319876358622E-12 0.0 -1.3066196559458212E-13 0.0 937.5937170575996 557.4897189987929 350.1742436061496 18.795709054788333 -294.2962318586685 -59.177941320590946 45.86911944990982 -599.2329702331318 
2.3091459568187993E-15 5.706412788095161E-14 -4.827047863003314E-15 2.9944604645748144E-13 -6.942169614186354E-14 7.497705950927261E-13 1.0490905733087684E-14 -1.4210854715202004E-14 2.18556749233671E-14 -1.6412400151087229E-12 -2.8421709430404007E-14 1.1844736407798821E-13 -5.6843418860808015E-14 -1284.6619111927262 -749.4029831442741 -547.2000445368519 2.5502269718482715 357.1272989169461 118.78309842567339 -136.373953534693 728.734688683558 
-7.486973550837362E-15 -9.970993008695685E-15 5.337844303942741E-15 -1.3000404767373403E-13 3.953383891895891E-14 -3.7711405726507523E-13 -7.904549702697003E-15 0.0 -5.660100320238228E-15 8.848278628266317E-13 0.0 -5.891267737758959E-14 0.0 516.3787200780799 387.2797045805963 219.67053239806538 59.31313964849683 -146.78255771680136 -90.73330140481471 121.17991881510473 -234.6050223873355 
7.436831852843115E-15 5.667598826164529E-14 -1.053161789837243E-15 1.8072465574947684E-13 -5.3618907388918534E-14 3.738196095329378E-13 1.517417027550538E-14 0.0 1.2881007367966135E-14 -9.19958211366788E-13 1.4210854715202004E-14 1.3567291359644858E-13 -5.6843418860808015E-14 -689.5444884638365 -446.59068219978974 -323.0483908522792 -13.659628055473208 183.9909989021265 5.402767238365762 -30.84337312306573 412.79603878794023 
2.447361300031828E-14 8.008687149177147E-14 -4.884081412412844E-15 6.066603718125025E-13 -1.5899131880935484E-13 1.2287127382382598E-12 2.653553294392897E-14 0.0 1.4958614417558838E-13 -2.9316089468558942E-12 0.0 2.5156450365344645E-13 -1.1368683772161603E-13 -2253.2721378952356 -1688.3482256052278 -809.6997362371659 18.845705485739746 601.283095606768 148.2591453132934 -56.768705041360136 1436.5888386815773 

1.0 3.4615384615384617 0.6538461538461539 2.576923076923077 2.6153846153846154 0.34615384615384615 2.3076923076923075 1.4615384615384615 1.4230769230769231 1.4615384615384615 2.923076923076923 0.5384615384615384 1.2692307692307692 3.6153846153846154 3.3846153846153846 2.230769230769231 3.8076923076923075 3.230769230769231 0.34615384615384615 1.7307692307692308 0.6923076923076923 
0.0 1.0 0.04456255110384301 0.4501226492232216 0.9223221586263286 -0.5122649223221585 0.11038430089942763 0.05396565821749798 -0.4076042518397383 -0.3180703188879803 0.5650040883074408 -0.6811120196238756 -0.3937040065412919 0.5609157808667211 1.0122649223221585 0.6434995911692559 1.051103843008994 0.4627964022894522 -0.21463614063777595 0.3937040065412919 0.25102207686017985 
0.0 0.0 1.0 -7.15867807336224 3.106293214578691 -12.371147310441808 -15.789757412398915 -8.30548068283917 -14.661549279268714 -19.659127309660523 -10.486425250986363 -20.612445798663995 -14.658189773038 -10.835892027032301 0.379546076018592 4.326028360482829 -3.3712645025196335 -11.101293019258557 -0.479042150083986 -3.0186726043986076 8.997460838313993 
0.0 -1.4210854715202004E-14 0.0 1.0 -0.5329710891361075 1.103531451723664 1.774910726548551 0.8410589204779562 1.511442452959758 1.3425439500068665 0.7022558714462298 1.7903619008377962 1.5120948358741928 1.5620278807856065 -0.28571796456530674 -0.13866570526026623 -0.12100844664194449 1.353531451723664 -0.04484274138167847 -0.08076672160417529 -0.6475501304765827 
0.0 -4.8430565405182754E-14 -7.105427357601002E-15 0.0 1.0 -12.207196346657438 -8.699562978782675 -5.369474532673739 -13.434621023918943 -25.838056203184312 -12.408926835576787 -23.360984288338123 -9.705836794917568 1.9813247435109154 -0.3544856938642083 10.961413073857036 -11.454785453441376 -3.353377612064206 -1.720951120633799 -7.472954793292251 8.781661249517533 
0.0 -2.859121608456748E-13 -3.883596253508843E-14 -5.6843418860808015E-14 0.0 1.0 0.6378654104782437 0.4596315171794062 1.0190284017577653 2.155434293114235 1.0854803275482083 1.9347630535607767 0.7535871794964348 -0.2511015785525865 0.17761833808496022 -0.906564648725941 0.9829068063902852 0.2364644287763896 0.20428504938895306 0.6752350965266007 -0.775157594108197 
0.0 2.15840032099886E-14 1.1979747716447379E-15 6.426259100871867E-14 0.0 0.0 1.0 -0.8148445161500713 1.5783006953357996 -2.3071694275213828 -3.8268255072406996 -7.934078581016682 2.4913909662357825 1.1881336395331044 -7.24945264223848 0.7836316018063394 0.1471966029641756 2.548241470353186 -4.0286052049527425 -1.8231641511824141 7.149479157432053 
0.0 7.116130829302975E-15 2.152719881430367E-16 3.378961032425035E-14 0.0 -5.6843418860808015E-14 0.0 1.0 -18.681033683276848 -2.0108116466023436 2.28198777495722 5.268357791151694 3.5821393405051825 0.17618289666005024 21.417232169946548 2.9376248497769235 -9.161889291303533 -4.619200127594469E-4 6.7080020119366575 -9.337646906869209 -19.059879846882723 
0.0 -1.207538299384771E-14 -1.5674504706009564E-15 5.517560825566617E-14 0.0 -8.067698811640937E-14 1.1102230246251565E-16 0.0 1.0 1.5858579547121507 0.5734040083471004 1.1401232452427141 -0.09470256390627314 -1.6132708597227747 -1.7487757261622252 -0.7554265873795694 1.8719533745003316 -0.40573877491002236 -0.009978688352612404 1.290375686058667 1.1388125694811548 
7.105427357601002E-15 1.9022410437626102E-13 1.805018225868861E-14 -2.450507523089954E-13 0.0 1.1281087528843824E-13 5.946051714773406E-15 0.0 0.0 1.0 0.4313804161029942 0.8850174902491406 0.17112391744110297 -1.1224273281089987 -0.5064692794825995 -0.45270430551312213 0.967769678356762 -0.23653383397733163 0.18761599317678626 0.44705328891893603 0.16117166925748597 
-8.159540278692888E-15 -2.3800597522708674E-15 1.6570069002908895E-15 -1.7557508755820984E-14 7.105427357601002E-15 -2.2207248650357558E-14 -8.237810740289267E-15 0.0 0.0 2.2737367544323206E-13 1.0 -1.779535146534572 11.12720700633717 10.484505321315144 7.877774942174057 -2.356710505473538 2.1473243519410032 1.071489433680396 -6.730293245532853 -6.337594778719821 -4.1860678689965125 
4.229987109160806E-14 -1.2689865446440036E-14 -9.975887558650858E-15 -4.4040343618260334E-14 -3.6314961931568615E-14 9.185128242350205E-14 4.256894736818567E-14 0.0 -3.552713678800501E-15 -1.1762896365253977E-12 0.0 1.0 -2.527215694602389 -1.4479316918883058 -0.6579985092194041 0.7128376385434099 -0.7974045276837597 -0.5512619021635531 1.8289737661773606 1.2723631447067416 -0.14912882635842903 
-8.847730977637857E-15 8.720714208127798E-15 2.410974418544142E-15 6.812521634944897E-14 -2.211675005918123E-14 2.0221239939335963E-13 -8.574905976544472E-15 0.0 5.551704350579444E-15 -2.3078183360501753E-13 0.0 5.6843418860808015E-14 1.0 -1.055424483436979 -0.8244249076501492 -0.8984127329916434 0.032557366350012024 0.5604804004864423 -0.16129166688458538 -0.6604833789561851 0.9350911872982108 
1.0432281058684794E-14 4.071920552513383E-14 4.245979281993898E-15 3.403920253645593E-13 -1.103857358520437E-13 8.481086874141535E-13 1.1821541304268271E-14 0.0 1.869621611828559E-14 -1.6929655670133291E-12 -1.4210854715202004E-14 1.6373072061155791E-13 0.0 1.0 0.8000678867715455 0.3679531122149046 0.003879734110228852 -0.22871152702382289 -0.1809281502315409 0.03834046571236958 -0.6664236105923748 
-4.8192413351899975E-15 2.9528231351124713E-14 -5.222912801341499E-15 7.231551168598367E-14 1.235360661230606E-14 -2.346008257545817E-13 -8.403987405099127E-15 3.552713678800501E-15 2.635059940479692E-15 -1.0567584078034792E-13 2.905743002632202E-14 2.3866574157876514E-14 -1.1368683772161603E-13 0.0 13.004044387753083 -88.28554333731086 116.38349449894746 -11.248347052162785 -119.17996587551323 36.281266309739735 124.452141757292 
-2.617946902536279E-15 -7.753882998856953E-16 1.245227899585841E-14 -3.34594372941932E-14 -1.5105353909597892E-15 -3.232976213915739E-14 -2.550679792620861E-15 0.0 -6.035162613778837E-14 1.301571332314668E-13 -9.510819539970147E-15 -2.10828186612189E-14 0.0 1.1368683772161603E-13 -192.64890485775913 5.183717421665165 15.158094729183706 -79.85774110248275 110.45915557535528 9.921339688929777 25.601619957119055 
-7.25731229190025E-15 1.9724395814117102E-14 -8.720633867600624E-15 -1.2695284908978397E-14 3.180262166000333E-14 -2.7949665977989134E-14 -3.4951168728495467E-16 -1.4210854715202004E-14 4.711143454315994E-15 -8.87814183506147E-14 -1.5390278667865557E-14 -3.169459375003642E-14 -5.6843418860808015E-14 0.0 278.41375735958525 -74.50469616954086 7.534373608814479 63.31031149871495 -113.64840483934265 -87.11941757662109 -127.39434056399921 
-3.6416696439382E-15 5.0379699602685465E-15 6.902898066376784E-15 -4.536685584021151E-15 -1.1539741250001768E-15 -6.450403162990403E-14 -3.5471691157323104E-15 0.0 1.2312624104489965E-15 2.6080641704104185E-13 -5.238073519046062E-15 1.437918633520196E-15 0.0 0.0 -25.858326766068615 29.667375263786795 57.30972751441359 -28.680792125136506 2.6941452378429602 101.38171820335381 109.52194868016772 
2.3020189483340982E-15 3.6633822908196537E-14 -3.1430507687494763E-15 1.3182259738316054E-14 7.134191404681075E-16 -4.362307707249979E-14 9.355557596372315E-15 0.0 3.6786506398810775E-15 -8.667339172970972E-14 2.1205497570896064E-14 5.5083959720355534E-14 -5.6843418860808015E-14 0.0 105.09171952043823 -69.32835031137617 -10.984378783059757 26.284225994701643 -119.35524156175029 -4.405916305964588 -46.73268887820177 
7.694230314204796E-15 1.4593703857840417E-14 -1.1713355935320193E-14 5.917051558989333E-14 1.8554176229597562E-14 -1.3539355313629015E-13 7.52165051800614E-15 0.0 1.1951496767389366E-13 -2.0862660353787102E-13 2.2856877438575848E-14 -1.1781585582459614E-14 -1.1368683772161603E-13 0.0 114.42245208181589 19.39875956851779 27.587802258760178 85.93378414851475 -259.42121456436115 29.622798102249845 -65.0449151017649 

1.0 3.4615384615384617 0.6538461538461539 2.576923076923077 2.6153846153846154 0.34615384615384615 2.3076923076923075 1.4615384615384615 1.4230769230769231 1.4615384615384615 2.923076923076923 0.5384615384615384 1.2692307692307692 3.6153846153846154 3.3846153846153846 2.230769230769231 3.8076923076923075 3.230769230769231 0.34615384615384615 1.7307692307692308 0.6923076923076923 
0.0 1.0 0.04456255110384301 0.4501226492232216 0.9223221586263286 -0.5122649223221585 0.11038430089942763 0.05396565821749798 -0.4076042518397383 -0.3180703188879803 0.5650040883074408 -0.6811120196238756 -0.3937040065412919 0.5609157808667211 1.0122649223221585 0.6434995911692559 1.051103843008994 0.4627964022894522 -0.21463614063777595 0.3937040065412919 0.25102207686017985 
0.0 0.0 1.0 -7.15867807336224 3.106293214578691 -12.371147310441808 -15.789757412398915 -8.30548068283917 -14.661549279268714 -19.659127309660523 -10.486425250986363 -20.612445798663995 -14.658189773038 -10.835892027032301 0.379546076018592 4.326028360482829 -3.3712645025196335 -11.101293019258557 -0.479042150083986 -3.0186726043986076 8.997460838313993 
0.0 -1.4210854715202004E-14 0.0 1.0 -0.5329710891361075 1.103531451723664 1.774910726548551 0.8410589204779562 1.511442452959758 1.3425439500068665 0.7022558714462298 1.7903619008377962 1.5120948358741928 1.5620278807856065 -0.28571796456530674 -0.13866570526026623 -0.12100844664194449 1.353531451723664 -0.04484274138167847 -0.08076672160417529 -0.6475501304765827 
0.0 -4.8430565405182754E-14 -7.105427357601002E-15 0.0 1.0 -12.207196346657438 -8.699562978782675 -5.369474532673739 -13.434621023918943 -25.838056203184312 -12.408926835576787 -23.360984288338123 -9.705836794917568 1.9813247435109154 -0.3544856938642083 10.961413073857036 -11.454785453441376 -3.353377612064206 -1.720951120633799 -7.472954793292251 8.781661249517533 
0.0 -2.859121608456748E-13 -3.883596253508843E-14 -5.6843418860808015E-14 0.0 1.0 0.6378654104782437 0.4596315171794062 1.0190284017577653 2.155434293114235 1.0854803275482083 1.9347630535607767 0.7535871794964348 -0.2511015785525865 0.17761833808496022 -0.906564648725941 0.9829068063902852 0.2364644287763896 0.20428504938895306 0.6752350965266007 -0.775157594108197 
0.0 2.15840032099886E-14 1.1979747716447379E-15 6.426259100871867E-14 0.0 0.0 1.0 -0.8148445161500713 1.5783006953357996 -2.3071694275213828 -3.8268255072406996 -7.934078581016682 2.4913909662357825 1.1881336395331044 -7.24945264223848 0.7836316018063394 0.1471966029641756 2.548241470353186 -4.0286052049527425 -1.8231641511824141 7.149479157432053 
0.0 7.116130829302975E-15 2.152719881430367E-16 3.378961032425035E-14 0.0 -5.6843418860808015E-14 0.0 1.0 -18.681033683276848 -2.0108116466023436 2.28198777495722 5.268357791151694 3.5821393405051825 0.17618289666005024 21.417232169946548 2.9376248497769235 -9.161889291303533 -4.619200127594469E-4 6.7080020119366575 -9.337646906869209 -19.059879846882723 
0.0 -1.207538299384771E-14 -1.5674504706009564E-15 5.517560825566617E-14 0.0 -8.067698811640937E-14 1.1102230246251565E-16 0.0 1.0 1.5858579547121507 0.5734040083471004 1.1401232452427141 -0.09470256390627314 -1.6132708597227747 -1.7487757261622252 -0.7554265873795694 1.8719533745003316 -0.40573877491002236 -0.009978688352612404 1.290375686058667 1.1388125694811548 
7.105427357601002E-15 1.9022410437626102E-13 1.805018225868861E-14 -2.450507523089954E-13 0.0 1.1281087528843824E-13 5.946051714773406E-15 0.0 0.0 1.0 0.4313804161029942 0.8850174902491406 0.17112391744110297 -1.1224273281089987 -0.5064692794825995 -0.45270430551312213 0.967769678356762 -0.23653383397733163 0.18761599317678626 0.44705328891893603 0.16117166925748597 
-8.159540278692888E-15 -2.3800597522708674E-15 1.6570069002908895E-15 -1.7557508755820984E-14 7.105427357601002E-15 -2.2207248650357558E-14 -8.237810740289267E-15 0.0 0.0 2.2737367544323206E-13 1.0 -1.779535146534572 11.12720700633717 10.484505321315144 7.877774942174057 -2.356710505473538 2.1473243519410032 1.071489433680396 -6.730293245532853 -6.337594778719821 -4.1860678689965125 
4.229987109160806E-14 -1.2689865446440036E-14 -9.975887558650858E-15 -4.4040343618260334E-14 -3.6314961931568615E-14 9.185128242350205E-14 4.256894736818567E-14 0.0 -3.552713678800501E-15 -1.1762896365253977E-12 0.0 1.0 -2.527215694602389 -1.4479316918883058 -0.6579985092194041 0.7128376385434099 -0.7974045276837597 -0.5512619021635531 1.8289737661773606 1.2723631447067416 -0.14912882635842903 
-8.847730977637857E-15 8.720714208127798E-15 2.410974418544142E-15 6.812521634944897E-14 -2.211675005918123E-14 2.0221239939335963E-13 -8.574905976544472E-15 0.0 5.551704350579444E-15 -2.3078183360501753E-13 0.0 5.6843418860808015E-14 1.0 -1.055424483436979 -0.8244249076501492 -0.8984127329916434 0.032557366350012024 0.5604804004864423 -0.16129166688458538 -0.6604833789561851 0.9350911872982108 
1.0432281058684794E-14 4.071920552513383E-14 4.245979281993898E-15 3.403920253645593E-13 -1.103857358520437E-13 8.481086874141535E-13 1.1821541304268271E-14 0.0 1.869621611828559E-14 -1.6929655670133291E-12 -1.4210854715202004E-14 1.6373072061155791E-13 0.0 1.0 0.8000678867715455 0.3679531122149046 0.003879734110228852 -0.22871152702382289 -0.1809281502315409 0.03834046571236958 -0.6664236105923748 
-4.8192413351899975E-15 2.9528231351124713E-14 -5.222912801341499E-15 7.231551168598367E-14 1.235360661230606E-14 -2.346008257545817E-13 -8.403987405099127E-15 3.552713678800501E-15 2.635059940479692E-15 -1.0567584078034792E-13 2.905743002632202E-14 2.3866574157876514E-14 -1.1368683772161603E-13 0.0 1.0 -6.789083511623214 8.9497921591651 -0.8649883618327406 -9.164838439628385 2.789998651797022 9.57026429981262 
-7.401277898600445E-14 4.366717060470164E-13 -6.492275921099488E-14 1.0378614314390461E-12 1.8150243456980712E-13 -3.5078325221043826E-12 -1.2705186740433832E-13 5.2631810464956165E-14 -2.1314431505782193E-14 -1.43538158604805E-12 4.2096157086680704E-13 3.324894421772304E-13 -1.6842179348785973E-12 1.1368683772161603E-13 2.8421709430404007E-14 -1302.725786080417 1739.3257528968998 -246.49680172426736 -1655.1369330173475 547.4115245122507 1869.3025565153296 
9.592159480384107E-14 -6.124686045721435E-13 1.03100791377028E-13 -1.5609546358872874E-12 -2.3268540462768835E-13 4.994802904715147E-12 1.7957802781418247E-13 -9.027368060567477E-14 -5.170491581318381E-14 2.1737153108591502E-12 -6.375035252560206E-13 -5.426727470431371E-13 2.3771670096343204E-12 0.0 0.0 1815.6695533294858 -2484.2108890116965 304.1349713888808 2437.968700731155 -863.8934252516073 -2791.8875831991313 
-1.3224651175995237E-14 6.375436866931551E-14 -3.4827774866045484E-15 1.3926151101339308E-13 2.341096790344451E-14 -5.310038859109831E-13 -2.0258358802506895E-14 7.064512275828863E-15 6.471035434699225E-15 5.0671758876480556E-14 5.254214455760386E-14 4.889620583701494E-14 -2.2606439282652361E-13 0.0 0.0 -145.88696462189486 288.7363776545035 -51.04794383425391 -234.29324189229425 173.52641501841208 356.9929701823633 
4.124854539791038E-14 -2.019975224299897E-13 3.906573219381981E-14 -5.71232960978529E-13 -9.912181076608106E-14 1.852295103788437E-12 7.727208117127958E-14 -2.871112850249491E-14 -1.7616492003990108E-14 7.673421351500562E-13 -2.1362108370307249E-13 -1.3779290554745645E-13 8.619126932190291E-13 0.0 0.0 644.1481098929625 -951.5334261402556 117.18734030487136 843.7933891858067 -297.61167208301805 -1052.488220410573 
5.009868498261609E-14 -2.4522489842383263E-13 3.424299978904384E-14 -5.771329238580848E-13 -9.014508059279723E-14 1.9288566864690717E-12 8.146824878260118E-14 -3.1260290918093477E-14 9.632910250903729E-14 7.212140266035215E-13 -2.3281914885512036E-13 -2.2178332477281524E-13 8.866424716573752E-13 0.0 0.0 796.2223423566713 -996.46936221552 184.90787353164995 789.242072631602 -289.61568894132586 -1160.0980233573878 

1.0 3.4615384615384617 0.6538461538461539 2.576923076923077 2.6153846153846154 0.34615384615384615 2.3076923076923075 1.4615384615384615 1.4230769230769231 1.4615384615384615 2.923076923076923 0.5384615384615384 1.2692307692307692 3.6153846153846154 3.3846153846153846 2.230769230769231 3.8076923076923075 3.230769230769231 0.34615384615384615 1.7307692307692308 0.6923076923076923 
0.0 1.0 0.04456255110384301 0.4501226492232216 0.9223221586263286 -0.5122649223221585 0.11038430089942763 0.05396565821749798 -0.4076042518397383 -0.3180703188879803 0.5650040883074408 -0.6811120196238756 -0.3937040065412919 0.5609157808667211 1.0122649223221585 0.6434995911692559 1.051103843008994 0.4627964022894522 -0.21463614063777595 0.3937040065412919 0.25102207686017985 
0.0 0.0 1.0 -7.15867807336224 3.106293214578691 -12.371147310441808 -15.789757412398915 -8.30548068283917 -14.661549279268714 -19.659127309660523 -10.486425250986363 -20.612445798663995 -14.658189773038 -10.835892027032301 0.379546076018592 4.326028360482829 -3.3712645025196335 -11.101293019258557 -0.479042150083986 -3.0186726043986076 8.997460838313993 
0.0 -1.4210854715202004E-14 0.0 1.0 -0.5329710891361075 1.103531451723664 1.774910726548551 0.8410589204779562 1.511442452959758 1.3425439500068665 0.7022558714462298 1.7903619008377962 1.5120948358741928 1.5620278807856065 -0.28571796456530674 -0.13866570526026623 -0.12100844664194449 1.353531451723664 -0.04484274138167847 -0.08076672160417529 -0.6475501304765827 
0.0 -4.8430565405182754E-14 -7.105427357601002E-15 0.0 1.0 -12.207196346657438 -8.699562978782675 -5.369474532673739 -13.434621023918943 -25.838056203184312 -12.408926835576787 -23.360984288338123 -9.705836794917568 1.9813247435109154 -0.3544856938642083 10.961413073857036 -11.454785453441376 -3.353377612064206 -1.720951120633799 -7.472954793292251 8.781661249517533 
0.0 -2.859121608456748E-13 -3.883596253508843E-14 -5.6843418860808015E-14 0.0 1.0 0.6378654104782437 0.4596315171794062 1.0190284017577653 2.155434293114235 1.0854803275482083 1.9347630535607767 0.7535871794964348 -0.2511015785525865 0.17761833808496022 -0.906564648725941 0.9829068063902852 0.2364644287763896 0.20428504938895306 0.6752350965266007 -0.775157594108197 
0.0 2.15840032099886E-14 1.1979747716447379E-15 6.426259100871867E-14 0.0 0.0 1.0 -0.8148445161500713 1.5783006953357996 -2.3071694275213828 -3.8268255072406996 -7.934078581016682 2.4913909662357825 1.1881336395331044 -7.24945264223848 0.7836316018063394 0.1471966029641756 2.548241470353186 -4.0286052049527425 -1.8231641511824141 7.149479157432053 
0.0 7.116130829302975E-15 2.152719881430367E-16 3.378961032425035E-14 0.0 -5.6843418860808015E-14 0.0 1.0 -18.681033683276848 -2.0108116466023436 2.28198777495722 5.268357791151694 3.5821393405051825 0.17618289666005024 21.417232169946548 2.9376248497769235 -9.161889291303533 -4.619200127594469E-4 6.7080020119366575 -9.337646906869209 -19.059879846882723 
0.0 -1.207538299384771E-14 -1.5674504706009564E-15 5.517560825566617E-14 0.0 -8.067698811640937E-14 1.1102230246251565E-16 0.0 1.0 1.5858579547121507 0.5734040083471004 1.1401232452427141 -0.09470256390627314 -1.6132708597227747 -1.7487757261622252 -0.7554265873795694 1.8719533745003316 -0.40573877491002236 -0.009978688352612404 1.290375686058667 1.1388125694811548 
7.105427357601002E-15 1.9022410437626102E-13 1.805018225868861E-14 -2.450507523089954E-13 0.0 1.1281087528843824E-13 5.946051714773406E-15 0.0 0.0 1.0 0.4313804161029942 0.8850174902491406 0.17112391744110297 -1.1224273281089987 -0.5064692794825995 -0.45270430551312213 0.967769678356762 -0.23653383397733163 0.18761599317678626 0.44705328891893603 0.16117166925748597 
-8.159540278692888E-15 -2.3800597522708674E-15 1.6570069002908895E-15 -1.7557508755820984E-14 7.105427357601002E-15 -2.2207248650357558E-14 -8.237810740289267E-15 0.0 0.0 2.2737367544323206E-13 1.0 -1.779535146534572 11.12720700633717 10.484505321315144 7.877774942174057 -2.356710505473538 2.1473243519410032 1.071489433680396 -6.730293245532853 -6.337594778719821 -4.1860678689965125 
4.229987109160806E-14 -1.2689865446440036E-14 -9.975887558650858E-15 -4.4040343618260334E-14 -3.6314961931568615E-14 9.185128242350205E-14 4.256894736818567E-14 0.0 -3.552713678800501E-15 -1.1762896365253977E-12 0.0 1.0 -2.527215694602389 -1.4479316918883058 -0.6579985092194041 0.7128376385434099 -0.7974045276837597 -0.5512619021635531 1.8289737661773606 1.2723631447067416 -0.14912882635842903 
-8.847730977637857E-15 8.720714208127798E-15 2.410974418544142E-15 6.812521634944897E-14 -2.211675005918123E-14 2.0221239939335963E-13 -8.574905976544472E-15 0.0 5.551704350579444E-15 -2.3078183360501753E-13 0.0 5.6843418860808015E-14 1.0 -1.055424483436979 -0.8244249076501492 -0.8984127329916434 0.032557366350012024 0.5604804004864423 -0.16129166688458538 -0.6604833789561851 0.9350911872982108 
1.0432281058684794E-14 4.071920552513383E-14 4.245979281993898E-15 3.403920253645593E-13 -1.103857358520437E-13 8.481086874141535E-13 1.1821541304268271E-14 0.0 1.869621611828559E-14 -1.6929655670133291E-12 -1.4210854715202004E-14 1.6373072061155791E-13 0.0 1.0 0.8000678867715455 0.3679531122149046 0.003879734110228852 -0.22871152702382289 -0.1809281502315409 0.03834046571236958 -0.6664236105923748 
-4.8192413351899975E-15 2.9528231351124713E-14 -5.222912801341499E-15 7.231551168598367E-14 1.235360661230606E-14 -2.346008257545817E-13 -8.403987405099127E-15 3.552713678800501E-15 2.635059940479692E-15 -1.0567584078034792E-13 2.905743002632202E-14 2.3866574157876514E-14 -1.1368683772161603E-13 0.0 1.0 -6.789083511623214 8.9497921591651 -0.8649883618327406 -9.164838439628385 2.789998651797022 9.57026429981262 
-7.401277898600445E-14 4.366717060470164E-13 -6.492275921099488E-14 1.0378614314390461E-12 1.8150243456980712E-13 -3.5078325221043826E-12 -1.2705186740433832E-13 5.2631810464956165E-14 -2.1314431505782193E-14 -1.43538158604805E-12 4.2096157086680704E-13 3.324894421772304E-13 -1.6842179348785973E-12 1.1368683772161603E-13 2.8421709430404007E-14 1.0 -1.3351434135115303 0.18921618375722482 1.2705182861216322 -0.4202047202575747 -1.4349163703434498 
-7.233459619789737E-15 -3.8589263562030354E-15 1.2614920538306294E-14 -1.1443885967887125E-13 2.0282985055536138E-14 1.0577347379640844E-13 2.4999275688619964E-15 -1.6918277021201545E-14 -8.141183091771566E-14 1.7315719567929683E-13 -5.0789793547149314E-14 -7.92667383380664E-14 2.979409493117732E-14 1.5845063640484827E-13 3.961265910121207E-14 0.0 -60.03164377041139 -39.4190924563095 131.12733167174747 -100.94050851459508 -186.55361799247248 
-4.936260952304042E-15 1.4853279574322285E-14 3.787658377467265E-15 2.3035628676071517E-14 3.085248144306568E-15 -1.381759826639798E-13 -6.030336694392881E-15 1.1704897936383115E-15 8.857951966362858E-15 2.1141430723176796E-13 5.400369632737075E-15 1.1662064925437932E-14 -3.745567339642597E-14 -1.2731326768751537E-14 -3.1828316921878842E-15 2.8421709430404007E-14 93.95635772239089 -23.443769128573688 -48.9411856333972 112.22402386024206 147.65737642669063 
4.652055022753746E-15 1.3919946234100648E-14 6.963909168865319E-15 -5.805015110744421E-14 -9.375794053784833E-15 1.1780599404794758E-13 1.444978877380351E-14 -2.6867098615996315E-15 -2.8155663727305548E-14 5.76008023942932E-14 -5.4716764304299265E-15 2.661041557065916E-14 2.913129671038019E-14 5.621379604254365E-14 1.4053449010635913E-14 0.0 -91.50331989076528 -4.695906823504487 25.391436596111248 -26.937595761000296 -128.18955259936945 
4.8622822966211196E-15 2.1667622123984785E-14 -5.437608335531587E-15 5.720506868936115E-14 2.078869775162664E-14 -2.1512070093519513E-13 3.81450419077746E-15 9.08123846280339E-16 8.33017818243087E-14 -1.560871681916374E-13 2.447138118511523E-14 -1.8566711355081473E-14 -1.4274680080258688E-13 6.948507597917473E-14 1.7371268994793683E-14 -1.1368683772161603E-13 66.60165387271263 34.249720488682016 -222.37297315114768 44.96069769149011 -17.58554987659295 

1.0 3.4615384615384617 0.6538461538461539 2.576923076923077 2.6153846153846154 0.34615384615384615 2.3076923076923075 1.4615384615384615 1.4230769230769231 1.4615384615384615 2.923076923076923 0.5384615384615384 1.2692307692307692 3.6153846153846154 3.3846153846153846 2.230769230769231 3.8076923076923075 3.230769230769231 0.34615384615384615 1.7307692307692308 0.6923076923076923 
0.0 1.0 0.04456255110384301 0.4501226492232216 0.9223221586263286 -0.5122649223221585 0.11038430089942763 0.05396565821749798 -0.4076042518397383 -0.3180703188879803 0.5650040883074408 -0.6811120196238756 -0.3937040065412919 0.5609157808667211 1.0122649223221585 0.6434995911692559 1.051103843008994 0.4627964022894522 -0.21463614063777595 0.3937040065412919 0.25102207686017985 
0.0 0.0 1.0 -7.15867807336224 3.106293214578691 -12.371147310441808 -15.789757412398915 -8.30548068283917 -14.661549279268714 -19.659127309660523 -10.486425250986363 -20.612445798663995 -14.658189773038 -10.835892027032301 0.379546076018592 4.326028360482829 -3.3712645025196335 -11.101293019258557 -0.479042150083986 -3.0186726043986076 8.997460838313993 
0.0 -1.4210854715202004E-14 0.0 1.0 -0.5329710891361075 1.103531451723664 1.774910726548551 0.8410589204779562 1.511442452959758 1.3425439500068665 0.7022558714462298 1.7903619008377962 1.5120948358741928 1.5620278807856065 -0.28571796456530674 -0.13866570526026623 -0.12100844664194449 1.353531451723664 -0.04484274138167847 -0.08076672160417529 -0.6475501304765827 
0.0 -4.8430565405182754E-14 -7.105427357601002E-15 0.0 1.0 -12.207196346657438 -8.699562978782675 -5.369474532673739 -13.434621023918943 -25.838056203184312 -12.408926835576787 -23.360984288338123 -9.705836794917568 1.9813247435109154 -0.3544856938642083 10.961413073857036 -11.454785453441376 -3.353377612064206 -1.720951120633799 -7.472954793292251 8.781661249517533 
0.0 -2.859121608456748E-13 -3.883596253508843E-14 -5.6843418860808015E-14 0.0 1.0 0.6378654104782437 0.4596315171794062 1.0190284017577653 2.155434293114235 1.0854803275482083 1.9347630535607767 0.7535871794964348 -0.2511015785525865 0.17761833808496022 -0.906564648725941 0.9829068063902852 0.2364644287763896 0.20428504938895306 0.6752350965266007 -0.775157594108197 
0.0 2.15840032099886E-14 1.1979747716447379E-15 6.426259100871867E-14 0.0 0.0 1.0 -0.8148445161500713 1.5783006953357996 -2.3071694275213828 -3.8268255072406996 -7.934078581016682 2.4913909662357825 1.1881336395331044 -7.24945264223848 0.7836316018063394 0.1471966029641756 2.548241470353186 -4.0286052049527425 -1.8231641511824141 7.149479157432053 
0.0 7.116130829302975E-15 2.152719881430367E-16 3.378961032425035E-14 0.0 -5.6843418860808015E-14 0.0 1.0 -18.681033683276848 -2.0108116466023436 2.28198777495722 5.268357791151694 3.5821393405051825 0.17618289666005024 21.417232169946548 2.9376248497769235 -9.161889291303533 -4.619200127594469E-4 6.7080020119366575 -9.337646906869209 -19.059879846882723 
0.0 -1.207538299384771E-14 -1.5674504706009564E-15 5.517560825566617E-14 0.0 -8.067698811640937E-14 1.1102230246251565E-16 0.0 1.0 1.5858579547121507 0.5734040083471004 1.1401232452427141 -0.09470256390627314 -1.6132708597227747 -1.7487757261622252 -0.7554265873795694 1.8719533745003316 -0.40573877491002236 -0.009978688352612404 1.290375686058667 1.1388125694811548 
7.105427357601002E-15 1.9022410437626102E-13 1.805018225868861E-14 -2.450507523089954E-13 0.0 1.1281087528843824E-13 5.946051714773406E-15 0.0 0.0 1.0 0.4313804161029942 0.8850174902491406 0.17112391744110297 -1.1224273281089987 -0.5064692794825995 -0.45270430551312213 0.967769678356762 -0.23653383397733163 0.18761599317678626 0.44705328891893603 0.16117166925748597 
-8.159540278692888E-15 -2.3800597522708674E-15 1.6570069002908895E-15 -1.7557508755820984E-14 7.105427357601002E-15 -2.2207248650357558E-14 -8.237810740289267E-15 0.0 0.0 2.2737367544323206E-13 1.0 -1.779535146534572 11.12720700633717 10.484505321315144 7.877774942174057 -2.356710505473538 2.1473243519410032 1.071489433680396 -6.730293245532853 -6.337594778719821 -4.1860678689965125 
4.229987109160806E-14 -1.2689865446440036E-14 -9.975887558650858E-15 -4.4040343618260334E-14 -3.6314961931568615E-14 9.185128242350205E-14 4.256894736818567E-14 0.0 -3.552713678800501E-15 -1.1762896365253977E-12 0.0 1.0 -2.527215694602389 -1.4479316918883058 -0.6579985092194041 0.7128376385434099 -0.7974045276837597 -0.5512619021635531 1.8289737661773606 1.2723631447067416 -0.14912882635842903 
-8.847730977637857E-15 8.720714208127798E-15 2.410974418544142E-15 6.812521634944897E-14 -2.211675005918123E-14 2.0221239939335963E-13 -8.574905976544472E-15 0.0 5.551704350579444E-15 -2.3078183360501753E-13 0.0 5.6843418860808015E-14 1.0 -1.055424483436979 -0.8244249076501492 -0.8984127329916434 0.032557366350012024 0.5604804004864423 -0.16129166688458538 -0.6604833789561851 0.9350911872982108 
1.0432281058684794E-14 4.071920552513383E-14 4.245979281993898E-15 3.403920253645593E-13 -1.103857358520437E-13 8.481086874141535E-13 1.1821541304268271E-14 0.0 1.869621611828559E-14 -1.6929655670133291E-12 -1.4210854715202004E-14 1.6373072061155791E-13 0.0 1.0 0.8000678867715455 0.3679531122149046 0.003879734110228852 -0.22871152702382289 -0.1809281502315409 0.03834046571236958 -0.6664236105923748 
-4.8192413351899975E-15 2.9528231351124713E-14 -5.222912801341499E-15 7.231551168598367E-14 1.235360661230606E-14 -2.346008257545817E-13 -8.403987405099127E-15 3.552713678800501E-15 2.635059940479692E-15 -1.0567584078034792E-13 2.905743002632202E-14 2.3866574157876514E-14 -1.1368683772161603E-13 0.0 1.0 -6.789083511623214 8.9497921591651 -0.8649883618327406 -9.164838439628385 2.789998651797022 9.57026429981262 
-7.401277898600445E-14 4.366717060470164E-13 -6.492275921099488E-14 1.0378614314390461E-12 1.8150243456980712E-13 -3.5078325221043826E-12 -1.2705186740433832E-13 5.2631810464956165E-14 -2.1314431505782193E-14 -1.43538158604805E-12 4.2096157086680704E-13 3.324894421772304E-13 -1.6842179348785973E-12 1.1368683772161603E-13 2.8421709430404007E-14 1.0 -1.3351434135115303 0.18921618375722482 1.2705182861216322 -0.4202047202575747 -1.4349163703434498 
-7.233459619789737E-15 -3.8589263562030354E-15 1.2614920538306294E-14 -1.1443885967887125E-13 2.0282985055536138E-14 1.0577347379640844E-13 2.4999275688619964E-15 -1.6918277021201545E-14 -8.141183091771566E-14 1.7315719567929683E-13 -5.0789793547149314E-14 -7.92667383380664E-14 2.979409493117732E-14 1.5845063640484827E-13 3.961265910121207E-14 0.0 1.0 0.6566385656049372 -2.18430353453653 1.6814550156353871 3.1075880365018707 
-1.625744886124503E-14 8.81362044830515E-15 2.3531445358706533E-14 -1.5607421676564422E-13 3.4830429183229865E-14 2.737154722814036E-14 -2.1176654065905767E-15 -2.5308540064844353E-14 -1.1856083299634107E-13 4.824250342022141E-13 -7.409144021029763E-14 -1.1239940590920425E-13 9.175477535814867E-15 2.3526196044375337E-13 5.881549011093834E-14 2.8421709430404007E-14 1.4210854715202004E-14 -85.1391370928688 156.28801863179982 -45.759365082904736 -144.32027678470138 
1.56776663159895E-14 1.9801920316919135E-14 -1.226440171710387E-14 1.163834463662169E-13 -4.029216337684354E-14 -4.341937645441197E-14 1.0639270559240306E-14 2.3100998370947734E-14 9.593643736269232E-14 -2.0633430370120258E-13 7.194473988335047E-14 1.4743285619189442E-13 -1.6282395604456514E-14 -1.8530481579654062E-13 -4.6326203949135156E-14 0.0 0.0 55.38870189765735 -174.47958846311414 126.92112041661628 156.16506959337636 
-3.162824857564976E-15 1.7386365417454302E-14 8.55791999844613E-15 -6.975826003556012E-14 4.3291502361485544E-14 -9.77711191438825E-14 6.5880299547057074E-15 -1.7861730842324855E-14 -7.019959233829674E-15 3.602077501757895E-14 -3.187697174406179E-14 -1.0650859564865894E-13 -1.0969196716108228E-13 2.4527693805289293E-13 6.131923451322323E-14 -1.1368683772161603E-13 0.0 -9.483493977212518 -76.8947451910029 -67.02698726239456 -224.5560526626732 

1.0 3.4615384615384617 0.6538461538461539 2.576923076923077 2.6153846153846154 0.34615384615384615 2.3076923076923075 1.4615384615384615 1.4230769230769231 1.4615384615384615 2.923076923076923 0.5384615384615384 1.2692307692307692 3.6153846153846154 3.3846153846153846 2.230769230769231 3.8076923076923075 3.230769230769231 0.34615384615384615 1.7307692307692308 0.6923076923076923 
0.0 1.0 0.04456255110384301 0.4501226492232216 0.9223221586263286 -0.5122649223221585 0.11038430089942763 0.05396565821749798 -0.4076042518397383 -0.3180703188879803 0.5650040883074408 -0.6811120196238756 -0.3937040065412919 0.5609157808667211 1.0122649223221585 0.6434995911692559 1.051103843008994 0.4627964022894522 -0.21463614063777595 0.3937040065412919 0.25102207686017985 
0.0 0.0 1.0 -7.15867807336224 3.106293214578691 -12.371147310441808 -15.789757412398915 -8.30548068283917 -14.661549279268714 -19.659127309660523 -10.486425250986363 -20.612445798663995 -14.658189773038 -10.835892027032301 0.379546076018592 4.326028360482829 -3.3712645025196335 -11.101293019258557 -0.479042150083986 -3.0186726043986076 8.997460838313993 
0.0 -1.4210854715202004E-14 0.0 1.0 -0.5329710891361075 1.103531451723664 1.774910726548551 0.8410589204779562 1.511442452959758 1.3425439500068665 0.7022558714462298 1.7903619008377962 1.5120948358741928 1.5620278807856065 -0.28571796456530674 -0.13866570526026623 -0.12100844664194449 1.353531451723664 -0.04484274138167847 -0.08076672160417529 -0.6475501304765827 
0.0 -4.8430565405182754E-14 -7.105427357601002E-15 0.0 1.0 -12.207196346657438 -8.699562978782675 -5.369474532673739 -13.434621023918943 -25.838056203184312 -12.408926835576787 -23.360984288338123 -9.705836794917568 1.9813247435109154 -0.3544856938642083 10.961413073857036 -11.454785453441376 -3.353377612064206 -1.720951120633799 -7.472954793292251 8.781661249517533 
0.0 -2.859121608456748E-13 -3.883596253508843E-14 -5.6843418860808015E-14 0.0 1.0 0.6378654104782437 0.4596315171794062 1.0190284017577653 2.155434293114235 1.0854803275482083 1.9347630535607767 0.7535871794964348 -0.2511015785525865 0.17761833808496022 -0.906564648725941 0.9829068063902852 0.2364644287763896 0.20428504938895306 0.6752350965266007 -0.775157594108197 
0.0 2.15840032099886E-14 1.1979747716447379E-15 6.426259100871867E-14 0.0 0.0 1.0 -0.8148445161500713 1.5783006953357996 -2.3071694275213828 -3.8268255072406996 -7.934078581016682 2.4913909662357825 1.1881336395331044 -7.24945264223848 0.7836316018063394 0.1471966029641756 2.548241470353186 -4.0286052049527425 -1.8231641511824141 7.149479157432053 
0.0 7.116130829302975E-15 2.152719881430367E-16 3.378961032425035E-14 0.0 -5.6843418860808015E-14 0.0 1.0 -18.681033683276848 -2.0108116466023436 2.28198777495722 5.268357791151694 3.5821393405051825 0.17618289666005024 21.417232169946548 2.9376248497769235 -9.161889291303533 -4.619200127594469E-4 6.7080020119366575 -9.337646906869209 -19.059879846882723 
0.0 -1.207538299384771E-14 -1.5674504706009564E-15 5.517560825566617E-14 0.0 -8.067698811640937E-14 1.1102230246251565E-16 0.0 1.0 1.5858579547121507 0.5734040083471004 1.1401232452427141 -0.09470256390627314 -1.6132708597227747 -1.7487757261622252 -0.7554265873795694 1.8719533745003316 -0.40573877491002236 -0.009978688352612404 1.290375686058667 1.1388125694811548 
7.105427357601002E-15 1.9022410437626102E-13 1.805018225868861E-14 -2.450507523089954E-13 0.0 1.1281087528843824E-13 5.946051714773406E-15 0.0 0.0 1.0 0.4313804161029942 0.8850174902491406 0.17112391744110297 -1.1224273281089987 -0.5064692794825995 -0.45270430551312213 0.967769678356762 -0.23653383397733163 0.18761599317678626 0.44705328891893603 0.16117166925748597 
-8.159540278692888E-15 -2.3800597522708674E-15 1.6570069002908895E-15 -1.7557508755820984E-14 7.105427357601002E-15 -2.2207248650357558E-14 -8.237810740289267E-15 0.0 0.0 2.2737367544323206E-13 1.0 -1.779535146534572 11.12720700633717 10.484505321315144 7.877774942174057 -2.356710505473538 2.1473243519410032 1.071489433680396 -6.730293245532853 -6.337594778719821 -4.1860678689965125 
4.229987109160806E-14 -1.2689865446440036E-14 -9.975887558650858E-15 -4.4040343618260334E-14 -3.6314961931568615E-14 9.185128242350205E-14 4.256894736818567E-14 0.0 -3.552713678800501E-15 -1.1762896365253977E-12 0.0 1.0 -2.527215694602389 -1.4479316918883058 -0.6579985092194041 0.7128376385434099 -0.7974045276837597 -0.5512619021635531 1.8289737661773606 1.2723631447067416 -0.14912882635842903 
-8.847730977637857E-15 8.720714208127798E-15 2.410974418544142E-15 6.812521634944897E-14 -2.211675005918123E-14 2.0221239939335963E-13 -8.574905976544472E-15 0.0 5.551704350579444E-15 -2.3078183360501753E-13 0.0 5.6843418860808015E-14 1.0 -1.055424483436979 -0.8244249076501492 -0.8984127329916434 0.032557366350012024 0.5604804004864423 -0.16129166688458538 -0.6604833789561851 0.9350911872982108 
1.0432281058684794E-14 4.071920552513383E-14 4.245979281993898E-15 3.403920253645593E-13 -1.103857358520437E-13 8.481086874141535E-13 1.1821541304268271E-14 0.0 1.869621611828559E-14 -1.6929655670133291E-12 -1.4210854715202004E-14 1.6373072061155791E-13 0.0 1.0 0.8000678867715455 0.3679531122149046 0.003879734110228852 -0.22871152702382289 -0.1809281502315409 0.03834046571236958 -0.6664236105923748 
-4.8192413351899975E-15 2.9528231351124713E-14 -5.222912801341499E-15 7.231551168598367E-14 1.235360661230606E-14 -2.346008257545817E-13 -8.403987405099127E-15 3.552713678800501E-15 2.635059940479692E-15 -1.0567584078034792E-13 2.905743002632202E-14 2.3866574157876514E-14 -1.1368683772161603E-13 0.0 1.0 -6.789083511623214 8.9497921591651 -0.8649883618327406 -9.164838439628385 2.789998651797022 9.57026429981262 
-7.401277898600445E-14 4.366717060470164E-13 -6.492275921099488E-14 1.0378614314390461E-12 1.8150243456980712E-13 -3.5078325221043826E-12 -1.2705186740433832E-13 5.2631810464956165E-14 -2.1314431505782193E-14 -1.43538158604805E-12 4.2096157086680704E-13 3.324894421772304E-13 -1.6842179348785973E-12 1.1368683772161603E-13 2.8421709430404007E-14 1.0 -1.3351434135115303 0.18921618375722482 1.2705182861216322 -0.4202047202575747 -1.4349163703434498 
-7.233459619789737E-15 -3.8589263562030354E-15 1.2614920538306294E-14 -1.1443885967887125E-13 2.0282985055536138E-14 1.0577347379640844E-13 2.4999275688619964E-15 -1.6918277021201545E-14 -8.141183091771566E-14 1.7315719567929683E-13 -5.0789793547149314E-14 -7.92667383380664E-14 2.979409493117732E-14 1.5845063640484827E-13 3.961265910121207E-14 0.0 1.0 0.6566385656049372 -2.18430353453653 1.6814550156353871 3.1075880365018707 
-1.625744886124503E-14 8.81362044830515E-15 2.3531445358706533E-14 -1.5607421676564422E-13 3.4830429183229865E-14 2.737154722814036E-14 -2.1176654065905767E-15 -2.5308540064844353E-14 -1.1856083299634107E-13 4.824250342022141E-13 -7.409144021029763E-14 -1.1239940590920425E-13 9.175477535814867E-15 2.3526196044375337E-13 5.881549011093834E-14 2.8421709430404007E-14 1.4210854715202004E-14 1.0 -1.8356777384450427 0.5374656902264695 1.6951108704247082 
5.10110870289462E-15 2.553576978168145E-14 3.044377026715216E-15 1.4846731742094842E-14 -1.7632640096815205E-14 -2.5612354658508642E-14 9.261587604846687E-15 6.636100687200876E-15 1.8804687384898427E-14 1.0751544060906387E-13 2.3743303562709005E-14 7.430952654635402E-14 -1.0313133907035935E-14 -3.22511786582689E-14 -8.062794664567225E-15 1.849022253238625E-14 9.245111266193124E-15 -7.105427357601002E-15 -72.80378142821586 97.1515935204437 62.27507890794371 
-1.351937131603145E-15 1.640463222995715E-14 5.936795002887645E-15 -5.2373436260794343E-14 3.941180406218772E-14 -1.0081998611797354E-13 6.823912861379366E-15 -1.5042658492376214E-14 6.186316799102734E-15 -1.7715674076599696E-14 -2.3624060674139614E-14 -9.398862979770734E-14 -1.1071400695288841E-13 2.1907153521328133E-13 5.4767883803320333E-14 -1.168526803576685E-13 -1.5829213180262365E-15 0.0 -94.30338396764955 -61.92993462617346 -208.480478932293 

1.0 3.4615384615384617 0.6538461538461539 2.576923076923077 2.6153846153846154 0.34615384615384615 2.3076923076923075 1.4615384615384615 1.4230769230769231 1.4615384615384615 2.923076923076923 0.5384615384615384 1.2692307692307692 3.6153846153846154 3.3846153846153846 2.230769230769231 3.8076923076923075 3.230769230769231 0.34615384615384615 1.7307692307692308 0.6923076923076923 
0.0 1.0 0.04456255110384301 0.4501226492232216 0.9223221586263286 -0.5122649223221585 0.11038430089942763 0.05396565821749798 -0.4076042518397383 -0.3180703188879803 0.5650040883074408 -0.6811120196238756 -0.3937040065412919 0.5609157808667211 1.0122649223221585 0.6434995911692559 1.051103843008994 0.4627964022894522 -0.21463614063777595 0.3937040065412919 0.25102207686017985 
0.0 0.0 1.0 -7.15867807336224 3.106293214578691 -12.371147310441808 -15.789757412398915 -8.30548068283917 -14.661549279268714 -19.659127309660523 -10.486425250986363 -20.612445798663995 -14.658189773038 -10.835892027032301 0.379546076018592 4.326028360482829 -3.3712645025196335 -11.101293019258557 -0.479042150083986 -3.0186726043986076 8.997460838313993 
0.0 -1.4210854715202004E-14 0.0 1.0 -0.5329710891361075 1.103531451723664 1.774910726548551 0.8410589204779562 1.511442452959758 1.3425439500068665 0.7022558714462298 1.7903619008377962 1.5120948358741928 1.5620278807856065 -0.28571796456530674 -0.13866570526026623 -0.12100844664194449 1.353531451723664 -0.04484274138167847 -0.08076672160417529 -0.6475501304765827 
0.0 -4.8430565405182754E-14 -7.105427357601002E-15 0.0 1.0 -12.207196346657438 -8.699562978782675 -5.369474532673739 -13.434621023918943 -25.838056203184312 -12.408926835576787 -23.360984288338123 -9.705836794917568 1.9813247435109154 -0.3544856938642083 10.961413073857036 -11.454785453441376 -3.353377612064206 -1.720951120633799 -7.472954793292251 8.781661249517533 
0.0 -2.859121608456748E-13 -3.883596253508843E-14 -5.6843418860808015E-14 0.0 1.0 0.6378654104782437 0.4596315171794062 1.0190284017577653 2.155434293114235 1.0854803275482083 1.9347630535607767 0.7535871794964348 -0.2511015785525865 0.17761833808496022 -0.906564648725941 0.9829068063902852 0.2364644287763896 0.20428504938895306 0.6752350965266007 -0.775157594108197 
0.0 2.15840032099886E-14 1.1979747716447379E-15 6.426259100871867E-14 0.0 0.0 1.0 -0.8148445161500713 1.5783006953357996 -2.3071694275213828 -3.8268255072406996 -7.934078581016682 2.4913909662357825 1.1881336395331044 -7.24945264223848 0.7836316018063394 0.1471966029641756 2.548241470353186 -4.0286052049527425 -1.8231641511824141 7.149479157432053 
0.0 7.116130829302975E-15 2.152719881430367E-16 3.378961032425035E-14 0.0 -5.6843418860808015E-14 0.0 1.0 -18.681033683276848 -2.0108116466023436 2.28198777495722 5.268357791151694 3.5821393405051825 0.17618289666005024 21.417232169946548 2.9376248497769235 -9.161889291303533 -4.619200127594469E-4 6.7080020119366575 -9.337646906869209 -19.059879846882723 
0.0 -1.207538299384771E-14 -1.5674504706009564E-15 5.517560825566617E-14 0.0 -8.067698811640937E-14 1.1102230246251565E-16 0.0 1.0 1.5858579547121507 0.5734040083471004 1.1401232452427141 -0.09470256390627314 -1.6132708597227747 -1.7487757261622252 -0.7554265873795694 1.8719533745003316 -0.40573877491002236 -0.009978688352612404 1.290375686058667 1.1388125694811548 
7.105427357601002E-15 1.9022410437626102E-13 1.805018225868861E-14 -2.450507523089954E-13 0.0 1.1281087528843824E-13 5.946051714773406E-15 0.0 0.0 1.0 0.4313804161029942 0.8850174902491406 0.17112391744110297 -1.1224273281089987 -0.5064692794825995 -0.45270430551312213 0.967769678356762 -0.23653383397733163 0.18761599317678626 0.44705328891893603 0.16117166925748597 
-8.159540278692888E-15 -2.3800597522708674E-15 1.6570069002908895E-15 -1.7557508755820984E-14 7.105427357601002E-15 -2.2207248650357558E-14 -8.237810740289267E-15 0.0 0.0 2.2737367544323206E-13 1.0 -1.779535146534572 11.12720700633717 10.484505321315144 7.877774942174057 -2.356710505473538 2.1473243519410032 1.071489433680396 -6.730293245532853 -6.337594778719821 -4.1860678689965125 
4.229987109160806E-14 -1.2689865446440036E-14 -9.975887558650858E-15 -4.4040343618260334E-14 -3.6314961931568615E-14 9.185128242350205E-14 4.256894736818567E-14 0.0 -3.552713678800501E-15 -1.1762896365253977E-12 0.0 1.0 -2.527215694602389 -1.4479316918883058 -0.6579985092194041 0.7128376385434099 -0.7974045276837597 -0.5512619021635531 1.8289737661773606 1.2723631447067416 -0.14912882635842903 
-8.847730977637857E-15 8.720714208127798E-15 2.410974418544142E-15 6.812521634944897E-14 -2.211675005918123E-14 2.0221239939335963E-13 -8.574905976544472E-15 0.0 5.551704350579444E-15 -2.3078183360501753E-13 0.0 5.6843418860808015E-14 1.0 -1.055424483436979 -0.8244249076501492 -0.8984127329916434 0.032557366350012024 0.5604804004864423 -0.16129166688458538 -0.6604833789561851 0.9350911872982108 
1.0432281058684794E-14 4.071920552513383E-14 4.245979281993898E-15 3.403920253645593E-13 -1.103857358520437E-13 8.481086874141535E-13 1.1821541304268271E-14 0.0 1.869621611828559E-14 -1.6929655670133291E-12 -1.4210854715202004E-14 1.6373072061155791E-13 0.0 1.0 0.8000678867715455 0.3679531122149046 0.003879734110228852 -0.22871152702382289 -0.1809281502315409 0.03834046571236958 -0.6664236105923748 
-4.8192413351899975E-15 2.9528231351124713E-14 -5.222912801341499E-15 7.231551168598367E-14 1.235360661230606E-14 -2.346008257545817E-13 -8.403987405099127E-15 3.552713678800501E-15 2.635059940479692E-15 -1.0567584078034792E-13 2.905743002632202E-14 2.3866574157876514E-14 -1.1368683772161603E-13 0.0 1.0 -6.789083511623214 8.9497921591651 -0.8649883618327406 -9.164838439628385 2.789998651797022 9.57026429981262 
-7.401277898600445E-14 4.366717060470164E-13 -6.492275921099488E-14 1.0378614314390461E-12 1.8150243456980712E-13 -3.5078325221043826E-12 -1.2705186740433832E-13 5.2631810464956165E-14 -2.1314431505782193E-14 -1.43538158604805E-12 4.2096157086680704E-13 3.324894421772304E-13 -1.6842179348785973E-12 1.1368683772161603E-13 2.8421709430404007E-14 1.0 -1.3351434135115303 0.18921618375722482 1.2705182861216322 -0.4202047202575747 -1.4349163703434498 
-7.233459619789737E-15 -3.8589263562030354E-15 1.2614920538306294E-14 -1.1443885967887125E-13 2.0282985055536138E-14 1.0577347379640844E-13 2.4999275688619964E-15 -1.6918277021201545E-14 -8.141183091771566E-14 1.7315719567929683E-13 -5.0789793547149314E-14 -7.92667383380664E-14 2.979409493117732E-14 1.5845063640484827E-13 3.961265910121207E-14 0.0 1.0 0.6566385656049372 -2.18430353453653 1.6814550156353871 3.1075880365018707 
-1.625744886124503E-14 8.81362044830515E-15 2.3531445358706533E-14 -1.5607421676564422E-13 3.4830429183229865E-14 2.737154722814036E-14 -2.1176654065905767E-15 -2.5308540064844353E-14 -1.1856083299634107E-13 4.824250342022141E-13 -7.409144021029763E-14 -1.1239940590920425E-13 9.175477535814867E-15 2.3526196044375337E-13 5.881549011093834E-14 2.8421709430404007E-14 1.4210854715202004E-14 1.0 -1.8356777384450427 0.5374656902264695 1.6951108704247082 
5.10110870289462E-15 2.553576978168145E-14 3.044377026715216E-15 1.4846731742094842E-14 -1.7632640096815205E-14 -2.5612354658508642E-14 9.261587604846687E-15 6.636100687200876E-15 1.8804687384898427E-14 1.0751544060906387E-13 2.3743303562709005E-14 7.430952654635402E-14 -1.0313133907035935E-14 -3.22511786582689E-14 -8.062794664567225E-15 1.849022253238625E-14 9.245111266193124E-15 -7.105427357601002E-15 1.0 -1.3344305970732393 -0.8553824772047948 
-7.959448489294156E-15 -1.667207691056725E-14 1.993386431786286E-15 -7.160453960011675E-14 6.22515192087542E-14 -6.764407590706695E-14 -5.17270372798073E-15 -2.3638458585124545E-14 -1.8171561597614907E-14 -1.5698137812803884E-13 -5.437897241924346E-14 -1.9024241877520113E-13 -9.735531310943829E-14 2.6084677304785446E-13 6.521169326196362E-14 -1.4080322964113087E-13 -1.3558195959757418E-14 9.203723092580984E-15 0.0 -187.771255600151 -289.14594111933604 

1.0 3.4615384615384617 0.6538461538461539 2.576923076923077 2.6153846153846154 0.34615384615384615 2.3076923076923075 1.4615384615384615 1.4230769230769231 1.4615384615384615 2.923076923076923 0.5384615384615384 1.2692307692307692 3.6153846153846154 3.3846153846153846 2.230769230769231 3.8076923076923075 3.230769230769231 0.34615384615384615 1.7307692307692308 0.6923076923076923 
0.0 1.0 0.04456255110384301 0.4501226492232216 0.9223221586263286 -0.5122649223221585 0.11038430089942763 0.05396565821749798 -0.4076042518397383 -0.3180703188879803 0.5650040883074408 -0.6811120196238756 -0.3937040065412919 0.5609157808667211 1.0122649223221585 0.6434995911692559 1.051103843008994 0.4627964022894522 -0.21463614063777595 0.3937040065412919 0.25102207686017985 
0.0 0.0 1.0 -7.15867807336224 3.106293214578691 -12.371147310441808 -15.789757412398915 -8.30548068283917 -14.661549279268714 -19.659127309660523 -10.486425250986363 -20.612445798663995 -14.658189773038 -10.835892027032301 0.379546076018592 4.326028360482829 -3.3712645025196335 -11.101293019258557 -0.479042150083986 -3.0186726043986076 8.997460838313993 
0.0 -1.4210854715202004E-14 0.0 1.0 -0.5329710891361075 1.103531451723664 1.774910726548551 0.8410589204779562 1.511442452959758 1.3425439500068665 0.7022558714462298 1.7903619008377962 1.5120948358741928 1.5620278807856065 -0.28571796456530674 -0.13866570526026623 -0.12100844664194449 1.353531451723664 -0.04484274138167847 -0.08076672160417529 -0.6475501304765827 
0.0 -4.8430565405182754E-14 -7.105427357601002E-15 0.0 1.0 -12.207196346657438 -8.699562978782675 -5.369474532673739 -13.434621023918943 -25.838056203184312 -12.408926835576787 -23.360984288338123 -9.705836794917568 1.9813247435109154 -0.3544856938642083 10.961413073857036 -11.454785453441376 -3.353377612064206 -1.720951120633799 -7.472954793292251 8.781661249517533 
0.0 -2.859121608456748E-13 -3.883596253508843E-14 -5.6843418860808015E-14 0.0 1.0 0.6378654104782437 0.4596315171794062 1.0190284017577653 2.155434293114235 1.0854803275482083 1.9347630535607767 0.7535871794964348 -0.2511015785525865 0.17761833808496022 -0.906564648725941 0.9829068063902852 0.2364644287763896 0.20428504938895306 0.6752350965266007 -0.775157594108197 
0.0 2.15840032099886E-14 1.1979747716447379E-15 6.426259100871867E-14 0.0 0.0 1.0 -0.8148445161500713 1.5783006953357996 -2.3071694275213828 -3.8268255072406996 -7.934078581016682 2.4913909662357825 1.1881336395331044 -7.24945264223848 0.7836316018063394 0.1471966029641756 2.548241470353186 -4.0286052049527425 -1.8231641511824141 7.149479157432053 
0.0 7.116130829302975E-15 2.152719881430367E-16 3.378961032425035E-14 0.0 -5.6843418860808015E-14 0.0 1.0 -18.681033683276848 -2.0108116466023436 2.28198777495722 5.268357791151694 3.5821393405051825 0.17618289666005024 21.417232169946548 2.9376248497769235 -9.161889291303533 -4.619200127594469E-4 6.7080020119366575 -9.337646906869209 -19.059879846882723 
0.0 -1.207538299384771E-14 -1.5674504706009564E-15 5.517560825566617E-14 0.0 -8.067698811640937E-14 1.1102230246251565E-16 0.0 1.0 1.5858579547121507 0.5734040083471004 1.1401232452427141 -0.09470256390627314 -1.6132708597227747 -1.7487757261622252 -0.7554265873795694 1.8719533745003316 -0.40573877491002236 -0.009978688352612404 1.290375686058667 1.1388125694811548 
7.105427357601002E-15 1.9022410437626102E-13 1.805018225868861E-14 -2.450507523089954E-13 0.0 1.1281087528843824E-13 5.946051714773406E-15 0.0 0.0 1.0 0.4313804161029942 0.8850174902491406 0.17112391744110297 -1.1224273281089987 -0.5064692794825995 -0.45270430551312213 0.967769678356762 -0.23653383397733163 0.18761599317678626 0.44705328891893603 0.16117166925748597 
-8.159540278692888E-15 -2.3800597522708674E-15 1.6570069002908895E-15 -1.7557508755820984E-14 7.105427357601002E-15 -2.2207248650357558E-14 -8.237810740289267E-15 0.0 0.0 2.2737367544323206E-13 1.0 -1.779535146534572 11.12720700633717 10.484505321315144 7.877774942174057 -2.356710505473538 2.1473243519410032 1.071489433680396 -6.730293245532853 -6.337594778719821 -4.1860678689965125 
4.229987109160806E-14 -1.2689865446440036E-14 -9.975887558650858E-15 -4.4040343618260334E-14 -3.6314961931568615E-14 9.185128242350205E-14 4.256894736818567E-14 0.0 -3.552713678800501E-15 -1.1762896365253977E-12 0.0 1.0 -2.527215694602389 -1.4479316918883058 -0.6579985092194041 0.7128376385434099 -0.7974045276837597 -0.5512619021635531 1.8289737661773606 1.2723631447067416 -0.14912882635842903 
-8.847730977637857E-15 8.720714208127798E-15 2.410974418544142E-15 6.812521634944897E-14 -2.211675005918123E-14 2.0221239939335963E-13 -8.574905976544472E-15 0.0 5.551704350579444E-15 -2.3078183360501753E-13 0.0 5.6843418860808015E-14 1.0 -1.055424483436979 -0.8244249076501492 -0.8984127329916434 0.032557366350012024 0.5604804004864423 -0.16129166688458538 -0.6604833789561851 0.9350911872982108 
1.0432281058684794E-14 4.071920552513383E-14 4.245979281993898E-15 3.403920253645593E-13 -1.103857358520437E-13 8.481086874141535E-13 1.1821541304268271E-14 0.0 1.869621611828559E-14 -1.6929655670133291E-12 -1.4210854715202004E-14 1.6373072061155791E-13 0.0 1.0 0.8000678867715455 0.3679531122149046 0.003879734110228852 -0.22871152702382289 -0.1809281502315409 0.03834046571236958 -0.6664236105923748 
-4.8192413351899975E-15 2.9528231351124713E-14 -5.222912801341499E-15 7.231551168598367E-14 1.235360661230606E-14 -2.346008257545817E-13 -8.403987405099127E-15 3.552713678800501E-15 2.635059940479692E-15 -1.0567584078034792E-13 2.905743002632202E-14 2.3866574157876514E-14 -1.1368683772161603E-13 0.0 1.0 -6.789083511623214 8.9497921591651 -0.8649883618327406 -9.164838439628385 2.789998651797022 9.57026429981262 
-7.401277898600445E-14 4.366717060470164E-13 -6.492275921099488E-14 1.0378614314390461E-12 1.8150243456980712E-13 -3.5078325221043826E-12 -1.2705186740433832E-13 5.2631810464956165E-14 -2.1314431505782193E-14 -1.43538158604805E-12 4.2096157086680704E-13 3.324894421772304E-13 -1.6842179348785973E-12 1.1368683772161603E-13 2.8421709430404007E-14 1.0 -1.3351434135115303 0.18921618375722482 1.2705182861216322 -0.4202047202575747 -1.4349163703434498 
-7.233459619789737E-15 -3.8589263562030354E-15 1.2614920538306294E-14 -1.1443885967887125E-13 2.0282985055536138E-14 1.0577347379640844E-13 2.4999275688619964E-15 -1.6918277021201545E-14 -8.141183091771566E-14 1.7315719567929683E-13 -5.0789793547149314E-14 -7.92667383380664E-14 2.979409493117732E-14 1.5845063640484827E-13 3.961265910121207E-14 0.0 1.0 0.6566385656049372 -2.18430353453653 1.6814550156353871 3.1075880365018707 
-1.625744886124503E-14 8.81362044830515E-15 2.3531445358706533E-14 -1.5607421676564422E-13 3.4830429183229865E-14 2.737154722814036E-14 -2.1176654065905767E-15 -2.5308540064844353E-14 -1.1856083299634107E-13 4.824250342022141E-13 -7.409144021029763E-14 -1.1239940590920425E-13 9.175477535814867E-15 2.3526196044375337E-13 5.881549011093834E-14 2.8421709430404007E-14 1.4210854715202004E-14 1.0 -1.8356777384450427 0.5374656902264695 1.6951108704247082 
5.10110870289462E-15 2.553576978168145E-14 3.044377026715216E-15 1.4846731742094842E-14 -1.7632640096815205E-14 -2.5612354658508642E-14 9.261587604846687E-15 6.636100687200876E-15 1.8804687384898427E-14 1.0751544060906387E-13 2.3743303562709005E-14 7.430952654635402E-14 -1.0313133907035935E-14 -3.22511786582689E-14 -8.062794664567225E-15 1.849022253238625E-14 9.245111266193124E-15 -7.105427357601002E-15 1.0 -1.3344305970732393 -0.8553824772047948 
-7.959448489294156E-15 -1.667207691056725E-14 1.993386431786286E-15 -7.160453960011675E-14 6.22515192087542E-14 -6.764407590706695E-14 -5.17270372798073E-15 -2.3638458585124545E-14 -1.8171561597614907E-14 -1.5698137812803884E-13 -5.437897241924346E-14 -1.9024241877520113E-13 -9.735531310943829E-14 2.6084677304785446E-13 6.521169326196362E-14 -1.4080322964113087E-13 -1.3558195959757418E-14 9.203723092580984E-15 0.0 1.0 1.5398839412090692 

1.0000000000000129 -1.602851185111831E-11 5.235560916421263E-13 2.6568517472845398E-11 6.075076441847433E-14 -2.3227549361683267E-10 -1.3381285291247248E-13 -1.7231838219173684E-14 -9.670841145672794E-14 4.197854545868491E-12 -1.3326154302465677E-13 -6.481259517176273E-13 1.4936370563465194E-12 1.2183369521159616E-12 3.487763436152428E-14 1.697138148570676E-14 0.0 5.449096375854024E-15 0.0 0.0 0.5428217769311159 
4.595921618456552E-13 1.0000000000046305 4.6705694867199554E-14 4.446973406452267E-12 2.2523330045952708E-13 -4.480679782435413E-10 1.296538883912861E-12 1.339658990647017E-13 9.506515054862603E-13 -9.295694963516979E-11 5.123669065293923E-13 2.6602456275248626E-12 -3.1184786132611878E-12 -3.058308294907626E-12 -1.8975990409243176E-13 -1.463088645380979E-12 0.0 -1.2742601941715445E-15 0.0 0.0 -2.3922825976806115 
-1.680546222732896E-13 -7.022462910079569E-12 0.999999999998952 -4.1390002536445536E-11 -1.3431059980053346E-13 4.273521860276994E-10 -1.0806046493240241E-12 -1.4315536614432747E-13 -9.622611199984991E-13 9.998313410655675E-11 -3.4133307321121756E-13 -1.5630831633479664E-12 2.6181554642258982E-12 2.311158726894195E-12 4.125837952030002E-14 3.649761695848982E-13 0.0 4.357200777290306E-15 0.0 0.0 1.5789269337463487 
9.358368130126747E-14 3.199152050801325E-12 2.832198590178464E-13 0.9999999999942182 -1.0058620603103918E-13 1.7587904665000323E-10 7.172472842039722E-13 1.7429181345018035E-13 1.2158424733235598E-12 -1.385854860865659E-10 1.8827490611288274E-13 1.036774784569472E-12 -7.505282457618755E-15 -7.55250828421821E-13 5.746725354116215E-15 -3.21660406523192E-14 0.0 1.2584260054456387E-15 0.0 0.0 -1.3678947774015937 
1.9388696458332138E-13 -6.118860885974231E-12 -7.436155875908274E-13 1.5214570786127568E-12 0.9999999999998114 3.9740299939694523E-10 -1.1215728092394702E-12 -9.338141420457101E-14 -6.587482424671347E-13 6.758152728926635E-11 -3.145100445022968E-13 -2.2618420677561192E-12 -7.36342718913288E-13 3.4747346532827017E-13 7.341312547852679E-16 -7.460767482363695E-14 0.0 8.161215154529119E-16 0.0 0.0 0.6433030646332334 
6.310811675284582E-13 1.3156063330850662E-12 9.14658259294147E-13 -1.3172011405799306E-11 -1.6820620517275285E-12 1.0000000000325548 7.832623438730479E-13 1.819001121374915E-13 1.350961614615585E-12 -1.3725283270075753E-10 2.0967669299431624E-13 1.108352441739945E-12 -1.63456740449975E-13 -6.083866245328619E-13 -1.908685023429971E-13 -1.4470666695310115E-12 0.0 -6.050025550923606E-15 0.0 0.0 -1.7531032671339515 
-6.813296449574207E-13 3.5935613775972056E-13 -1.1429506967279186E-12 1.1452355645949572E-11 2.905924647956107E-12 -4.8668512661558696E-11 0.9999999999987721 -1.5132339825640884E-13 -1.0066513747586878E-12 1.0360179622951213E-10 -4.119317922610898E-13 -2.309286669610003E-12 1.961002839937455E-12 2.357967808175076E-12 2.611024015263906E-13 2.006249106488667E-12 0.0 -3.4969809058348445E-15 0.0 0.0 -0.043241280311678176 
-1.3607991674626292E-14 -6.647557636222546E-12 -1.9329229981434358E-13 7.653906216138817E-12 -1.7268903426241564E-12 1.726120314231679E-11 2.3295659658260943E-13 0.9999999999998143 -1.3784529073745944E-12 1.6171143374805722E-10 2.51148133169716E-13 1.3567026051414489E-12 -2.710573297203073E-12 -1.942908107737277E-12 -8.930410405523516E-14 -7.507542996148148E-13 0.0 2.6559309666876965E-17 0.0 0.0 -0.7503475352315725 
-4.680786997243438E-13 2.5151404483584592E-12 -4.762468495698963E-13 7.2308951739478435E-12 1.1404900411547042E-12 -2.3278469267681247E-11 -8.238120942029398E-13 3.7263147276418335E-13 0.9999999999999262 9.28679355638451E-12 -2.5695431908147834E-14 -1.5402120930759455E-13 -1.716761111667853E-13 7.180915438502012E-14 1.5090530475600392E-13 1.283966414686747E-12 0.0 -3.3454333776851837E-15 0.0 0.0 -0.8244865584359271 
-1.2530164368300965E-13 8.33522909655642E-13 -1.5279592340169782E-15 2.1092220737490636E-12 -7.316925471518834E-14 -7.452423901639654E-13 -1.6933328212868596E-13 1.6323618224225513E-14 -2.8208431792240864E-15 0.999999999994144 1.0014211682118912E-13 5.529937121526207E-13 -2.6036934972954754E-13 -7.715715332363586E-13 3.4565574880847015E-14 2.0816261423598189E-13 0.0 6.97932142577524E-15 0.0 0.0 -0.4561665764363164 
5.1263205640305647E-14 -1.1639763176103896E-12 -2.4113764468154428E-14 -6.735357479278283E-12 1.5084982029616273E-12 -9.95284074372247E-12 8.542352751264055E-14 -4.846304861222067E-14 -3.214723287622775E-13 2.656051838849933E-11 0.9999999999997679 -5.95523630408934E-13 3.820554858861405E-12 3.0830085148588083E-12 -4.1470380595506156E-14 -2.1102175593535537E-13 0.0 -4.862460741688643E-16 0.0 0.0 -1.2162958191545061 
3.424282297411723E-13 -1.442810633604506E-12 2.609782742544233E-13 -2.3573953089969617E-12 -1.2561857964135162E-12 1.7295105518512496E-11 5.508779663723645E-13 -1.8894505487549814E-13 1.4139122036856707E-13 -3.202301852289408E-12 -1.6173941270480538E-12 0.9999999999996654 -1.4566126083082054E-12 -8.511531541325245E-13 -9.247875931890139E-14 -7.339121628579098E-13 0.0 -5.698668316300167E-16 0.0 0.0 0.3093022604874244 
-1.585375089034666E-14 2.0008767413326868E-13 -3.074374246486331E-14 8.904692775142614E-13 -1.0222514288567834E-13 -1.301532742015018E-13 -4.21682147679707E-14 3.564371506101495E-14 6.194765486694213E-14 -2.829347752840638E-12 1.8077539389920263E-13 4.344762203651126E-13 0.9999999999994237 -2.1826984664130578E-13 -3.3377328632779468E-15 7.427132328113081E-14 0.0 -3.6013920670307595E-15 0.0 0.0 -0.11050351822870308 
4.2520131653050963E-13 -2.5048229240325924E-12 4.065314193212782E-13 -5.9077709502509166E-12 -1.0843685007643663E-12 2.123925557594278E-11 7.526701684370358E-13 -3.4867383850268857E-13 5.917420535631394E-14 6.993558114568396E-12 -2.5746378044558757E-12 -2.0337893896712142E-12 9.718614343703819E-12 0.9999999999997932 -1.3433698597964394E-13 -1.1510374735413363E-12 0.0 4.441244686669019E-15 0.0 0.0 1.1717445005709215 
-5.005085404191427E-13 2.9866654211444175E-12 -4.565952573025051E-13 7.182417085236507E-12 1.230366878882032E-12 -2.404641798268934E-11 -8.706196056382446E-13 3.7120501171524984E-13 -9.455377231909503E-14 -1.0078732008105005E-11 2.9162510127119634E-12 2.3231664761699667E-12 -1.1545683233840383E-11 6.715058946166774E-13 1.0000000000001679 1.34736666268509E-12 0.0 -2.0980921101975463E-15 0.0 0.0 -0.5872949333842588 
-5.466104448552819E-14 4.419742287597946E-13 -7.74314409958155E-14 1.1661597049798997E-12 7.318367929239287E-14 -3.2750823661422798E-12 -1.157145118162492E-13 9.435559381151835E-14 2.0806718754604254E-14 -1.4902016283549411E-12 5.15377967392474E-13 6.404421437539511E-13 -1.4887518751752677E-12 -3.5025547869936564E-13 -8.756386967484141E-14 1.0000000000001985 0.0 -4.686665361497385E-15 0.0 0.0 -1.393311835224795 
8.612314942661748E-15 1.572188734554313E-14 9.918601510891947E-17 4.170729692263497E-15 -2.12325912900264E-14 6.423099895763001E-14 1.3071844964803086E-14 6.72189633332958E-15 1.5252049993345758E-14 -3.4883110728087977E-14 2.2313005000854195E-14 7.151067610781544E-14 1.5836995584446878E-14 -3.340017657281082E-14 -8.350044143202705E-15 2.5670676025481278E-15 1.0 -2.886579864025407E-15 0.0 0.0 1.1229328991805039 
-2.2112868668489896E-14 2.381007203590157E-14 3.293153226627344E-14 -2.6573679175594093E-13 1.2149488762765917E-13 -1.4898799470207707E-13 4.992800476888387E-15 -5.83263400164141E-14 -1.1878767245602977E-13 3.7962168279942204E-13 -1.3448544464700027E-13 -3.397571773443575E-13 -1.959110421663746E-13 6.748292215323101E-13 1.6870730538307751E-13 -2.068687102708547E-13 5.25701758500468E-15 1.0000000000000044 0.0 0.0 3.0693454104560436 
-5.520222897047872E-15 3.2880402354622264E-15 5.704412873081484E-15 -8.070455678964335E-14 6.543769184963889E-14 -1.158786792596435E-13 2.358973480634391E-15 -2.490778171643791E-14 -5.444000407559978E-15 -1.0196531353571493E-13 -4.882166107093126E-14 -1.7955577792849486E-13 -1.4022704250791582E-13 3.158307364446073E-13 7.895768411115183E-14 -1.6940191526746843E-13 -8.847360263621948E-15 5.176302344128601E-15 1.0 0.0 1.1994857698863162 
-7.959448489294156E-15 -1.667207691056725E-14 1.993386431786286E-15 -7.160453960011675E-14 6.22515192087542E-14 -6.764407590706695E-14 -5.17270372798073E-15 -2.3638458585124545E-14 -1.8171561597614907E-14 -1.5698137812803884E-13 -5.437897241924346E-14 -1.9024241877520113E-13 -9.735531310943829E-14 2.6084677304785446E-13 6.521169326196362E-14 -1.4080322964113087E-13 -1.3558195959757418E-14 9.203723092580984E-15 0.0 1.0 1.5398839412090692 

Solution:

0.5428217769311159
-2.3922825976806115
1.5789269337463487
-1.3678947774015937
0.6433030646332334
-1.7531032671339515
-0.043241280311678176
-0.7503475352315725
-0.8244865584359271
-0.4561665764363164
-1.2162958191545061
0.3093022604874244
-0.11050351822870308
1.1717445005709215
-0.5872949333842588
-1.393311835224795
1.1229328991805039
3.0693454104560436
1.1994857698863162
1.5398839412090692
0.5428217769311159 0
-2.3922825976806115 0
1.5789269337463487 0
-1.3678947774015937 0
0.6433030646332334 0
-1.7531032671339515 0
-0.043241280311678176 0
-0.7503475352315725 0
-0.8244865584359271 0
-0.4561665764363164 0
-1.2162958191545061 0
0.3093022604874244 0
-0.11050351822870308 0
1.1717445005709215 0
-0.5872949333842588 0
-1.393311835224795 0
1.1229328991805039 0
3.0693454104560436 0
1.1994857698863162 0
1.5398839412090692 0
?[1;31m
Start test 9?[0m
Input matrix:

0.11 0.62 0.28 0.94 0.53 0.94 0.06 1.0 0.61 0.45 0.03 0.79 0.87 0.32 0.66 0.5 0.14 0.82 0.44 0.13 0.43 
0.8 0.7 0.16 0.09 0.4 0.63 0.46 1.0 0.9 0.14 0.03 0.8 0.98 0.71 0.67 0.42 0.73 0.01 0.75 0.59 0.64 
0.99 0.01 0.45 0.85 0.17 0.14 0.58 0.27 0.96 0.52 0.74 0.89 0.72 0.93 0.22 0.9 0.41 0.78 0.56 0.67 0.84 
0.19 0.35 0.98 0.28 0.74 0.42 0.82 0.51 0.33 0.84 0.85 0.46 0.71 0.93 0.11 0.88 0.08 0.72 0.68 0.73 0.82 
0.59 0.52 0.17 0.62 0.9 0.66 0.23 0.47 0.29 0.78 0.43 0.99 0.67 0.63 0.38 0.85 0.72 0.6 0.97 0.75 0.96 
0.66 0.24 0.9 0.43 0.39 0.31 0.64 0.17 0.75 0.62 0.38 0.38 0.41 0.38 0.41 0.9 0.29 0.21 0.54 0.87 0.35 
0.06 0.57 0.04 0.74 0.27 0.75 0.0 0.52 0.42 0.85 0.35 0.19 0.57 0.42 0.93 0.77 0.09 0.4 0.83 0.39 0.46 
0.87 0.77 0.71 0.61 0.73 0.28 0.02 0.96 0.29 0.37 0.27 0.43 0.02 0.82 0.16 0.34 0.49 0.9 0.35 0.11 0.18 
0.87 0.7 0.4 0.27 0.35 0.57 0.36 0.89 0.09 0.78 0.64 0.84 0.06 0.69 0.41 0.4 0.64 0.55 0.81 0.69 0.27 
0.34 0.49 0.27 1.0 0.78 0.01 0.58 0.87 0.47 0.27 0.23 0.35 0.55 0.06 0.67 0.74 0.17 0.68 0.75 0.76 0.16 
0.38 0.71 0.29 0.94 0.84 0.46 0.98 0.0 0.89 0.58 0.09 0.04 0.04 0.66 0.21 0.58 0.8 0.96 0.78 0.67 0.11 
0.36 0.37 0.1 0.36 0.46 0.15 0.99 0.38 0.39 0.52 0.76 0.68 0.94 0.31 0.21 0.99 0.78 0.17 0.15 0.06 0.06 
0.94 0.3 0.35 0.24 0.79 0.86 0.7 0.81 0.2 0.23 0.52 0.91 0.55 0.21 0.47 0.44 0.1 0.97 0.61 0.13 0.03 
0.03 0.28 0.32 0.06 0.54 0.08 1.0 0.69 0.29 0.48 0.84 0.37 0.74 0.13 0.2 0.75 0.46 0.03 0.68 0.72 0.33 
0.43 0.78 0.69 0.91 0.8 0.68 0.46 0.9 0.65 0.19 0.81 0.28 0.3 0.75 0.94 0.05 0.65 0.29 0.61 0.74 0.68 
0.01 0.46 0.38 0.72 0.97 0.39 0.88 0.62 0.93 0.26 0.58 0.02 0.95 0.49 0.69 0.64 0.47 0.53 0.43 0.1 0.09 
0.83 0.72 0.84 0.41 0.53 0.53 0.67 0.09 0.49 0.42 0.88 0.14 0.09 0.02 0.49 0.29 0.29 0.17 0.08 0.9 0.45 
0.54 0.57 0.53 0.23 0.78 0.89 0.24 0.98 0.7 0.75 0.46 0.85 0.39 0.58 0.36 0.29 0.54 0.83 0.97 0.62 0.34 
0.3 0.64 0.71 0.07 0.03 0.76 0.25 0.34 0.97 0.93 0.48 0.57 0.98 0.33 0.4 0.18 0.01 0.81 0.38 0.87 0.95 
0.25 0.7 0.07 0.4 0.67 0.84 0.12 0.43 0.61 0.7 0.89 0.88 0.48 0.14 0.32 0.98 0.15 0.87 0.34 0.81 0.37 

1.0 5.636363636363637 2.545454545454546 8.545454545454545 4.818181818181818 8.545454545454545 0.5454545454545454 9.090909090909092 5.545454545454545 4.090909090909091 0.2727272727272727 7.1818181818181825 7.909090909090909 2.909090909090909 6.0 4.545454545454546 1.272727272727273 7.454545454545454 4.0 1.1818181818181819 3.909090909090909 
0.0 -3.8090909090909095 -1.8763636363636367 -6.746363636363637 -3.454545454545455 -6.206363636363637 0.023636363636363622 -6.272727272727273 -3.5363636363636366 -3.132727272727273 -0.1881818181818182 -4.945454545454546 -5.347272727272728 -1.6172727272727276 -4.130000000000001 -3.2163636363636368 -0.2881818181818183 -5.953636363636364 -2.45 -0.3554545454545456 -2.4872727272727273 
0.0 -5.57 -2.0700000000000003 -7.609999999999999 -4.6000000000000005 -8.319999999999999 0.039999999999999925 -8.73 -4.53 -3.53 0.47 -6.220000000000001 -7.11 -1.9499999999999997 -5.720000000000001 -3.6 -0.8500000000000003 -6.6 -3.4 -0.4999999999999999 -3.0300000000000002 
-2.7755575615628914E-17 -0.720909090909091 0.49636363636363623 -1.3436363636363637 -0.17545454545454564 -1.2036363636363638 0.7163636363636363 -1.2172727272727275 -0.7236363636363636 0.06272727272727252 0.7981818181818181 -0.9045454545454548 -0.792727272727273 0.3772727272727272 -1.03 0.016363636363636247 -0.16181818181818186 -0.6963636363636365 -0.08000000000000007 0.5054545454545454 0.07727272727272716 
0.0 -2.805454545454545 -1.331818181818182 -4.421818181818181 -1.9427272727272729 -4.381818181818181 -0.09181818181818177 -4.893636363636364 -2.9818181818181815 -1.6336363636363636 0.2690909090909091 -3.247272727272727 -3.996363636363636 -1.0863636363636364 -3.16 -1.8318181818181816 -0.030909090909090997 -3.7981818181818174 -1.39 0.052727272727272734 -1.3463636363636362 
0.0 -3.4799999999999995 -0.7800000000000001 -5.21 -2.79 -5.33 0.28 -5.83 -2.91 -2.08 0.2 -4.36 -4.81 -1.54 -3.55 -2.1 -0.55 -4.71 -2.1 0.08999999999999997 -2.23 
0.0 0.2318181818181818 -0.11272727272727273 0.2272727272727273 -0.019090909090909047 0.2372727272727273 -0.03272727272727272 -0.025454545454545396 0.08727272727272728 0.6045454545454545 0.3336363636363636 -0.2409090909090909 0.09545454545454546 0.24545454545454545 0.5700000000000001 0.4972727272727273 0.013636363636363627 -0.04727272727272719 0.59 0.3190909090909091 0.2254545454545455 
0.0 -4.133636363636363 -1.5045454545454549 -6.824545454545454 -3.4618181818181823 -7.154545454545454 -0.45454545454545453 -6.949090909090909 -4.534545454545454 -3.189090909090909 0.032727272727272744 -5.818181818181819 -6.860909090909091 -1.710909090909091 -5.0600000000000005 -3.6145454545454547 -0.6172727272727274 -5.585454545454545 -3.13 -0.9181818181818183 -3.2209090909090907 
0.0 -4.203636363636363 -1.814545454545455 -7.164545454545454 -3.8418181818181822 -6.864545454545454 -0.11454545454545456 -7.0190909090909095 -4.734545454545454 -2.7790909090909093 0.4027272727272727 -5.408181818181819 -6.820909090909091 -1.8409090909090908 -4.8100000000000005 -3.5545454545454547 -0.4672727272727274 -5.9354545454545455 -2.67 -0.33818181818181836 -3.130909090909091 
0.0 -1.4263636363636365 -0.5954545454545456 -1.9054545454545457 -0.8581818181818184 -2.895454545454546 0.3945454545454545 -2.220909090909091 -1.4154545454545457 -1.120909090909091 0.13727272727272727 -2.0918181818181822 -2.1390909090909096 -0.9290909090909092 -1.3700000000000006 -0.8054545454545456 -0.2627272727272728 -1.8545454545454545 -0.6100000000000001 0.35818181818181816 -1.1690909090909094 
-5.551115123125783E-17 -1.431818181818182 -0.6772727272727275 -2.3072727272727276 -0.9909090909090913 -2.7872727272727276 0.7727272727272727 -3.454545454545455 -1.2172727272727273 -0.9745454545454549 -0.013636363636363655 -2.6890909090909094 -2.965454545454546 -0.44545454545454566 -2.0700000000000003 -1.1472727272727274 0.3163636363636363 -1.872727272727273 -0.7400000000000002 0.2209090909090909 -1.3754545454545455 
0.0 -1.6590909090909087 -0.8163636363636364 -2.716363636363636 -1.2745454545454546 -2.926363636363636 0.7936363636363637 -2.8927272727272726 -1.606363636363636 -0.9527272727272726 0.6618181818181819 -1.9054545454545453 -1.9072727272727272 -0.7372727272727271 -1.9500000000000002 -0.6463636363636363 0.32181818181818184 -2.5136363636363632 -1.29 -0.3654545454545454 -1.3472727272727272 
0.0 -4.998181818181818 -2.042727272727273 -7.792727272727271 -3.7390909090909092 -7.172727272727271 0.18727272727272726 -7.7354545454545445 -5.012727272727272 -3.6154545454545453 0.26363636363636367 -5.840909090909091 -6.884545454545454 -2.5245454545454544 -5.17 -3.8327272727272725 -1.0963636363636364 -6.037272727272727 -3.15 -0.9809090909090908 -3.6445454545454545 
0.0 0.11090909090909096 0.24363636363636365 -0.19636363636363635 0.3954545454545455 -0.17636363636363633 0.9836363636363636 0.41727272727272724 0.12363636363636363 0.35727272727272724 0.8318181818181818 0.15454545454545454 0.5027272727272727 0.04272727272727274 0.020000000000000018 0.6136363636363636 0.4218181818181818 -0.1936363636363636 0.56 0.6845454545454546 0.21272727272727276 
0.0 -1.6436363636363638 -0.40454545454545476 -2.764545454545454 -1.2718181818181817 -2.994545454545454 0.2254545454545455 -3.0090909090909093 -1.7345454545454548 -1.5690909090909093 0.6927272727272727 -2.8081818181818186 -3.100909090909091 -0.500909090909091 -1.6400000000000001 -1.9045454545454545 0.10272727272727267 -2.915454545454545 -1.1099999999999999 0.2318181818181818 -1.000909090909091 
0.0 0.4036363636363637 0.35454545454545455 0.6345454545454545 0.9218181818181818 0.30454545454545456 0.8745454545454545 0.5290909090909091 0.8745454545454546 0.21909090909090911 0.5772727272727273 -0.05181818181818182 0.8709090909090909 0.4609090909090909 0.6299999999999999 0.5945454545454546 0.4572727272727272 0.4554545454545455 0.39 0.08818181818181818 0.050909090909090904 
0.0 -3.958181818181818 -1.272727272727273 -6.682727272727272 -3.469090909090909 -6.562727272727272 0.21727272727272734 -7.455454545454545 -4.112727272727272 -2.9754545454545456 0.6536363636363637 -5.820909090909091 -6.474545454545455 -2.3945454545454545 -4.489999999999999 -3.4827272727272724 -0.7663636363636364 -6.017272727272727 -3.2399999999999998 -0.08090909090909082 -2.794545454545454 
0.0 -2.4736363636363636 -0.8445454545454547 -4.384545454545454 -1.821818181818182 -3.724545454545454 -0.054545454545454564 -3.929090909090909 -2.294545454545455 -1.459090909090909 0.31272727272727274 -3.0281818181818183 -3.8809090909090904 -0.9909090909090911 -2.8800000000000003 -2.1645454545454546 -0.14727272727272733 -3.1954545454545453 -1.1900000000000002 -0.018181818181818188 -1.7709090909090908 
-5.551115123125783E-17 -1.0509090909090912 -0.053636363636363815 -2.493636363636364 -1.4154545454545455 -1.803636363636364 0.08636363636363636 -2.3872727272727277 -0.6936363636363638 -0.29727272727272747 0.3981818181818182 -1.584545454545455 -1.392727272727273 -0.5427272727272727 -1.4000000000000004 -1.1836363636363638 -0.3718181818181819 -1.4263636363636363 -0.8200000000000002 0.5154545454545454 -0.22272727272727288 
0.0 -0.7090909090909092 -0.5663636363636364 -1.7363636363636363 -0.5345454545454548 -1.2963636363636364 -0.016363636363636386 -1.842727272727273 -0.7763636363636365 -0.322727272727273 0.8218181818181818 -0.9154545454545456 -1.4972727272727275 -0.5872727272727274 -1.1800000000000002 -0.15636363636363648 -0.16818181818181824 -0.9936363636363638 -0.6599999999999999 0.5145454545454546 -0.6072727272727273 

1.0 5.636363636363637 2.545454545454546 8.545454545454545 4.818181818181818 8.545454545454545 0.5454545454545454 9.090909090909092 5.545454545454545 4.090909090909091 0.2727272727272727 7.1818181818181825 7.909090909090909 2.909090909090909 6.0 4.545454545454546 1.272727272727273 7.454545454545454 4.0 1.1818181818181819 3.909090909090909 
0.0 1.0 0.492601431980907 1.7711217183770882 0.9069212410501195 1.6293556085918854 -0.006205250596658707 1.6467780429594274 0.928400954653938 0.8224343675417661 0.04940334128878282 1.298329355608592 1.40381861575179 0.4245823389021481 1.0842482100238666 0.8443914081145586 0.07565632458233894 1.5630071599045345 0.6431980906921241 0.09331742243436758 0.6529832935560859 
0.0 8.881784197001252E-16 0.6737899761336519 2.2551479713603833 0.4515513126491655 0.7555107398568044 0.005436754176610922 0.44255369928401045 0.6411933174224345 1.0509594272076375 0.7451766109785203 1.0116945107398578 0.7092696897374706 0.41492362768496527 0.3192625298329368 1.1032601431980917 -0.4285942720763724 2.105949880668259 0.18261336515513182 0.019778042959427533 0.6071169451073986 
-2.7755575615628914E-17 1.1102230246251565E-16 0.8514844868735083 -0.0668186157517896 0.47835322195704066 -0.02901909307875883 0.711890214797136 -0.030095465393794596 -0.05434367541766094 0.6556276849642004 0.8337971360381861 0.03143198090692134 0.21929832935560856 0.6833579952267304 -0.2483556085918852 0.6250930787589499 -0.10727684964200478 0.430422434367542 0.38368735083532224 0.572727923627685 0.5480143198090692 
0.0 0.0 0.050152744630071355 0.546983293556087 0.6015990453460618 0.18926491646778132 -0.10922673031026248 -0.2736754176610976 -0.37723150357995205 0.6736658711217183 0.40768973747016707 0.395131264916468 -0.058014319809069015 0.10478281622911689 -0.11819093078758947 0.5370835322195706 0.18134128878281622 0.5867637231503582 0.4144630071599045 0.3145250596658712 0.4855513126491646 
0.0 0.0 0.9342529832935559 0.9535035799522662 0.36608591885441477 0.3401575178997609 0.2584057279236277 -0.09921241050119445 0.3208353221957032 0.7820715990453455 0.3719236276849642 0.15818615751789888 0.0752887828162283 -0.06245346062052515 0.22318377088305486 0.8384821002386631 -0.2867159904534606 0.7292649164677796 0.1383293556085916 0.41474463007159906 0.04238186157517854 
0.0 0.0 -0.22692124105011935 -0.18330548926014317 -0.22933174224343672 -0.14044152744630067 -0.03128878281622911 -0.4072076372315035 -0.12794749403341288 0.413890214797136 0.3221837708830549 -0.5418854415274463 -0.22997613365155128 0.14702863961813842 0.3186515513126492 0.30152744630071604 -0.0039021479713603965 -0.40960620525059654 0.44089498806682575 0.2974582338902148 0.07408114558472559 
0.0 8.881784197001252E-16 0.5316897374701668 0.4966276849642002 0.2870644391408108 -0.41938186157517965 -0.4801957040572792 -0.1419093078758955 -0.6968735083532223 0.2105536992840089 0.23694272076372314 -0.45136038186157634 -1.0580334128878288 0.044159904534606165 -0.5781121718377094 -0.12413842482100268 -0.3045369928400955 0.8754486873508354 -0.47125298329355614 -0.5324415274463008 -0.5217136038186161 
0.0 8.881784197001252E-16 0.25617183770883045 0.28060620525059754 -0.029451073985680143 -0.015326968973746524 -0.14063007159904534 -0.09663484486873486 -0.8318854415274459 0.6781241050119329 0.610400954653938 0.04952267303102609 -0.9197661097852032 -0.05611933174224304 -0.25221479713603756 -0.0050310262529831284 -0.1492410501193317 0.6348591885441532 0.03377088305489284 0.054090692124104944 -0.38600477326968985 
0.0 0.0 0.1071742243436754 0.6208090692124104 0.43541766109785196 -0.5714009546539383 0.3856945107398567 0.12799522673031039 -0.09121718377088328 0.05218138424820995 0.20773985680190932 -0.23992840095465406 -0.13673508353222008 -0.3234821002386634 0.17653221957040555 0.3989546539379476 -0.15481384248210028 0.37487112171837733 0.3074343675417661 0.49128639618138426 -0.23769928400954676 
-5.551115123125783E-17 0.0 0.02804295942720758 0.22865155131264947 0.3076372315035799 -0.45433174224343675 0.7638424821002386 -1.096658711217184 0.11202863961813869 0.20303102625298297 0.05710023866348449 -0.8301193317422433 -0.9554415274463008 0.16247016706443917 -0.5175536992840093 0.061742243436754274 0.42468973747016703 0.36521479713603844 0.18094272076372309 0.3545226730310263 -0.4405011933174223 
0.0 0.0 9.069212410499627E-4 0.22208830548925995 0.2301193317422432 -0.2231145584725538 0.7833412887828163 -0.1605727923627689 -0.06606205250596653 0.41176610978520256 0.743782816229117 0.24859188544152744 0.4217899761336512 -0.032852028639618 -0.15113365155131286 0.7545584725536991 0.4473389021479714 0.07953460620525066 -0.22287589498806715 -0.21063245823389018 -0.2639140811455849 
0.0 8.881784197001252E-16 0.41938424821002407 1.0596610978520307 0.7938663484486881 0.9710883054892632 0.15625775656324584 0.4954415274463031 -0.37241050119331653 0.4952219570405729 0.5105632458233891 0.64837708830549 0.13199522673031083 -0.40240572792362705 0.24926968973747066 0.3876945107398577 -0.7182195704057278 1.7749212410501194 0.06482100238663513 -0.5144916467780427 -0.38081622911694524 
0.0 -1.3877787807814457E-17 0.18900238663484487 -0.3927971360381862 0.2948687350835322 -0.357073985680191 0.9843245823389022 0.2346300715990452 0.020668257756563183 0.26605727923627676 0.8263389021479713 0.010548926014319726 0.3470310262529832 -0.004362768496420068 -0.10025298329355614 0.5199856801909307 0.4134272076372315 -0.3669880668257757 0.4886634844868735 0.6741957040572792 0.1403054892601432 
0.0 0.0 0.40511217183770876 0.14653460620525127 0.2188305489260145 -0.3164773269689731 0.215255369928401 -0.3023866348448685 -0.20859188544152762 -0.21730787589498823 0.773928400954654 -0.674200477326969 -0.7935417661097852 0.1969498806682578 0.1421097852028641 -0.5166730310262528 0.22707875894988067 -0.34643914081145555 -0.052816229116944946 0.3851980906921242 0.07235799522673014 
0.0 0.0 0.1557136038186157 -0.08034367541766119 0.5557517899761335 -0.3531217183770884 0.8770501193317423 -0.1356085918854416 0.49980906921241053 -0.11287350835322196 0.5573317422434367 -0.5758711217183772 0.30427684964200463 0.28953221957040565 0.19235799522673008 0.25371837708830547 0.4267350835322195 -0.1754319809069213 0.130381861575179 0.05051551312649163 -0.21265871121718377 
0.0 0.0 0.6770787589498806 0.32769451073985767 0.12066825775656342 -0.11344152744629987 0.19271121718377096 -0.937207637231503 -0.4379474940334127 0.2798902147971356 0.849183770883055 -0.681885441527446 -0.9179761336515515 -0.7139713603818614 -0.1983484486873497 -0.1404725536992837 -0.46690214797136026 0.16939379474940353 -0.694105011933174 0.28845823389021497 -0.20991885441527414 
0.0 0.0 0.3739713603818615 -0.003434367541765404 0.4215751789976132 0.30588782816229143 -0.06989498806682579 0.1444391408114556 0.0019809069212404218 0.5753126491646778 0.4349331742243437 0.18341288782816223 -0.4083723150357992 0.059353221957040625 -0.197964200477327 -0.0758281622911694 0.039873508353221954 0.670856801909308 0.40103818615751763 0.2126515513126492 -0.15566587112171848 
-5.551115123125783E-17 2.220446049250313E-16 0.46404295942720775 -0.6323484486873503 -0.46236276849641955 -0.0913317422434361 0.07984248210023867 -0.6566587112171833 0.28202863961813873 0.5670310262529835 0.45010023866348453 -0.22011933174224296 0.08255847255369964 -0.09652983293556056 -0.2605536992840092 -0.2962577565632455 -0.29231026252983294 0.21621479713603908 -0.14405727923627676 0.6135226730310263 0.4634988066825777 
0.0 1.1102230246251565E-16 -0.21706443914081136 -0.4804773269689733 0.10854415274463003 -0.14100238663484466 -0.020763723150358016 -0.6750119331742244 -0.11804295942720755 0.260453460620525 0.8568496420047732 0.005178997613365266 -0.5018377088305489 -0.2862052505966587 -0.4111694510739855 0.44238663484486884 -0.11453460620525062 0.11467780429594299 -0.2039140811455845 0.5807159904534608 -0.14424821002386629 

1.0 5.636363636363637 2.545454545454546 8.545454545454545 4.818181818181818 8.545454545454545 0.5454545454545454 9.090909090909092 5.545454545454545 4.090909090909091 0.2727272727272727 7.1818181818181825 7.909090909090909 2.909090909090909 6.0 4.545454545454546 1.272727272727273 7.454545454545454 4.0 1.1818181818181819 3.909090909090909 
0.0 1.0 0.492601431980907 1.7711217183770882 0.9069212410501195 1.6293556085918854 -0.006205250596658707 1.6467780429594274 0.928400954653938 0.8224343675417661 0.04940334128878282 1.298329355608592 1.40381861575179 0.4245823389021481 1.0842482100238666 0.8443914081145586 0.07565632458233894 1.5630071599045345 0.6431980906921241 0.09331742243436758 0.6529832935560859 
0.0 8.881784197001252E-16 1.0 3.346959811276646 0.6701662664088023 1.1212852173789871 0.008068915194921951 0.6568125305506566 0.951621929880489 1.559773021911461 1.1059479027196277 1.5014983104159147 1.052656932962121 0.6158055809406427 0.47383092824403844 1.6373947109288114 -0.6360947583930177 3.125528659171573 0.27102416424032544 0.029353424152906055 0.9010477546596387 
-2.7755575615628914E-17 -1.0113899813920487E-15 0.0 -2.9167029732429386 -0.09228295751599314 -0.9837760610375559 0.7050196586827621 -0.589361145941811 -0.8646349860795268 -0.6724948462372213 -0.10790034641786872 -1.2470705374790136 -0.6770227190614839 0.1590090961256445 -0.6518152933925584 -0.7691231164856656 0.434347969311202 -2.230916732195609 0.15291447941682731 0.5477339383248673 -0.21921386521581998 
0.0 -6.611048998497557E-17 0.0 0.37912407285401756 0.5679883677271728 0.13302938530309893 -0.1096314085534751 -0.30661636877563564 -0.4249579552136239 0.595438973072918 0.35222341473090657 0.319827003591695 -0.1108079541509924 0.0738984761864281 -0.1419548523296424 0.45496369342372844 0.21324318676102816 0.43000988247295696 0.4008704014621809 0.31305290488031234 0.44036129471022056 
0.0 -1.2315162998762147E-15 0.0 -2.173403608696577 -0.2600189148407127 -0.7074065415595212 0.25086731983082916 -0.7128414766327352 -0.5682203047627148 -0.675150999936242 -0.6613114997980993 -1.2445931183984031 -0.9081590971882778 -0.6377716617431419 -0.21949418740569288 -0.6912587932756686 0.30755743523260975 -2.19076955773277 -0.11487577837757512 0.3873211059868655 -0.7994246913055489 
0.0 2.9912369790480194E-16 0.0 0.5761907848596266 -0.0772567813600264 0.11400190565249196 -0.02945777456626926 -0.25816292266167906 0.08799573530557736 0.7678358446857798 0.5731468415049694 -0.20116358149320962 0.008894083976225486 0.2867680062907788 0.4261738535977165 0.6730870861935834 -0.14824555997137978 0.2996426370263323 0.5023961277708118 0.3041191493280628 0.27854802031751424 
0.0 1.8731410363117362E-16 0.0 -1.2829164984166785 -0.06925608710744707 -1.015557704432592 -0.4844858634589363 -0.49112978981149 -1.202841122422233 -0.6187616092491445 -0.35107842928895716 -1.249691624338513 -1.6177203012206098 -0.28325760312838766 -0.8300432136810276 -0.9947243888097821 0.03366806225603719 -0.7863628248995804 -0.6153537500265661 -0.5480484418280098 -1.0007914479416826 
0.0 5.504970856834045E-16 0.0 -0.5767906403417412 -0.2011287980220887 -0.3025686637054671 -0.1426971004328452 -0.2648917178500839 -1.0756641801089546 0.278554183580218 0.3270882480040241 -0.33511890846492276 -1.189427170779051 -0.21387137908316142 -0.37359693678759387 -0.424485438406336 0.013708513095162134 -0.16581323188744546 -0.03565787516205121 0.04657117151580823 -0.6168278324442649 
0.0 -1.4127522905041053E-16 0.0 0.2621012475293817 0.36359311131419164 -0.6915738280945607 0.3848297310125461 0.057601853229337155 -0.19320652597425617 -0.11498607952734152 0.08921074816341863 -0.4008503177268189 -0.24955277382242771 -0.38948058572248323 0.125749757365807 0.2234681458497156 -0.086640880142251 0.03989501200773621 0.2783875629609164 0.48814046571596564 -0.3342683782118039 
-5.551115123125783E-17 -3.696574937296398E-17 0.0 0.13479289312052414 0.2888437860851947 -0.4857758981007233 0.7636162058388059 -1.1150776783626974 0.08534234444845916 0.15929037468386692 0.02608618649891265 -0.8722257879412575 -0.9849611431081263 0.14520115614307275 -0.5308413207801129 0.01582484999185333 0.44252771697164184 0.2775657237583155 0.1733424011221388 0.35369951614845674 -0.46576923894331906 
0.0 -1.1954880648275673E-18 0.0 0.21905287654347258 0.2295115437202019 -0.22413147585347012 0.7833339709122338 -0.16116846959811307 -0.0669250986476241 0.41035151850041435 0.7427798085846459 0.2472301447304106 0.42083529920160934 -0.033410515801330185 -0.1515633788848038 0.7530734845103749 0.44791578999567855 0.07669999787473755 -0.22312169255945452 -0.210659079477752 -0.2647312604934861 
0.0 3.353532783115301E-16 5.551115123125783E-17 -0.3440011263893894 0.5128091726351138 0.5008389475697632 0.15287378063035306 0.21998469810639248 -0.7715057488364176 -0.1589222791320426 0.04674611608186524 0.018672348203090272 -0.3094725097230779 -0.6606648885299555 0.05055246211718675 -0.2990030391260915 -0.45145144836673523 0.46412375406456485 -0.048842262980043835 -0.5268020104987992 -0.758701464306208 
0.0 -2.6301750051792247E-16 2.7755575615628914E-17 -1.0253805283403823 0.16820571129010528 -0.5689995678631904 0.9827995381095078 0.11049093575329914 -0.15919055816490624 -0.028743544513633534 0.6173121090401605 -0.27323783818247527 0.14807635361542648 -0.12075149299725865 -0.18980815959308334 0.21051417196211347 0.5336506350994268 -0.9577204429048096 0.43743927060973786 0.6686478368364751 -0.02999468684249665 
0.0 -5.340119344736735E-16 0.0 -1.2093595519945586 -0.05266196275122392 -0.770723616630892 0.21198655416941187 -0.5684693855864664 -0.5941055122238044 -0.8491909123754063 0.3258954441445466 -1.2824757188702103 -1.2199859024220914 -0.05252045565638791 -0.049844891221955845 -1.1800015585262011 0.4847684880170587 -1.6126288440694532 -0.16261141691284306 0.37330666128266693 -0.292667417592927 
0.0 -2.0525900868848222E-16 0.0 -0.6015108494676216 0.4513977854759524 -0.5277210804837104 0.8757936794678342 -0.237883238050709 0.35162858903789357 -0.3557513867341082 0.3851206086753237 -0.8096748347608018 0.14036384502582183 0.1936429133105219 0.11857607378913096 -0.001246254223960297 0.5257836907317279 -0.6621193122648927 0.08817971223938953 0.04594478566722623 -0.352964104307908 
0.0 -8.92513636945737E-16 0.0 -1.9384608845344604 -0.33308708619358346 -0.8726399308581115 0.18724792609752136 -1.381921450279472 -1.0822704893063846 -0.7761989671221814 0.1003699374464262 -1.6985180541091962 -1.630707783421532 -1.130920238879562 -0.5191693055348932 -1.2491177324860618 -0.03621589838409173 -1.9468352708647694 -0.8776097167024421 0.26858365389383587 -0.8199991498947987 
0.0 -4.929626495529556E-16 0.0 -1.255101481308311 0.17095218866668038 -0.11344072995699966 -0.07291253125907662 -0.10118993475442645 -0.35389844076537846 -0.007997789726478355 0.02134033253281792 -0.3781044779291439 -0.8020358602710416 -0.17094042887807404 -0.37516339730375026 -0.6881668898192819 0.2777547304812302 -0.4980014026735806 0.29968291076020603 0.20167421135032113 -0.49263192570080533 
-5.551115123125783E-17 -3.8964888559266177E-16 1.1102230246251565E-16 -2.1854815845960935 -0.7733487060690427 -0.6116562528779611 0.07609815881381993 -0.9614479416827832 -0.1595648169794341 -0.15677066286952968 -0.06310709908684503 -0.9168790512825962 -0.4059195658796107 -0.38229007714704727 -0.4804316054945137 -1.0560792439731084 0.0028650316309976054 -1.2341647716404898 -0.269824134486643 0.5999014232177896 0.04537394002507844 
0.0 3.971529327153735E-16 0.0 0.24602862729262776 0.2540134174937483 0.10238876019240795 -0.01901224859909751 -0.532441289609589 0.08852032105639734 0.5990247168087048 1.0969116032275659 0.3311008862346717 -0.27334332206943945 -0.15253575754999657 -0.30831760638712324 0.7978067994247623 -0.2526081581762409 0.7931189297175526 -0.14508437294115112 0.5870875750040737 0.05133721548041559 

1.0 5.636363636363637 2.545454545454546 8.545454545454545 4.818181818181818 8.545454545454545 0.5454545454545454 9.090909090909092 5.545454545454545 4.090909090909091 0.2727272727272727 7.1818181818181825 7.909090909090909 2.909090909090909 6.0 4.545454545454546 1.272727272727273 7.454545454545454 4.0 1.1818181818181819 3.909090909090909 
0.0 1.0 0.492601431980907 1.7711217183770882 0.9069212410501195 1.6293556085918854 -0.006205250596658707 1.6467780429594274 0.928400954653938 0.8224343675417661 0.04940334128878282 1.298329355608592 1.40381861575179 0.4245823389021481 1.0842482100238666 0.8443914081145586 0.07565632458233894 1.5630071599045345 0.6431980906921241 0.09331742243436758 0.6529832935560859 
0.0 8.881784197001252E-16 1.0 3.346959811276646 0.6701662664088023 1.1212852173789871 0.008068915194921951 0.6568125305506566 0.951621929880489 1.559773021911461 1.1059479027196277 1.5014983104159147 1.052656932962121 0.6158055809406427 0.47383092824403844 1.6373947109288114 -0.6360947583930177 3.125528659171573 0.27102416424032544 0.029353424152906055 0.9010477546596387 
-2.7755575615628914E-17 -1.0113899813920487E-15 0.0 1.0 0.031639477301107645 0.3372904509175111 -0.2417180169357065 0.20206416332017837 0.2964425908333689 0.23056679147877285 0.03699394398665821 0.42756171914634744 0.23211918569436493 -0.05451672576342257 0.22347674733153822 0.2636960717431283 -0.14891745004403786 0.7648762155973541 -0.05242716890256714 -0.1877921555090229 0.07515810393681838 
-3.607774589438259E-18 -1.9757478117495983E-16 0.0 -5.551115123125783E-17 0.5559930802298045 0.0051544558164840215 -0.017990289490613653 -0.38322375735142106 -0.5373464776177678 0.5080255520226027 0.33819812001575134 0.15772806323246621 -0.19880992521899804 0.09456707929652242 -0.22668026696614335 0.3549901647088684 0.2697013769407585 0.14002689638652044 0.42074680326472763 0.38424943172692816 0.4118670482377084 
2.068228021771694E-17 -4.778712919606441E-16 0.0 0.0 -0.19125356069721192 0.025661741643493108 -0.27448349046421566 -0.273674494884405 0.07606909192589195 -0.17403630329068587 -0.5809087284375773 -0.3153289350652193 -0.40367042135243414 -0.7562585102516862 0.26621098170444546 -0.11814079935004207 -0.016100288090994397 -0.5283848305472998 -0.22882117646415953 -0.02082704248135364 -0.6360757969864754 
-5.483076969067803E-18 9.932495510394941E-17 0.0 -1.1102230246251565E-16 -0.09548715661869996 -0.0803417439873261 0.109817919326628 -0.37459043151713645 -0.08281175377252262 0.6349853841410598 0.5518312718842437 -0.4475207040240748 -0.12485085180998806 0.3181800412963823 0.29740861115488104 0.5211478396515099 -0.06244069755121136 -0.1410719899591681 0.5326041793687502 0.41232325880128773 0.23524261342159747 
1.220833461857486E-17 6.32175615195561E-16 0.0 0.0 -0.028665279676576068 -0.5828422201921162 -0.7945898953503163 -0.23189834094927092 -0.8225300318087193 -0.32296366847402874 -0.3036182882069709 -0.7011656407542657 -1.3199307682942645 -0.35319801004994006 -0.5433412075169018 -0.6564243478028546 -0.15738059130760051 0.19490949133677737 -0.6826134299769473 -0.7889700964037658 -0.9043698764114227 
5.488785241163048E-18 7.505038331492708E-16 0.0 1.1102230246251565E-16 -0.1828794436495048 -0.10802268853960123 -0.28211779020332717 -0.14834299969852005 -0.904678868317611 0.4115429508788001 0.3484260086448552 -0.08850531069288531 -1.0555429970267947 -0.24531611624558103 -0.24469764059274643 -0.2723880123300153 -0.07218567827379774 0.2753602102891201 -0.06589737548466754 -0.06174558611139693 -0.5734773415476763 
-2.494176150773407E-18 -2.321609237177826E-16 0.0 0.0 0.3553003648423938 -0.779978076059788 0.448184324801723 0.004640583942137677 -0.2709044988525242 -0.1754179232127747 0.07951458929348346 -0.5129147777108837 -0.31039150196842497 -0.37519168388867297 0.06717622309640243 0.15435307647724433 -0.04760943070681431 -0.16057999830588257 0.2921287893347128 0.5373610239511122 -0.35396741101558693 
-5.679385103709249E-17 -8.370625840510954E-17 0.0 -2.7755575615628914E-17 0.2845790094029572 -0.5312402538018208 0.7961980766609256 -1.1423144915326024 0.045383989985885595 0.1282116098029265 0.021099665761012375 -0.9298580690525786 -1.0162491596966499 0.1525496233321827 -0.5609643980980953 -0.01971950642292023 0.46260073089920883 0.17446584577887037 0.1804092108966342 0.3790125640948573 -0.4759000172144159 
-2.084524456037906E-18 -7.715381730287449E-17 0.0 -5.551115123125783E-17 0.22258082520506237 -0.29801591935759586 0.8362829978343841 -0.2054312058197482 -0.1318617008996732 0.3598451995915901 0.7346761787396803 0.15357152025153087 0.36998892387433024 -0.02146847020312083 -0.20051660322835607 0.6953101014618287 0.4805365857953439 -0.09084833735154818 -0.2116373704023167 -0.1695226676212014 -0.2811948593563995 
3.2735418597480024E-18 4.546384081343225E-16 5.551115123125783E-17 5.551115123125783E-17 0.5236931884650664 0.6168672426057721 0.06972251053586052 0.2894949978914634 -0.6695291636799499 -0.07960704315535727 0.059472074482861646 0.16575406119041755 -0.2296232483876285 -0.6794187035996343 0.12742871492107288 -0.20829129342199812 -0.5026792189209199 0.7272420337785082 -0.0668772681359337 -0.5914027235209944 -0.7328469918946516 
9.757602008236617E-18 9.254136268880742E-17 2.7755575615628914E-17 0.0 0.20064821524152857 -0.2231485070972271 0.7349465901945836 0.31768359429720094 0.1447759022464053 0.2076751539506173 0.6552449788705946 0.1651756232939286 0.3860868468806537 -0.1766518820639446 0.03934054565751943 0.48090298932736575 0.38095358149416875 -0.17343126484060256 0.3836814724610331 0.476089417202454 0.04707096948129956 
1.1508360912920514E-17 -1.1465687980791493E-16 0.0 2.220446049250313E-16 -0.01439845865701437 -0.36281818801724813 -0.08033743850096725 -0.32410115955942015 -0.23559983338145513 -0.5703527607278148 0.3706344236707633 -0.7653998697533603 -0.9392703480014124 -0.11845077870185085 0.2204188478121144 -0.8610981953402065 0.304673747347629 -0.6876184866433437 -0.22601471440919474 0.14619842422818255 -0.20177424668713587 
5.724024701581832E-18 3.3196681363867223E-18 0.0 1.1102230246251565E-16 0.4704292743440532 -0.32483721483500116 0.7303976697692084 -0.11633945152502426 0.5299420236684559 -0.21706296013268758 0.40737286734789613 -0.5524918218772458 0.2799860535905719 0.16085051128637223 0.25299976191278556 0.1573697938915237 0.4362082288551866 -0.20203797008334867 0.05664420133762389 -0.06701423331636183 -0.30775568936449654 
1.844654671806163E-17 -2.2033688945927817E-16 0.0 2.220446049250313E-16 -0.27175519703827034 -0.21881558502752596 -0.28131299481958394 -0.9902279735171234 -0.5076281224658452 -0.32925426056796686 0.17208125082922196 -0.8697063858196931 -1.1807538214030147 -1.2365987793248487 -0.08596837222971543 -0.7379532120066148 -0.3248865503190737 -0.46415264541855183 -0.97923773290695 -0.09544409398281756 -0.6743081052575008 
1.1943644721220337E-17 -5.774621665915118E-17 0.0 0.0 0.21066294349512127 0.3098930146207166 -0.3762931723739892 0.15242109594805392 0.018167094112456317 0.28138693179903385 0.06777148642990932 0.15852886912216468 -0.5107027264659653 -0.23936445213982466 -0.09467740068997355 -0.3572015595592989 0.0908482183383019 0.4619958685401534 0.233881493409793 -0.03402400120713417 -0.3983008781173806 
-3.4713936041952044E-17 3.6818425664180515E-16 1.1102230246251565E-16 4.440892098500626E-16 -0.7042012110812258 0.12548581626237187 -0.45217211586425327 -0.5198404338397159 0.4883050061768483 0.3471288139267359 0.01774248423757588 0.017549212189993058 0.1013726398868649 -0.5014353773554827 0.007972710383997272 -0.4797763352481711 -0.3225913130652559 0.4374581120430787 -0.3844027466557125 0.18948512562121422 0.2096305921121542 
-2.3412278285016644E-18 3.118405470997963E-16 0.0 0.0 0.2462292003251005 0.01940565355426127 0.0404573032994905 -0.5821548583362859 0.015586957362593495 0.5422986856019169 1.087810033970388 0.22590846339021983 -0.3304512866941066 -0.13912308234593307 -0.363299283764923 0.7329300168713422 -0.21597020236198777 0.6049374843453557 -0.13218578854321378 0.6332898212402823 0.03284617033892352 

1.0 5.636363636363637 2.545454545454546 8.545454545454545 4.818181818181818 8.545454545454545 0.5454545454545454 9.090909090909092 5.545454545454545 4.090909090909091 0.2727272727272727 7.1818181818181825 7.909090909090909 2.909090909090909 6.0 4.545454545454546 1.272727272727273 7.454545454545454 4.0 1.1818181818181819 3.909090909090909 
0.0 1.0 0.492601431980907 1.7711217183770882 0.9069212410501195 1.6293556085918854 -0.006205250596658707 1.6467780429594274 0.928400954653938 0.8224343675417661 0.04940334128878282 1.298329355608592 1.40381861575179 0.4245823389021481 1.0842482100238666 0.8443914081145586 0.07565632458233894 1.5630071599045345 0.6431980906921241 0.09331742243436758 0.6529832935560859 
0.0 8.881784197001252E-16 1.0 3.346959811276646 0.6701662664088023 1.1212852173789871 0.008068915194921951 0.6568125305506566 0.951621929880489 1.559773021911461 1.1059479027196277 1.5014983104159147 1.052656932962121 0.6158055809406427 0.47383092824403844 1.6373947109288114 -0.6360947583930177 3.125528659171573 0.27102416424032544 0.029353424152906055 0.9010477546596387 
-2.7755575615628914E-17 -1.0113899813920487E-15 0.0 1.0 0.031639477301107645 0.3372904509175111 -0.2417180169357065 0.20206416332017837 0.2964425908333689 0.23056679147877285 0.03699394398665821 0.42756171914634744 0.23211918569436493 -0.05451672576342257 0.22347674733153822 0.2636960717431283 -0.14891745004403786 0.7648762155973541 -0.05242716890256714 -0.1877921555090229 0.07515810393681838 
-3.607774589438259E-18 -1.9757478117495983E-16 0.0 -5.551115123125783E-17 1.0 0.009270719366423711 -0.032357038478208866 -0.6892599404169311 -0.9664625275474116 0.9137263935238621 0.6082775704258161 0.283687097629477 -0.35757625820959027 0.1700867918309985 -0.4077033960071072 0.6384794655396482 0.4850804560900017 0.25185007037973234 0.7567482730015693 0.6911047014615885 0.7407772918099528 
1.9441258052229202E-17 -5.458341529157938E-16 0.0 -1.909503141116676E-17 0.0 0.02743479973254624 -0.2806718892867898 -0.40549791273509117 -0.1087703077479778 7.171229737746587E-4 -0.46457347720139097 -0.26107276751972425 -0.4720581539558039 -0.7237288056864423 0.18823625550974077 0.003970671866468475 0.07667307636084598 -0.48021760782533257 -0.08409037470114358 0.11134919248775882 -0.4943995022441844 
-6.102682049627922E-18 6.539314058179551E-17 0.0 -1.2055587793347762E-16 -1.3877787807814457E-17 -0.07945650935521639 0.10672823772574197 -0.44040590339872376 -0.17509651250654693 0.7222345193861126 0.609913967519136 -0.4204322297020245 -0.1589947919807759 0.334421145426721 0.25847817312637456 0.5821144283753181 -0.016121744067874956 -0.11702354284438798 0.6048639202337818 0.4783148816696703 0.30597733070423083 
1.2022328944594985E-17 6.219892719463291E-16 0.0 -2.8619828767563417E-18 0.0 -0.5825764724286746 -0.7955174189077999 -0.2516561699111824 -0.8502339504577965 -0.296771445855798 -0.2861818415297267 -0.6930336707600806 -1.330180791741546 -0.34832242459281293 -0.5550281393885355 -0.6381221553554098 -0.14347562436813954 0.20212884404077777 -0.6609210290865913 -0.7691593868505727 -0.8831352881636338 
4.302101749604872E-18 6.8551675445125E-16 0.0 9.276335497827724E-17 0.0 -0.10632726453963898 -0.2880352273983676 -0.27439447413185925 -1.081424997663576 0.5786447253743126 0.4596674723088009 -0.036624772107863794 -1.1209363441904363 -0.21421073838339888 -0.31925821082853995 -0.15562324289049123 0.01652556566118983 0.3214184110432542 0.07249632766458305 0.0646432571954555 -0.4380044025532852 
-1.8867330644535238E-19 -1.0590325193865768E-16 0.0 3.54737009984642E-17 0.0 -0.7832719660330297 0.45968079237825 0.24953489224351988 0.07247998979157322 -0.5000652441979276 -0.13660665340425387 -0.6137089069997166 -0.18334452696757952 -0.435623583081099 0.21203338844521058 -0.0724989105733693 -0.2199586937335067 -0.250062420197384 0.023255851843403785 0.2918112713775161 -0.6171658530626236 
-5.4947250862883225E-17 1.7420243900524867E-17 0.0 6.572032298914566E-19 0.0 -0.5338785059355705 0.8054062106182677 -0.9461655804676109 0.3204189387004063 -0.13181574213143088 -0.1520033626728039 -1.0105894622763751 -0.9144904623493486 0.10414649260039015 -0.44494056953217115 -0.2014173602503229 0.32455701522438146 0.10279460223214108 -0.03494546300155105 0.18233867275919194 -0.6867096851058976 
-6.402233058525193E-19 1.941335851649938E-18 0.0 -3.3288360537478896E-17 0.0 -0.300079403724419 0.8434850541600558 -0.05201515950095556 0.08325432601160002 0.15646722490940332 0.5992852551605716 0.09042821196113278 0.44957854250035933 -0.05932652868534614 -0.10976964490618782 0.5531968151455267 0.3725669775879833 -0.14690533384462204 -0.3800750254795119 -0.3233493223756201 -0.4460776802606301 
6.671726199066127E-18 6.407352693956831E-16 5.551115123125783E-17 1.0779743467141913E-16 1.1102230246251565E-16 0.6120122300214048 0.08666767118580056 0.6504557337696477 -0.1633993210966388 -0.5581193315645546 -0.2590787458452179 0.017189060506436177 -0.0423629976064403 -0.7684919979294039 0.34094020632407046 -0.542658640499928 -0.7567125496327816 0.5953498674061948 -0.46318118408955805 -0.9533295481926116 -1.1207870137851228 
1.1059584997063247E-17 1.6384265874649556E-16 2.7755575615628914E-17 2.00330072740308E-17 0.0 -0.2250086603921051 0.7414389722157377 0.4559823711793405 0.33869488349661014 0.02433758387097576 0.5331951699932014 0.10825431346752476 0.45783388490315197 -0.21077949328099185 0.12114550441425564 0.35279322409847025 0.28362305373116325 -0.22396453197074923 0.2318412820961592 0.3374204923091568 -0.10156467201182047 
1.1414930985252379E-17 -1.1977344046230384E-16 0.0 2.2060704204083825E-16 0.0 -0.3626847039477299 -0.08080332998175917 -0.3340254403154495 -0.24951540412790013 -0.5571965090268387 0.3793926831205286 -0.7613152128066139 -0.9444188949719731 -0.11600179106156801 0.2145485473203817 -0.8519050751522812 0.31165815823996657 -0.683992233817215 -0.21511870568661462 0.1561492666998455 -0.19110819547695518 
8.7765856820258E-18 1.7048894459285841E-16 0.0 1.5799063987586994E-16 5.551115123125783E-17 -0.32919843261919524 0.7456193679004348 0.20790860207973796 0.9845942891833043 -0.6469066043871269 0.1212212912927158 -0.6859465373558512 0.4482003932627712 0.08083670522980758 0.4447953746440152 -0.14298963776587195 0.20801218189828477 -0.32051561593558486 -0.2993523395916199 -0.3921301165207005 -0.6562390132012055 
1.668315877442531E-17 -3.169063891476596E-16 0.0 1.9491217400622106E-16 0.0 -0.21629621885941697 -0.2901061881868045 -1.177537944435713 -0.7702693370695969 -0.08094436445682154 0.33738384183424996 -0.7926129427061794 -1.2779270279089694 -1.1903768096972085 -0.19676388894479882 -0.5644430990439981 -0.19306341539492125 -0.39571107991840543 -0.7735874568690377 0.09236720033695145 -0.4729980263602108 
1.331061211974233E-17 1.7113860638066843E-17 0.0 2.1032892190575725E-17 0.0 0.3079400175906686 -0.3694767434053848 0.2976226238295565 0.2217649349433288 0.08889864019011554 -0.06037005701805401 0.09876651010395121 -0.4353746593875615 -0.2751954363565847 -0.008789403214159261 -0.4917055231310731 -0.011340258373573789 0.40894039139450555 0.07446267473443277 -0.17961415188034946 -0.5543552028844096 
-3.928341599688315E-17 1.1794301240723962E-16 1.1102230246251565E-16 3.737807450227528E-16 0.0 0.13201426806780162 -0.47495798154760976 -1.0052181186310922 -0.19227907618666157 0.9905760468431204 0.4460922860049812 0.21732200990878872 -0.1504329941982217 -0.38166005255917324 -0.27913251484613627 -0.030158322364656986 0.0190029315851567 0.6148112366153782 0.14850030367561884 0.676161893374394 0.7312868581461935 
-7.434751159257645E-19 3.9933926264677667E-16 0.0 2.4583878581993943E-17 2.7755575615628914E-17 0.017122931738228337 0.048424551008868374 -0.41243893439129853 0.25355825266476806 0.3173125664085982 0.9380343342287443 0.156056416198365 -0.24240557057991755 -0.18100341708434167 -0.2629108025962652 0.575717728647517 -0.33541117515836394 0.5429246429139339 -0.31851931065179107 0.4631196632584781 -0.1495548298424348 

1.0 5.636363636363637 2.545454545454546 8.545454545454545 4.818181818181818 8.545454545454545 0.5454545454545454 9.090909090909092 5.545454545454545 4.090909090909091 0.2727272727272727 7.1818181818181825 7.909090909090909 2.909090909090909 6.0 4.545454545454546 1.272727272727273 7.454545454545454 4.0 1.1818181818181819 3.909090909090909 
0.0 1.0 0.492601431980907 1.7711217183770882 0.9069212410501195 1.6293556085918854 -0.006205250596658707 1.6467780429594274 0.928400954653938 0.8224343675417661 0.04940334128878282 1.298329355608592 1.40381861575179 0.4245823389021481 1.0842482100238666 0.8443914081145586 0.07565632458233894 1.5630071599045345 0.6431980906921241 0.09331742243436758 0.6529832935560859 
0.0 8.881784197001252E-16 1.0 3.346959811276646 0.6701662664088023 1.1212852173789871 0.008068915194921951 0.6568125305506566 0.951621929880489 1.559773021911461 1.1059479027196277 1.5014983104159147 1.052656932962121 0.6158055809406427 0.47383092824403844 1.6373947109288114 -0.6360947583930177 3.125528659171573 0.27102416424032544 0.029353424152906055 0.9010477546596387 
-2.7755575615628914E-17 -1.0113899813920487E-15 0.0 1.0 0.031639477301107645 0.3372904509175111 -0.2417180169357065 0.20206416332017837 0.2964425908333689 0.23056679147877285 0.03699394398665821 0.42756171914634744 0.23211918569436493 -0.05451672576342257 0.22347674733153822 0.2636960717431283 -0.14891745004403786 0.7648762155973541 -0.05242716890256714 -0.1877921555090229 0.07515810393681838 
-3.607774589438259E-18 -1.9757478117495983E-16 0.0 -5.551115123125783E-17 1.0 0.009270719366423711 -0.032357038478208866 -0.6892599404169311 -0.9664625275474116 0.9137263935238621 0.6082775704258161 0.283687097629477 -0.35757625820959027 0.1700867918309985 -0.4077033960071072 0.6384794655396482 0.4850804560900017 0.25185007037973234 0.7567482730015693 0.6911047014615885 0.7407772918099528 
1.9441258052229202E-17 -5.458341529157938E-16 0.0 -1.909503141116676E-17 0.0 1.0 -10.230506219217094 -14.780421825133425 -3.9646838616774094 0.026139172903235263 -16.933729487015782 -9.51611712368399 -17.206546377511753 -26.379955849572827 6.861222146500081 0.14473121382978488 2.794737964494334 -17.50395893197079 -3.0650989079896998 4.058684356119571 -18.020889784650848 
5.020297781898005E-17 -1.5154485969323269E-15 0.0 -1.758587981935304E-16 -1.3877787807814457E-17 -1.3877787807814457E-17 -0.7061520753900805 -1.6148066284214824 -0.49011645285239347 0.7243114468224361 -0.735581067884637 -1.1765496789653562 -1.526166905196503 -1.7616380633250575 0.8036469347979761 0.5936142654209763 0.2059383791533475 -1.5078270194758483 0.3613218601764347 0.8008037731815554 -1.1258996670592027 
4.248563808078225E-16 -1.0968769123841824E-14 0.0 -4.0834393094563013E-16 0.0 0.0 -6.755569643258913 -8.862382177805207 -3.1599654888887176 -0.281543378713628 -10.151374231136812 -6.236899615894005 -11.354309883032732 -15.716664046261133 3.442158455268981 -0.5538051553521335 1.4846729603494642 -9.995265804083155 -2.4465755385482133 1.595334628039014 -11.381681688931463 
7.964931798791012E-17 -1.4299370829243985E-15 0.0 1.8757986758320915E-17 0.0 0.0 -1.3758169685434853 -1.8459562955402746 -1.5029789874401873 0.5814240321264422 -1.340849662499811 -1.048447474908 -2.950461352685695 -3.0191192825449256 0.4102767714076037 -0.14023436883046864 0.3136824085309511 -1.5397296608073803 -0.2534072547653963 0.4961920624114754 -2.3541163179255333 
5.548652204772268E-16 -1.568963611130906E-14 0.0 -5.096953157501379E-16 0.0 0.0 -7.553587927461062 -11.32755516952624 -3.0329457332439165 -0.4795911628475333 -13.400322240970594 -8.067416675468255 -13.660749936719716 -21.098303465240534 5.586236348523693 0.04086499182943314 1.9690812062631182 -13.960422746203555 -2.377550195903381 3.470864946502794 -14.732423624350636 
3.2337771974439083E-16 -1.0604458715966257E-14 0.0 -3.7093023097662563E-16 0.0 0.0 -4.656441164661918 -8.837115101567344 -1.7962405578787974 -0.11786059955546009 -9.192557561117905 -6.091039854576683 -10.100695734686425 -13.979544923015865 3.2181184589333403 -0.12414847604863576 1.8166075441900342 -9.242192840326009 -1.6713358885438405 2.3491830128683815 -10.307675398964879 
2.12006531211719E-16 -5.968344167821423E-15 0.0 -2.421481187942294E-16 0.0 0.0 -2.22647915190157 -4.487315327582382 -1.1064656431563837 0.16431105232805565 -4.482178192133735 -2.765162540285692 -4.713751634619928 -7.975407950301658 1.9491418056363343 0.5966276714918799 1.2112102795394395 -5.399482892967134 -1.2998480781454287 0.8945782591143681 -5.853775541422129 
-4.270215323980178E-16 1.2817138246798986E-14 5.551115123125783E-17 5.337671107836609E-16 1.1102230246251565E-16 1.1102230246251565E-16 6.3478625966567055 9.696254655626596 2.2630356904184272 -0.5741168250639788 10.104570800082529 5.841169122517151 10.48825382186125 15.376363609433861 -3.8582116602276937 -0.6312359134295994 -2.4671263636084406 11.307986807564724 1.4126968338253902 -3.4372940119343394 9.908217930288995 
1.7050858675084145E-16 -4.312858929788973E-15 2.7755575615628914E-17 -1.3657638954524883E-16 0.0 0.0 -1.5605135273034008 -2.8697405437241654 -0.553393321097622 0.03021912414969034 -3.2770406173225086 -2.0329544526669823 -3.413788065475396 -6.14649802019625 1.6649799082508827 0.38535900063923345 0.912463299268992 -4.162506882811919 -0.45783251715990736 1.2506596222340152 -4.156420941529879 
2.6842598955986353E-16 -7.335634320976604E-15 0.0 -3.182694259714117E-17 0.0 0.0 -3.791251449333921 -5.694658354186532 -1.6874455967467141 -0.5477162308409903 -5.762211982608735 -4.212665334541865 -7.184970073862707 -9.683608268518073 2.703008870243371 -0.7994132777124301 1.3252668695040755 -7.0324103969722636 -1.326783195701369 1.6281720008163547 -6.727009271897718 
2.4205810190708226E-16 -6.379139606066458E-15 0.0 -7.113639850790846E-17 5.551115123125783E-17 -5.551115123125783E-17 -2.6222472443667613 -4.657783096204731 -0.3205734239115171 -0.6383016296374197 -5.453335914230328 -3.818637379093305 -5.216167705003588 -8.603403413013137 2.7034989511239518 -0.09534434902203318 1.1280355393911796 -6.08279146097113 -1.3083780959246356 0.9439824120099096 -6.588687684711531 
1.6995821992163109E-16 -4.620267979207337E-15 0.0 4.436676695017902E-17 0.0 0.0 -2.502926000421212 -4.374487298359276 -1.6278154653233723 -0.07529056019373923 -3.3253178173954785 -2.8509130947823773 -4.99963794899396 -6.896261513638169 1.2872925180976613 -0.5331382847416819 0.4114278390280668 -4.1817512119742055 -1.4365567610973378 0.970245280109482 -4.370848347262482 
-2.0490644814500027E-16 6.143791667258863E-15 0.0 2.3536375539980837E-16 0.0 5.551115123125783E-17 2.7809055217017713 4.849105980658646 1.44264975304971 0.08084934282648774 5.154202899089208 3.029159784566061 4.863209534778061 7.848248632001932 -2.1216342717008785 -0.5362740556637359 -0.8719519163212682 5.79910981281193 1.0183292863779196 -1.4294454838987813 4.9949979144004715 
-1.328333408041561E-16 2.7444573987362146E-15 1.1102230246251565E-16 4.656646523248493E-16 0.0 0.0 0.8756148089454274 0.9460084503472574 0.33111576193290687 0.987125303064402 2.681586189891519 1.4735852468394042 2.121076631803675 3.100870510583105 -1.184911734566935 -0.049264907624960524 -0.3499423552388605 2.9255835633083604 0.553137092569297 0.14035764878303225 3.110301432997398 
-1.2877383064183522E-17 7.400117308945845E-16 0.0 3.6501695463480204E-17 2.7755575615628914E-17 0.0 0.22360081064804316 -0.15935478041731854 0.32144526379192584 0.3168649871352823 1.2279894283085397 0.3190002401201918 0.05222094849287626 0.27069876618537114 -0.3803950410516066 0.5732395059527187 -0.38326528255063563 0.842643736854822 -0.2660358312793652 0.39362308808162744 0.15901563580227807 

1.0 5.636363636363637 2.545454545454546 8.545454545454545 4.818181818181818 8.545454545454545 0.5454545454545454 9.090909090909092 5.545454545454545 4.090909090909091 0.2727272727272727 7.1818181818181825 7.909090909090909 2.909090909090909 6.0 4.545454545454546 1.272727272727273 7.454545454545454 4.0 1.1818181818181819 3.909090909090909 
0.0 1.0 0.492601431980907 1.7711217183770882 0.9069212410501195 1.6293556085918854 -0.006205250596658707 1.6467780429594274 0.928400954653938 0.8224343675417661 0.04940334128878282 1.298329355608592 1.40381861575179 0.4245823389021481 1.0842482100238666 0.8443914081145586 0.07565632458233894 1.5630071599045345 0.6431980906921241 0.09331742243436758 0.6529832935560859 
0.0 8.881784197001252E-16 1.0 3.346959811276646 0.6701662664088023 1.1212852173789871 0.008068915194921951 0.6568125305506566 0.951621929880489 1.559773021911461 1.1059479027196277 1.5014983104159147 1.052656932962121 0.6158055809406427 0.47383092824403844 1.6373947109288114 -0.6360947583930177 3.125528659171573 0.27102416424032544 0.029353424152906055 0.9010477546596387 
-2.7755575615628914E-17 -1.0113899813920487E-15 0.0 1.0 0.031639477301107645 0.3372904509175111 -0.2417180169357065 0.20206416332017837 0.2964425908333689 0.23056679147877285 0.03699394398665821 0.42756171914634744 0.23211918569436493 -0.05451672576342257 0.22347674733153822 0.2636960717431283 -0.14891745004403786 0.7648762155973541 -0.05242716890256714 -0.1877921555090229 0.07515810393681838 
-3.607774589438259E-18 -1.9757478117495983E-16 0.0 -5.551115123125783E-17 1.0 0.009270719366423711 -0.032357038478208866 -0.6892599404169311 -0.9664625275474116 0.9137263935238621 0.6082775704258161 0.283687097629477 -0.35757625820959027 0.1700867918309985 -0.4077033960071072 0.6384794655396482 0.4850804560900017 0.25185007037973234 0.7567482730015693 0.6911047014615885 0.7407772918099528 
1.9441258052229202E-17 -5.458341529157938E-16 0.0 -1.909503141116676E-17 0.0 1.0 -10.230506219217094 -14.780421825133425 -3.9646838616774094 0.026139172903235263 -16.933729487015782 -9.51611712368399 -17.206546377511753 -26.379955849572827 6.861222146500081 0.14473121382978488 2.794737964494334 -17.50395893197079 -3.0650989079896998 4.058684356119571 -18.020889784650848 
5.020297781898005E-17 -1.5154485969323269E-15 0.0 -1.758587981935304E-16 -1.3877787807814457E-17 -1.3877787807814457E-17 1.0 2.286768933631553 0.6940664340349799 -1.025715949956423 1.04167514834294 1.6661420676494179 2.161243956343885 2.494700680943157 -1.1380649619333614 -0.8406323313474112 -0.2916346015687719 2.1352723754906764 -0.5116771199416774 -1.1340386881100493 1.5944152914048328 
-5.542219483433637E-17 3.5291257264990114E-15 0.0 1.2740505559925272E-15 1.3276511575537172E-16 1.3276511575537172E-16 8.881784197001252E-16 6.58604461138367 1.5288486432829584 -7.210838912845718 -3.114265220854021 5.018839157675041 3.2461241801208107 1.1364601429357997 -4.246118653624647 -6.232755414144673 -0.4854849009324398 4.429715435871005 -5.90324595717636 -6.065742707638397 -0.6104981475691584 
-1.8162628138015284E-17 1.5226562284570952E-15 0.0 3.6138888321029257E-16 2.7038504335330082E-17 2.7038504335330082E-17 0.0 1.3002192064881073 -0.5480706101983943 -0.8297733767293051 0.09230468230045785 1.2438590537681966 0.023014755614277682 0.4131322457336575 -1.1554923145251106 -1.2967905946045066 -0.08755342492178386 1.3980143058548489 -0.9573813187966164 -1.0640376076751235 -0.16049270510555846 
1.7852556503159977E-17 5.208582360345105E-16 0.0 1.371436158994406E-15 1.4844832168349404E-16 1.4844832168349404E-16 8.881784197001252E-16 5.945755040446064 2.209746103738658 -8.227426779442625 -5.531937416111152 4.5179339321634 2.664396320217639 -2.254362519039411 -3.0102374086025794 -6.30892523766982 -0.23380639937667436 2.1685448911439202 -6.242548311852882 -5.0951959972790535 -2.6888675278357788 
-7.666003912123502E-18 -6.114310444314131E-16 0.0 7.887012076536133E-16 9.151159456276274E-17 9.151159456276274E-17 0.0 1.811089895064658 1.4356389565717889 -4.894046572182852 -4.342058520168529 1.667252655400988 -0.036990409489973786 -2.3631179787620304 -2.0812140778725623 -4.038503468080439 0.4586281804054275 0.7005773466742156 -4.053930292855921 -2.9314014167664495 -2.883374402500987 
5.3717846135504094E-17 -1.1901741044049277E-15 0.0 3.1233010410141206E-16 4.375630449226421E-17 4.375630449226421E-17 0.0 0.604128028364455 0.4388588022571651 -2.119424126022834 -2.1629101912942046 0.9444680374419114 0.09821297635299775 -2.4210088939470698 -0.5847361056179483 -1.2750226886675435 0.561891919173448 -0.6453434653058032 -2.4390865182006127 -1.630335237412463 -2.303843135636203 
2.427163269230511E-17 -8.05790582389208E-16 5.551115123125783E-17 -1.0470927723074551E-15 -1.3730273108263925E-17 -1.3730273108263925E-17 -8.881784197001252E-16 -4.819840325369681 -2.1428026657871206 5.936987088458601 3.4921600880495554 -4.735271789430856 -3.2310258508644587 -0.45965353297922107 3.3660683441946295 4.704982620270959 -0.6158699844191522 -2.246428838486853 4.660752885068192 3.761427759481082 -0.21291126155724704 
5.956587521925759E-17 -9.638947082514388E-16 2.7755575615628914E-17 2.5205099404592326E-16 3.066828854277256E-17 3.066828854277256E-17 2.220446049250313E-16 0.6987933110250459 0.5297067380611978 -1.5704244909281662 -1.6514924572775742 0.5670827823091922 -0.04113763579804264 -2.253483861011448 -0.11098585979615772 -0.9264591239169965 0.45736355849118576 -0.8303854563814519 -1.2563115844405397 -0.519023091047119 -1.6683143111532432 
-1.1081788583865448E-18 8.00639563564399E-16 0.0 9.123392600739233E-16 7.450828932402549E-17 7.450828932402549E-17 0.0 2.975057679735877 0.9439347772224296 -4.436463312718199 -1.8129595667184368 2.1040981942302057 1.0088492079902247 -0.22557069623800885 -1.6116815661226385 -3.9864618222902557 0.21960676363054854 1.062944091329447 -3.2666798182712604 -2.6712538190816075 -0.68217998751898 
5.563279093974539E-17 -7.516252989108986E-16 0.0 5.819031733235521E-16 1.0704536334391869E-16 -3.9769391185969604E-18 0.0 1.338690438514126 1.4994403701441734 -3.3279824529136848 -2.7218061269627167 0.5503990665239185 0.45114830392348093 -2.0616814268900603 -0.2807887592161684 -2.2996901634233886 0.3632975090654691 -0.4835793583682362 -2.65012201369722 -2.0297474128919637 -2.407736580448981 
-7.984099956537841E-18 7.511751245581959E-16 0.0 6.676907983328915E-16 4.9189228698817516E-17 4.9189228698817516E-17 0.0 1.3491261225826268 0.10938145844241287 -2.6425816803864133 -0.7180820046153111 1.3193172067329084 0.4097957425923573 -0.6522103160370385 -1.561199865293726 -2.637178803665817 -0.3185119878608932 1.1626775346225733 -2.7172467284200055 -1.8681696378447215 -0.3801448589361627 
-7.20153005699162E-18 1.7578630703060401E-16 0.0 -4.571877784409374E-16 -5.4652274047963335E-17 8.58877183294492E-19 0.0 -1.5101823737334117 -0.4874834257860239 2.9332684917578824 2.2574027272428148 -1.604223891299811 -1.147005717163231 0.9107217333739364 1.0432168649949225 1.8014450363013133 -0.06094364249937434 -0.1388809265273494 2.44125501455219 1.7242089656898871 0.5610796266470324 
-7.058262688084863E-17 8.653306781406478E-16 1.1102230246251565E-16 2.476031704598572E-16 -1.720818637148671E-17 -1.720818637148671E-17 0.0 -1.0563202925768735 -0.2766190861000662 1.885257378617773 1.7694800038920162 0.014686578598619882 0.22865941788516442 0.9164736504630349 -0.1884052003561697 0.6868052105811523 -0.09458277930434444 1.055907450196643 1.0011691561887754 1.1333387180092362 1.7142077922342873 
3.019230326166865E-18 2.6014974849890414E-16 0.0 -1.9183434136885758E-17 2.3361218207396856E-17 -4.394357408232058E-18 -2.7755575615628914E-17 -0.6706781677420951 0.16625144649810775 0.5462159050401663 0.9950700207071377 -0.05355047686102482 -0.4310349521538005 -0.2871183283977441 -0.12592279299317255 0.7612055766989543 -0.31805554922683915 0.3651951027407339 -0.15162441247035008 0.6471950580492778 -0.19749691586547857 

1.0 5.636363636363637 2.545454545454546 8.545454545454545 4.818181818181818 8.545454545454545 0.5454545454545454 9.090909090909092 5.545454545454545 4.090909090909091 0.2727272727272727 7.1818181818181825 7.909090909090909 2.909090909090909 6.0 4.545454545454546 1.272727272727273 7.454545454545454 4.0 1.1818181818181819 3.909090909090909 
0.0 1.0 0.492601431980907 1.7711217183770882 0.9069212410501195 1.6293556085918854 -0.006205250596658707 1.6467780429594274 0.928400954653938 0.8224343675417661 0.04940334128878282 1.298329355608592 1.40381861575179 0.4245823389021481 1.0842482100238666 0.8443914081145586 0.07565632458233894 1.5630071599045345 0.6431980906921241 0.09331742243436758 0.6529832935560859 
0.0 8.881784197001252E-16 1.0 3.346959811276646 0.6701662664088023 1.1212852173789871 0.008068915194921951 0.6568125305506566 0.951621929880489 1.559773021911461 1.1059479027196277 1.5014983104159147 1.052656932962121 0.6158055809406427 0.47383092824403844 1.6373947109288114 -0.6360947583930177 3.125528659171573 0.27102416424032544 0.029353424152906055 0.9010477546596387 
-2.7755575615628914E-17 -1.0113899813920487E-15 0.0 1.0 0.031639477301107645 0.3372904509175111 -0.2417180169357065 0.20206416332017837 0.2964425908333689 0.23056679147877285 0.03699394398665821 0.42756171914634744 0.23211918569436493 -0.05451672576342257 0.22347674733153822 0.2636960717431283 -0.14891745004403786 0.7648762155973541 -0.05242716890256714 -0.1877921555090229 0.07515810393681838 
-3.607774589438259E-18 -1.9757478117495983E-16 0.0 -5.551115123125783E-17 1.0 0.009270719366423711 -0.032357038478208866 -0.6892599404169311 -0.9664625275474116 0.9137263935238621 0.6082775704258161 0.283687097629477 -0.35757625820959027 0.1700867918309985 -0.4077033960071072 0.6384794655396482 0.4850804560900017 0.25185007037973234 0.7567482730015693 0.6911047014615885 0.7407772918099528 
1.9441258052229202E-17 -5.458341529157938E-16 0.0 -1.909503141116676E-17 0.0 1.0 -10.230506219217094 -14.780421825133425 -3.9646838616774094 0.026139172903235263 -16.933729487015782 -9.51611712368399 -17.206546377511753 -26.379955849572827 6.861222146500081 0.14473121382978488 2.794737964494334 -17.50395893197079 -3.0650989079896998 4.058684356119571 -18.020889784650848 
5.020297781898005E-17 -1.5154485969323269E-15 0.0 -1.758587981935304E-16 -1.3877787807814457E-17 -1.3877787807814457E-17 1.0 2.286768933631553 0.6940664340349799 -1.025715949956423 1.04167514834294 1.6661420676494179 2.161243956343885 2.494700680943157 -1.1380649619333614 -0.8406323313474112 -0.2916346015687719 2.1352723754906764 -0.5116771199416774 -1.1340386881100493 1.5944152914048328 
-5.542219483433637E-17 3.5291257264990114E-15 0.0 1.2740505559925272E-15 1.3276511575537172E-16 1.3276511575537172E-16 8.881784197001252E-16 1.0 0.23213457143008337 -1.0948663937657088 -0.4728582031575005 0.76204147615402 0.4928791667323414 0.17255579182860095 -0.6447145296109033 -0.9463579100833369 -0.07371418348629188 0.6725911677267489 -0.8963264456139387 -0.920999335041558 -0.09269572005539424 
-7.221159253219693E-18 8.259350061662434E-16 0.0 1.09865381520815E-16 8.279692353432099E-19 8.279692353432099E-19 -1.7534449099939194E-16 2.220446049250313E-16 -0.8498964384616742 0.5937929369832401 0.7071239999912953 0.25303809033219105 -0.6178362034489667 0.18877189100734695 -0.31722210042306875 -0.06631786370220683 0.00829117223768129 0.5234983514622661 0.2080395410738446 0.13346341690868546 -0.03996794953029005 
6.788665340545967E-17 -2.6651689342689966E-15 0.0 2.2124769808080793E-16 2.859051585668795E-17 2.859051585668795E-17 8.634793913829212E-17 0.0 0.8295308055964528 -1.717619400095157 -2.7204383712711744 -0.012978015708323909 -0.26614246971203626 -3.280336988062477 0.8230772554802619 -0.6821129237258159 0.20448007863931167 -1.8305174345269015 -0.9132108299587012 0.3808404412917641 -2.137721483088641 
7.574490641053151E-18 -1.5819018381802983E-15 0.0 4.3835130510796284E-16 5.5002646666169775E-17 5.5002646666169775E-17 -2.4423930535682277E-16 2.220446049250313E-16 1.0152223799595999 -2.9111451099878938 -3.4856698066315492 0.2871270383182871 -0.9296388878468059 -2.6756320296776903 -0.9135781080928913 -2.3245642200139995 0.5921311932403928 -0.5175457207054377 -2.430602524525295 -1.2633888277114145 -2.71549412059292 
5.880164123082216E-17 -1.5138955324855978E-15 0.0 1.9546335086107862E-16 3.157795886152902E-17 3.157795886152902E-17 -8.147127892238262E-17 0.0 0.2986198013038811 -1.4579846502346552 -1.8772432973247049 0.4840974229210445 -0.19954914286692715 -2.52525468424735 -0.1952459879861963 -0.703301350321791 0.6064247235055172 -1.0516746413599105 -1.897590589840944 -1.0739337250088323 -2.247843053041314 
-1.628778427874222E-17 1.7769162611810316E-15 5.551115123125783E-17 -1.1470913255522875E-16 8.343072358678812E-17 8.343072358678812E-17 -2.3818613814246887E-16 0.0 -1.0239510974959962 0.6599058928945585 1.2130590522891858 -1.0623535530594728 -0.8554269675133135 0.37203783085236575 0.2586472560242532 0.14368860301871766 -0.9711605785380816 0.9953531942100136 0.3406025378028561 -0.6776419751908804 -0.6596898310694153 
6.54462877153437E-17 -1.338342437800875E-15 2.7755575615628914E-17 1.1687152609994545E-16 1.6581627989796377E-17 1.6581627989796377E-17 1.2780698958752305E-16 0.0 0.36749265228818984 -0.8053391784985748 -1.3210623078477906 0.03457329604911097 -0.38555830065420116 -2.374064694119905 0.33953634101660035 -0.2651505465151187 0.5088745368390795 -1.3003876654434288 -0.6299646597506647 0.124565083738437 -1.6035391620178836 
2.3927215843422153E-17 -7.935422579839548E-16 0.0 3.3682328430512154E-16 1.453543755403746E-17 1.453543755403746E-17 -4.012092514431649E-16 0.0 0.2533210377571635 -1.1791726396608024 -0.4061791379886075 -0.16301915167907532 -0.4574947421786473 -0.7389341299005934 0.3063813464335825 -1.1709924541180299 0.43891071131690074 -0.9380534275385384 -0.6000569426971505 0.06877232566541558 -0.40640487368953243 
6.689799891874293E-17 -1.4689612942080652E-15 0.0 3.2293752730548187E-16 8.00593039536229E-17 -3.0962998508892754E-17 -1.8053263047930473E-16 0.0 1.1886840389221462 -1.8622952801290882 -2.0887953716228007 -0.46973857135465846 -0.20866432392391432 -2.2926802155212425 0.5822844171450802 -1.0328098777826142 0.46197798168144394 -1.3839707236330858 -1.4502183711664882 -0.7968144091939617 -2.2836457063196427 
3.3689253012364567E-18 2.824717790131566E-17 0.0 4.067064005640884E-16 2.1992801039690658E-17 2.1992801039690658E-17 -1.819399621831365E-16 0.0 -0.20379735582843533 -1.165468827819259 -0.08013665045804452 0.2912271447620942 -0.2551604165230025 -0.8850098423959338 -0.691398651787086 -1.3604226258596865 -0.21906225731468792 0.25526722042406336 -1.5079893062806047 -0.6256253760589265 -0.255086641557824 
-1.990985906037649E-17 9.85016092330862E-16 0.0 -1.6504753244570984E-16 -2.4209185746696082E-17 3.1301965484561745E-17 2.036596277898166E-16 2.220446049250313E-16 -0.13691788767815227 1.279820562299844 1.5433006035591048 -0.4534022859582201 -0.4026682871836377 1.1713124486791013 0.06958034628670862 0.3722720012502687 -0.17226550309452288 0.8768543997023597 1.0876386152749002 0.333332003689933 0.4210921840988493 
-7.947166309561536E-17 1.4313588999222813E-15 1.1102230246251565E-16 4.519451595404645E-16 4.085700049554861E-18 4.085700049554861E-18 1.4245285957165627E-16 0.0 -0.031410627689833354 0.7287277892225932 1.2699902883853107 0.8196464536453468 0.7492976834929169 1.0987478349732567 -0.8694302409033204 -0.31285185388051684 -0.17244856717164964 1.7663791492743834 0.0543613429134705 0.1604684309550316 1.6162914221047493 
-2.6245905522235918E-18 6.19532005322485E-16 0.0 1.1055724375450607E-16 3.688111821247331E-17 9.1255425968444E-18 6.269049790821895E-17 -1.1102230246251565E-16 0.3219390355344326 -0.18808708185301448 0.6779343474116459 0.4575341041094347 -0.10047165569150318 -0.17138892610085163 -0.5583187524293198 0.12650398753602354 -0.36749404274402997 0.816287314751226 -0.7527709907134911 0.029500911531917695 -0.25966591154976454 

1.0 5.636363636363637 2.545454545454546 8.545454545454545 4.818181818181818 8.545454545454545 0.5454545454545454 9.090909090909092 5.545454545454545 4.090909090909091 0.2727272727272727 7.1818181818181825 7.909090909090909 2.909090909090909 6.0 4.545454545454546 1.272727272727273 7.454545454545454 4.0 1.1818181818181819 3.909090909090909 
0.0 1.0 0.492601431980907 1.7711217183770882 0.9069212410501195 1.6293556085918854 -0.006205250596658707 1.6467780429594274 0.928400954653938 0.8224343675417661 0.04940334128878282 1.298329355608592 1.40381861575179 0.4245823389021481 1.0842482100238666 0.8443914081145586 0.07565632458233894 1.5630071599045345 0.6431980906921241 0.09331742243436758 0.6529832935560859 
0.0 8.881784197001252E-16 1.0 3.346959811276646 0.6701662664088023 1.1212852173789871 0.008068915194921951 0.6568125305506566 0.951621929880489 1.559773021911461 1.1059479027196277 1.5014983104159147 1.052656932962121 0.6158055809406427 0.47383092824403844 1.6373947109288114 -0.6360947583930177 3.125528659171573 0.27102416424032544 0.029353424152906055 0.9010477546596387 
-2.7755575615628914E-17 -1.0113899813920487E-15 0.0 1.0 0.031639477301107645 0.3372904509175111 -0.2417180169357065 0.20206416332017837 0.2964425908333689 0.23056679147877285 0.03699394398665821 0.42756171914634744 0.23211918569436493 -0.05451672576342257 0.22347674733153822 0.2636960717431283 -0.14891745004403786 0.7648762155973541 -0.05242716890256714 -0.1877921555090229 0.07515810393681838 
-3.607774589438259E-18 -1.9757478117495983E-16 0.0 -5.551115123125783E-17 1.0 0.009270719366423711 -0.032357038478208866 -0.6892599404169311 -0.9664625275474116 0.9137263935238621 0.6082775704258161 0.283687097629477 -0.35757625820959027 0.1700867918309985 -0.4077033960071072 0.6384794655396482 0.4850804560900017 0.25185007037973234 0.7567482730015693 0.6911047014615885 0.7407772918099528 
1.9441258052229202E-17 -5.458341529157938E-16 0.0 -1.909503141116676E-17 0.0 1.0 -10.230506219217094 -14.780421825133425 -3.9646838616774094 0.026139172903235263 -16.933729487015782 -9.51611712368399 -17.206546377511753 -26.379955849572827 6.861222146500081 0.14473121382978488 2.794737964494334 -17.50395893197079 -3.0650989079896998 4.058684356119571 -18.020889784650848 
5.020297781898005E-17 -1.5154485969323269E-15 0.0 -1.758587981935304E-16 -1.3877787807814457E-17 -1.3877787807814457E-17 1.0 2.286768933631553 0.6940664340349799 -1.025715949956423 1.04167514834294 1.6661420676494179 2.161243956343885 2.494700680943157 -1.1380649619333614 -0.8406323313474112 -0.2916346015687719 2.1352723754906764 -0.5116771199416774 -1.1340386881100493 1.5944152914048328 
-5.542219483433637E-17 3.5291257264990114E-15 0.0 1.2740505559925272E-15 1.3276511575537172E-16 1.3276511575537172E-16 8.881784197001252E-16 1.0 0.23213457143008337 -1.0948663937657088 -0.4728582031575005 0.76204147615402 0.4928791667323414 0.17255579182860095 -0.6447145296109033 -0.9463579100833369 -0.07371418348629188 0.6725911677267489 -0.8963264456139387 -0.920999335041558 -0.09269572005539424 
-7.221159253219693E-18 8.259350061662434E-16 0.0 1.09865381520815E-16 8.279692353432099E-19 8.279692353432099E-19 -1.7534449099939194E-16 2.220446049250313E-16 1.0 -0.6986650491888335 -0.8320119581524553 -0.29772814531402664 0.7269546917589864 -0.2221116390945549 0.37324794653481036 0.07803052313319866 -0.009755508862572058 -0.6159554597143697 -0.24478222482070805 -0.1570349172779878 0.047026846709268086 
6.083853109127993E-17 -1.8590253854437932E-15 0.0 3.2848043175961024E-16 2.93986448894987E-17 2.93986448894987E-17 -8.479486167035573E-17 2.167238638335739E-16 1.1102230246251565E-16 -1.1380552189994586 -2.030258821359086 0.23399665252275836 -0.8691737807989892 -3.0960885411520223 0.513456585704019 -0.7468416464416108 0.2125725737650844 -1.319563405818507 -0.7101564338074873 0.5111057427281456 -2.1767317011240412 
-1.0513632293199916E-18 -5.953019835324165E-16 0.0 5.695882288731881E-16 5.599167645803467E-17 5.599167645803467E-17 -4.536926497988994E-16 4.872823939869569E-16 2.220446049250313E-16 -2.2018447159558154 -2.6409926463211666 0.5893873145849509 -1.6676595601371613 -2.4501393228193886 -1.292507776688995 -2.403782553418778 0.6020352041655701 0.10778604705489414 -2.1820941316710103 -1.1039634652556969 -2.763236827831099 
5.626441311243726E-17 -1.2236948253527304E-15 0.0 2.3406567570350745E-16 3.186887431587713E-17 3.186887431587713E-17 -1.4308035820825824E-16 7.801764168270687E-17 0.0 -1.2493494320679193 -1.6287880516987656 0.5730049425172922 -0.41663220847691984 -2.4589277507136544 -0.306705215617503 -0.7266028096354646 0.6093379116236768 -0.8677381443679647 -1.8244937705022621 -1.0270399892135083 -2.261886200661584 
-7.587766714353863E-18 7.818337808319572E-16 5.551115123125783E-17 -2.470744101279596E-16 8.243319027701554E-17 8.243319027701554E-17 -2.693194778054435E-17 -2.6751826059841E-16 -2.220446049250313E-16 -0.05549295100444185 0.36111949460918635 -1.3672126142092178 -0.11106091305683574 0.14460637423486167 0.6408349005166992 0.22358804281914316 -0.9811497425445441 0.3646449252268338 0.08995751005018043 -0.8384380510828691 -0.6115366397696842 
6.232388027077977E-17 -9.812106364450765E-16 2.7755575615628914E-17 1.6437698514483459E-16 1.6939639385702492E-17 1.6939639385702492E-17 5.1988561429237513E-17 9.601141632959407E-17 -5.551115123125783E-17 -0.5485849065111117 -1.0153040266108544 0.14398620183140623 -0.6527088084220546 -2.2924402987649697 0.20237046318340238 -0.29382619042077285 0.512459614665407 -1.0740285598616037 -0.5400089907182988 0.18227426199078123 -1.6208211826438226 
2.177486942443213E-17 -5.473631902604735E-16 0.0 3.6956987694976713E-16 1.4782222946276287E-17 1.4782222946276287E-17 -4.534726172073111E-16 6.618285146576105E-17 0.0 -1.0021860843556274 -0.1954130053230578 -0.08759834893861052 -0.6416476590974727 -0.6826685789872161 0.21182978927665405 -1.1907592272148662 0.4413819869458167 -0.7820189512715034 -0.5380484554810614 0.10855257387438577 -0.4183177633003713 
5.679832517219353E-17 -3.1379024678738494E-16 0.0 4.765976905134421E-16 8.121732011916002E-17 -2.9804982343355626E-17 -4.257733307947046E-16 3.105565170750634E-16 0.0 -1.0318032876055656 -1.0997960367746165 -0.11583387708198162 -1.07278376303739 -2.028659655270709 0.13861054053868443 -1.1255635151797927 0.47357419935794687 -0.6517942999836615 -1.15924964751026 -0.6101495094721581 -2.339545768403788 
5.100492931389052E-18 -1.6980444665601362E-16 0.0 3.8036169168220266E-16 2.179426162567022E-17 2.179426162567022E-17 -1.3989396456789835E-16 -5.3244255784384694E-17 -2.7755575615628914E-17 -1.307854917453687 -0.24969848754715368 0.23055093599139143 -0.1070089725354458 -0.9302756071421239 -0.6153317072148985 -1.3445202115712311 -0.22105040422564098 0.12973712642618648 -1.5578752764528665 -0.6576286769729175 -0.24550269454552603 
-1.8746533945933187E-17 8.51958379313015E-16 0.0 -1.8274679000938609E-16 -2.4342571173008585E-17 3.116858005824924E-17 2.3190753687282443E-16 1.8627333103701148E-16 0.0 1.1841608195703566 1.4293832837259075 -0.49416659471695057 -0.303135186350275 1.1409013922255429 0.12068466670646277 0.3829557756520875 -0.17360120676121174 0.792519079254443 1.0541235501112902 0.3118311145245175 0.42753100061444654 
-7.920478217397927E-17 1.4008338432204959E-15 1.1102230246251565E-16 4.478847347183555E-16 4.055099811439881E-18 4.055099811439881E-18 1.4893327327266462E-16 -8.206365034851021E-18 0.0 0.7067822814826237 1.2438562705342948 0.8102946257201034 0.772131786663136 1.091771168972079 -0.8577062886187207 -0.310400866169937 -0.17275499382845674 1.7470316016557752 0.04667257958453815 0.15553586563410896 1.617768564878161 
-5.359950932871811E-18 9.323944992288843E-16 0.0 1.5217402594676212E-16 3.719475126823837E-17 9.439175652609458E-18 -3.729637256479518E-18 -2.6912259497072308E-17 5.551115123125783E-17 0.0368404702444555 0.945791474772362 0.5533844160632878 -0.334506748033622 -0.09988251922977867 -0.6784818363519441 0.10138291617627433 -0.3643533636296659 1.0145874213838382 -0.6739660373387397 0.08005658134562249 -0.2748056892235719 

1.0 5.636363636363637 2.545454545454546 8.545454545454545 4.818181818181818 8.545454545454545 0.5454545454545454 9.090909090909092 5.545454545454545 4.090909090909091 0.2727272727272727 7.1818181818181825 7.909090909090909 2.909090909090909 6.0 4.545454545454546 1.272727272727273 7.454545454545454 4.0 1.1818181818181819 3.909090909090909 
0.0 1.0 0.492601431980907 1.7711217183770882 0.9069212410501195 1.6293556085918854 -0.006205250596658707 1.6467780429594274 0.928400954653938 0.8224343675417661 0.04940334128878282 1.298329355608592 1.40381861575179 0.4245823389021481 1.0842482100238666 0.8443914081145586 0.07565632458233894 1.5630071599045345 0.6431980906921241 0.09331742243436758 0.6529832935560859 
0.0 8.881784197001252E-16 1.0 3.346959811276646 0.6701662664088023 1.1212852173789871 0.008068915194921951 0.6568125305506566 0.951621929880489 1.559773021911461 1.1059479027196277 1.5014983104159147 1.052656932962121 0.6158055809406427 0.47383092824403844 1.6373947109288114 -0.6360947583930177 3.125528659171573 0.27102416424032544 0.029353424152906055 0.9010477546596387 
-2.7755575615628914E-17 -1.0113899813920487E-15 0.0 1.0 0.031639477301107645 0.3372904509175111 -0.2417180169357065 0.20206416332017837 0.2964425908333689 0.23056679147877285 0.03699394398665821 0.42756171914634744 0.23211918569436493 -0.05451672576342257 0.22347674733153822 0.2636960717431283 -0.14891745004403786 0.7648762155973541 -0.05242716890256714 -0.1877921555090229 0.07515810393681838 
-3.607774589438259E-18 -1.9757478117495983E-16 0.0 -5.551115123125783E-17 1.0 0.009270719366423711 -0.032357038478208866 -0.6892599404169311 -0.9664625275474116 0.9137263935238621 0.6082775704258161 0.283687097629477 -0.35757625820959027 0.1700867918309985 -0.4077033960071072 0.6384794655396482 0.4850804560900017 0.25185007037973234 0.7567482730015693 0.6911047014615885 0.7407772918099528 
1.9441258052229202E-17 -5.458341529157938E-16 0.0 -1.909503141116676E-17 0.0 1.0 -10.230506219217094 -14.780421825133425 -3.9646838616774094 0.026139172903235263 -16.933729487015782 -9.51611712368399 -17.206546377511753 -26.379955849572827 6.861222146500081 0.14473121382978488 2.794737964494334 -17.50395893197079 -3.0650989079896998 4.058684356119571 -18.020889784650848 
5.020297781898005E-17 -1.5154485969323269E-15 0.0 -1.758587981935304E-16 -1.3877787807814457E-17 -1.3877787807814457E-17 1.0 2.286768933631553 0.6940664340349799 -1.025715949956423 1.04167514834294 1.6661420676494179 2.161243956343885 2.494700680943157 -1.1380649619333614 -0.8406323313474112 -0.2916346015687719 2.1352723754906764 -0.5116771199416774 -1.1340386881100493 1.5944152914048328 
-5.542219483433637E-17 3.5291257264990114E-15 0.0 1.2740505559925272E-15 1.3276511575537172E-16 1.3276511575537172E-16 8.881784197001252E-16 1.0 0.23213457143008337 -1.0948663937657088 -0.4728582031575005 0.76204147615402 0.4928791667323414 0.17255579182860095 -0.6447145296109033 -0.9463579100833369 -0.07371418348629188 0.6725911677267489 -0.8963264456139387 -0.920999335041558 -0.09269572005539424 
-7.221159253219693E-18 8.259350061662434E-16 0.0 1.09865381520815E-16 8.279692353432099E-19 8.279692353432099E-19 -1.7534449099939194E-16 2.220446049250313E-16 1.0 -0.6986650491888335 -0.8320119581524553 -0.29772814531402664 0.7269546917589864 -0.2221116390945549 0.37324794653481036 0.07803052313319866 -0.009755508862572058 -0.6159554597143697 -0.24478222482070805 -0.1570349172779878 0.047026846709268086 
6.083853109127993E-17 -1.8590253854437932E-15 0.0 3.2848043175961024E-16 2.93986448894987E-17 2.93986448894987E-17 -8.479486167035573E-17 2.167238638335739E-16 1.1102230246251565E-16 1.0 1.7839721548344765 -0.2056109832073708 0.7637360352014718 2.7205081875324146 -0.45117018676425336 0.656243769171596 -0.18678581690611756 1.159489789061927 0.6240087668433469 -0.44910451988216643 1.912676700378171 
-1.1875830395897893E-16 3.0014349352313526E-15 0.0 -6.593708737697771E-17 -8.871549251329907E-19 -8.871549251329907E-19 -2.8963635886319057E-16 6.797734934860063E-17 7.244948503039443E-18 0.0 1.2870370162134348 0.1366638576673216 0.013968593356244119 3.539997254613391 -2.2859144684126647 -0.9588356778893716 0.1907618401953447 2.6608025123056205 -0.8081237256868825 -2.0928218792701183 1.4481802582283816 
-1.0523720712528917E-17 8.171308487705151E-16 0.0 -1.2653795232175905E-16 -4.0476204471418265E-19 -4.0476204471418265E-19 -4.999312438908174E-17 -1.5990037114806544E-16 -1.218795434639474E-16 0.0 0.6000165467686698 0.316124977420237 0.5375409733518434 0.9399376083160922 -0.8703744322174001 0.09327497067717949 0.3759771573536764 0.580869765085105 -1.044888772041124 -1.5881284660674284 0.1277153486854261 
-1.0554327184063564E-17 8.724821104632236E-16 5.551115123125783E-17 -2.6309151386883053E-16 8.09996767416317E-17 8.09996767416317E-17 -2.2797247613501127E-17 -2.780859787165021E-16 -2.274581868743933E-16 6.938893903907228E-18 0.4601173739907045 -1.3786225744263196 -0.0686789466750738 0.29557540179278086 0.6157981354479256 0.2600049461487528 -0.99151503873044 0.4289884352813979 0.12458559797496047 -0.8633601862005635 -0.5053965653482608 
3.299744748105497E-17 -8.509131793602288E-17 2.7755575615628914E-17 6.037210466765009E-18 2.7684000741004364E-18 2.7684000741004364E-18 9.286283579261256E-17 -8.457539653397302E-18 -1.0902802668708445E-16 0.0 -0.03664382883255668 0.031191119830932965 -0.23373474695188806 -0.8000105690447861 -0.04513469154326635 0.06617923633872669 0.4099917347603629 -0.43794996232847805 -0.1976871996974272 -0.06409769906249474 -0.5715556137808819 
-3.1800324673726067E-17 1.0897185089857146E-15 0.0 8.030577781226624E-17 -1.1106602407093754E-17 -1.1106602407093754E-17 -3.7880116983623997E-16 -1.246669744967654E-16 -9.776766955023088E-17 0.0 1.592459063129977 -0.29365881509971614 0.123757967502382 2.04378686893332 -0.24032669357461015 -0.5330808538060062 0.2541878404875076 0.3800055802788014 0.08732444716525611 -0.3415337263727366 1.4985402096898697 
1.6398448585015548E-18 1.371671471080298E-15 0.0 1.7878508551380477E-16 5.456341269733768E-17 -5.645888976517796E-17 -3.488951480994466E-16 1.1406658277938063E-16 -1.0065695826172177E-16 0.0 0.7409122975803812 -0.32798396552315956 -0.2847584110536714 0.7783696365830948 -0.3269083414342892 -0.44844903667787206 0.2808479793961235 0.5445710763155183 -0.5153953503865999 -1.0735370295650966 -0.36603966082702577 
-6.4815246419416E-17 1.966590564265735E-15 0.0 2.871442710091085E-18 -1.199070912382368E-17 -1.199070912382368E-17 -4.24475709668224E-17 -3.023036742662903E-16 -1.5534258703523982E-16 2.220446049250313E-16 2.083478267753567 -0.03835839947885594 0.8918469567393814 2.627754403895162 -1.2053968545830256 -0.48624857101181695 -0.4653391533769109 1.646181548788166 -0.7417623422025839 -1.244992231751486 2.2560009335431577 
4.455672554075868E-17 -1.0823809983180695E-15 0.0 1.590412452208005E-16 6.2470898956457785E-18 6.17582411269036E-17 1.436774130487789E-16 4.1177724678131543E-16 1.1552010700340465E-16 -2.220446049250313E-16 -0.6831266452335811 -0.25069012432944354 -1.2075214757298647 -2.080617812770707 0.6549427248309319 -0.39414238388808953 0.04758323927045502 -0.5805032996445882 0.3151968173469849 0.8436430908609353 -1.837385808478494 
-4.142138195852204E-17 2.462974188691014E-16 1.1102230246251565E-16 6.518855117505683E-16 2.231294965967932E-17 2.231294965967932E-17 9.62719394561321E-17 1.2638867426973628E-16 6.89497266212599E-17 -1.1102230246251565E-16 -0.017023639161088955 0.9556168255292943 0.23233668925294626 -0.8310358146042387 -0.5388271946805403 -0.774222334553794 -0.04073808800695533 0.9275247631867805 -0.39436576031016124 0.4729549828205849 0.2659225628462205 
-3.3905209289787E-18 8.72215196632002E-16 0.0 1.628074059182234E-16 3.814642732419555E-17 1.039085170856664E-17 -6.4745678416543545E-18 -1.9896598988223128E-17 5.910510147379276E-17 0.0 0.8800691016852453 0.5609592213720722 -0.36264314271308024 -0.20010732016236416 -0.6618605145112703 0.07720658712499882 -0.3574720862998498 0.9718712723111522 -0.6969548137459114 0.09660180304699191 -0.34526959829111725 

1.0 5.636363636363637 2.545454545454546 8.545454545454545 4.818181818181818 8.545454545454545 0.5454545454545454 9.090909090909092 5.545454545454545 4.090909090909091 0.2727272727272727 7.1818181818181825 7.909090909090909 2.909090909090909 6.0 4.545454545454546 1.272727272727273 7.454545454545454 4.0 1.1818181818181819 3.909090909090909 
0.0 1.0 0.492601431980907 1.7711217183770882 0.9069212410501195 1.6293556085918854 -0.006205250596658707 1.6467780429594274 0.928400954653938 0.8224343675417661 0.04940334128878282 1.298329355608592 1.40381861575179 0.4245823389021481 1.0842482100238666 0.8443914081145586 0.07565632458233894 1.5630071599045345 0.6431980906921241 0.09331742243436758 0.6529832935560859 
0.0 8.881784197001252E-16 1.0 3.346959811276646 0.6701662664088023 1.1212852173789871 0.008068915194921951 0.6568125305506566 0.951621929880489 1.559773021911461 1.1059479027196277 1.5014983104159147 1.052656932962121 0.6158055809406427 0.47383092824403844 1.6373947109288114 -0.6360947583930177 3.125528659171573 0.27102416424032544 0.029353424152906055 0.9010477546596387 
-2.7755575615628914E-17 -1.0113899813920487E-15 0.0 1.0 0.031639477301107645 0.3372904509175111 -0.2417180169357065 0.20206416332017837 0.2964425908333689 0.23056679147877285 0.03699394398665821 0.42756171914634744 0.23211918569436493 -0.05451672576342257 0.22347674733153822 0.2636960717431283 -0.14891745004403786 0.7648762155973541 -0.05242716890256714 -0.1877921555090229 0.07515810393681838 
-3.607774589438259E-18 -1.9757478117495983E-16 0.0 -5.551115123125783E-17 1.0 0.009270719366423711 -0.032357038478208866 -0.6892599404169311 -0.9664625275474116 0.9137263935238621 0.6082775704258161 0.283687097629477 -0.35757625820959027 0.1700867918309985 -0.4077033960071072 0.6384794655396482 0.4850804560900017 0.25185007037973234 0.7567482730015693 0.6911047014615885 0.7407772918099528 
1.9441258052229202E-17 -5.458341529157938E-16 0.0 -1.909503141116676E-17 0.0 1.0 -10.230506219217094 -14.780421825133425 -3.9646838616774094 0.026139172903235263 -16.933729487015782 -9.51611712368399 -17.206546377511753 -26.379955849572827 6.861222146500081 0.14473121382978488 2.794737964494334 -17.50395893197079 -3.0650989079896998 4.058684356119571 -18.020889784650848 
5.020297781898005E-17 -1.5154485969323269E-15 0.0 -1.758587981935304E-16 -1.3877787807814457E-17 -1.3877787807814457E-17 1.0 2.286768933631553 0.6940664340349799 -1.025715949956423 1.04167514834294 1.6661420676494179 2.161243956343885 2.494700680943157 -1.1380649619333614 -0.8406323313474112 -0.2916346015687719 2.1352723754906764 -0.5116771199416774 -1.1340386881100493 1.5944152914048328 
-5.542219483433637E-17 3.5291257264990114E-15 0.0 1.2740505559925272E-15 1.3276511575537172E-16 1.3276511575537172E-16 8.881784197001252E-16 1.0 0.23213457143008337 -1.0948663937657088 -0.4728582031575005 0.76204147615402 0.4928791667323414 0.17255579182860095 -0.6447145296109033 -0.9463579100833369 -0.07371418348629188 0.6725911677267489 -0.8963264456139387 -0.920999335041558 -0.09269572005539424 
-7.221159253219693E-18 8.259350061662434E-16 0.0 1.09865381520815E-16 8.279692353432099E-19 8.279692353432099E-19 -1.7534449099939194E-16 2.220446049250313E-16 1.0 -0.6986650491888335 -0.8320119581524553 -0.29772814531402664 0.7269546917589864 -0.2221116390945549 0.37324794653481036 0.07803052313319866 -0.009755508862572058 -0.6159554597143697 -0.24478222482070805 -0.1570349172779878 0.047026846709268086 
6.083853109127993E-17 -1.8590253854437932E-15 0.0 3.2848043175961024E-16 2.93986448894987E-17 2.93986448894987E-17 -8.479486167035573E-17 2.167238638335739E-16 1.1102230246251565E-16 1.0 1.7839721548344765 -0.2056109832073708 0.7637360352014718 2.7205081875324146 -0.45117018676425336 0.656243769171596 -0.18678581690611756 1.159489789061927 0.6240087668433469 -0.44910451988216643 1.912676700378171 
-1.1875830395897893E-16 3.0014349352313526E-15 0.0 -6.593708737697771E-17 -8.871549251329907E-19 -8.871549251329907E-19 -2.8963635886319057E-16 6.797734934860063E-17 7.244948503039443E-18 0.0 1.0 0.10618486954586398 0.010853295732970315 2.75050150851787 -1.7761062344096419 -0.7449946394784684 0.14821783506785313 2.0673861581183677 -0.627894703498464 -1.626077457684447 1.1252048231596656 
4.4841390425621706E-17 -5.821378610656513E-16 0.0 -9.579808783183419E-17 8.829505428800973E-21 8.829505428800973E-21 8.503532131563996E-17 -1.915914055944833E-16 -1.252571378357861E-16 0.0 0.0 0.252412298676246 0.5310288163250874 -0.7104088087068172 0.1953186972473786 0.5402840816182202 0.28704400378673495 -0.6595961383464252 -0.6681415603136378 -0.6124550851292289 -0.5474261637142882 
3.1901917872476156E-17 -2.0053470506369763E-16 5.551115123125783E-17 -2.3951892107600646E-16 8.13168357582978E-17 8.13168357582978E-17 8.074811990393195E-17 -3.02387967765075E-16 -2.300482651999755E-16 6.938893903907228E-18 0.0 -1.4274800777593082 -0.07367273660687261 -0.969978129463933 1.4330154719530088 0.6027899233027374 -1.059712639780448 -0.522251854816757 0.41349086009134584 -0.11517369646531483 -1.0231228537821613 
2.9616224635172277E-17 3.639305402450454E-19 2.7755575615628914E-17 4.15988501837354E-18 2.7431414740640706E-18 2.7431414740640706E-18 8.461646445739399E-17 -6.5221249585273715E-18 -1.0882175239232707E-16 0.0 0.0 0.03508214001517897 -0.23333704064077998 -0.6992216625629682 -0.11021802438541005 0.03887978028850542 0.4154230037385214 -0.3621930178195916 -0.22069566573729385 -0.12368340309036255 -0.530323800839452 
1.1514007803343156E-16 -2.623975972829773E-15 0.0 1.6189015422654057E-16 -1.0008919991490143E-17 -1.0008919991490143E-17 -2.0432266010426547E-17 -2.0877577998879017E-16 -1.0673189028377181E-16 0.0 0.0 -0.4627538729753015 0.10647453834758351 -2.3362741864586365 2.5880497764926793 0.6532926118147308 0.018157005716200714 -2.9122222442062577 1.087221058442695 2.2479280584682124 -0.29330240882830294 
7.00057789649412E-17 -3.561732030712511E-16 0.0 2.1674327808231853E-16 5.5074123722436144E-17 -5.594817874007949E-17 -1.8215935308750648E-16 7.493386673872276E-17 -1.0482767858570375E-16 0.0 0.0 -0.4066576411866587 -0.29279975133150576 -1.2595107555911849 0.9890306094489976 0.10352665334318778 0.17103156267361042 -0.987180752081839 -0.05018044297900065 0.13124375565155222 -1.1997177516027802 
1.2743279485430333E-16 -2.8921853534844237E-15 0.0 1.0961156506731707E-16 -1.0554567052259046E-17 -1.0554567052259046E-17 4.2642088552725084E-16 -4.123466087608911E-16 -1.6707083771250953E-16 2.220446049250313E-16 0.0 -0.25959226754191106 0.8692343509462352 -3.102855714525222 2.495081886031085 1.0659315699344756 -0.7741477916342654 -2.661172582705993 0.5664426269740355 2.1429048130180286 -0.08833886228150067 
-1.8477173838304372E-17 5.107046335340643E-16 0.0 1.2404350954663202E-16 5.776210534621988E-18 6.128736176587982E-17 -1.0054229223636735E-17 4.478579018265001E-16 1.193655421411852E-16 -2.220446049250313E-16 0.0 -0.17815241062201204 -1.2001073002260727 -0.20167694454699014 -0.558362768659775 -0.9030680726720169 0.14883479170414177 0.8317832709531543 -0.11373478501385492 -0.2671737476969914 -1.0687284124327867 
-4.299219809551908E-17 2.859974000345161E-16 1.1102230246251565E-16 6.510133618677768E-16 2.2301215261107102E-17 2.2301215261107102E-17 9.24409192142085E-17 1.2728781069849456E-16 6.904555555819233E-17 -1.1102230246251565E-16 0.0 0.9574244784328104 0.23252145184321293 -0.7842122694111996 -0.5690629863268906 -0.786904854473221 -0.0382148810655224 0.9627191991492176 -0.40505481317367803 0.445273226932984 0.2850776437380076 
7.78157789413505E-17 -1.1801501308138118E-15 0.0 2.0789483737868348E-16 3.875305916786582E-17 1.0997483552236904E-17 1.915772418180628E-16 -6.637915078939531E-17 5.415104402206177E-17 0.0 -1.1102230246251565E-16 0.4675091986182787 -0.3721947929391197 -2.6207387119475984 0.9012357037031872 0.7328533502511378 -0.48791402326174715 -0.8475714067005906 -0.14436408608509466 1.5276623305019708 -1.3355275962211497 

1.0 5.636363636363637 2.545454545454546 8.545454545454545 4.818181818181818 8.545454545454545 0.5454545454545454 9.090909090909092 5.545454545454545 4.090909090909091 0.2727272727272727 7.1818181818181825 7.909090909090909 2.909090909090909 6.0 4.545454545454546 1.272727272727273 7.454545454545454 4.0 1.1818181818181819 3.909090909090909 
0.0 1.0 0.492601431980907 1.7711217183770882 0.9069212410501195 1.6293556085918854 -0.006205250596658707 1.6467780429594274 0.928400954653938 0.8224343675417661 0.04940334128878282 1.298329355608592 1.40381861575179 0.4245823389021481 1.0842482100238666 0.8443914081145586 0.07565632458233894 1.5630071599045345 0.6431980906921241 0.09331742243436758 0.6529832935560859 
0.0 8.881784197001252E-16 1.0 3.346959811276646 0.6701662664088023 1.1212852173789871 0.008068915194921951 0.6568125305506566 0.951621929880489 1.559773021911461 1.1059479027196277 1.5014983104159147 1.052656932962121 0.6158055809406427 0.47383092824403844 1.6373947109288114 -0.6360947583930177 3.125528659171573 0.27102416424032544 0.029353424152906055 0.9010477546596387 
-2.7755575615628914E-17 -1.0113899813920487E-15 0.0 1.0 0.031639477301107645 0.3372904509175111 -0.2417180169357065 0.20206416332017837 0.2964425908333689 0.23056679147877285 0.03699394398665821 0.42756171914634744 0.23211918569436493 -0.05451672576342257 0.22347674733153822 0.2636960717431283 -0.14891745004403786 0.7648762155973541 -0.05242716890256714 -0.1877921555090229 0.07515810393681838 
-3.607774589438259E-18 -1.9757478117495983E-16 0.0 -5.551115123125783E-17 1.0 0.009270719366423711 -0.032357038478208866 -0.6892599404169311 -0.9664625275474116 0.9137263935238621 0.6082775704258161 0.283687097629477 -0.35757625820959027 0.1700867918309985 -0.4077033960071072 0.6384794655396482 0.4850804560900017 0.25185007037973234 0.7567482730015693 0.6911047014615885 0.7407772918099528 
1.9441258052229202E-17 -5.458341529157938E-16 0.0 -1.909503141116676E-17 0.0 1.0 -10.230506219217094 -14.780421825133425 -3.9646838616774094 0.026139172903235263 -16.933729487015782 -9.51611712368399 -17.206546377511753 -26.379955849572827 6.861222146500081 0.14473121382978488 2.794737964494334 -17.50395893197079 -3.0650989079896998 4.058684356119571 -18.020889784650848 
5.020297781898005E-17 -1.5154485969323269E-15 0.0 -1.758587981935304E-16 -1.3877787807814457E-17 -1.3877787807814457E-17 1.0 2.286768933631553 0.6940664340349799 -1.025715949956423 1.04167514834294 1.6661420676494179 2.161243956343885 2.494700680943157 -1.1380649619333614 -0.8406323313474112 -0.2916346015687719 2.1352723754906764 -0.5116771199416774 -1.1340386881100493 1.5944152914048328 
-5.542219483433637E-17 3.5291257264990114E-15 0.0 1.2740505559925272E-15 1.3276511575537172E-16 1.3276511575537172E-16 8.881784197001252E-16 1.0 0.23213457143008337 -1.0948663937657088 -0.4728582031575005 0.76204147615402 0.4928791667323414 0.17255579182860095 -0.6447145296109033 -0.9463579100833369 -0.07371418348629188 0.6725911677267489 -0.8963264456139387 -0.920999335041558 -0.09269572005539424 
-7.221159253219693E-18 8.259350061662434E-16 0.0 1.09865381520815E-16 8.279692353432099E-19 8.279692353432099E-19 -1.7534449099939194E-16 2.220446049250313E-16 1.0 -0.6986650491888335 -0.8320119581524553 -0.29772814531402664 0.7269546917589864 -0.2221116390945549 0.37324794653481036 0.07803052313319866 -0.009755508862572058 -0.6159554597143697 -0.24478222482070805 -0.1570349172779878 0.047026846709268086 
6.083853109127993E-17 -1.8590253854437932E-15 0.0 3.2848043175961024E-16 2.93986448894987E-17 2.93986448894987E-17 -8.479486167035573E-17 2.167238638335739E-16 1.1102230246251565E-16 1.0 1.7839721548344765 -0.2056109832073708 0.7637360352014718 2.7205081875324146 -0.45117018676425336 0.656243769171596 -0.18678581690611756 1.159489789061927 0.6240087668433469 -0.44910451988216643 1.912676700378171 
-1.1875830395897893E-16 3.0014349352313526E-15 0.0 -6.593708737697771E-17 -8.871549251329907E-19 -8.871549251329907E-19 -2.8963635886319057E-16 6.797734934860063E-17 7.244948503039443E-18 0.0 1.0 0.10618486954586398 0.010853295732970315 2.75050150851787 -1.7761062344096419 -0.7449946394784684 0.14821783506785313 2.0673861581183677 -0.627894703498464 -1.626077457684447 1.1252048231596656 
4.4841390425621706E-17 -5.821378610656513E-16 0.0 -9.579808783183419E-17 8.829505428800973E-21 8.829505428800973E-21 8.503532131563996E-17 -1.915914055944833E-16 -1.252571378357861E-16 0.0 0.0 1.0 2.103815143358787 -2.814477790632602 0.773808163356977 2.140482395080162 1.1372029227264753 -2.6131695713941787 -2.647024585638843 -2.4264074624778407 -2.1687776965909205 
2.8549570798214103E-16 -3.49272848301623E-15 5.551115123125783E-17 -7.812907070965462E-16 8.136676970827638E-17 8.136676970827638E-17 5.616526864426341E-16 -1.385904563391903E-15 -9.38421311186435E-16 6.938893903907228E-18 0.0 0.0 2.9294814678261387 -4.987589104888006 2.5376112091526135 3.658285899074197 0.5636218767812535 -4.2524993577887775 -3.3650840012471894 -3.5788220096789485 -4.119009808754422 
2.3383834432170608E-17 8.12737834164588E-17 2.7755575615628914E-17 1.7474616305748398E-17 2.7419142836801533E-18 2.7419142836801533E-18 7.279762256943427E-17 2.0106674636502616E-17 -9.141258306697693E-17 0.0 0.0 -6.938893903907228E-18 -0.3071433780661468 -0.6004837586423837 -0.137364870717188 -0.036212922795722455 0.37552749157776044 -0.27051743703253583 -0.12783237860029087 -0.03855983675783982 -0.45423843802585195 
1.9734893710202035E-16 -3.691224087230149E-15 0.0 -1.3738911394663557E-17 -9.992732635109087E-18 -9.992732635109087E-18 1.3546514661519206E-16 -5.600251661423048E-16 -3.363689798998255E-16 0.0 0.0 5.551115123125783E-17 1.0800231439609513 -3.638684684476843 2.946132501026025 1.6438091301735251 0.5444020625667096 -4.121476584110123 -0.13769982042252238 1.125098607790418 -1.2969126875482049 
1.4224906565756944E-16 -1.2940467166358376E-15 0.0 6.2404426005012E-17 5.5088348805244515E-17 -5.593395365727112E-17 -4.516023155055727E-17 -2.33736152429488E-16 -3.0662756108440277E-16 0.0 0.0 0.0 0.5627327523595507 -2.4040396551020775 1.3037056118907264 0.9739701751280562 0.633483820780133 -2.0498461260057477 -1.1266132171379852 -0.8554733795973927 -2.0816677739566787 
1.7354971657866754E-16 -3.49088235901291E-15 0.0 1.10884622832398E-17 -1.054548638801425E-17 -1.054548638801425E-17 5.138750705937069E-16 -6.093879085733334E-16 -2.9589096496909557E-16 2.220446049250313E-16 0.0 0.0 1.4153684944997535 -3.833472386141887 2.695956501799364 1.6215842485068754 -0.478938706268411 -3.3395311972157318 -0.12070448745113926 1.5130281978527913 -0.6513367823338605 
1.3171845808768427E-17 9.983216889156557E-17 0.0 5.642929118356061E-17 5.7824423929149095E-18 6.129359362417274E-17 4.996363662461041E-17 3.126328318116015E-16 3.095914843498609E-17 -2.220446049250313E-16 0.0 0.0 -0.825307560933611 -0.7030829475903027 -0.42050697899873785 -0.5217359740945082 0.35143023375426097 0.36624081244519135 -0.5853085959211473 -0.699444086288658 -1.4551013871837137 
-2.130799674538556E-16 2.494103110135656E-15 1.1102230246251565E-16 1.014384856673176E-15 2.2267724085461845E-17 2.2267724085461845E-17 -2.3010635200025403E-16 8.540127069714267E-16 5.441581015448432E-16 -1.1102230246251565E-16 0.0 0.0 -1.781722664506122 1.9104376613459477 -1.3099258635359952 -2.836255095177458 -1.1270007962291855 3.4646317130977797 2.129271320130417 2.7683751261613097 2.3615184987332816 
-5.237870238005499E-18 -1.019348206270525E-16 0.0 3.8532869264763456E-16 3.8736705467872346E-17 1.098112985224343E-17 3.4077804861095256E-17 2.8847972479381657E-16 2.861479175418325E-16 0.0 -1.1102230246251565E-16 0.0 -1.3557477246517853 -1.3049444555200072 0.5394732693678848 -0.26784185892932233 -1.019566850331966 0.3741094054755727 1.093144256669802 2.662030138806397 -0.321604073306732 

1.0 5.636363636363637 2.545454545454546 8.545454545454545 4.818181818181818 8.545454545454545 0.5454545454545454 9.090909090909092 5.545454545454545 4.090909090909091 0.2727272727272727 7.1818181818181825 7.909090909090909 2.909090909090909 6.0 4.545454545454546 1.272727272727273 7.454545454545454 4.0 1.1818181818181819 3.909090909090909 
0.0 1.0 0.492601431980907 1.7711217183770882 0.9069212410501195 1.6293556085918854 -0.006205250596658707 1.6467780429594274 0.928400954653938 0.8224343675417661 0.04940334128878282 1.298329355608592 1.40381861575179 0.4245823389021481 1.0842482100238666 0.8443914081145586 0.07565632458233894 1.5630071599045345 0.6431980906921241 0.09331742243436758 0.6529832935560859 
0.0 8.881784197001252E-16 1.0 3.346959811276646 0.6701662664088023 1.1212852173789871 0.008068915194921951 0.6568125305506566 0.951621929880489 1.559773021911461 1.1059479027196277 1.5014983104159147 1.052656932962121 0.6158055809406427 0.47383092824403844 1.6373947109288114 -0.6360947583930177 3.125528659171573 0.27102416424032544 0.029353424152906055 0.9010477546596387 
-2.7755575615628914E-17 -1.0113899813920487E-15 0.0 1.0 0.031639477301107645 0.3372904509175111 -0.2417180169357065 0.20206416332017837 0.2964425908333689 0.23056679147877285 0.03699394398665821 0.42756171914634744 0.23211918569436493 -0.05451672576342257 0.22347674733153822 0.2636960717431283 -0.14891745004403786 0.7648762155973541 -0.05242716890256714 -0.1877921555090229 0.07515810393681838 
-3.607774589438259E-18 -1.9757478117495983E-16 0.0 -5.551115123125783E-17 1.0 0.009270719366423711 -0.032357038478208866 -0.6892599404169311 -0.9664625275474116 0.9137263935238621 0.6082775704258161 0.283687097629477 -0.35757625820959027 0.1700867918309985 -0.4077033960071072 0.6384794655396482 0.4850804560900017 0.25185007037973234 0.7567482730015693 0.6911047014615885 0.7407772918099528 
1.9441258052229202E-17 -5.458341529157938E-16 0.0 -1.909503141116676E-17 0.0 1.0 -10.230506219217094 -14.780421825133425 -3.9646838616774094 0.026139172903235263 -16.933729487015782 -9.51611712368399 -17.206546377511753 -26.379955849572827 6.861222146500081 0.14473121382978488 2.794737964494334 -17.50395893197079 -3.0650989079896998 4.058684356119571 -18.020889784650848 
5.020297781898005E-17 -1.5154485969323269E-15 0.0 -1.758587981935304E-16 -1.3877787807814457E-17 -1.3877787807814457E-17 1.0 2.286768933631553 0.6940664340349799 -1.025715949956423 1.04167514834294 1.6661420676494179 2.161243956343885 2.494700680943157 -1.1380649619333614 -0.8406323313474112 -0.2916346015687719 2.1352723754906764 -0.5116771199416774 -1.1340386881100493 1.5944152914048328 
-5.542219483433637E-17 3.5291257264990114E-15 0.0 1.2740505559925272E-15 1.3276511575537172E-16 1.3276511575537172E-16 8.881784197001252E-16 1.0 0.23213457143008337 -1.0948663937657088 -0.4728582031575005 0.76204147615402 0.4928791667323414 0.17255579182860095 -0.6447145296109033 -0.9463579100833369 -0.07371418348629188 0.6725911677267489 -0.8963264456139387 -0.920999335041558 -0.09269572005539424 
-7.221159253219693E-18 8.259350061662434E-16 0.0 1.09865381520815E-16 8.279692353432099E-19 8.279692353432099E-19 -1.7534449099939194E-16 2.220446049250313E-16 1.0 -0.6986650491888335 -0.8320119581524553 -0.29772814531402664 0.7269546917589864 -0.2221116390945549 0.37324794653481036 0.07803052313319866 -0.009755508862572058 -0.6159554597143697 -0.24478222482070805 -0.1570349172779878 0.047026846709268086 
6.083853109127993E-17 -1.8590253854437932E-15 0.0 3.2848043175961024E-16 2.93986448894987E-17 2.93986448894987E-17 -8.479486167035573E-17 2.167238638335739E-16 1.1102230246251565E-16 1.0 1.7839721548344765 -0.2056109832073708 0.7637360352014718 2.7205081875324146 -0.45117018676425336 0.656243769171596 -0.18678581690611756 1.159489789061927 0.6240087668433469 -0.44910451988216643 1.912676700378171 
-1.1875830395897893E-16 3.0014349352313526E-15 0.0 -6.593708737697771E-17 -8.871549251329907E-19 -8.871549251329907E-19 -2.8963635886319057E-16 6.797734934860063E-17 7.244948503039443E-18 0.0 1.0 0.10618486954586398 0.010853295732970315 2.75050150851787 -1.7761062344096419 -0.7449946394784684 0.14821783506785313 2.0673861581183677 -0.627894703498464 -1.626077457684447 1.1252048231596656 
4.4841390425621706E-17 -5.821378610656513E-16 0.0 -9.579808783183419E-17 8.829505428800973E-21 8.829505428800973E-21 8.503532131563996E-17 -1.915914055944833E-16 -1.252571378357861E-16 0.0 0.0 1.0 2.103815143358787 -2.814477790632602 0.773808163356977 2.140482395080162 1.1372029227264753 -2.6131695713941787 -2.647024585638843 -2.4264074624778407 -2.1687776965909205 
2.8549570798214103E-16 -3.49272848301623E-15 5.551115123125783E-17 -7.812907070965462E-16 8.136676970827638E-17 8.136676970827638E-17 5.616526864426341E-16 -1.385904563391903E-15 -9.38421311186435E-16 6.938893903907228E-18 0.0 0.0 1.0 -1.7025501474119626 0.866232211066241 1.248782741673692 0.1923964643474931 -1.4516218670413374 -1.1486961218922798 -1.2216571598026396 -1.4060542297306247 
5.3316816475607504E-17 -2.8492359203152977E-16 3.3575678148027377E-17 -6.444031289412577E-17 1.1272865847977072E-17 1.1272865847977072E-17 1.3168446152319928E-16 -1.2519938513978692E-16 -1.8980197201946934E-16 7.275128165498076E-19 0.0 -6.938893903907228E-18 0.0 -1.12341076224551 0.1286926167794047 0.3473424269526396 0.43462079156543243 -0.7163734809502992 -0.48064678584976805 -0.413783743658317 -0.88609868388951 
9.209414183921265E-17 -2.4035465106150686E-15 -2.0465508567345227E-17 2.743025236146689E-16 -3.999053101663987E-17 -3.999053101663987E-17 -7.160149875806652E-17 -4.9078426856365614E-17 9.602396263077993E-18 -2.5581885709181534E-18 0.0 5.551115123125783E-17 0.0 -1.7998911215177935 2.010581665030017 0.2950948673869278 0.33660942825515905 -2.5536913714256717 1.10291857659933 2.444516614362871 0.22165842222505838 
8.740735141424738E-17 -6.231181806206134E-16 -1.0663301086589059E-17 2.1248486680180358E-16 3.9458365556870696E-17 -7.156393690564493E-17 -1.5304975588557075E-16 3.2486350778193216E-17 -1.2636343819555921E-16 -1.3329126358236324E-18 0.0 0.0 0.0 -1.445958924618785 0.8162483755749214 0.27123922580691373 0.5252160288536221 -1.232970957380266 -0.48020428684080063 -0.16800688362190186 -1.2904350072935762 
3.5613486283045126E-17 -1.8033830834597254E-15 -2.6820014193309277E-17 3.885662732934152E-16 -4.9857550181259635E-17 -4.9857550181259635E-17 2.425145837728248E-16 6.020692483038919E-17 1.5750393546222435E-16 2.1869210315086764E-16 0.0 0.0 0.0 -1.4237365471890837 1.4699187213353457 -0.14590350053309264 -0.7512506003589978 -1.2849513406785125 1.5051238132292424 3.2421232529174984 1.3387480759849848 
9.360306512165304E-17 -8.841560409606477E-16 1.5638867605222622E-17 -1.6367967176285227E-16 2.870547876863771E-17 8.421662999989554E-17 2.0819512360641879E-16 -7.7810844812338E-17 -2.334174014662208E-16 -2.2008974647437848E-16 0.0 0.0 0.0 -2.1082104571180293 0.2944010143184706 0.5088938645721943 0.510216490477141 -0.8317936900405897 -1.5333361905339629 -1.7076869771424572 -2.6155285740630827 
-3.9440304900034905E-17 3.698112968906252E-16 1.4478441270892493E-16 5.392006386842789E-16 7.175532771739928E-17 7.175532771739928E-17 1.1149311944415189E-16 1.1099857527736398E-17 -2.6593595422592637E-17 -1.068020386817145E-16 0.0 0.0 0.0 -1.1230345237561852 0.23345969964597724 -0.611270581293347 -0.784203655130413 0.8782441322975365 0.08261340512465498 0.5917208762847692 -0.14368018990247045 
1.268879550131989E-16 -1.7183501301902149E-15 2.5690251944288962E-17 2.3751700244352703E-17 7.639279379128496E-17 4.8637218175656045E-17 2.940075432984628E-16 -3.5290919643304777E-16 -1.4814824421195855E-16 3.2112814930361202E-18 -1.1102230246251565E-16 0.0 0.0 -3.613172943979337 1.713865618541026 1.4251925016792037 -0.7587257815618038 -1.5939236378204968 -0.4641978969019862 1.0057712240994061 -2.2278588960010453 

1.0 5.636363636363637 2.545454545454546 8.545454545454545 4.818181818181818 8.545454545454545 0.5454545454545454 9.090909090909092 5.545454545454545 4.090909090909091 0.2727272727272727 7.1818181818181825 7.909090909090909 2.909090909090909 6.0 4.545454545454546 1.272727272727273 7.454545454545454 4.0 1.1818181818181819 3.909090909090909 
0.0 1.0 0.492601431980907 1.7711217183770882 0.9069212410501195 1.6293556085918854 -0.006205250596658707 1.6467780429594274 0.928400954653938 0.8224343675417661 0.04940334128878282 1.298329355608592 1.40381861575179 0.4245823389021481 1.0842482100238666 0.8443914081145586 0.07565632458233894 1.5630071599045345 0.6431980906921241 0.09331742243436758 0.6529832935560859 
0.0 8.881784197001252E-16 1.0 3.346959811276646 0.6701662664088023 1.1212852173789871 0.008068915194921951 0.6568125305506566 0.951621929880489 1.559773021911461 1.1059479027196277 1.5014983104159147 1.052656932962121 0.6158055809406427 0.47383092824403844 1.6373947109288114 -0.6360947583930177 3.125528659171573 0.27102416424032544 0.029353424152906055 0.9010477546596387 
-2.7755575615628914E-17 -1.0113899813920487E-15 0.0 1.0 0.031639477301107645 0.3372904509175111 -0.2417180169357065 0.20206416332017837 0.2964425908333689 0.23056679147877285 0.03699394398665821 0.42756171914634744 0.23211918569436493 -0.05451672576342257 0.22347674733153822 0.2636960717431283 -0.14891745004403786 0.7648762155973541 -0.05242716890256714 -0.1877921555090229 0.07515810393681838 
-3.607774589438259E-18 -1.9757478117495983E-16 0.0 -5.551115123125783E-17 1.0 0.009270719366423711 -0.032357038478208866 -0.6892599404169311 -0.9664625275474116 0.9137263935238621 0.6082775704258161 0.283687097629477 -0.35757625820959027 0.1700867918309985 -0.4077033960071072 0.6384794655396482 0.4850804560900017 0.25185007037973234 0.7567482730015693 0.6911047014615885 0.7407772918099528 
1.9441258052229202E-17 -5.458341529157938E-16 0.0 -1.909503141116676E-17 0.0 1.0 -10.230506219217094 -14.780421825133425 -3.9646838616774094 0.026139172903235263 -16.933729487015782 -9.51611712368399 -17.206546377511753 -26.379955849572827 6.861222146500081 0.14473121382978488 2.794737964494334 -17.50395893197079 -3.0650989079896998 4.058684356119571 -18.020889784650848 
5.020297781898005E-17 -1.5154485969323269E-15 0.0 -1.758587981935304E-16 -1.3877787807814457E-17 -1.3877787807814457E-17 1.0 2.286768933631553 0.6940664340349799 -1.025715949956423 1.04167514834294 1.6661420676494179 2.161243956343885 2.494700680943157 -1.1380649619333614 -0.8406323313474112 -0.2916346015687719 2.1352723754906764 -0.5116771199416774 -1.1340386881100493 1.5944152914048328 
-5.542219483433637E-17 3.5291257264990114E-15 0.0 1.2740505559925272E-15 1.3276511575537172E-16 1.3276511575537172E-16 8.881784197001252E-16 1.0 0.23213457143008337 -1.0948663937657088 -0.4728582031575005 0.76204147615402 0.4928791667323414 0.17255579182860095 -0.6447145296109033 -0.9463579100833369 -0.07371418348629188 0.6725911677267489 -0.8963264456139387 -0.920999335041558 -0.09269572005539424 
-7.221159253219693E-18 8.259350061662434E-16 0.0 1.09865381520815E-16 8.279692353432099E-19 8.279692353432099E-19 -1.7534449099939194E-16 2.220446049250313E-16 1.0 -0.6986650491888335 -0.8320119581524553 -0.29772814531402664 0.7269546917589864 -0.2221116390945549 0.37324794653481036 0.07803052313319866 -0.009755508862572058 -0.6159554597143697 -0.24478222482070805 -0.1570349172779878 0.047026846709268086 
6.083853109127993E-17 -1.8590253854437932E-15 0.0 3.2848043175961024E-16 2.93986448894987E-17 2.93986448894987E-17 -8.479486167035573E-17 2.167238638335739E-16 1.1102230246251565E-16 1.0 1.7839721548344765 -0.2056109832073708 0.7637360352014718 2.7205081875324146 -0.45117018676425336 0.656243769171596 -0.18678581690611756 1.159489789061927 0.6240087668433469 -0.44910451988216643 1.912676700378171 
-1.1875830395897893E-16 3.0014349352313526E-15 0.0 -6.593708737697771E-17 -8.871549251329907E-19 -8.871549251329907E-19 -2.8963635886319057E-16 6.797734934860063E-17 7.244948503039443E-18 0.0 1.0 0.10618486954586398 0.010853295732970315 2.75050150851787 -1.7761062344096419 -0.7449946394784684 0.14821783506785313 2.0673861581183677 -0.627894703498464 -1.626077457684447 1.1252048231596656 
4.4841390425621706E-17 -5.821378610656513E-16 0.0 -9.579808783183419E-17 8.829505428800973E-21 8.829505428800973E-21 8.503532131563996E-17 -1.915914055944833E-16 -1.252571378357861E-16 0.0 0.0 1.0 2.103815143358787 -2.814477790632602 0.773808163356977 2.140482395080162 1.1372029227264753 -2.6131695713941787 -2.647024585638843 -2.4264074624778407 -2.1687776965909205 
2.8549570798214103E-16 -3.49272848301623E-15 5.551115123125783E-17 -7.812907070965462E-16 8.136676970827638E-17 8.136676970827638E-17 5.616526864426341E-16 -1.385904563391903E-15 -9.38421311186435E-16 6.938893903907228E-18 0.0 0.0 1.0 -1.7025501474119626 0.866232211066241 1.248782741673692 0.1923964643474931 -1.4516218670413374 -1.1486961218922798 -1.2216571598026396 -1.4060542297306247 
5.3316816475607504E-17 -2.8492359203152977E-16 3.3575678148027377E-17 -6.444031289412577E-17 1.1272865847977072E-17 1.1272865847977072E-17 1.3168446152319928E-16 -1.2519938513978692E-16 -1.8980197201946934E-16 7.275128165498076E-19 0.0 -6.938893903907228E-18 0.0 1.0 -0.11455526429368514 -0.3091855967788311 -0.38687611528369037 0.6376772459597846 0.42784598652859224 0.3683280929508211 0.7887575174358727 
6.6717230524968575E-18 -1.94705146815754E-15 -7.425933628248914E-17 3.775466360478896E-16 -5.805153936347012E-17 -5.805153936347012E-17 -2.825819353916797E-16 1.5151183745814194E-16 3.1369676295898234E-16 -3.7237852549672214E-18 0.0 6.662841479194568E-17 0.0 2.220446049250313E-16 1.8043946619046887 -0.2614055431564709 -0.3597254567712497 -1.405941758028737 1.8729947691291646 3.107467078670634 1.6413360748883021 
1.878247331438951E-17 -2.563887308252977E-16 -5.387906249804881E-17 2.9542696480008234E-16 2.494889001443279E-17 -8.607341244808283E-17 -3.225428111172036E-16 1.9363236645086166E-16 1.179335407680616E-16 -2.2693053473925194E-18 0.0 8.931154929727164E-18 0.0 0.0 0.6506061688074037 -0.1758304472190222 -0.03419094276267587 -0.3109158525583876 0.1384434357425457 0.3645804095681552 -0.14992403559701928 
-3.195672289348608E-17 -1.4422897552092085E-15 -6.937160946239361E-17 4.702336666129183E-16 -6.4144035266416E-17 -6.4144035266416E-17 7.562640104548078E-17 2.188763503865613E-16 3.9804640966154375E-16 2.1777010149280975E-16 0.0 8.79389550115532E-18 0.0 0.0 1.3068222048875215 -0.586102334531582 -1.302060264922925 -0.3770669402946847 2.1142637808181677 3.7665254202080405 2.461730980428568 
-6.4521184422320556E-18 -3.4946390840545854E-16 -4.736978261904092E-17 -4.274995836772258E-17 7.550639896620354E-18 6.306179112787819E-17 -3.8926025801347685E-17 1.5714030738141633E-16 1.2276799005811443E-16 -2.2145500856646667E-16 0.0 1.30216383718895E-17 0.0 0.0 0.05289440821660396 -0.14293444374721598 -0.3053997813731353 0.5125641481580537 -0.6313468076984051 -0.9311738399331947 -0.9526617276743194 
-9.273926518344581E-17 6.546394659251163E-16 1.1121997930133357E-16 6.036193700458168E-16 6.048623723472895E-17 6.048623723472895E-17 -2.014723998875587E-17 1.3625731247679305E-16 1.6314481052681277E-16 -1.0752930784889556E-16 0.0 6.9365700175357175E-18 0.0 0.0 0.1048101829661546 -0.9584966807241335 -1.2186788890106752 1.594377694524139 0.5630992188467878 1.0053660407378184 0.7421217330502359 
-4.459240214816201E-17 -8.019638461813496E-16 -8.22976149493154E-17 2.3100803325759696E-16 4.013640810239823E-17 1.2380832486769319E-17 -1.2952296709745827E-16 4.9763669265444155E-17 4.623028686507093E-16 8.714164022818027E-19 -1.1102230246251565E-16 2.2317236541892454E-17 0.0 -4.440892098500626E-16 1.2999576370046806 0.30805146872982636 -2.1565760939766645 0.7101145342726534 1.081683645813271 2.336604324056819 0.6220584253585599 

1.0 5.636363636363637 2.545454545454546 8.545454545454545 4.818181818181818 8.545454545454545 0.5454545454545454 9.090909090909092 5.545454545454545 4.090909090909091 0.2727272727272727 7.1818181818181825 7.909090909090909 2.909090909090909 6.0 4.545454545454546 1.272727272727273 7.454545454545454 4.0 1.1818181818181819 3.909090909090909 
0.0 1.0 0.492601431980907 1.7711217183770882 0.9069212410501195 1.6293556085918854 -0.006205250596658707 1.6467780429594274 0.928400954653938 0.8224343675417661 0.04940334128878282 1.298329355608592 1.40381861575179 0.4245823389021481 1.0842482100238666 0.8443914081145586 0.07565632458233894 1.5630071599045345 0.6431980906921241 0.09331742243436758 0.6529832935560859 
0.0 8.881784197001252E-16 1.0 3.346959811276646 0.6701662664088023 1.1212852173789871 0.008068915194921951 0.6568125305506566 0.951621929880489 1.559773021911461 1.1059479027196277 1.5014983104159147 1.052656932962121 0.6158055809406427 0.47383092824403844 1.6373947109288114 -0.6360947583930177 3.125528659171573 0.27102416424032544 0.029353424152906055 0.9010477546596387 
-2.7755575615628914E-17 -1.0113899813920487E-15 0.0 1.0 0.031639477301107645 0.3372904509175111 -0.2417180169357065 0.20206416332017837 0.2964425908333689 0.23056679147877285 0.03699394398665821 0.42756171914634744 0.23211918569436493 -0.05451672576342257 0.22347674733153822 0.2636960717431283 -0.14891745004403786 0.7648762155973541 -0.05242716890256714 -0.1877921555090229 0.07515810393681838 
-3.607774589438259E-18 -1.9757478117495983E-16 0.0 -5.551115123125783E-17 1.0 0.009270719366423711 -0.032357038478208866 -0.6892599404169311 -0.9664625275474116 0.9137263935238621 0.6082775704258161 0.283687097629477 -0.35757625820959027 0.1700867918309985 -0.4077033960071072 0.6384794655396482 0.4850804560900017 0.25185007037973234 0.7567482730015693 0.6911047014615885 0.7407772918099528 
1.9441258052229202E-17 -5.458341529157938E-16 0.0 -1.909503141116676E-17 0.0 1.0 -10.230506219217094 -14.780421825133425 -3.9646838616774094 0.026139172903235263 -16.933729487015782 -9.51611712368399 -17.206546377511753 -26.379955849572827 6.861222146500081 0.14473121382978488 2.794737964494334 -17.50395893197079 -3.0650989079896998 4.058684356119571 -18.020889784650848 
5.020297781898005E-17 -1.5154485969323269E-15 0.0 -1.758587981935304E-16 -1.3877787807814457E-17 -1.3877787807814457E-17 1.0 2.286768933631553 0.6940664340349799 -1.025715949956423 1.04167514834294 1.6661420676494179 2.161243956343885 2.494700680943157 -1.1380649619333614 -0.8406323313474112 -0.2916346015687719 2.1352723754906764 -0.5116771199416774 -1.1340386881100493 1.5944152914048328 
-5.542219483433637E-17 3.5291257264990114E-15 0.0 1.2740505559925272E-15 1.3276511575537172E-16 1.3276511575537172E-16 8.881784197001252E-16 1.0 0.23213457143008337 -1.0948663937657088 -0.4728582031575005 0.76204147615402 0.4928791667323414 0.17255579182860095 -0.6447145296109033 -0.9463579100833369 -0.07371418348629188 0.6725911677267489 -0.8963264456139387 -0.920999335041558 -0.09269572005539424 
-7.221159253219693E-18 8.259350061662434E-16 0.0 1.09865381520815E-16 8.279692353432099E-19 8.279692353432099E-19 -1.7534449099939194E-16 2.220446049250313E-16 1.0 -0.6986650491888335 -0.8320119581524553 -0.29772814531402664 0.7269546917589864 -0.2221116390945549 0.37324794653481036 0.07803052313319866 -0.009755508862572058 -0.6159554597143697 -0.24478222482070805 -0.1570349172779878 0.047026846709268086 
6.083853109127993E-17 -1.8590253854437932E-15 0.0 3.2848043175961024E-16 2.93986448894987E-17 2.93986448894987E-17 -8.479486167035573E-17 2.167238638335739E-16 1.1102230246251565E-16 1.0 1.7839721548344765 -0.2056109832073708 0.7637360352014718 2.7205081875324146 -0.45117018676425336 0.656243769171596 -0.18678581690611756 1.159489789061927 0.6240087668433469 -0.44910451988216643 1.912676700378171 
-1.1875830395897893E-16 3.0014349352313526E-15 0.0 -6.593708737697771E-17 -8.871549251329907E-19 -8.871549251329907E-19 -2.8963635886319057E-16 6.797734934860063E-17 7.244948503039443E-18 0.0 1.0 0.10618486954586398 0.010853295732970315 2.75050150851787 -1.7761062344096419 -0.7449946394784684 0.14821783506785313 2.0673861581183677 -0.627894703498464 -1.626077457684447 1.1252048231596656 
4.4841390425621706E-17 -5.821378610656513E-16 0.0 -9.579808783183419E-17 8.829505428800973E-21 8.829505428800973E-21 8.503532131563996E-17 -1.915914055944833E-16 -1.252571378357861E-16 0.0 0.0 1.0 2.103815143358787 -2.814477790632602 0.773808163356977 2.140482395080162 1.1372029227264753 -2.6131695713941787 -2.647024585638843 -2.4264074624778407 -2.1687776965909205 
2.8549570798214103E-16 -3.49272848301623E-15 5.551115123125783E-17 -7.812907070965462E-16 8.136676970827638E-17 8.136676970827638E-17 5.616526864426341E-16 -1.385904563391903E-15 -9.38421311186435E-16 6.938893903907228E-18 0.0 0.0 1.0 -1.7025501474119626 0.866232211066241 1.248782741673692 0.1923964643474931 -1.4516218670413374 -1.1486961218922798 -1.2216571598026396 -1.4060542297306247 
5.3316816475607504E-17 -2.8492359203152977E-16 3.3575678148027377E-17 -6.444031289412577E-17 1.1272865847977072E-17 1.1272865847977072E-17 1.3168446152319928E-16 -1.2519938513978692E-16 -1.8980197201946934E-16 7.275128165498076E-19 0.0 -6.938893903907228E-18 0.0 1.0 -0.11455526429368514 -0.3091855967788311 -0.38687611528369037 0.6376772459597846 0.42784598652859224 0.3683280929508211 0.7887575174358727 
6.6717230524968575E-18 -1.94705146815754E-15 -7.425933628248914E-17 3.775466360478896E-16 -5.805153936347012E-17 -5.805153936347012E-17 -2.825819353916797E-16 1.5151183745814194E-16 3.1369676295898234E-16 -3.7237852549672214E-18 0.0 6.662841479194568E-17 0.0 2.220446049250313E-16 1.0 -0.14487160080629788 -0.19936074095427078 -0.7791764117416798 1.0380183496841333 1.7221659674998397 0.9096325263763169 
1.6376866455662116E-17 4.456548536040828E-16 -2.7103555289480654E-17 1.5929589790479825E-16 4.5880391540141965E-17 -6.514191092237365E-17 -2.2065293400722948E-16 1.3900211389094874E-16 4.82466640429542E-18 -9.266292082166559E-19 0.0 -1.5092889585977622E-17 0.0 -8.006207996765788E-17 0.0 -0.08157609004944114 0.09551438512018753 0.19602112750996692 -0.5368977058972322 -0.7558713925974113 -0.7417365686053145 
-3.67886790136951E-17 -3.214919872959482E-17 -1.558972259307167E-17 1.9679773943767419E-16 -2.2100549841777796E-17 -2.2100549841777796E-17 2.802847031710965E-16 1.0914479460563013E-16 1.7085337695582544E-16 2.2046703102832893E-16 0.0 -3.946134142947248E-17 0.0 -1.608144971373427E-16 2.220446049250313E-16 -0.396780909740311 -1.0415312218610548 0.6411780960939246 0.7577583523702425 1.5159606933776488 1.273002996672063 
-6.647694748290501E-18 -2.9238762828237813E-16 -4.519292866898887E-17 -5.38174406151166E-17 9.252375046652534E-18 6.476352627791036E-17 -3.0642358951287453E-17 1.526988572101444E-16 1.1357221654664519E-16 -2.213458487348923E-16 0.0 1.106847887455967E-17 0.0 -6.509062691862221E-18 6.938893903907228E-18 -0.13527154615517475 -0.29485471295873544 0.5537782233534668 -0.6862521740229233 -1.0222667896348738 -1.0007762018515691 
-9.31267993125335E-17 7.677360212023848E-16 1.155334118263983E-16 5.816891721584737E-16 6.385822263826015E-17 6.385822263826015E-17 -3.7331677369191634E-18 1.274565862605209E-16 1.4492340042414973E-16 -1.0731300782200023E-16 0.0 3.066387682969745E-18 0.0 -1.2897697028361824E-17 1.3877787807814457E-17 -0.9433126617370258 -1.19778385327499 1.6760433168016964 0.454304325694168 0.8248655105860756 0.6467829815287687 
-4.939897662833612E-17 6.007694244883827E-16 -2.879823737001085E-17 -4.099157038665575E-17 8.195904454035006E-17 5.420346892472115E-17 7.406029145874612E-17 -5.939148085698907E-17 2.363032515371688E-16 3.554179316050475E-18 -1.1102230246251565E-16 -2.5684521875457883E-17 0.0 -6.040589692503088E-16 2.220446049250313E-16 0.4963784125830667 -1.8974155762542484 1.7230108612901536 -0.26769623520961305 0.09786152241584833 -0.5604253241721946 

1.0 5.636363636363637 2.545454545454546 8.545454545454545 4.818181818181818 8.545454545454545 0.5454545454545454 9.090909090909092 5.545454545454545 4.090909090909091 0.2727272727272727 7.1818181818181825 7.909090909090909 2.909090909090909 6.0 4.545454545454546 1.272727272727273 7.454545454545454 4.0 1.1818181818181819 3.909090909090909 
0.0 1.0 0.492601431980907 1.7711217183770882 0.9069212410501195 1.6293556085918854 -0.006205250596658707 1.6467780429594274 0.928400954653938 0.8224343675417661 0.04940334128878282 1.298329355608592 1.40381861575179 0.4245823389021481 1.0842482100238666 0.8443914081145586 0.07565632458233894 1.5630071599045345 0.6431980906921241 0.09331742243436758 0.6529832935560859 
0.0 8.881784197001252E-16 1.0 3.346959811276646 0.6701662664088023 1.1212852173789871 0.008068915194921951 0.6568125305506566 0.951621929880489 1.559773021911461 1.1059479027196277 1.5014983104159147 1.052656932962121 0.6158055809406427 0.47383092824403844 1.6373947109288114 -0.6360947583930177 3.125528659171573 0.27102416424032544 0.029353424152906055 0.9010477546596387 
-2.7755575615628914E-17 -1.0113899813920487E-15 0.0 1.0 0.031639477301107645 0.3372904509175111 -0.2417180169357065 0.20206416332017837 0.2964425908333689 0.23056679147877285 0.03699394398665821 0.42756171914634744 0.23211918569436493 -0.05451672576342257 0.22347674733153822 0.2636960717431283 -0.14891745004403786 0.7648762155973541 -0.05242716890256714 -0.1877921555090229 0.07515810393681838 
-3.607774589438259E-18 -1.9757478117495983E-16 0.0 -5.551115123125783E-17 1.0 0.009270719366423711 -0.032357038478208866 -0.6892599404169311 -0.9664625275474116 0.9137263935238621 0.6082775704258161 0.283687097629477 -0.35757625820959027 0.1700867918309985 -0.4077033960071072 0.6384794655396482 0.4850804560900017 0.25185007037973234 0.7567482730015693 0.6911047014615885 0.7407772918099528 
1.9441258052229202E-17 -5.458341529157938E-16 0.0 -1.909503141116676E-17 0.0 1.0 -10.230506219217094 -14.780421825133425 -3.9646838616774094 0.026139172903235263 -16.933729487015782 -9.51611712368399 -17.206546377511753 -26.379955849572827 6.861222146500081 0.14473121382978488 2.794737964494334 -17.50395893197079 -3.0650989079896998 4.058684356119571 -18.020889784650848 
5.020297781898005E-17 -1.5154485969323269E-15 0.0 -1.758587981935304E-16 -1.3877787807814457E-17 -1.3877787807814457E-17 1.0 2.286768933631553 0.6940664340349799 -1.025715949956423 1.04167514834294 1.6661420676494179 2.161243956343885 2.494700680943157 -1.1380649619333614 -0.8406323313474112 -0.2916346015687719 2.1352723754906764 -0.5116771199416774 -1.1340386881100493 1.5944152914048328 
-5.542219483433637E-17 3.5291257264990114E-15 0.0 1.2740505559925272E-15 1.3276511575537172E-16 1.3276511575537172E-16 8.881784197001252E-16 1.0 0.23213457143008337 -1.0948663937657088 -0.4728582031575005 0.76204147615402 0.4928791667323414 0.17255579182860095 -0.6447145296109033 -0.9463579100833369 -0.07371418348629188 0.6725911677267489 -0.8963264456139387 -0.920999335041558 -0.09269572005539424 
-7.221159253219693E-18 8.259350061662434E-16 0.0 1.09865381520815E-16 8.279692353432099E-19 8.279692353432099E-19 -1.7534449099939194E-16 2.220446049250313E-16 1.0 -0.6986650491888335 -0.8320119581524553 -0.29772814531402664 0.7269546917589864 -0.2221116390945549 0.37324794653481036 0.07803052313319866 -0.009755508862572058 -0.6159554597143697 -0.24478222482070805 -0.1570349172779878 0.047026846709268086 
6.083853109127993E-17 -1.8590253854437932E-15 0.0 3.2848043175961024E-16 2.93986448894987E-17 2.93986448894987E-17 -8.479486167035573E-17 2.167238638335739E-16 1.1102230246251565E-16 1.0 1.7839721548344765 -0.2056109832073708 0.7637360352014718 2.7205081875324146 -0.45117018676425336 0.656243769171596 -0.18678581690611756 1.159489789061927 0.6240087668433469 -0.44910451988216643 1.912676700378171 
-1.1875830395897893E-16 3.0014349352313526E-15 0.0 -6.593708737697771E-17 -8.871549251329907E-19 -8.871549251329907E-19 -2.8963635886319057E-16 6.797734934860063E-17 7.244948503039443E-18 0.0 1.0 0.10618486954586398 0.010853295732970315 2.75050150851787 -1.7761062344096419 -0.7449946394784684 0.14821783506785313 2.0673861581183677 -0.627894703498464 -1.626077457684447 1.1252048231596656 
4.4841390425621706E-17 -5.821378610656513E-16 0.0 -9.579808783183419E-17 8.829505428800973E-21 8.829505428800973E-21 8.503532131563996E-17 -1.915914055944833E-16 -1.252571378357861E-16 0.0 0.0 1.0 2.103815143358787 -2.814477790632602 0.773808163356977 2.140482395080162 1.1372029227264753 -2.6131695713941787 -2.647024585638843 -2.4264074624778407 -2.1687776965909205 
2.8549570798214103E-16 -3.49272848301623E-15 5.551115123125783E-17 -7.812907070965462E-16 8.136676970827638E-17 8.136676970827638E-17 5.616526864426341E-16 -1.385904563391903E-15 -9.38421311186435E-16 6.938893903907228E-18 0.0 0.0 1.0 -1.7025501474119626 0.866232211066241 1.248782741673692 0.1923964643474931 -1.4516218670413374 -1.1486961218922798 -1.2216571598026396 -1.4060542297306247 
5.3316816475607504E-17 -2.8492359203152977E-16 3.3575678148027377E-17 -6.444031289412577E-17 1.1272865847977072E-17 1.1272865847977072E-17 1.3168446152319928E-16 -1.2519938513978692E-16 -1.8980197201946934E-16 7.275128165498076E-19 0.0 -6.938893903907228E-18 0.0 1.0 -0.11455526429368514 -0.3091855967788311 -0.38687611528369037 0.6376772459597846 0.42784598652859224 0.3683280929508211 0.7887575174358727 
6.6717230524968575E-18 -1.94705146815754E-15 -7.425933628248914E-17 3.775466360478896E-16 -5.805153936347012E-17 -5.805153936347012E-17 -2.825819353916797E-16 1.5151183745814194E-16 3.1369676295898234E-16 -3.7237852549672214E-18 0.0 6.662841479194568E-17 0.0 2.220446049250313E-16 1.0 -0.14487160080629788 -0.19936074095427078 -0.7791764117416798 1.0380183496841333 1.7221659674998397 0.9096325263763169 
1.6376866455662116E-17 4.456548536040828E-16 -2.7103555289480654E-17 1.5929589790479825E-16 4.5880391540141965E-17 -6.514191092237365E-17 -2.2065293400722948E-16 1.3900211389094874E-16 4.82466640429542E-18 -9.266292082166559E-19 0.0 -1.5092889585977622E-17 0.0 -8.006207996765788E-17 0.0 1.0 -1.170862504715521 -2.402923790428833 6.581557237811134 9.265844834427556 9.092573181133924 
-1.1644471507812172E-16 -2.1997860410450657E-15 1.1624024521292549E-16 -5.780073689005448E-16 -2.4525985403870543E-16 2.947455586483017E-16 1.353526529779788E-15 -5.669526399741583E-16 1.4738650665192116E-16 2.24974096517804E-16 0.0 3.394951286502423E-17 0.0 2.286023639308405E-16 2.220446049250313E-16 0.0 -1.5061071116628983 -0.31225619150906414 3.369194620696873 5.192471036294376 4.880762455362735 
-3.380423099918927E-17 -1.031383834916522E-15 -2.4912432523765717E-19 -3.1796594776591427E-16 -6.68276564684436E-17 1.7278349885359423E-16 3.35249945138594E-16 -7.779798142811717E-17 1.0557183207373871E-16 -2.198092886272426E-16 0.0 3.6095892041912315E-17 0.0 1.262519134601018E-16 6.938893903907228E-18 -2.7755575615628914E-17 -0.45323909430672454 0.22873100692910547 0.20404524964456994 0.23113836755208084 0.22919023088949242 
-2.825022091641151E-16 -4.385635094212725E-15 4.2894788005061784E-16 -1.2603436755214355E-15 -4.666839281198557E-16 8.171327341474263E-16 2.547807441432911E-15 -1.479907213133078E-15 8.913292425557173E-17 -9.65978452747838E-17 0.0 1.7759441225515413E-16 0.0 9.129075691068636E-16 1.3877787807814457E-17 0.0 -2.3022732791262692 -0.5906651198989494 6.662770602068377 9.565454264592205 9.223922391062908 
5.0251827540135123E-17 3.312513130982061E-15 -1.9371935263547529E-16 9.283003494032623E-16 3.611344243309539E-16 -3.4217540038217926E-16 -1.2685800955458659E-15 7.864157721881386E-16 2.656606312492333E-16 -2.0842220237160994E-18 -1.1102230246251565E-16 -1.1752251716842298E-16 0.0 -1.091224854969501E-15 2.220446049250313E-16 0.0 -1.3162247048105247 2.9157703579413035 -3.534639169238897 -4.50150382773831 -5.073782366118817 

1.0 5.636363636363637 2.545454545454546 8.545454545454545 4.818181818181818 8.545454545454545 0.5454545454545454 9.090909090909092 5.545454545454545 4.090909090909091 0.2727272727272727 7.1818181818181825 7.909090909090909 2.909090909090909 6.0 4.545454545454546 1.272727272727273 7.454545454545454 4.0 1.1818181818181819 3.909090909090909 
0.0 1.0 0.492601431980907 1.7711217183770882 0.9069212410501195 1.6293556085918854 -0.006205250596658707 1.6467780429594274 0.928400954653938 0.8224343675417661 0.04940334128878282 1.298329355608592 1.40381861575179 0.4245823389021481 1.0842482100238666 0.8443914081145586 0.07565632458233894 1.5630071599045345 0.6431980906921241 0.09331742243436758 0.6529832935560859 
0.0 8.881784197001252E-16 1.0 3.346959811276646 0.6701662664088023 1.1212852173789871 0.008068915194921951 0.6568125305506566 0.951621929880489 1.559773021911461 1.1059479027196277 1.5014983104159147 1.052656932962121 0.6158055809406427 0.47383092824403844 1.6373947109288114 -0.6360947583930177 3.125528659171573 0.27102416424032544 0.029353424152906055 0.9010477546596387 
-2.7755575615628914E-17 -1.0113899813920487E-15 0.0 1.0 0.031639477301107645 0.3372904509175111 -0.2417180169357065 0.20206416332017837 0.2964425908333689 0.23056679147877285 0.03699394398665821 0.42756171914634744 0.23211918569436493 -0.05451672576342257 0.22347674733153822 0.2636960717431283 -0.14891745004403786 0.7648762155973541 -0.05242716890256714 -0.1877921555090229 0.07515810393681838 
-3.607774589438259E-18 -1.9757478117495983E-16 0.0 -5.551115123125783E-17 1.0 0.009270719366423711 -0.032357038478208866 -0.6892599404169311 -0.9664625275474116 0.9137263935238621 0.6082775704258161 0.283687097629477 -0.35757625820959027 0.1700867918309985 -0.4077033960071072 0.6384794655396482 0.4850804560900017 0.25185007037973234 0.7567482730015693 0.6911047014615885 0.7407772918099528 
1.9441258052229202E-17 -5.458341529157938E-16 0.0 -1.909503141116676E-17 0.0 1.0 -10.230506219217094 -14.780421825133425 -3.9646838616774094 0.026139172903235263 -16.933729487015782 -9.51611712368399 -17.206546377511753 -26.379955849572827 6.861222146500081 0.14473121382978488 2.794737964494334 -17.50395893197079 -3.0650989079896998 4.058684356119571 -18.020889784650848 
5.020297781898005E-17 -1.5154485969323269E-15 0.0 -1.758587981935304E-16 -1.3877787807814457E-17 -1.3877787807814457E-17 1.0 2.286768933631553 0.6940664340349799 -1.025715949956423 1.04167514834294 1.6661420676494179 2.161243956343885 2.494700680943157 -1.1380649619333614 -0.8406323313474112 -0.2916346015687719 2.1352723754906764 -0.5116771199416774 -1.1340386881100493 1.5944152914048328 
-5.542219483433637E-17 3.5291257264990114E-15 0.0 1.2740505559925272E-15 1.3276511575537172E-16 1.3276511575537172E-16 8.881784197001252E-16 1.0 0.23213457143008337 -1.0948663937657088 -0.4728582031575005 0.76204147615402 0.4928791667323414 0.17255579182860095 -0.6447145296109033 -0.9463579100833369 -0.07371418348629188 0.6725911677267489 -0.8963264456139387 -0.920999335041558 -0.09269572005539424 
-7.221159253219693E-18 8.259350061662434E-16 0.0 1.09865381520815E-16 8.279692353432099E-19 8.279692353432099E-19 -1.7534449099939194E-16 2.220446049250313E-16 1.0 -0.6986650491888335 -0.8320119581524553 -0.29772814531402664 0.7269546917589864 -0.2221116390945549 0.37324794653481036 0.07803052313319866 -0.009755508862572058 -0.6159554597143697 -0.24478222482070805 -0.1570349172779878 0.047026846709268086 
6.083853109127993E-17 -1.8590253854437932E-15 0.0 3.2848043175961024E-16 2.93986448894987E-17 2.93986448894987E-17 -8.479486167035573E-17 2.167238638335739E-16 1.1102230246251565E-16 1.0 1.7839721548344765 -0.2056109832073708 0.7637360352014718 2.7205081875324146 -0.45117018676425336 0.656243769171596 -0.18678581690611756 1.159489789061927 0.6240087668433469 -0.44910451988216643 1.912676700378171 
-1.1875830395897893E-16 3.0014349352313526E-15 0.0 -6.593708737697771E-17 -8.871549251329907E-19 -8.871549251329907E-19 -2.8963635886319057E-16 6.797734934860063E-17 7.244948503039443E-18 0.0 1.0 0.10618486954586398 0.010853295732970315 2.75050150851787 -1.7761062344096419 -0.7449946394784684 0.14821783506785313 2.0673861581183677 -0.627894703498464 -1.626077457684447 1.1252048231596656 
4.4841390425621706E-17 -5.821378610656513E-16 0.0 -9.579808783183419E-17 8.829505428800973E-21 8.829505428800973E-21 8.503532131563996E-17 -1.915914055944833E-16 -1.252571378357861E-16 0.0 0.0 1.0 2.103815143358787 -2.814477790632602 0.773808163356977 2.140482395080162 1.1372029227264753 -2.6131695713941787 -2.647024585638843 -2.4264074624778407 -2.1687776965909205 
2.8549570798214103E-16 -3.49272848301623E-15 5.551115123125783E-17 -7.812907070965462E-16 8.136676970827638E-17 8.136676970827638E-17 5.616526864426341E-16 -1.385904563391903E-15 -9.38421311186435E-16 6.938893903907228E-18 0.0 0.0 1.0 -1.7025501474119626 0.866232211066241 1.248782741673692 0.1923964643474931 -1.4516218670413374 -1.1486961218922798 -1.2216571598026396 -1.4060542297306247 
5.3316816475607504E-17 -2.8492359203152977E-16 3.3575678148027377E-17 -6.444031289412577E-17 1.1272865847977072E-17 1.1272865847977072E-17 1.3168446152319928E-16 -1.2519938513978692E-16 -1.8980197201946934E-16 7.275128165498076E-19 0.0 -6.938893903907228E-18 0.0 1.0 -0.11455526429368514 -0.3091855967788311 -0.38687611528369037 0.6376772459597846 0.42784598652859224 0.3683280929508211 0.7887575174358727 
6.6717230524968575E-18 -1.94705146815754E-15 -7.425933628248914E-17 3.775466360478896E-16 -5.805153936347012E-17 -5.805153936347012E-17 -2.825819353916797E-16 1.5151183745814194E-16 3.1369676295898234E-16 -3.7237852549672214E-18 0.0 6.662841479194568E-17 0.0 2.220446049250313E-16 1.0 -0.14487160080629788 -0.19936074095427078 -0.7791764117416798 1.0380183496841333 1.7221659674998397 0.9096325263763169 
1.6376866455662116E-17 4.456548536040828E-16 -2.7103555289480654E-17 1.5929589790479825E-16 4.5880391540141965E-17 -6.514191092237365E-17 -2.2065293400722948E-16 1.3900211389094874E-16 4.82466640429542E-18 -9.266292082166559E-19 0.0 -1.5092889585977622E-17 0.0 -8.006207996765788E-17 0.0 1.0 -1.170862504715521 -2.402923790428833 6.581557237811134 9.265844834427556 9.092573181133924 
-1.1644471507812172E-16 -2.1997860410450657E-15 1.1624024521292549E-16 -5.780073689005448E-16 -2.4525985403870543E-16 2.947455586483017E-16 1.353526529779788E-15 -5.669526399741583E-16 1.4738650665192116E-16 2.24974096517804E-16 0.0 3.394951286502423E-17 0.0 2.286023639308405E-16 2.220446049250313E-16 0.0 1.0 0.20732668287071623 -2.237021918698022 -3.4476107284038715 -3.2406476389145173 
1.2379627399670805E-18 -3.693930474146841E-16 -3.5229786095122424E-17 -1.440237796728046E-16 6.979414259460103E-18 8.408448865823809E-17 -7.207243832733307E-17 9.281744098561663E-17 6.121819595406513E-17 -2.8751168174297585E-16 0.0 2.5879323549576494E-17 0.0 5.745765070013613E-17 -5.988191508941825E-17 -2.7755575615628914E-17 -5.551115123125783E-17 0.3226995648990464 -0.8098605387304127 -1.3314535965118366 -1.2395979699393487 
-1.0450188372654712E-16 -1.0229867255311143E-15 2.5126011240086094E-16 -3.7678704780686363E-16 -9.177353560980202E-17 3.6657724671738434E-16 4.787726842303384E-16 -6.132491225929992E-16 -1.3616580339855598E-16 -4.404989177135441E-16 0.0 1.2569833148955645E-16 0.0 5.634602356818341E-16 -3.2554518997005613E-16 0.0 0.0 -0.11334243787581338 1.5125348138301433 1.6281122077589183 1.76306592492638 
1.5201577881795844E-16 5.234961215915422E-15 -2.953046125799422E-16 1.4334354574032765E-15 5.754731499661737E-16 -5.997609219708368E-16 -2.4514608105473405E-15 1.2818898758643447E-15 1.3685587379955225E-16 -1.986947163810648E-16 -1.1102230246251565E-16 -1.4719184626407446E-16 0.0 -1.291006183039616E-15 2.7994266599802307E-17 0.0 -2.220446049250313E-16 3.1886588599021572 -6.479062683831874 -9.039334241033293 -9.339202848044 

1.0 5.636363636363637 2.545454545454546 8.545454545454545 4.818181818181818 8.545454545454545 0.5454545454545454 9.090909090909092 5.545454545454545 4.090909090909091 0.2727272727272727 7.1818181818181825 7.909090909090909 2.909090909090909 6.0 4.545454545454546 1.272727272727273 7.454545454545454 4.0 1.1818181818181819 3.909090909090909 
0.0 1.0 0.492601431980907 1.7711217183770882 0.9069212410501195 1.6293556085918854 -0.006205250596658707 1.6467780429594274 0.928400954653938 0.8224343675417661 0.04940334128878282 1.298329355608592 1.40381861575179 0.4245823389021481 1.0842482100238666 0.8443914081145586 0.07565632458233894 1.5630071599045345 0.6431980906921241 0.09331742243436758 0.6529832935560859 
0.0 8.881784197001252E-16 1.0 3.346959811276646 0.6701662664088023 1.1212852173789871 0.008068915194921951 0.6568125305506566 0.951621929880489 1.559773021911461 1.1059479027196277 1.5014983104159147 1.052656932962121 0.6158055809406427 0.47383092824403844 1.6373947109288114 -0.6360947583930177 3.125528659171573 0.27102416424032544 0.029353424152906055 0.9010477546596387 
-2.7755575615628914E-17 -1.0113899813920487E-15 0.0 1.0 0.031639477301107645 0.3372904509175111 -0.2417180169357065 0.20206416332017837 0.2964425908333689 0.23056679147877285 0.03699394398665821 0.42756171914634744 0.23211918569436493 -0.05451672576342257 0.22347674733153822 0.2636960717431283 -0.14891745004403786 0.7648762155973541 -0.05242716890256714 -0.1877921555090229 0.07515810393681838 
-3.607774589438259E-18 -1.9757478117495983E-16 0.0 -5.551115123125783E-17 1.0 0.009270719366423711 -0.032357038478208866 -0.6892599404169311 -0.9664625275474116 0.9137263935238621 0.6082775704258161 0.283687097629477 -0.35757625820959027 0.1700867918309985 -0.4077033960071072 0.6384794655396482 0.4850804560900017 0.25185007037973234 0.7567482730015693 0.6911047014615885 0.7407772918099528 
1.9441258052229202E-17 -5.458341529157938E-16 0.0 -1.909503141116676E-17 0.0 1.0 -10.230506219217094 -14.780421825133425 -3.9646838616774094 0.026139172903235263 -16.933729487015782 -9.51611712368399 -17.206546377511753 -26.379955849572827 6.861222146500081 0.14473121382978488 2.794737964494334 -17.50395893197079 -3.0650989079896998 4.058684356119571 -18.020889784650848 
5.020297781898005E-17 -1.5154485969323269E-15 0.0 -1.758587981935304E-16 -1.3877787807814457E-17 -1.3877787807814457E-17 1.0 2.286768933631553 0.6940664340349799 -1.025715949956423 1.04167514834294 1.6661420676494179 2.161243956343885 2.494700680943157 -1.1380649619333614 -0.8406323313474112 -0.2916346015687719 2.1352723754906764 -0.5116771199416774 -1.1340386881100493 1.5944152914048328 
-5.542219483433637E-17 3.5291257264990114E-15 0.0 1.2740505559925272E-15 1.3276511575537172E-16 1.3276511575537172E-16 8.881784197001252E-16 1.0 0.23213457143008337 -1.0948663937657088 -0.4728582031575005 0.76204147615402 0.4928791667323414 0.17255579182860095 -0.6447145296109033 -0.9463579100833369 -0.07371418348629188 0.6725911677267489 -0.8963264456139387 -0.920999335041558 -0.09269572005539424 
-7.221159253219693E-18 8.259350061662434E-16 0.0 1.09865381520815E-16 8.279692353432099E-19 8.279692353432099E-19 -1.7534449099939194E-16 2.220446049250313E-16 1.0 -0.6986650491888335 -0.8320119581524553 -0.29772814531402664 0.7269546917589864 -0.2221116390945549 0.37324794653481036 0.07803052313319866 -0.009755508862572058 -0.6159554597143697 -0.24478222482070805 -0.1570349172779878 0.047026846709268086 
6.083853109127993E-17 -1.8590253854437932E-15 0.0 3.2848043175961024E-16 2.93986448894987E-17 2.93986448894987E-17 -8.479486167035573E-17 2.167238638335739E-16 1.1102230246251565E-16 1.0 1.7839721548344765 -0.2056109832073708 0.7637360352014718 2.7205081875324146 -0.45117018676425336 0.656243769171596 -0.18678581690611756 1.159489789061927 0.6240087668433469 -0.44910451988216643 1.912676700378171 
-1.1875830395897893E-16 3.0014349352313526E-15 0.0 -6.593708737697771E-17 -8.871549251329907E-19 -8.871549251329907E-19 -2.8963635886319057E-16 6.797734934860063E-17 7.244948503039443E-18 0.0 1.0 0.10618486954586398 0.010853295732970315 2.75050150851787 -1.7761062344096419 -0.7449946394784684 0.14821783506785313 2.0673861581183677 -0.627894703498464 -1.626077457684447 1.1252048231596656 
4.4841390425621706E-17 -5.821378610656513E-16 0.0 -9.579808783183419E-17 8.829505428800973E-21 8.829505428800973E-21 8.503532131563996E-17 -1.915914055944833E-16 -1.252571378357861E-16 0.0 0.0 1.0 2.103815143358787 -2.814477790632602 0.773808163356977 2.140482395080162 1.1372029227264753 -2.6131695713941787 -2.647024585638843 -2.4264074624778407 -2.1687776965909205 
2.8549570798214103E-16 -3.49272848301623E-15 5.551115123125783E-17 -7.812907070965462E-16 8.136676970827638E-17 8.136676970827638E-17 5.616526864426341E-16 -1.385904563391903E-15 -9.38421311186435E-16 6.938893903907228E-18 0.0 0.0 1.0 -1.7025501474119626 0.866232211066241 1.248782741673692 0.1923964643474931 -1.4516218670413374 -1.1486961218922798 -1.2216571598026396 -1.4060542297306247 
5.3316816475607504E-17 -2.8492359203152977E-16 3.3575678148027377E-17 -6.444031289412577E-17 1.1272865847977072E-17 1.1272865847977072E-17 1.3168446152319928E-16 -1.2519938513978692E-16 -1.8980197201946934E-16 7.275128165498076E-19 0.0 -6.938893903907228E-18 0.0 1.0 -0.11455526429368514 -0.3091855967788311 -0.38687611528369037 0.6376772459597846 0.42784598652859224 0.3683280929508211 0.7887575174358727 
6.6717230524968575E-18 -1.94705146815754E-15 -7.425933628248914E-17 3.775466360478896E-16 -5.805153936347012E-17 -5.805153936347012E-17 -2.825819353916797E-16 1.5151183745814194E-16 3.1369676295898234E-16 -3.7237852549672214E-18 0.0 6.662841479194568E-17 0.0 2.220446049250313E-16 1.0 -0.14487160080629788 -0.19936074095427078 -0.7791764117416798 1.0380183496841333 1.7221659674998397 0.9096325263763169 
1.6376866455662116E-17 4.456548536040828E-16 -2.7103555289480654E-17 1.5929589790479825E-16 4.5880391540141965E-17 -6.514191092237365E-17 -2.2065293400722948E-16 1.3900211389094874E-16 4.82466640429542E-18 -9.266292082166559E-19 0.0 -1.5092889585977622E-17 0.0 -8.006207996765788E-17 0.0 1.0 -1.170862504715521 -2.402923790428833 6.581557237811134 9.265844834427556 9.092573181133924 
-1.1644471507812172E-16 -2.1997860410450657E-15 1.1624024521292549E-16 -5.780073689005448E-16 -2.4525985403870543E-16 2.947455586483017E-16 1.353526529779788E-15 -5.669526399741583E-16 1.4738650665192116E-16 2.24974096517804E-16 0.0 3.394951286502423E-17 0.0 2.286023639308405E-16 2.220446049250313E-16 0.0 1.0 0.20732668287071623 -2.237021918698022 -3.4476107284038715 -3.2406476389145173 
1.2379627399670805E-18 -3.693930474146841E-16 -3.5229786095122424E-17 -1.440237796728046E-16 6.979414259460103E-18 8.408448865823809E-17 -7.207243832733307E-17 9.281744098561663E-17 6.121819595406513E-17 -2.8751168174297585E-16 0.0 2.5879323549576494E-17 0.0 5.745765070013613E-17 -5.988191508941825E-17 -2.7755575615628914E-17 -5.551115123125783E-17 1.0 -2.5096424873822505 -4.1259850998818965 -3.8413375931484306 
-1.0406707150425241E-16 -1.1527294121735776E-15 2.388862815185237E-16 -4.273728188329619E-16 -8.932214145511854E-17 3.9611041616881316E-16 4.534585321451638E-16 -5.806486601721857E-16 -1.146640093878833E-16 -5.414822423632643E-16 0.0 1.347879800070671E-16 0.0 5.83641205578734E-16 -3.4657763927946385E-16 -9.748648424444025E-18 -1.949729684888805E-17 0.0 1.2280858161135189 1.1604629978990226 1.3276793574149275 
1.397832217016831E-16 8.885007703562764E-15 5.2807940964445605E-17 2.856563193054096E-15 5.065081635326867E-16 -1.430616550252552E-15 -1.7392986509885022E-15 3.647422012313731E-16 -4.680533487375898E-16 2.642265641287575E-15 -1.1102230246251565E-16 -4.0291061164402583E-16 0.0 -1.858756706754976E-15 6.19699430991694E-16 2.7425838682536427E-16 3.2647216872569723E-16 0.0 1.5233310687464279 4.117024703529404 2.9095123022239715 

1.0 5.636363636363637 2.545454545454546 8.545454545454545 4.818181818181818 8.545454545454545 0.5454545454545454 9.090909090909092 5.545454545454545 4.090909090909091 0.2727272727272727 7.1818181818181825 7.909090909090909 2.909090909090909 6.0 4.545454545454546 1.272727272727273 7.454545454545454 4.0 1.1818181818181819 3.909090909090909 
0.0 1.0 0.492601431980907 1.7711217183770882 0.9069212410501195 1.6293556085918854 -0.006205250596658707 1.6467780429594274 0.928400954653938 0.8224343675417661 0.04940334128878282 1.298329355608592 1.40381861575179 0.4245823389021481 1.0842482100238666 0.8443914081145586 0.07565632458233894 1.5630071599045345 0.6431980906921241 0.09331742243436758 0.6529832935560859 
0.0 8.881784197001252E-16 1.0 3.346959811276646 0.6701662664088023 1.1212852173789871 0.008068915194921951 0.6568125305506566 0.951621929880489 1.559773021911461 1.1059479027196277 1.5014983104159147 1.052656932962121 0.6158055809406427 0.47383092824403844 1.6373947109288114 -0.6360947583930177 3.125528659171573 0.27102416424032544 0.029353424152906055 0.9010477546596387 
-2.7755575615628914E-17 -1.0113899813920487E-15 0.0 1.0 0.031639477301107645 0.3372904509175111 -0.2417180169357065 0.20206416332017837 0.2964425908333689 0.23056679147877285 0.03699394398665821 0.42756171914634744 0.23211918569436493 -0.05451672576342257 0.22347674733153822 0.2636960717431283 -0.14891745004403786 0.7648762155973541 -0.05242716890256714 -0.1877921555090229 0.07515810393681838 
-3.607774589438259E-18 -1.9757478117495983E-16 0.0 -5.551115123125783E-17 1.0 0.009270719366423711 -0.032357038478208866 -0.6892599404169311 -0.9664625275474116 0.9137263935238621 0.6082775704258161 0.283687097629477 -0.35757625820959027 0.1700867918309985 -0.4077033960071072 0.6384794655396482 0.4850804560900017 0.25185007037973234 0.7567482730015693 0.6911047014615885 0.7407772918099528 
1.9441258052229202E-17 -5.458341529157938E-16 0.0 -1.909503141116676E-17 0.0 1.0 -10.230506219217094 -14.780421825133425 -3.9646838616774094 0.026139172903235263 -16.933729487015782 -9.51611712368399 -17.206546377511753 -26.379955849572827 6.861222146500081 0.14473121382978488 2.794737964494334 -17.50395893197079 -3.0650989079896998 4.058684356119571 -18.020889784650848 
5.020297781898005E-17 -1.5154485969323269E-15 0.0 -1.758587981935304E-16 -1.3877787807814457E-17 -1.3877787807814457E-17 1.0 2.286768933631553 0.6940664340349799 -1.025715949956423 1.04167514834294 1.6661420676494179 2.161243956343885 2.494700680943157 -1.1380649619333614 -0.8406323313474112 -0.2916346015687719 2.1352723754906764 -0.5116771199416774 -1.1340386881100493 1.5944152914048328 
-5.542219483433637E-17 3.5291257264990114E-15 0.0 1.2740505559925272E-15 1.3276511575537172E-16 1.3276511575537172E-16 8.881784197001252E-16 1.0 0.23213457143008337 -1.0948663937657088 -0.4728582031575005 0.76204147615402 0.4928791667323414 0.17255579182860095 -0.6447145296109033 -0.9463579100833369 -0.07371418348629188 0.6725911677267489 -0.8963264456139387 -0.920999335041558 -0.09269572005539424 
-7.221159253219693E-18 8.259350061662434E-16 0.0 1.09865381520815E-16 8.279692353432099E-19 8.279692353432099E-19 -1.7534449099939194E-16 2.220446049250313E-16 1.0 -0.6986650491888335 -0.8320119581524553 -0.29772814531402664 0.7269546917589864 -0.2221116390945549 0.37324794653481036 0.07803052313319866 -0.009755508862572058 -0.6159554597143697 -0.24478222482070805 -0.1570349172779878 0.047026846709268086 
6.083853109127993E-17 -1.8590253854437932E-15 0.0 3.2848043175961024E-16 2.93986448894987E-17 2.93986448894987E-17 -8.479486167035573E-17 2.167238638335739E-16 1.1102230246251565E-16 1.0 1.7839721548344765 -0.2056109832073708 0.7637360352014718 2.7205081875324146 -0.45117018676425336 0.656243769171596 -0.18678581690611756 1.159489789061927 0.6240087668433469 -0.44910451988216643 1.912676700378171 
-1.1875830395897893E-16 3.0014349352313526E-15 0.0 -6.593708737697771E-17 -8.871549251329907E-19 -8.871549251329907E-19 -2.8963635886319057E-16 6.797734934860063E-17 7.244948503039443E-18 0.0 1.0 0.10618486954586398 0.010853295732970315 2.75050150851787 -1.7761062344096419 -0.7449946394784684 0.14821783506785313 2.0673861581183677 -0.627894703498464 -1.626077457684447 1.1252048231596656 
4.4841390425621706E-17 -5.821378610656513E-16 0.0 -9.579808783183419E-17 8.829505428800973E-21 8.829505428800973E-21 8.503532131563996E-17 -1.915914055944833E-16 -1.252571378357861E-16 0.0 0.0 1.0 2.103815143358787 -2.814477790632602 0.773808163356977 2.140482395080162 1.1372029227264753 -2.6131695713941787 -2.647024585638843 -2.4264074624778407 -2.1687776965909205 
2.8549570798214103E-16 -3.49272848301623E-15 5.551115123125783E-17 -7.812907070965462E-16 8.136676970827638E-17 8.136676970827638E-17 5.616526864426341E-16 -1.385904563391903E-15 -9.38421311186435E-16 6.938893903907228E-18 0.0 0.0 1.0 -1.7025501474119626 0.866232211066241 1.248782741673692 0.1923964643474931 -1.4516218670413374 -1.1486961218922798 -1.2216571598026396 -1.4060542297306247 
5.3316816475607504E-17 -2.8492359203152977E-16 3.3575678148027377E-17 -6.444031289412577E-17 1.1272865847977072E-17 1.1272865847977072E-17 1.3168446152319928E-16 -1.2519938513978692E-16 -1.8980197201946934E-16 7.275128165498076E-19 0.0 -6.938893903907228E-18 0.0 1.0 -0.11455526429368514 -0.3091855967788311 -0.38687611528369037 0.6376772459597846 0.42784598652859224 0.3683280929508211 0.7887575174358727 
6.6717230524968575E-18 -1.94705146815754E-15 -7.425933628248914E-17 3.775466360478896E-16 -5.805153936347012E-17 -5.805153936347012E-17 -2.825819353916797E-16 1.5151183745814194E-16 3.1369676295898234E-16 -3.7237852549672214E-18 0.0 6.662841479194568E-17 0.0 2.220446049250313E-16 1.0 -0.14487160080629788 -0.19936074095427078 -0.7791764117416798 1.0380183496841333 1.7221659674998397 0.9096325263763169 
1.6376866455662116E-17 4.456548536040828E-16 -2.7103555289480654E-17 1.5929589790479825E-16 4.5880391540141965E-17 -6.514191092237365E-17 -2.2065293400722948E-16 1.3900211389094874E-16 4.82466640429542E-18 -9.266292082166559E-19 0.0 -1.5092889585977622E-17 0.0 -8.006207996765788E-17 0.0 1.0 -1.170862504715521 -2.402923790428833 6.581557237811134 9.265844834427556 9.092573181133924 
-1.1644471507812172E-16 -2.1997860410450657E-15 1.1624024521292549E-16 -5.780073689005448E-16 -2.4525985403870543E-16 2.947455586483017E-16 1.353526529779788E-15 -5.669526399741583E-16 1.4738650665192116E-16 2.24974096517804E-16 0.0 3.394951286502423E-17 0.0 2.286023639308405E-16 2.220446049250313E-16 0.0 1.0 0.20732668287071623 -2.237021918698022 -3.4476107284038715 -3.2406476389145173 
1.2379627399670805E-18 -3.693930474146841E-16 -3.5229786095122424E-17 -1.440237796728046E-16 6.979414259460103E-18 8.408448865823809E-17 -7.207243832733307E-17 9.281744098561663E-17 6.121819595406513E-17 -2.8751168174297585E-16 0.0 2.5879323549576494E-17 0.0 5.745765070013613E-17 -5.988191508941825E-17 -2.7755575615628914E-17 -5.551115123125783E-17 1.0 -2.5096424873822505 -4.1259850998818965 -3.8413375931484306 
-1.0406707150425241E-16 -1.1527294121735776E-15 2.388862815185237E-16 -4.273728188329619E-16 -8.932214145511854E-17 3.9611041616881316E-16 4.534585321451638E-16 -5.806486601721857E-16 -1.146640093878833E-16 -5.414822423632643E-16 0.0 1.347879800070671E-16 0.0 5.83641205578734E-16 -3.4657763927946385E-16 -9.748648424444025E-18 -1.949729684888805E-17 0.0 1.0 0.9449364064569202 1.0810965650727804 
2.6886915460299596E-16 1.0314865865249652E-14 -2.4350921355339075E-16 3.386681108531927E-15 6.17304324045437E-16 -1.9219562397814264E-15 -2.301773570364191E-15 1.084985145544082E-15 -3.2582285826553894E-16 3.3139261328783334E-15 -1.1102230246251565E-16 -5.701030952182829E-16 0.0 -2.5827116370971763E-15 1.0495981226954976E-15 2.8635071687949525E-16 3.506568288339592E-16 0.0 2.220446049250313E-16 2.677573717583975 1.262644316333561 

1.0 5.636363636363637 2.545454545454546 8.545454545454545 4.818181818181818 8.545454545454545 0.5454545454545454 9.090909090909092 5.545454545454545 4.090909090909091 0.2727272727272727 7.1818181818181825 7.909090909090909 2.909090909090909 6.0 4.545454545454546 1.272727272727273 7.454545454545454 4.0 1.1818181818181819 3.909090909090909 
0.0 1.0 0.492601431980907 1.7711217183770882 0.9069212410501195 1.6293556085918854 -0.006205250596658707 1.6467780429594274 0.928400954653938 0.8224343675417661 0.04940334128878282 1.298329355608592 1.40381861575179 0.4245823389021481 1.0842482100238666 0.8443914081145586 0.07565632458233894 1.5630071599045345 0.6431980906921241 0.09331742243436758 0.6529832935560859 
0.0 8.881784197001252E-16 1.0 3.346959811276646 0.6701662664088023 1.1212852173789871 0.008068915194921951 0.6568125305506566 0.951621929880489 1.559773021911461 1.1059479027196277 1.5014983104159147 1.052656932962121 0.6158055809406427 0.47383092824403844 1.6373947109288114 -0.6360947583930177 3.125528659171573 0.27102416424032544 0.029353424152906055 0.9010477546596387 
-2.7755575615628914E-17 -1.0113899813920487E-15 0.0 1.0 0.031639477301107645 0.3372904509175111 -0.2417180169357065 0.20206416332017837 0.2964425908333689 0.23056679147877285 0.03699394398665821 0.42756171914634744 0.23211918569436493 -0.05451672576342257 0.22347674733153822 0.2636960717431283 -0.14891745004403786 0.7648762155973541 -0.05242716890256714 -0.1877921555090229 0.07515810393681838 
-3.607774589438259E-18 -1.9757478117495983E-16 0.0 -5.551115123125783E-17 1.0 0.009270719366423711 -0.032357038478208866 -0.6892599404169311 -0.9664625275474116 0.9137263935238621 0.6082775704258161 0.283687097629477 -0.35757625820959027 0.1700867918309985 -0.4077033960071072 0.6384794655396482 0.4850804560900017 0.25185007037973234 0.7567482730015693 0.6911047014615885 0.7407772918099528 
1.9441258052229202E-17 -5.458341529157938E-16 0.0 -1.909503141116676E-17 0.0 1.0 -10.230506219217094 -14.780421825133425 -3.9646838616774094 0.026139172903235263 -16.933729487015782 -9.51611712368399 -17.206546377511753 -26.379955849572827 6.861222146500081 0.14473121382978488 2.794737964494334 -17.50395893197079 -3.0650989079896998 4.058684356119571 -18.020889784650848 
5.020297781898005E-17 -1.5154485969323269E-15 0.0 -1.758587981935304E-16 -1.3877787807814457E-17 -1.3877787807814457E-17 1.0 2.286768933631553 0.6940664340349799 -1.025715949956423 1.04167514834294 1.6661420676494179 2.161243956343885 2.494700680943157 -1.1380649619333614 -0.8406323313474112 -0.2916346015687719 2.1352723754906764 -0.5116771199416774 -1.1340386881100493 1.5944152914048328 
-5.542219483433637E-17 3.5291257264990114E-15 0.0 1.2740505559925272E-15 1.3276511575537172E-16 1.3276511575537172E-16 8.881784197001252E-16 1.0 0.23213457143008337 -1.0948663937657088 -0.4728582031575005 0.76204147615402 0.4928791667323414 0.17255579182860095 -0.6447145296109033 -0.9463579100833369 -0.07371418348629188 0.6725911677267489 -0.8963264456139387 -0.920999335041558 -0.09269572005539424 
-7.221159253219693E-18 8.259350061662434E-16 0.0 1.09865381520815E-16 8.279692353432099E-19 8.279692353432099E-19 -1.7534449099939194E-16 2.220446049250313E-16 1.0 -0.6986650491888335 -0.8320119581524553 -0.29772814531402664 0.7269546917589864 -0.2221116390945549 0.37324794653481036 0.07803052313319866 -0.009755508862572058 -0.6159554597143697 -0.24478222482070805 -0.1570349172779878 0.047026846709268086 
6.083853109127993E-17 -1.8590253854437932E-15 0.0 3.2848043175961024E-16 2.93986448894987E-17 2.93986448894987E-17 -8.479486167035573E-17 2.167238638335739E-16 1.1102230246251565E-16 1.0 1.7839721548344765 -0.2056109832073708 0.7637360352014718 2.7205081875324146 -0.45117018676425336 0.656243769171596 -0.18678581690611756 1.159489789061927 0.6240087668433469 -0.44910451988216643 1.912676700378171 
-1.1875830395897893E-16 3.0014349352313526E-15 0.0 -6.593708737697771E-17 -8.871549251329907E-19 -8.871549251329907E-19 -2.8963635886319057E-16 6.797734934860063E-17 7.244948503039443E-18 0.0 1.0 0.10618486954586398 0.010853295732970315 2.75050150851787 -1.7761062344096419 -0.7449946394784684 0.14821783506785313 2.0673861581183677 -0.627894703498464 -1.626077457684447 1.1252048231596656 
4.4841390425621706E-17 -5.821378610656513E-16 0.0 -9.579808783183419E-17 8.829505428800973E-21 8.829505428800973E-21 8.503532131563996E-17 -1.915914055944833E-16 -1.252571378357861E-16 0.0 0.0 1.0 2.103815143358787 -2.814477790632602 0.773808163356977 2.140482395080162 1.1372029227264753 -2.6131695713941787 -2.647024585638843 -2.4264074624778407 -2.1687776965909205 
2.8549570798214103E-16 -3.49272848301623E-15 5.551115123125783E-17 -7.812907070965462E-16 8.136676970827638E-17 8.136676970827638E-17 5.616526864426341E-16 -1.385904563391903E-15 -9.38421311186435E-16 6.938893903907228E-18 0.0 0.0 1.0 -1.7025501474119626 0.866232211066241 1.248782741673692 0.1923964643474931 -1.4516218670413374 -1.1486961218922798 -1.2216571598026396 -1.4060542297306247 
5.3316816475607504E-17 -2.8492359203152977E-16 3.3575678148027377E-17 -6.444031289412577E-17 1.1272865847977072E-17 1.1272865847977072E-17 1.3168446152319928E-16 -1.2519938513978692E-16 -1.8980197201946934E-16 7.275128165498076E-19 0.0 -6.938893903907228E-18 0.0 1.0 -0.11455526429368514 -0.3091855967788311 -0.38687611528369037 0.6376772459597846 0.42784598652859224 0.3683280929508211 0.7887575174358727 
6.6717230524968575E-18 -1.94705146815754E-15 -7.425933628248914E-17 3.775466360478896E-16 -5.805153936347012E-17 -5.805153936347012E-17 -2.825819353916797E-16 1.5151183745814194E-16 3.1369676295898234E-16 -3.7237852549672214E-18 0.0 6.662841479194568E-17 0.0 2.220446049250313E-16 1.0 -0.14487160080629788 -0.19936074095427078 -0.7791764117416798 1.0380183496841333 1.7221659674998397 0.9096325263763169 
1.6376866455662116E-17 4.456548536040828E-16 -2.7103555289480654E-17 1.5929589790479825E-16 4.5880391540141965E-17 -6.514191092237365E-17 -2.2065293400722948E-16 1.3900211389094874E-16 4.82466640429542E-18 -9.266292082166559E-19 0.0 -1.5092889585977622E-17 0.0 -8.006207996765788E-17 0.0 1.0 -1.170862504715521 -2.402923790428833 6.581557237811134 9.265844834427556 9.092573181133924 
-1.1644471507812172E-16 -2.1997860410450657E-15 1.1624024521292549E-16 -5.780073689005448E-16 -2.4525985403870543E-16 2.947455586483017E-16 1.353526529779788E-15 -5.669526399741583E-16 1.4738650665192116E-16 2.24974096517804E-16 0.0 3.394951286502423E-17 0.0 2.286023639308405E-16 2.220446049250313E-16 0.0 1.0 0.20732668287071623 -2.237021918698022 -3.4476107284038715 -3.2406476389145173 
1.2379627399670805E-18 -3.693930474146841E-16 -3.5229786095122424E-17 -1.440237796728046E-16 6.979414259460103E-18 8.408448865823809E-17 -7.207243832733307E-17 9.281744098561663E-17 6.121819595406513E-17 -2.8751168174297585E-16 0.0 2.5879323549576494E-17 0.0 5.745765070013613E-17 -5.988191508941825E-17 -2.7755575615628914E-17 -5.551115123125783E-17 1.0 -2.5096424873822505 -4.1259850998818965 -3.8413375931484306 
-1.0406707150425241E-16 -1.1527294121735776E-15 2.388862815185237E-16 -4.273728188329619E-16 -8.932214145511854E-17 3.9611041616881316E-16 4.534585321451638E-16 -5.806486601721857E-16 -1.146640093878833E-16 -5.414822423632643E-16 0.0 1.347879800070671E-16 0.0 5.83641205578734E-16 -3.4657763927946385E-16 -9.748648424444025E-18 -1.949729684888805E-17 0.0 1.0 0.9449364064569202 1.0810965650727804 
2.6886915460299596E-16 1.0314865865249652E-14 -2.4350921355339075E-16 3.386681108531927E-15 6.17304324045437E-16 -1.9219562397814264E-15 -2.301773570364191E-15 1.084985145544082E-15 -3.2582285826553894E-16 3.3139261328783334E-15 -1.1102230246251565E-16 -5.701030952182829E-16 0.0 -2.5827116370971763E-15 1.0495981226954976E-15 2.8635071687949525E-16 3.506568288339592E-16 0.0 2.220446049250313E-16 1.0 0.4715628585841023 

1.0000000000000002 -3.4017233474514796E-13 -8.074349269994051E-17 -1.6589415408272773E-15 2.9267281504851555E-16 -6.136519294031783E-16 1.0442644093050784E-15 8.850568513552362E-16 -2.4463779255571296E-15 -1.4045580267319832E-15 3.997122486164357E-17 0.0 0.0 -2.3725829876220086E-16 -1.1585705538558453E-15 -1.1894245242331983E-16 -5.827092253119185E-17 0.0 9.397927114155237E-17 0.0 0.21820058234223927 
-1.5636273623867115E-15 1.0000000000000604 -2.220446049250313E-16 2.943283378886916E-16 5.5483205292263024E-17 1.9301479503038085E-15 -9.186352403206988E-15 1.9836506934204706E-15 1.993867017555594E-15 1.1202043824360315E-14 -6.545820462630835E-16 0.0 0.0 -2.7513314170432523E-16 -1.7397255661350733E-17 6.294071815025136E-16 -3.5239746131155465E-16 0.0 -6.127208948136944E-17 0.0 0.38863570976246303 
-1.93867196563604E-16 6.005427349063998E-15 1.0000000000000004 9.769962616701378E-15 8.779810343142571E-17 1.6692800675812848E-16 -6.517012029663731E-16 8.445485996273604E-16 -8.010544684979061E-16 -2.2209951098347728E-15 2.7882055948985663E-18 0.0 0.0 -3.9873095378056155E-16 2.2599045738520483E-16 7.935139970967487E-17 6.930422990565639E-17 0.0 -3.8761456264185284E-16 0.0 0.2336884642583852 
-4.1976475165919243E-16 -2.969893518549948E-15 2.0608771880014353E-16 0.9999999999999971 6.938893903907228E-18 6.100738061034174E-16 -2.7719693524474604E-15 5.279334016930013E-16 3.031772508370941E-16 6.377051468740386E-15 -2.531032929930195E-16 0.0 0.0 -5.226878400662435E-16 -4.735516773401911E-16 2.1970174327958497E-16 5.618909508489228E-17 0.0 2.245269378756967E-16 0.0 0.5804130341263967 
1.2354847753794086E-17 -1.7001826636447424E-15 -3.7827402530628313E-16 2.729133482955819E-16 0.9999999999999999 1.734723475976807E-17 -5.4584953147909814E-17 4.285301341225401E-16 2.148180049396122E-15 -2.108236379633602E-15 2.837459475730074E-17 0.0 0.0 8.639859830793135E-16 2.291223068649293E-16 -6.902937891611315E-17 -1.4833958847154207E-16 0.0 2.536761510134463E-16 0.0 -0.18672509518967526 
1.7485184278358155E-15 -5.131897507302476E-14 4.03523806884059E-17 -1.3937242603680938E-14 -9.596231990255168E-16 0.9999999999999981 8.881784197001252E-15 -2.9716312333733305E-15 -3.3905661477383895E-15 -1.0431817107659502E-15 3.506889376506014E-17 0.0 0.0 1.5057111825737332E-16 8.508815653604659E-16 -2.892305772098866E-16 1.9342226965675605E-16 0.0 1.451828327667699E-16 0.0 0.35355997757593727 
2.0977655400154833E-16 -1.6202582214745715E-14 1.4227741625895218E-16 -7.266390387300777E-15 -7.696809194683225E-16 1.0179750380933324E-15 1.0000000000000009 -1.3322676295501878E-15 -4.910262046993705E-16 9.400485449429086E-15 -1.9483349695723334E-16 0.0 0.0 -4.810509629327896E-16 -2.64929016525862E-16 2.692772154810855E-17 1.098694471762076E-16 0.0 3.0846413777548747E-16 0.0 -0.5596661622084027 
1.423424728749547E-16 -1.9275815240899927E-15 -1.429922588340573E-16 1.023656581132864E-15 3.737987013130444E-17 1.2784849528495837E-16 2.321133650728316E-15 1.0000000000000007 -6.106226635438361E-16 -5.485725302577169E-15 3.547159755763991E-16 0.0 0.0 3.69357444194374E-16 -8.704845364850622E-16 2.0677872150282478E-17 1.235148554220129E-16 0.0 1.852710291044982E-16 0.0 -0.47057133049679906 
-4.986512763685453E-16 1.0530273021192341E-14 -5.366743500416778E-16 3.826151753898582E-15 1.976176152042276E-16 -9.955690476709236E-16 -3.944656014575585E-15 4.931093430155358E-15 1.0000000000000027 -4.107825191113079E-15 8.822500471909099E-17 0.0 0.0 1.4280665775893746E-15 4.44477394809524E-16 -1.3171539205136316E-16 -2.438793552533603E-16 0.0 8.719316742120214E-17 0.0 -0.3945589792856342 
-3.793825505313502E-16 -1.741800596986197E-14 -7.299075036763866E-17 -4.9730367478574986E-15 -1.0304110334164958E-15 2.9386891241402353E-15 3.3936261200865587E-15 1.189288123449495E-15 1.7396029134898524E-15 0.9999999999999941 4.440892098500626E-16 0.0 0.0 -3.4689837653393142E-16 -1.3632123669847777E-15 -5.982358468137457E-16 -1.4328031426562752E-16 0.0 9.20514817032042E-18 0.0 -0.45774088545392744 
-2.9354113658026107E-17 7.134073402016503E-15 -2.533111051969426E-16 2.4960369484276207E-15 4.0857847739730116E-16 -1.0835116911243601E-15 -3.0690988409063084E-15 1.0484513430845963E-15 4.145986735134956E-16 1.1124844295162952E-15 0.9999999999999998 0.0 0.0 1.3321163712363426E-15 1.1987932415981787E-15 1.1046396439568604E-16 -2.221015485679474E-16 0.0 -1.194442293167953E-16 0.0 0.3710446957072284 
-5.066829722107289E-16 8.589484252930345E-15 -2.603578857155585E-16 2.976016234346378E-15 6.195864792500352E-17 -6.792793332647415E-16 -2.766091166317496E-15 3.416600213209153E-15 2.149122096391627E-15 2.613695388075443E-16 -4.2247680638244797E-17 1.0 0.0 9.220636996934944E-17 8.943129165737854E-16 1.4235991679322305E-17 -5.083120853441221E-17 0.0 2.0756137816484774E-16 0.0 -0.19593567201468876 
1.102752027159827E-16 -1.2866068800396275E-14 4.84915815448109E-16 -4.5522564404302126E-15 -4.751618962511131E-16 2.0839927423851656E-15 3.13653183128024E-15 -2.9460230197597263E-15 -1.3281398345977264E-15 -3.4106916062067978E-15 1.2737540098326591E-16 5.501415277985395E-16 1.0 -8.881784197001252E-16 -6.117627094919848E-16 -2.923270422468146E-16 -8.574029808143568E-17 0.0 -4.728477729761561E-16 0.0 1.1402904217137704 
8.173474412678017E-17 1.440782568123173E-16 -1.0551829477053552E-16 3.4604665645610646E-16 -2.2795463605608963E-17 -3.3604421301873345E-16 4.3985794964610367E-16 7.65291798340103E-17 9.279949156920079E-18 1.015493331107709E-15 -1.523128571570602E-17 -1.5409624158313368E-16 0.0 0.9999999999999994 9.71445146547012E-17 1.1738139706305908E-16 1.8971939960616237E-16 0.0 3.3256201527351105E-16 0.0 0.28081610303504223 
1.2432611209991573E-16 7.116074511747498E-15 -1.6943669128117878E-18 3.3125236017437425E-15 4.458517732112668E-16 -1.5038988318648613E-15 -1.8779796145059406E-15 4.569276482214317E-16 -1.1127640278328871E-16 2.801800524494516E-15 -1.2802031788221718E-16 -3.5494741637418367E-16 0.0 -1.7644040659163058E-15 1.0000000000000009 5.551115123125783E-17 8.767910859714904E-17 0.0 -1.5111927630368328E-16 0.0 -0.8712103045038999 
3.506412151437862E-16 1.9166663080713663E-14 -1.7988496855566285E-16 6.3543994249041946E-15 1.0663984221012166E-15 -3.390717281542588E-15 -3.4357009400512093E-15 1.3294988899199395E-15 -6.086942216532635E-16 6.490214720753202E-15 -2.5591303535426535E-16 -1.0369117277906925E-15 0.0 -4.79008335708472E-15 2.0443755985835205E-15 1.0000000000000004 2.220446049250313E-16 0.0 2.970800246053844E-16 0.0 -0.3354869537601241 
-3.4549294545056674E-17 5.90338177991633E-15 2.9743648387845057E-16 2.003279622693698E-15 1.9874207834334834E-16 -9.06991065154067E-16 -8.580977510516102E-17 -5.305572976397715E-16 -3.7820014205605983E-16 2.569544866335669E-15 -1.0769228426330358E-16 -2.9302796308294545E-16 0.0 -1.2866151711414573E-15 6.576041201905963E-16 2.667807816529195E-16 1.0000000000000002 0.0 -3.5201766707317174E-16 0.0 -0.13089208871106744 
2.1180650101959288E-16 1.483543611529176E-14 1.3704453513776502E-16 4.7254654653047045E-15 8.658933005482478E-16 -2.2939547566123955E-15 -2.972590283352686E-15 5.392386433537434E-16 -7.982142829553707E-16 4.1679527330380916E-15 -1.9479224304267482E-16 -6.361154703791956E-16 0.0 -3.0092632075507286E-15 9.118861830692781E-16 4.501904545433735E-16 5.107964230013973E-16 1.0 -4.440892098500626E-16 0.0 -0.30079933743684695 
-3.581313242619175E-16 -1.0899621695967736E-14 4.689870027128155E-16 -3.62757109534466E-15 -6.72635471108932E-16 2.2122368387553294E-15 2.6284881782026173E-15 -1.6058906246617491E-15 1.9321787144307753E-16 -3.672931693628995E-15 1.0490901552550283E-16 6.734991501125988E-16 0.0 3.024139458851809E-15 -1.338381117563277E-15 -2.803318658189172E-16 -3.508457005868288E-16 0.0 0.9999999999999998 0.0 0.6354996520637659 
2.6886915460299596E-16 1.0314865865249652E-14 -2.4350921355339075E-16 3.386681108531927E-15 6.17304324045437E-16 -1.9219562397814264E-15 -2.301773570364191E-15 1.084985145544082E-15 -3.2582285826553894E-16 3.3139261328783334E-15 -1.1102230246251565E-16 -5.701030952182829E-16 0.0 -2.5827116370971763E-15 1.0495981226954976E-15 2.8635071687949525E-16 3.506568288339592E-16 0.0 2.220446049250313E-16 1.0 0.4715628585841023 

Solution:

0.21820058234223927
0.38863570976246303
0.2336884642583852
0.5804130341263967
-0.18672509518967526
0.35355997757593727
-0.5596661622084027
-0.47057133049679906
-0.3945589792856342
-0.45774088545392744
0.3710446957072284
-0.19593567201468876
1.1402904217137704
0.28081610303504223
-0.8712103045038999
-0.3354869537601241
-0.13089208871106744
-0.30079933743684695
0.6354996520637659
0.4715628585841023
0.21820058234223927 0
0.38863570976246303 0
0.2336884642583852 0
0.5804130341263967 0
-0.18672509518967526 0
0.35355997757593727 0
-0.5596661622084027 0
-0.47057133049679906 0
-0.3945589792856342 0
-0.45774088545392744 0
0.3710446957072284 0
-0.19593567201468876 0
1.1402904217137704 0
0.28081610303504223 0
-0.8712103045038999 0
-0.3354869537601241 0
-0.13089208871106744 0
-0.30079933743684695 0
0.6354996520637659 0
0.4715628585841023 0
?[1;31m
Start test 10?[0m
Input matrix:

0.0 1.0 1.0 
1.0 0.0 1.0 

1.0 0.0 1.0 
0.0 1.0 1.0 

1.0 0.0 1.0 
0.0 1.0 1.0 

1.0 0.0 1.0 
0.0 1.0 1.0 

Solution:

1.0
1.0
1.0 0
1.0 0
?[1;31m
Start test 11?[0m
Input matrix:

0.0 1.0 1.0 
1.0 0.0 2.0 

1.0 0.0 2.0 
0.0 1.0 1.0 

1.0 0.0 2.0 
0.0 1.0 1.0 

1.0 0.0 2.0 
0.0 1.0 1.0 

Solution:

2.0
1.0
2.0 0
1.0 0
?[1;31m
Start test 12?[0m
Input matrix:

2.0 6.0 1.0 3.0 9.0 1.0 6.0 
9.0 2.0 4.0 3.0 6.0 1.0 5.0 
6.0 5.0 9.0 1.0 4.0 2.0 6.0 
4.0 1.0 1.0 2.0 9.0 2.0 4.0 
5.0 4.0 6.0 2.0 3.0 1.0 6.0 
3.0 5.0 4.0 1.0 7.0 9.0 6.0 

1.0 3.0 0.5 1.5 4.5 0.5 3.0 
0.0 -25.0 -0.5 -10.5 -34.5 -3.5 -22.0 
0.0 -13.0 6.0 -8.0 -23.0 -1.0 -12.0 
0.0 -11.0 -1.0 -4.0 -9.0 0.0 -8.0 
0.0 -11.0 3.5 -5.5 -19.5 -1.5 -9.0 
0.0 -4.0 2.5 -3.5 -6.5 7.5 -3.0 

1.0 3.0 0.5 1.5 4.5 0.5 3.0 
0.0 1.0 0.02 0.42 1.38 0.14 0.88 
0.0 0.0 6.26 -2.54 -5.059999999999999 0.8200000000000001 -0.5599999999999987 
0.0 0.0 -0.78 0.6200000000000001 6.18 1.54 1.6799999999999997 
0.0 0.0 3.72 -0.8799999999999999 -4.32 0.040000000000000036 0.6799999999999997 
0.0 0.0 2.58 -1.82 -0.9799999999999995 8.06 0.52 

1.0 3.0 0.5 1.5 4.5 0.5 3.0 
0.0 1.0 0.02 0.42 1.38 0.14 0.88 
0.0 0.0 1.0 -0.4057507987220447 -0.8083067092651756 0.1309904153354633 -0.08945686900958447 
0.0 0.0 -1.1102230246251565E-16 0.3035143769968052 5.5495207667731625 1.6421725239616614 1.6102236421725238 
0.0 0.0 0.0 0.6293929712460067 -1.313099041533547 -0.44728434504792336 1.012779552715654 
0.0 0.0 0.0 -0.7731629392971247 1.1054313099041533 7.722044728434505 0.750798722044728 

1.0 3.0 0.5 1.5 4.5 0.5 3.0 
0.0 1.0 0.02 0.42 1.38 0.14 0.88 
0.0 0.0 1.0 -0.4057507987220447 -0.8083067092651756 0.1309904153354633 -0.08945686900958447 
0.0 0.0 -1.1102230246251565E-16 1.0 18.284210526315782 5.410526315789472 5.305263157894734 
0.0 0.0 2.3022519563279564E-16 0.0 -12.821052631578949 -3.852631578947369 -2.326315789473685 
0.0 0.0 -2.828147073255661E-16 -1.1102230246251565E-16 15.242105263157889 11.905263157894735 4.852631578947365 

1.0 3.0 0.5 1.5 4.5 0.5 3.0 
0.0 1.0 0.02 0.42 1.38 0.14 0.88 
0.0 0.0 1.0 -0.4057507987220447 -0.8083067092651756 0.1309904153354633 -0.08945686900958447 
0.0 0.0 -1.1102230246251565E-16 1.0 18.284210526315782 5.410526315789472 5.305263157894734 
0.0 0.0 2.3022519563279564E-16 0.0 1.0 0.3004926108374384 0.1814449917898194 
0.0 0.0 -9.11513156506698E-18 -1.1102230246251565E-16 0.0 7.325123152709359 2.087027914614119 

1.0 3.0 0.5 1.5 4.5 0.5 3.0 
0.0 1.0 0.02 0.42 1.38 0.14 0.88 
0.0 0.0 1.0 -0.4057507987220447 -0.8083067092651756 0.1309904153354633 -0.08945686900958447 
0.0 0.0 -1.1102230246251565E-16 1.0 18.284210526315782 5.410526315789472 5.305263157894734 
0.0 0.0 2.3022519563279564E-16 0.0 1.0 0.3004926108374384 0.1814449917898194 
0.0 0.0 -9.11513156506698E-18 -1.1102230246251565E-16 0.0 1.0 0.28491369648060944 

1.0 0.0 6.83481049534862E-16 0.0 0.0 0.0 -0.5174848688634834 
0.0 1.0 3.122502256758253E-17 0.0 0.0 0.0 -0.1523201075991929 
0.0 0.0 0.9999999999999984 0.0 0.0 0.0 0.7668684151535521 
0.0 0.0 -4.321271584015704E-15 1.0 0.0 0.0 2.011544496749605 
0.0 0.0 2.3296422531490935E-16 3.3361381528145094E-17 1.0 0.0 0.0958305312710156 
0.0 0.0 -9.11513156506698E-18 -1.1102230246251565E-16 0.0 1.0 0.28491369648060944 

Solution:

-0.5174848688634834
-0.1523201075991929
0.7668684151535521
2.011544496749605
0.0958305312710156
0.28491369648060944
-0.5174848688634834 0
-0.1523201075991929 0
0.7668684151535521 0
2.011544496749605 0
0.0958305312710156 0
0.28491369648060944 0
?[1;31m
Start test 13?[0m
Input matrix:

0.0 6.0 1.0 3.0 9.0 1.0 6.0 
9.0 0.0 4.0 3.0 6.0 1.0 5.0 
6.0 5.0 0.0 1.0 4.0 2.0 6.0 
4.0 1.0 1.0 0.0 9.0 2.0 4.0 
5.0 4.0 6.0 2.0 0.0 1.0 6.0 
3.0 5.0 4.0 1.0 7.0 0.0 6.0 

1.0 0.0 0.4444444444444444 0.3333333333333333 0.6666666666666666 0.1111111111111111 0.5555555555555556 
0.0 6.0 1.0 3.0 9.0 1.0 6.0 
0.0 5.0 -2.6666666666666665 -1.0 0.0 1.3333333333333335 2.666666666666667 
0.0 1.0 -0.7777777777777777 -1.3333333333333333 6.333333333333334 1.5555555555555556 1.7777777777777777 
0.0 4.0 3.7777777777777777 0.33333333333333326 -3.3333333333333335 0.4444444444444444 3.2222222222222223 
0.0 5.0 2.666666666666667 0.0 5.0 -0.3333333333333333 4.333333333333334 

1.0 0.0 0.4444444444444444 0.3333333333333333 0.6666666666666666 0.1111111111111111 0.5555555555555556 
0.0 1.0 0.16666666666666666 0.5 1.5 0.16666666666666666 1.0 
0.0 0.0 -3.5 -3.5 -7.5 0.5000000000000001 -2.333333333333333 
0.0 0.0 -0.9444444444444443 -1.8333333333333333 4.833333333333334 1.3888888888888888 0.7777777777777777 
0.0 0.0 3.111111111111111 -1.6666666666666667 -9.333333333333334 -0.2222222222222222 -0.7777777777777777 
0.0 0.0 1.8333333333333335 -2.5 -2.5 -1.1666666666666667 -0.6666666666666661 

1.0 0.0 0.4444444444444444 0.3333333333333333 0.6666666666666666 0.1111111111111111 0.5555555555555556 
0.0 1.0 0.16666666666666666 0.5 1.5 0.16666666666666666 1.0 
0.0 0.0 1.0 1.0 2.142857142857143 -0.1428571428571429 0.6666666666666666 
0.0 0.0 -1.1102230246251565E-16 -0.8888888888888891 6.857142857142858 1.253968253968254 1.407407407407407 
0.0 0.0 0.0 -4.777777777777778 -16.0 0.22222222222222238 -2.8518518518518516 
0.0 0.0 0.0 -4.333333333333334 -6.428571428571429 -0.9047619047619048 -1.8888888888888882 

1.0 0.0 0.4444444444444444 0.3333333333333333 0.6666666666666666 0.1111111111111111 0.5555555555555556 
0.0 1.0 0.16666666666666666 0.5 1.5 0.16666666666666666 1.0 
0.0 0.0 1.0 1.0 2.142857142857143 -0.1428571428571429 0.6666666666666666 
0.0 0.0 -1.1102230246251565E-16 1.0 -7.7142857142857135 -1.4107142857142854 -1.5833333333333326 
0.0 0.0 5.967448757360215E-16 0.0 -52.857142857142854 -6.5178571428571415 -10.416666666666663 
0.0 0.0 5.412337245047638E-16 0.0 -39.85714285714286 -7.017857142857143 -8.749999999999996 

1.0 0.0 0.4444444444444444 0.3333333333333333 0.6666666666666666 0.1111111111111111 0.5555555555555556 
0.0 1.0 0.16666666666666666 0.5 1.5 0.16666666666666666 1.0 
0.0 0.0 1.0 1.0 2.142857142857143 -0.1428571428571429 0.6666666666666666 
0.0 0.0 -1.1102230246251565E-16 1.0 -7.7142857142857135 -1.4107142857142854 -1.5833333333333326 
0.0 0.0 5.967448757360215E-16 0.0 1.0 0.12331081081081079 0.197072072072072 
0.0 0.0 9.125583172003398E-17 0.0 0.0 -2.1030405405405412 -0.8952702702702684 

1.0 0.0 0.4444444444444444 0.3333333333333333 0.6666666666666666 0.1111111111111111 0.5555555555555556 
0.0 1.0 0.16666666666666666 0.5 1.5 0.16666666666666666 1.0 
0.0 0.0 1.0 1.0 2.142857142857143 -0.1428571428571429 0.6666666666666666 
0.0 0.0 -1.1102230246251565E-16 1.0 -7.7142857142857135 -1.4107142857142854 -1.5833333333333326 
0.0 0.0 5.967448757360215E-16 0.0 1.0 0.12331081081081079 0.197072072072072 
0.0 0.0 9.125583172003398E-17 0.0 0.0 1.0 0.42570281124497894 

1.0 0.0 2.55351295663786E-15 0.0 0.0 0.0 0.24096385542168752 
0.0 1.0 9.71445146547012E-16 0.0 0.0 0.0 0.59839357429719 
0.0 0.0 0.9999999999999942 0.0 0.0 0.0 0.28514056224899587 
0.0 0.0 4.5343665226156894E-15 1.0 0.0 0.0 0.13253012048192747 
0.0 0.0 5.854920451354093E-16 0.0 1.0 0.0 0.14457831325301213 
0.0 0.0 9.125583172003398E-17 0.0 0.0 1.0 0.42570281124497894 

Solution:

0.24096385542168752
0.59839357429719
0.28514056224899587
0.13253012048192747
0.14457831325301213
0.42570281124497894
0.24096385542168752 0
0.59839357429719 0
0.28514056224899587 0
0.13253012048192747 0
0.14457831325301213 0
0.42570281124497894 0
?[1;31m
Start test 14?[0m
Input matrix:

1.0 6.0 1.0 1.0 9.0 1.0 6.0 
0.0 1.0 4.0 3.0 2.0 1.0 5.0 
0.0 0.0 0.0 1.0 4.0 2.0 6.0 
0.0 0.0 0.0 2.0 9.0 2.0 4.0 
0.0 0.0 0.0 2.0 3.0 1.0 6.0 
0.0 0.0 5.0 1.0 7.0 9.0 6.0 

1.0 6.0 1.0 1.0 9.0 1.0 6.0 
0.0 1.0 4.0 3.0 2.0 1.0 5.0 
0.0 0.0 0.0 1.0 4.0 2.0 6.0 
0.0 0.0 0.0 2.0 9.0 2.0 4.0 
0.0 0.0 0.0 2.0 3.0 1.0 6.0 
0.0 0.0 5.0 1.0 7.0 9.0 6.0 

1.0 6.0 1.0 1.0 9.0 1.0 6.0 
0.0 1.0 4.0 3.0 2.0 1.0 5.0 
0.0 0.0 0.0 1.0 4.0 2.0 6.0 
0.0 0.0 0.0 2.0 9.0 2.0 4.0 
0.0 0.0 0.0 2.0 3.0 1.0 6.0 
0.0 0.0 5.0 1.0 7.0 9.0 6.0 

1.0 6.0 1.0 1.0 9.0 1.0 6.0 
0.0 1.0 4.0 3.0 2.0 1.0 5.0 
0.0 0.0 1.0 0.2 1.4 1.8 1.2 
0.0 0.0 0.0 2.0 9.0 2.0 4.0 
0.0 0.0 0.0 2.0 3.0 1.0 6.0 
0.0 0.0 0.0 1.0 4.0 2.0 6.0 

1.0 6.0 1.0 1.0 9.0 1.0 6.0 
0.0 1.0 4.0 3.0 2.0 1.0 5.0 
0.0 0.0 1.0 0.2 1.4 1.8 1.2 
0.0 0.0 0.0 1.0 4.5 1.0 2.0 
0.0 0.0 0.0 0.0 -6.0 -1.0 2.0 
0.0 0.0 0.0 0.0 -0.5 1.0 4.0 

1.0 6.0 1.0 1.0 9.0 1.0 6.0 
0.0 1.0 4.0 3.0 2.0 1.0 5.0 
0.0 0.0 1.0 0.2 1.4 1.8 1.2 
0.0 0.0 0.0 1.0 4.5 1.0 2.0 
0.0 0.0 0.0 0.0 1.0 0.16666666666666666 -0.3333333333333333 
0.0 0.0 0.0 0.0 0.0 1.0833333333333333 3.8333333333333335 

1.0 6.0 1.0 1.0 9.0 1.0 6.0 
0.0 1.0 4.0 3.0 2.0 1.0 5.0 
0.0 0.0 1.0 0.2 1.4 1.8 1.2 
0.0 0.0 0.0 1.0 4.5 1.0 2.0 
0.0 0.0 0.0 0.0 1.0 0.16666666666666666 -0.3333333333333333 
0.0 0.0 0.0 0.0 0.0 1.0 3.5384615384615388 

1.0 0.0 0.0 0.0 0.0 0.0 -65.81538461538462 
0.0 1.0 0.0 0.0 0.0 0.0 13.061538461538461 
0.0 0.0 1.0 0.0 0.0 0.0 -4.4 
0.0 0.0 0.0 1.0 0.0 0.0 2.6153846153846154 
0.0 0.0 0.0 0.0 1.0 0.0 -0.9230769230769231 
0.0 0.0 0.0 0.0 0.0 1.0 3.5384615384615388 

Solution:

-65.81538461538462
13.061538461538461
-4.4
2.6153846153846154
-0.9230769230769231
3.5384615384615388
-65.81538461538462 0
13.061538461538461 0
-4.4 0
2.6153846153846154 0
-0.9230769230769231 0
3.5384615384615388 0
?[1;31m
Start test 15?[0m
Input matrix:

1.0 6.0 1.0 1.0 9.0 1.0 6.0 
0.0 1.0 4.0 3.0 2.0 1.0 5.0 
0.0 0.0 0.0 0.0 0.0 2.0 6.0 
0.0 0.0 0.0 0.0 2.0 2.0 4.0 
0.0 0.0 0.0 9.0 2.0 1.0 6.0 
0.0 0.0 7.0 1.0 7.0 9.0 6.0 

1.0 6.0 1.0 1.0 9.0 1.0 6.0 
0.0 1.0 4.0 3.0 2.0 1.0 5.0 
0.0 0.0 0.0 0.0 0.0 2.0 6.0 
0.0 0.0 0.0 0.0 2.0 2.0 4.0 
0.0 0.0 0.0 9.0 2.0 1.0 6.0 
0.0 0.0 7.0 1.0 7.0 9.0 6.0 

1.0 6.0 1.0 1.0 9.0 1.0 6.0 
0.0 1.0 4.0 3.0 2.0 1.0 5.0 
0.0 0.0 0.0 0.0 0.0 2.0 6.0 
0.0 0.0 0.0 0.0 2.0 2.0 4.0 
0.0 0.0 0.0 9.0 2.0 1.0 6.0 
0.0 0.0 7.0 1.0 7.0 9.0 6.0 

1.0 6.0 1.0 1.0 9.0 1.0 6.0 
0.0 1.0 4.0 3.0 2.0 1.0 5.0 
0.0 0.0 1.0 0.14285714285714285 1.0 1.2857142857142858 0.8571428571428571 
0.0 0.0 0.0 0.0 2.0 2.0 4.0 
0.0 0.0 0.0 9.0 2.0 1.0 6.0 
0.0 0.0 0.0 0.0 0.0 2.0 6.0 

1.0 6.0 1.0 1.0 9.0 1.0 6.0 
0.0 1.0 4.0 3.0 2.0 1.0 5.0 
0.0 0.0 1.0 0.14285714285714285 1.0 1.2857142857142858 0.8571428571428571 
0.0 0.0 0.0 1.0 0.2222222222222222 0.1111111111111111 0.6666666666666666 
0.0 0.0 0.0 0.0 2.0 2.0 4.0 
0.0 0.0 0.0 0.0 0.0 2.0 6.0 

1.0 6.0 1.0 1.0 9.0 1.0 6.0 
0.0 1.0 4.0 3.0 2.0 1.0 5.0 
0.0 0.0 1.0 0.14285714285714285 1.0 1.2857142857142858 0.8571428571428571 
0.0 0.0 0.0 1.0 0.2222222222222222 0.1111111111111111 0.6666666666666666 
0.0 0.0 0.0 0.0 1.0 1.0 2.0 
0.0 0.0 0.0 0.0 0.0 2.0 6.0 

1.0 6.0 1.0 1.0 9.0 1.0 6.0 
0.0 1.0 4.0 3.0 2.0 1.0 5.0 
0.0 0.0 1.0 0.14285714285714285 1.0 1.2857142857142858 0.8571428571428571 
0.0 0.0 0.0 1.0 0.2222222222222222 0.1111111111111111 0.6666666666666666 
0.0 0.0 0.0 0.0 1.0 1.0 2.0 
0.0 0.0 0.0 0.0 0.0 1.0 3.0 

1.0 0.0 0.0 0.0 0.0 0.0 -50.38095238095239 
0.0 1.0 0.0 0.0 0.0 0.0 10.650793650793652 
0.0 0.0 1.0 0.0 0.0 0.0 -2.07936507936508 
0.0 0.0 0.0 1.0 0.0 0.0 0.5555555555555556 
0.0 0.0 0.0 0.0 1.0 0.0 -1.0 
0.0 0.0 0.0 0.0 0.0 1.0 3.0 

Solution:

-50.38095238095239
10.650793650793652
-2.07936507936508
0.5555555555555556
-1.0
3.0
-50.38095238095239 0
10.650793650793652 0
-2.07936507936508 0
0.5555555555555556 0
-1.0 0
3.0 0
?[1;31m
Start test 16?[0m
Input matrix:

0.0 1.0 2.0 9.0 
0.0 1.0 3.0 1.0 
1.0 0.0 6.0 0.0 
2.0 0.0 2.0 0.0 

1.0 0.0 6.0 0.0 
0.0 1.0 3.0 1.0 
0.0 1.0 2.0 9.0 
0.0 0.0 -10.0 0.0 

1.0 0.0 6.0 0.0 
0.0 1.0 3.0 1.0 
0.0 0.0 -1.0 8.0 
0.0 0.0 -10.0 0.0 

1.0 0.0 6.0 0.0 
0.0 1.0 3.0 1.0 
0.0 0.0 1.0 -8.0 
0.0 0.0 0.0 -80.0 

1.0 0.0 6.0 0.0 
0.0 1.0 3.0 1.0 
0.0 0.0 1.0 -8.0 
0.0 0.0 0.0 1.0 

No solutions
?[1;31m
Start test 17?[0m
Input matrix:

1.0 1.0 2.0 9.0 
0.0 1.0 3.0 1.0 
0.0 0.0 6.0 0.0 
0.0 0.0 0.0 0.0 

1.0 1.0 2.0 9.0 
0.0 1.0 3.0 1.0 
0.0 0.0 6.0 0.0 
0.0 0.0 0.0 0.0 

1.0 1.0 2.0 9.0 
0.0 1.0 3.0 1.0 
0.0 0.0 6.0 0.0 
0.0 0.0 0.0 0.0 

1.0 1.0 2.0 9.0 
0.0 1.0 3.0 1.0 
0.0 0.0 1.0 0.0 
0.0 0.0 0.0 0.0 

1.0 0.0 0.0 8.0 
0.0 1.0 0.0 1.0 
0.0 0.0 1.0 0.0 
0.0 0.0 0.0 0.0 

Solution:

8.0
1.0
0.0
8.0 0
1.0 0
0.0 0
?[1;31m
Start test 18?[0m
Input matrix:

1.0 1.0 2.0 9.0 
0.0 1.0 3.0 1.0 
0.0 0.0 6.0 0.0 
0.0 0.0 0.0 7.0 

1.0 1.0 2.0 9.0 
0.0 1.0 3.0 1.0 
0.0 0.0 6.0 0.0 
0.0 0.0 0.0 7.0 

1.0 1.0 2.0 9.0 
0.0 1.0 3.0 1.0 
0.0 0.0 6.0 0.0 
0.0 0.0 0.0 7.0 

1.0 1.0 2.0 9.0 
0.0 1.0 3.0 1.0 
0.0 0.0 1.0 0.0 
0.0 0.0 0.0 7.0 

1.0 1.0 2.0 9.0 
0.0 1.0 3.0 1.0 
0.0 0.0 1.0 0.0 
0.0 0.0 0.0 1.0 

No solutions
?[1;31m
Start test 19?[0m
Input matrix:

1.0 1.0 2.0 9.0 
0.0 1.0 3.0 1.0 
0.0 2.0 6.0 2.0 
0.0 0.0 0.0 0.0 

1.0 1.0 2.0 9.0 
0.0 1.0 3.0 1.0 
0.0 2.0 6.0 2.0 
0.0 0.0 0.0 0.0 

1.0 1.0 2.0 9.0 
0.0 1.0 3.0 1.0 
0.0 0.0 0.0 0.0 
0.0 0.0 0.0 0.0 

Infinitely many solutions
?[1;31m
Start test 20?[0m
Input matrix:

1.0 1.0 2.0 9.0 7.0 
0.0 1.0 3.0 1.0 2.0 
0.0 2.0 6.0 2.0 9.0 

1.0 1.0 2.0 9.0 7.0 
0.0 1.0 3.0 1.0 2.0 
0.0 2.0 6.0 2.0 9.0 

1.0 1.0 2.0 9.0 7.0 
0.0 1.0 3.0 1.0 2.0 
0.0 0.0 0.0 0.0 5.0 

No solutions
?[1;31m
Start test 21?[0m
Input matrix:

1.0 1.0 2.0 9.0 7.0 
0.0 1.0 3.0 1.0 2.0 
0.0 2.0 6.0 3.0 9.0 

1.0 1.0 2.0 9.0 7.0 
0.0 1.0 3.0 1.0 2.0 
0.0 2.0 6.0 3.0 9.0 

1.0 1.0 2.0 9.0 7.0 
0.0 1.0 3.0 1.0 2.0 
0.0 0.0 0.0 1.0 5.0 

1.0 1.0 9.0 2.0 7.0 
0.0 1.0 1.0 3.0 2.0 
0.0 0.0 1.0 0.0 5.0 

Infinitely many solutions
?[1;31m
Start test 22?[0m
Input matrix:

1.0 0.0 0.0 0.0 1.0 
0.0 0.0 0.0 0.0 0.0 
1.0 0.0 0.0 0.0 0.0 

1.0 0.0 0.0 0.0 1.0 
0.0 0.0 0.0 0.0 0.0 
0.0 0.0 0.0 0.0 -1.0 

No solutions
?[1;31m
Start test 23?[0m
Input matrix:

0.0+1.0i 0.0 1.0 
0.0 0.0+1.0i 1.0 

1.0 0.0 0.0-1.0i 
0.0 0.0+1.0i 1.0 

1.0 0.0 0.0-1.0i 
0.0 1.0 0.0-1.0i 

1.0 0.0 0.0-1.0i 
0.0 1.0 0.0-1.0i 

Solution:

0.0-1.0i
0.0-1.0i
0.0 -1.0
0.0 -1.0
?[1;31m
Start test 24?[0m
Input matrix:

0.0+1.0i 0.0-1.0i 0.0+1.0i 
0.0-1.0i 0.0+1.0i 0.0+1.0i 

1.0 -1.0 1.0 
0.0 0.0 0.0+2.0i 

No solutions
?[1;31m
Start test 25?[0m
Input matrix:

0.0+1.0i 0.0-1.0i 0.0+1.0i 
0.0-1.0i 0.0+1.0i 0.0-1.0i 

1.0 -1.0 1.0 
0.0 0.0 0.0 

Infinitely many solutions
?[1;31m
Start test 26?[0m
Input matrix:

1.0+1.0i 2.0+6.0i 7.0-8.0i 12.0 
0.0-7.0i 123.0 12.0+1.0i 0.0+1.0i 
11.0-11.0i 12.0+1.0i 0.0-1.0i 1.0+1.0i 

1.0 4.0+2.0i -0.5-7.5i 6.0-6.0i 
0.0 109.0+28.0i 64.5-2.5i 42.0+43.0i 
0.0 -54.0+23.0i 88.0+76.0i 1.0+133.0i 

1.0 4.0+2.0i -0.5-7.5i 6.0-6.0i 
0.0 1.0 0.5495854717726016-0.16411369917094354i 0.45653375444137384+0.27722068693249113i 
0.0 0.0+3.552713678800501E-15i 113.90300039478879+54.49739439399921i 32.028898539281485+137.46964074220293i 

1.0 4.0+2.0i -0.5-7.5i 6.0-6.0i 
0.0 1.0 0.5495854717726016-0.16411369917094354i 0.45653375444137384+0.27722068693249113i 
0.0 0.0+3.552713678800501E-15i 1.0 0.6986968792228414+0.8726063493397374i 

1.0 -1.7763568394002505E-15+9.103828801926284E-15i 0.0 -0.0879036701718035+0.1686043029370886i 
0.0 0.9999999999999994-1.9525198232365484E-15i 0.0 -0.0706665554625528-0.08768535579270165i 
0.0 0.0+3.552713678800501E-15i 1.0 0.6986968792228414+0.8726063493397374i 

Solution:

-0.0879036701718035+0.1686043029370886i
-0.0706665554625528-0.08768535579270165i
0.6986968792228414+0.8726063493397374i
-0.0879036701718035 +0.1686043029370886
-0.0706665554625528 -0.08768535579270165
0.6986968792228414 +0.8726063493397374
]]></system-out>
  <system-err><![CDATA[]]></system-err>
</testsuite>
